[0.048s] Invoking command in '/home/ndt/ros2car-ws/build/vesc_msgs': CMAKE_PREFIX_PATH=${CMAKE_PREFIX_PATH}:/opt/ros/humble /usr/bin/cmake --build /home/ndt/ros2car-ws/build/vesc_msgs -- -j6 -l6
[0.435s] [  1%] Built target vesc_msgs__cpp
[0.435s] [ 12%] Built target vesc_msgs__rosidl_generator_c
[0.436s] [ 12%] Built target ament_cmake_python_copy_vesc_msgs
[0.437s] [ 23%] Built target vesc_msgs__rosidl_typesupport_cpp
[0.437s] [ 34%] Built target vesc_msgs__rosidl_typesupport_fastrtps_cpp
[0.437s] [ 45%] Built target vesc_msgs__rosidl_typesupport_introspection_cpp
[0.437s] [ 56%] Built target vesc_msgs__rosidl_typesupport_introspection_c
[0.439s] [ 67%] Built target vesc_msgs__rosidl_typesupport_fastrtps_c
[0.439s] [ 78%] Built target vesc_msgs__rosidl_typesupport_c
[0.439s] [ 78%] Built target vesc_msgs
[0.439s] [ 80%] Built target vesc_msgs__py
[0.440s] [ 89%] Built target vesc_msgs__rosidl_generator_py
[0.440s] [ 92%] Built target vesc_msgs__rosidl_typesupport_fastrtps_c__pyext
[0.440s] [ 98%] Built target vesc_msgs__rosidl_typesupport_introspection_c__pyext
[0.440s] [100%] Built target vesc_msgs__rosidl_typesupport_c__pyext
[0.585s] running egg_info
[0.586s] writing vesc_msgs.egg-info/PKG-INFO
[0.586s] writing dependency_links to vesc_msgs.egg-info/dependency_links.txt
[0.586s] writing top-level names to vesc_msgs.egg-info/top_level.txt
[0.590s] reading manifest file 'vesc_msgs.egg-info/SOURCES.txt'
[0.591s] writing manifest file 'vesc_msgs.egg-info/SOURCES.txt'
[0.628s] [100%] Built target ament_cmake_python_build_vesc_msgs_egg
[0.678s] Invoked command in '/home/ndt/ros2car-ws/build/vesc_msgs' returned '0': CMAKE_PREFIX_PATH=${CMAKE_PREFIX_PATH}:/opt/ros/humble /usr/bin/cmake --build /home/ndt/ros2car-ws/build/vesc_msgs -- -j6 -l6
[1.146s] Invoking command in '/home/ndt/ros2car-ws/build/vesc_msgs': CMAKE_PREFIX_PATH=${CMAKE_PREFIX_PATH}:/opt/ros/humble /usr/bin/cmake --install /home/ndt/ros2car-ws/build/vesc_msgs
[1.164s] -- Install configuration: ""
[1.165s] -- Up-to-date: /home/ndt/ros2car-ws/install/vesc_msgs/share/ament_index/resource_index/rosidl_interfaces/vesc_msgs
[1.166s] -- Up-to-date: /home/ndt/ros2car-ws/install/vesc_msgs/include/vesc_msgs/vesc_msgs
[1.171s] -- Up-to-date: /home/ndt/ros2car-ws/install/vesc_msgs/include/vesc_msgs/vesc_msgs/msg
[1.172s] -- Up-to-date: /home/ndt/ros2car-ws/install/vesc_msgs/include/vesc_msgs/vesc_msgs/msg/vesc_state_stamped.h
[1.172s] -- Up-to-date: /home/ndt/ros2car-ws/install/vesc_msgs/include/vesc_msgs/vesc_msgs/msg/detail
[1.172s] -- Up-to-date: /home/ndt/ros2car-ws/install/vesc_msgs/include/vesc_msgs/vesc_msgs/msg/detail/vesc_state__type_support.h
[1.173s] -- Up-to-date: /home/ndt/ros2car-ws/install/vesc_msgs/include/vesc_msgs/vesc_msgs/msg/detail/vesc_imu_stamped__type_support.h
[1.173s] -- Up-to-date: /home/ndt/ros2car-ws/install/vesc_msgs/include/vesc_msgs/vesc_msgs/msg/detail/vesc_imu__type_support.h
[1.173s] -- Up-to-date: /home/ndt/ros2car-ws/install/vesc_msgs/include/vesc_msgs/vesc_msgs/msg/detail/vesc_imu_stamped__functions.h
[1.173s] -- Up-to-date: /home/ndt/ros2car-ws/install/vesc_msgs/include/vesc_msgs/vesc_msgs/msg/detail/vesc_state__functions.c
[1.174s] -- Up-to-date: /home/ndt/ros2car-ws/install/vesc_msgs/include/vesc_msgs/vesc_msgs/msg/detail/vesc_state__struct.h
[1.174s] -- Up-to-date: /home/ndt/ros2car-ws/install/vesc_msgs/include/vesc_msgs/vesc_msgs/msg/detail/vesc_state_stamped__functions.h
[1.174s] -- Up-to-date: /home/ndt/ros2car-ws/install/vesc_msgs/include/vesc_msgs/vesc_msgs/msg/detail/vesc_imu__functions.c
[1.174s] -- Up-to-date: /home/ndt/ros2car-ws/install/vesc_msgs/include/vesc_msgs/vesc_msgs/msg/detail/vesc_state_stamped__struct.h
[1.174s] -- Up-to-date: /home/ndt/ros2car-ws/install/vesc_msgs/include/vesc_msgs/vesc_msgs/msg/detail/vesc_imu__struct.h
[1.175s] -- Up-to-date: /home/ndt/ros2car-ws/install/vesc_msgs/include/vesc_msgs/vesc_msgs/msg/detail/vesc_state_stamped__type_support.h
[1.175s] -- Up-to-date: /home/ndt/ros2car-ws/install/vesc_msgs/include/vesc_msgs/vesc_msgs/msg/detail/vesc_state__functions.h
[1.176s] -- Up-to-date: /home/ndt/ros2car-ws/install/vesc_msgs/include/vesc_msgs/vesc_msgs/msg/detail/vesc_imu_stamped__functions.c
[1.176s] -- Up-to-date: /home/ndt/ros2car-ws/install/vesc_msgs/include/vesc_msgs/vesc_msgs/msg/detail/vesc_imu__functions.h
[1.177s] -- Up-to-date: /home/ndt/ros2car-ws/install/vesc_msgs/include/vesc_msgs/vesc_msgs/msg/detail/vesc_state_stamped__functions.c
[1.177s] -- Up-to-date: /home/ndt/ros2car-ws/install/vesc_msgs/include/vesc_msgs/vesc_msgs/msg/detail/vesc_imu_stamped__struct.h
[1.177s] -- Up-to-date: /home/ndt/ros2car-ws/install/vesc_msgs/include/vesc_msgs/vesc_msgs/msg/vesc_imu_stamped.h
[1.178s] -- Up-to-date: /home/ndt/ros2car-ws/install/vesc_msgs/include/vesc_msgs/vesc_msgs/msg/vesc_imu.h
[1.178s] -- Up-to-date: /home/ndt/ros2car-ws/install/vesc_msgs/include/vesc_msgs/vesc_msgs/msg/rosidl_generator_c__visibility_control.h
[1.179s] -- Up-to-date: /home/ndt/ros2car-ws/install/vesc_msgs/include/vesc_msgs/vesc_msgs/msg/vesc_state.h
[1.179s] -- Up-to-date: /home/ndt/ros2car-ws/install/vesc_msgs/share/vesc_msgs/environment/library_path.sh
[1.179s] -- Up-to-date: /home/ndt/ros2car-ws/install/vesc_msgs/share/vesc_msgs/environment/library_path.dsv
[1.179s] -- Up-to-date: /home/ndt/ros2car-ws/install/vesc_msgs/lib/libvesc_msgs__rosidl_generator_c.so
[1.180s] -- Up-to-date: /home/ndt/ros2car-ws/install/vesc_msgs/include/vesc_msgs/vesc_msgs
[1.180s] -- Up-to-date: /home/ndt/ros2car-ws/install/vesc_msgs/include/vesc_msgs/vesc_msgs/msg
[1.181s] -- Up-to-date: /home/ndt/ros2car-ws/install/vesc_msgs/include/vesc_msgs/vesc_msgs/msg/detail
[1.181s] -- Up-to-date: /home/ndt/ros2car-ws/install/vesc_msgs/include/vesc_msgs/vesc_msgs/msg/detail/vesc_state_stamped__rosidl_typesupport_fastrtps_c.h
[1.181s] -- Up-to-date: /home/ndt/ros2car-ws/install/vesc_msgs/include/vesc_msgs/vesc_msgs/msg/detail/vesc_imu__rosidl_typesupport_fastrtps_c.h
[1.182s] -- Up-to-date: /home/ndt/ros2car-ws/install/vesc_msgs/include/vesc_msgs/vesc_msgs/msg/detail/vesc_imu_stamped__rosidl_typesupport_fastrtps_c.h
[1.182s] -- Up-to-date: /home/ndt/ros2car-ws/install/vesc_msgs/include/vesc_msgs/vesc_msgs/msg/detail/vesc_state__rosidl_typesupport_fastrtps_c.h
[1.182s] -- Up-to-date: /home/ndt/ros2car-ws/install/vesc_msgs/include/vesc_msgs/vesc_msgs/msg/rosidl_typesupport_fastrtps_c__visibility_control.h
[1.182s] -- Up-to-date: /home/ndt/ros2car-ws/install/vesc_msgs/lib/libvesc_msgs__rosidl_typesupport_fastrtps_c.so
[1.183s] -- Up-to-date: /home/ndt/ros2car-ws/install/vesc_msgs/include/vesc_msgs/vesc_msgs
[1.183s] -- Up-to-date: /home/ndt/ros2car-ws/install/vesc_msgs/include/vesc_msgs/vesc_msgs/msg
[1.183s] -- Up-to-date: /home/ndt/ros2car-ws/install/vesc_msgs/include/vesc_msgs/vesc_msgs/msg/detail
[1.183s] -- Up-to-date: /home/ndt/ros2car-ws/install/vesc_msgs/include/vesc_msgs/vesc_msgs/msg/detail/vesc_state_stamped__type_support.c
[1.183s] -- Up-to-date: /home/ndt/ros2car-ws/install/vesc_msgs/include/vesc_msgs/vesc_msgs/msg/detail/vesc_imu_stamped__type_support.c
[1.184s] -- Up-to-date: /home/ndt/ros2car-ws/install/vesc_msgs/include/vesc_msgs/vesc_msgs/msg/detail/vesc_imu__type_support.c
[1.187s] -- Up-to-date: /home/ndt/ros2car-ws/install/vesc_msgs/include/vesc_msgs/vesc_msgs/msg/detail/vesc_state__type_support.c
[1.188s] -- Up-to-date: /home/ndt/ros2car-ws/install/vesc_msgs/include/vesc_msgs/vesc_msgs/msg/detail/vesc_imu__rosidl_typesupport_introspection_c.h
[1.189s] -- Up-to-date: /home/ndt/ros2car-ws/install/vesc_msgs/include/vesc_msgs/vesc_msgs/msg/detail/vesc_state__rosidl_typesupport_introspection_c.h
[1.190s] -- Up-to-date: /home/ndt/ros2car-ws/install/vesc_msgs/include/vesc_msgs/vesc_msgs/msg/detail/vesc_state_stamped__rosidl_typesupport_introspection_c.h
[1.191s] -- Up-to-date: /home/ndt/ros2car-ws/install/vesc_msgs/include/vesc_msgs/vesc_msgs/msg/detail/vesc_imu_stamped__rosidl_typesupport_introspection_c.h
[1.191s] -- Up-to-date: /home/ndt/ros2car-ws/install/vesc_msgs/include/vesc_msgs/vesc_msgs/msg/rosidl_typesupport_introspection_c__visibility_control.h
[1.191s] -- Up-to-date: /home/ndt/ros2car-ws/install/vesc_msgs/lib/libvesc_msgs__rosidl_typesupport_introspection_c.so
[1.191s] -- Up-to-date: /home/ndt/ros2car-ws/install/vesc_msgs/lib/libvesc_msgs__rosidl_typesupport_c.so
[1.191s] -- Up-to-date: /home/ndt/ros2car-ws/install/vesc_msgs/include/vesc_msgs/vesc_msgs
[1.191s] -- Up-to-date: /home/ndt/ros2car-ws/install/vesc_msgs/include/vesc_msgs/vesc_msgs/msg
[1.191s] -- Up-to-date: /home/ndt/ros2car-ws/install/vesc_msgs/include/vesc_msgs/vesc_msgs/msg/vesc_state.hpp
[1.191s] -- Up-to-date: /home/ndt/ros2car-ws/install/vesc_msgs/include/vesc_msgs/vesc_msgs/msg/detail
[1.192s] -- Up-to-date: /home/ndt/ros2car-ws/install/vesc_msgs/include/vesc_msgs/vesc_msgs/msg/detail/vesc_state_stamped__traits.hpp
[1.192s] -- Up-to-date: /home/ndt/ros2car-ws/install/vesc_msgs/include/vesc_msgs/vesc_msgs/msg/detail/vesc_state_stamped__builder.hpp
[1.192s] -- Up-to-date: /home/ndt/ros2car-ws/install/vesc_msgs/include/vesc_msgs/vesc_msgs/msg/detail/vesc_state__struct.hpp
[1.192s] -- Up-to-date: /home/ndt/ros2car-ws/install/vesc_msgs/include/vesc_msgs/vesc_msgs/msg/detail/vesc_imu_stamped__struct.hpp
[1.192s] -- Up-to-date: /home/ndt/ros2car-ws/install/vesc_msgs/include/vesc_msgs/vesc_msgs/msg/detail/vesc_imu_stamped__builder.hpp
[1.192s] -- Up-to-date: /home/ndt/ros2car-ws/install/vesc_msgs/include/vesc_msgs/vesc_msgs/msg/detail/vesc_state__traits.hpp
[1.192s] -- Up-to-date: /home/ndt/ros2car-ws/install/vesc_msgs/include/vesc_msgs/vesc_msgs/msg/detail/vesc_imu__struct.hpp
[1.192s] -- Up-to-date: /home/ndt/ros2car-ws/install/vesc_msgs/include/vesc_msgs/vesc_msgs/msg/detail/vesc_imu__traits.hpp
[1.192s] -- Up-to-date: /home/ndt/ros2car-ws/install/vesc_msgs/include/vesc_msgs/vesc_msgs/msg/detail/vesc_imu_stamped__traits.hpp
[1.193s] -- Up-to-date: /home/ndt/ros2car-ws/install/vesc_msgs/include/vesc_msgs/vesc_msgs/msg/detail/vesc_state_stamped__struct.hpp
[1.193s] -- Up-to-date: /home/ndt/ros2car-ws/install/vesc_msgs/include/vesc_msgs/vesc_msgs/msg/detail/vesc_imu__builder.hpp
[1.193s] -- Up-to-date: /home/ndt/ros2car-ws/install/vesc_msgs/include/vesc_msgs/vesc_msgs/msg/detail/vesc_state__builder.hpp
[1.193s] -- Up-to-date: /home/ndt/ros2car-ws/install/vesc_msgs/include/vesc_msgs/vesc_msgs/msg/vesc_imu_stamped.hpp
[1.193s] -- Up-to-date: /home/ndt/ros2car-ws/install/vesc_msgs/include/vesc_msgs/vesc_msgs/msg/vesc_state_stamped.hpp
[1.193s] -- Up-to-date: /home/ndt/ros2car-ws/install/vesc_msgs/include/vesc_msgs/vesc_msgs/msg/vesc_imu.hpp
[1.193s] -- Up-to-date: /home/ndt/ros2car-ws/install/vesc_msgs/include/vesc_msgs/vesc_msgs
[1.193s] -- Up-to-date: /home/ndt/ros2car-ws/install/vesc_msgs/include/vesc_msgs/vesc_msgs/msg
[1.193s] -- Up-to-date: /home/ndt/ros2car-ws/install/vesc_msgs/include/vesc_msgs/vesc_msgs/msg/detail
[1.193s] -- Up-to-date: /home/ndt/ros2car-ws/install/vesc_msgs/include/vesc_msgs/vesc_msgs/msg/detail/dds_fastrtps
[1.194s] -- Up-to-date: /home/ndt/ros2car-ws/install/vesc_msgs/include/vesc_msgs/vesc_msgs/msg/detail/vesc_imu__rosidl_typesupport_fastrtps_cpp.hpp
[1.194s] -- Up-to-date: /home/ndt/ros2car-ws/install/vesc_msgs/include/vesc_msgs/vesc_msgs/msg/detail/vesc_state__rosidl_typesupport_fastrtps_cpp.hpp
[1.194s] -- Up-to-date: /home/ndt/ros2car-ws/install/vesc_msgs/include/vesc_msgs/vesc_msgs/msg/detail/vesc_imu_stamped__rosidl_typesupport_fastrtps_cpp.hpp
[1.194s] -- Up-to-date: /home/ndt/ros2car-ws/install/vesc_msgs/include/vesc_msgs/vesc_msgs/msg/detail/vesc_state_stamped__rosidl_typesupport_fastrtps_cpp.hpp
[1.194s] -- Up-to-date: /home/ndt/ros2car-ws/install/vesc_msgs/include/vesc_msgs/vesc_msgs/msg/rosidl_typesupport_fastrtps_cpp__visibility_control.h
[1.194s] -- Up-to-date: /home/ndt/ros2car-ws/install/vesc_msgs/lib/libvesc_msgs__rosidl_typesupport_fastrtps_cpp.so
[1.194s] -- Up-to-date: /home/ndt/ros2car-ws/install/vesc_msgs/include/vesc_msgs/vesc_msgs
[1.196s] -- Up-to-date: /home/ndt/ros2car-ws/install/vesc_msgs/include/vesc_msgs/vesc_msgs/msg
[1.196s] -- Up-to-date: /home/ndt/ros2car-ws/install/vesc_msgs/include/vesc_msgs/vesc_msgs/msg/detail
[1.196s] -- Up-to-date: /home/ndt/ros2car-ws/install/vesc_msgs/include/vesc_msgs/vesc_msgs/msg/detail/vesc_state_stamped__type_support.cpp
[1.197s] -- Up-to-date: /home/ndt/ros2car-ws/install/vesc_msgs/include/vesc_msgs/vesc_msgs/msg/detail/vesc_imu__type_support.cpp
[1.197s] -- Up-to-date: /home/ndt/ros2car-ws/install/vesc_msgs/include/vesc_msgs/vesc_msgs/msg/detail/vesc_state__rosidl_typesupport_introspection_cpp.hpp
[1.197s] -- Up-to-date: /home/ndt/ros2car-ws/install/vesc_msgs/include/vesc_msgs/vesc_msgs/msg/detail/vesc_imu_stamped__rosidl_typesupport_introspection_cpp.hpp
[1.197s] -- Up-to-date: /home/ndt/ros2car-ws/install/vesc_msgs/include/vesc_msgs/vesc_msgs/msg/detail/vesc_imu_stamped__type_support.cpp
[1.197s] -- Up-to-date: /home/ndt/ros2car-ws/install/vesc_msgs/include/vesc_msgs/vesc_msgs/msg/detail/vesc_state_stamped__rosidl_typesupport_introspection_cpp.hpp
[1.197s] -- Up-to-date: /home/ndt/ros2car-ws/install/vesc_msgs/include/vesc_msgs/vesc_msgs/msg/detail/vesc_imu__rosidl_typesupport_introspection_cpp.hpp
[1.198s] -- Up-to-date: /home/ndt/ros2car-ws/install/vesc_msgs/include/vesc_msgs/vesc_msgs/msg/detail/vesc_state__type_support.cpp
[1.198s] -- Up-to-date: /home/ndt/ros2car-ws/install/vesc_msgs/lib/libvesc_msgs__rosidl_typesupport_introspection_cpp.so
[1.198s] -- Up-to-date: /home/ndt/ros2car-ws/install/vesc_msgs/lib/libvesc_msgs__rosidl_typesupport_cpp.so
[1.198s] -- Up-to-date: /home/ndt/ros2car-ws/install/vesc_msgs/share/vesc_msgs/environment/pythonpath.sh
[1.199s] -- Up-to-date: /home/ndt/ros2car-ws/install/vesc_msgs/share/vesc_msgs/environment/pythonpath.dsv
[1.199s] -- Up-to-date: /home/ndt/ros2car-ws/install/vesc_msgs/local/lib/python3.10/dist-packages/vesc_msgs-1.1.0-py3.10.egg-info
[1.199s] -- Installing: /home/ndt/ros2car-ws/install/vesc_msgs/local/lib/python3.10/dist-packages/vesc_msgs-1.1.0-py3.10.egg-info/top_level.txt
[1.199s] -- Installing: /home/ndt/ros2car-ws/install/vesc_msgs/local/lib/python3.10/dist-packages/vesc_msgs-1.1.0-py3.10.egg-info/dependency_links.txt
[1.199s] -- Installing: /home/ndt/ros2car-ws/install/vesc_msgs/local/lib/python3.10/dist-packages/vesc_msgs-1.1.0-py3.10.egg-info/SOURCES.txt
[1.199s] -- Installing: /home/ndt/ros2car-ws/install/vesc_msgs/local/lib/python3.10/dist-packages/vesc_msgs-1.1.0-py3.10.egg-info/PKG-INFO
[1.199s] -- Up-to-date: /home/ndt/ros2car-ws/install/vesc_msgs/local/lib/python3.10/dist-packages/vesc_msgs
[1.199s] -- Up-to-date: /home/ndt/ros2car-ws/install/vesc_msgs/local/lib/python3.10/dist-packages/vesc_msgs/vesc_msgs_s__rosidl_typesupport_introspection_c.cpython-310-x86_64-linux-gnu.so
[1.199s] -- Up-to-date: /home/ndt/ros2car-ws/install/vesc_msgs/local/lib/python3.10/dist-packages/vesc_msgs/_vesc_msgs_s.ep.rosidl_typesupport_introspection_c.c
[1.200s] -- Up-to-date: /home/ndt/ros2car-ws/install/vesc_msgs/local/lib/python3.10/dist-packages/vesc_msgs/vesc_msgs_s__rosidl_typesupport_c.cpython-310-x86_64-linux-gnu.so
[1.210s] -- Up-to-date: /home/ndt/ros2car-ws/install/vesc_msgs/local/lib/python3.10/dist-packages/vesc_msgs/_vesc_msgs_s.ep.rosidl_typesupport_fastrtps_c.c
[1.211s] -- Up-to-date: /home/ndt/ros2car-ws/install/vesc_msgs/local/lib/python3.10/dist-packages/vesc_msgs/_vesc_msgs_s.ep.rosidl_typesupport_c.c
[1.211s] -- Up-to-date: /home/ndt/ros2car-ws/install/vesc_msgs/local/lib/python3.10/dist-packages/vesc_msgs/libvesc_msgs__rosidl_generator_py.so
[1.211s] -- Up-to-date: /home/ndt/ros2car-ws/install/vesc_msgs/local/lib/python3.10/dist-packages/vesc_msgs/vesc_msgs_s__rosidl_typesupport_fastrtps_c.cpython-310-x86_64-linux-gnu.so
[1.211s] -- Up-to-date: /home/ndt/ros2car-ws/install/vesc_msgs/local/lib/python3.10/dist-packages/vesc_msgs/msg
[1.211s] -- Up-to-date: /home/ndt/ros2car-ws/install/vesc_msgs/local/lib/python3.10/dist-packages/vesc_msgs/msg/_vesc_imu_stamped.py
[1.211s] -- Up-to-date: /home/ndt/ros2car-ws/install/vesc_msgs/local/lib/python3.10/dist-packages/vesc_msgs/msg/_vesc_state_s.c
[1.211s] -- Up-to-date: /home/ndt/ros2car-ws/install/vesc_msgs/local/lib/python3.10/dist-packages/vesc_msgs/msg/_vesc_imu_stamped_s.c
[1.212s] -- Up-to-date: /home/ndt/ros2car-ws/install/vesc_msgs/local/lib/python3.10/dist-packages/vesc_msgs/msg/_vesc_state.py
[1.212s] -- Up-to-date: /home/ndt/ros2car-ws/install/vesc_msgs/local/lib/python3.10/dist-packages/vesc_msgs/msg/_vesc_imu.py
[1.212s] -- Up-to-date: /home/ndt/ros2car-ws/install/vesc_msgs/local/lib/python3.10/dist-packages/vesc_msgs/msg/__init__.py
[1.212s] -- Up-to-date: /home/ndt/ros2car-ws/install/vesc_msgs/local/lib/python3.10/dist-packages/vesc_msgs/msg/_vesc_state_stamped_s.c
[1.213s] -- Up-to-date: /home/ndt/ros2car-ws/install/vesc_msgs/local/lib/python3.10/dist-packages/vesc_msgs/msg/_vesc_state_stamped.py
[1.213s] -- Up-to-date: /home/ndt/ros2car-ws/install/vesc_msgs/local/lib/python3.10/dist-packages/vesc_msgs/msg/_vesc_imu_s.c
[1.213s] -- Up-to-date: /home/ndt/ros2car-ws/install/vesc_msgs/local/lib/python3.10/dist-packages/vesc_msgs/__init__.py
[1.247s] Listing '/home/ndt/ros2car-ws/install/vesc_msgs/local/lib/python3.10/dist-packages/vesc_msgs'...
[1.247s] Listing '/home/ndt/ros2car-ws/install/vesc_msgs/local/lib/python3.10/dist-packages/vesc_msgs/msg'...
[1.257s] -- Up-to-date: /home/ndt/ros2car-ws/install/vesc_msgs/local/lib/python3.10/dist-packages/vesc_msgs/vesc_msgs_s__rosidl_typesupport_fastrtps_c.cpython-310-x86_64-linux-gnu.so
[1.258s] -- Up-to-date: /home/ndt/ros2car-ws/install/vesc_msgs/local/lib/python3.10/dist-packages/vesc_msgs/vesc_msgs_s__rosidl_typesupport_introspection_c.cpython-310-x86_64-linux-gnu.so
[1.260s] -- Up-to-date: /home/ndt/ros2car-ws/install/vesc_msgs/local/lib/python3.10/dist-packages/vesc_msgs/vesc_msgs_s__rosidl_typesupport_c.cpython-310-x86_64-linux-gnu.so
[1.262s] -- Up-to-date: /home/ndt/ros2car-ws/install/vesc_msgs/lib/libvesc_msgs__rosidl_generator_py.so
[1.263s] -- Up-to-date: /home/ndt/ros2car-ws/install/vesc_msgs/share/vesc_msgs/msg/VescState.idl
[1.264s] -- Up-to-date: /home/ndt/ros2car-ws/install/vesc_msgs/share/vesc_msgs/msg/VescStateStamped.idl
[1.264s] -- Up-to-date: /home/ndt/ros2car-ws/install/vesc_msgs/share/vesc_msgs/msg/VescImu.idl
[1.265s] -- Up-to-date: /home/ndt/ros2car-ws/install/vesc_msgs/share/vesc_msgs/msg/VescImuStamped.idl
[1.265s] -- Up-to-date: /home/ndt/ros2car-ws/install/vesc_msgs/share/vesc_msgs/msg/VescState.msg
[1.265s] -- Up-to-date: /home/ndt/ros2car-ws/install/vesc_msgs/share/vesc_msgs/msg/VescStateStamped.msg
[1.265s] -- Up-to-date: /home/ndt/ros2car-ws/install/vesc_msgs/share/vesc_msgs/msg/VescImu.msg
[1.266s] -- Up-to-date: /home/ndt/ros2car-ws/install/vesc_msgs/share/vesc_msgs/msg/VescImuStamped.msg
[1.266s] -- Up-to-date: /home/ndt/ros2car-ws/install/vesc_msgs/share/ament_index/resource_index/package_run_dependencies/vesc_msgs
[1.266s] -- Up-to-date: /home/ndt/ros2car-ws/install/vesc_msgs/share/ament_index/resource_index/parent_prefix_path/vesc_msgs
[1.266s] -- Up-to-date: /home/ndt/ros2car-ws/install/vesc_msgs/share/vesc_msgs/environment/ament_prefix_path.sh
[1.268s] -- Up-to-date: /home/ndt/ros2car-ws/install/vesc_msgs/share/vesc_msgs/environment/ament_prefix_path.dsv
[1.268s] -- Up-to-date: /home/ndt/ros2car-ws/install/vesc_msgs/share/vesc_msgs/environment/path.sh
[1.268s] -- Up-to-date: /home/ndt/ros2car-ws/install/vesc_msgs/share/vesc_msgs/environment/path.dsv
[1.269s] -- Up-to-date: /home/ndt/ros2car-ws/install/vesc_msgs/share/vesc_msgs/local_setup.bash
[1.269s] -- Up-to-date: /home/ndt/ros2car-ws/install/vesc_msgs/share/vesc_msgs/local_setup.sh
[1.269s] -- Up-to-date: /home/ndt/ros2car-ws/install/vesc_msgs/share/vesc_msgs/local_setup.zsh
[1.269s] -- Up-to-date: /home/ndt/ros2car-ws/install/vesc_msgs/share/vesc_msgs/local_setup.dsv
[1.269s] -- Installing: /home/ndt/ros2car-ws/install/vesc_msgs/share/vesc_msgs/package.dsv
[1.270s] -- Up-to-date: /home/ndt/ros2car-ws/install/vesc_msgs/share/ament_index/resource_index/packages/vesc_msgs
[1.270s] -- Up-to-date: /home/ndt/ros2car-ws/install/vesc_msgs/share/vesc_msgs/cmake/export_vesc_msgs__rosidl_generator_cExport.cmake
[1.270s] -- Up-to-date: /home/ndt/ros2car-ws/install/vesc_msgs/share/vesc_msgs/cmake/export_vesc_msgs__rosidl_generator_cExport-noconfig.cmake
[1.270s] -- Up-to-date: /home/ndt/ros2car-ws/install/vesc_msgs/share/vesc_msgs/cmake/export_vesc_msgs__rosidl_typesupport_fastrtps_cExport.cmake
[1.270s] -- Up-to-date: /home/ndt/ros2car-ws/install/vesc_msgs/share/vesc_msgs/cmake/export_vesc_msgs__rosidl_typesupport_fastrtps_cExport-noconfig.cmake
[1.271s] -- Up-to-date: /home/ndt/ros2car-ws/install/vesc_msgs/share/vesc_msgs/cmake/vesc_msgs__rosidl_typesupport_introspection_cExport.cmake
[1.271s] -- Up-to-date: /home/ndt/ros2car-ws/install/vesc_msgs/share/vesc_msgs/cmake/vesc_msgs__rosidl_typesupport_introspection_cExport-noconfig.cmake
[1.273s] -- Up-to-date: /home/ndt/ros2car-ws/install/vesc_msgs/share/vesc_msgs/cmake/vesc_msgs__rosidl_typesupport_cExport.cmake
[1.274s] -- Up-to-date: /home/ndt/ros2car-ws/install/vesc_msgs/share/vesc_msgs/cmake/vesc_msgs__rosidl_typesupport_cExport-noconfig.cmake
[1.274s] -- Up-to-date: /home/ndt/ros2car-ws/install/vesc_msgs/share/vesc_msgs/cmake/export_vesc_msgs__rosidl_generator_cppExport.cmake
[1.275s] -- Up-to-date: /home/ndt/ros2car-ws/install/vesc_msgs/share/vesc_msgs/cmake/export_vesc_msgs__rosidl_typesupport_fastrtps_cppExport.cmake
[1.275s] -- Up-to-date: /home/ndt/ros2car-ws/install/vesc_msgs/share/vesc_msgs/cmake/export_vesc_msgs__rosidl_typesupport_fastrtps_cppExport-noconfig.cmake
[1.275s] -- Up-to-date: /home/ndt/ros2car-ws/install/vesc_msgs/share/vesc_msgs/cmake/vesc_msgs__rosidl_typesupport_introspection_cppExport.cmake
[1.275s] -- Up-to-date: /home/ndt/ros2car-ws/install/vesc_msgs/share/vesc_msgs/cmake/vesc_msgs__rosidl_typesupport_introspection_cppExport-noconfig.cmake
[1.275s] -- Up-to-date: /home/ndt/ros2car-ws/install/vesc_msgs/share/vesc_msgs/cmake/vesc_msgs__rosidl_typesupport_cppExport.cmake
[1.275s] -- Up-to-date: /home/ndt/ros2car-ws/install/vesc_msgs/share/vesc_msgs/cmake/vesc_msgs__rosidl_typesupport_cppExport-noconfig.cmake
[1.275s] -- Up-to-date: /home/ndt/ros2car-ws/install/vesc_msgs/share/vesc_msgs/cmake/export_vesc_msgs__rosidl_generator_pyExport.cmake
[1.276s] -- Up-to-date: /home/ndt/ros2car-ws/install/vesc_msgs/share/vesc_msgs/cmake/export_vesc_msgs__rosidl_generator_pyExport-noconfig.cmake
[1.276s] -- Up-to-date: /home/ndt/ros2car-ws/install/vesc_msgs/share/vesc_msgs/cmake/rosidl_cmake-extras.cmake
[1.276s] -- Up-to-date: /home/ndt/ros2car-ws/install/vesc_msgs/share/vesc_msgs/cmake/ament_cmake_export_dependencies-extras.cmake
[1.276s] -- Up-to-date: /home/ndt/ros2car-ws/install/vesc_msgs/share/vesc_msgs/cmake/ament_cmake_export_include_directories-extras.cmake
[1.276s] -- Up-to-date: /home/ndt/ros2car-ws/install/vesc_msgs/share/vesc_msgs/cmake/ament_cmake_export_libraries-extras.cmake
[1.276s] -- Up-to-date: /home/ndt/ros2car-ws/install/vesc_msgs/share/vesc_msgs/cmake/ament_cmake_export_targets-extras.cmake
[1.276s] -- Up-to-date: /home/ndt/ros2car-ws/install/vesc_msgs/share/vesc_msgs/cmake/rosidl_cmake_export_typesupport_targets-extras.cmake
[1.276s] -- Up-to-date: /home/ndt/ros2car-ws/install/vesc_msgs/share/vesc_msgs/cmake/rosidl_cmake_export_typesupport_libraries-extras.cmake
[1.276s] -- Up-to-date: /home/ndt/ros2car-ws/install/vesc_msgs/share/vesc_msgs/cmake/vesc_msgsConfig.cmake
[1.277s] -- Up-to-date: /home/ndt/ros2car-ws/install/vesc_msgs/share/vesc_msgs/cmake/vesc_msgsConfig-version.cmake
[1.277s] -- Up-to-date: /home/ndt/ros2car-ws/install/vesc_msgs/share/vesc_msgs/package.xml
[1.288s] Invoked command in '/home/ndt/ros2car-ws/build/vesc_msgs' returned '0': CMAKE_PREFIX_PATH=${CMAKE_PREFIX_PATH}:/opt/ros/humble /usr/bin/cmake --install /home/ndt/ros2car-ws/build/vesc_msgs
