[0.069s] Invoking command in '/home/ndt/ros2car-ws/build/udp_driver': CMAKE_PREFIX_PATH=/home/ndt/ros2car-ws/install/io_context:/home/ndt/ros2car-ws/install/asio_cmake_module:/home/ndt/ros2car-ws/install/ydlidar_ros2_driver:/home/ndt/ros2car-ws/install/vesc:/home/ndt/ros2car-ws/install/vesc_driver:/home/ndt/ros2car-ws/install/vesc_ackermann:/home/ndt/ros2car-ws/install/vesc_msgs:/home/ndt/ros2car-ws/install/udp_driver:/home/ndt/ros2car-ws/install/serial_driver:/home/ndt/ydlidar_ros2_ws/install/ydlidar_ros2_driver:/opt/ros/humble LD_LIBRARY_PATH=/home/ndt/ros2car-ws/install/io_context/lib:/home/ndt/ros2car-ws/install/vesc_driver/lib:/home/ndt/ros2car-ws/install/vesc_ackermann/lib:/home/ndt/ros2car-ws/install/vesc_msgs/lib:/home/ndt/ros2car-ws/install/udp_driver/lib:/home/ndt/ros2car-ws/install/serial_driver/lib:/usr/lib/x86_64-linux-gnu/gazebo-11/plugins:/opt/ros/humble/opt/rviz_ogre_vendor/lib:/opt/ros/humble/lib/x86_64-linux-gnu:/opt/ros/humble/lib /usr/bin/cmake --build /home/ndt/ros2car-ws/build/udp_driver -- -j6 -l6
[0.246s] [  8%] Built target gtest_main
[0.252s] [ 16%] Built target udp_sender_node_exe
[0.254s] [ 29%] Built target udp_driver
[0.262s] [ 37%] Built target udp_receiver_node_exe
[0.262s] [ 45%] Built target gtest
[0.330s] [ 58%] Built target udp_driver_nodes
[0.405s] [ 66%] Built target test_udp_socket
[0.411s] [ 75%] Built target test_udp_data
[0.422s] [ 83%] Built target test_udp_driver
[0.425s] [ 91%] Built target test_udp_driver_nodes
[0.425s] [100%] Built target udp_bridge_node_exe
[0.446s] Invoked command in '/home/ndt/ros2car-ws/build/udp_driver' returned '0': CMAKE_PREFIX_PATH=/home/ndt/ros2car-ws/install/io_context:/home/ndt/ros2car-ws/install/asio_cmake_module:/home/ndt/ros2car-ws/install/ydlidar_ros2_driver:/home/ndt/ros2car-ws/install/vesc:/home/ndt/ros2car-ws/install/vesc_driver:/home/ndt/ros2car-ws/install/vesc_ackermann:/home/ndt/ros2car-ws/install/vesc_msgs:/home/ndt/ros2car-ws/install/udp_driver:/home/ndt/ros2car-ws/install/serial_driver:/home/ndt/ydlidar_ros2_ws/install/ydlidar_ros2_driver:/opt/ros/humble LD_LIBRARY_PATH=/home/ndt/ros2car-ws/install/io_context/lib:/home/ndt/ros2car-ws/install/vesc_driver/lib:/home/ndt/ros2car-ws/install/vesc_ackermann/lib:/home/ndt/ros2car-ws/install/vesc_msgs/lib:/home/ndt/ros2car-ws/install/udp_driver/lib:/home/ndt/ros2car-ws/install/serial_driver/lib:/usr/lib/x86_64-linux-gnu/gazebo-11/plugins:/opt/ros/humble/opt/rviz_ogre_vendor/lib:/opt/ros/humble/lib/x86_64-linux-gnu:/opt/ros/humble/lib /usr/bin/cmake --build /home/ndt/ros2car-ws/build/udp_driver -- -j6 -l6
[0.668s] Invoking command in '/home/ndt/ros2car-ws/build/udp_driver': CMAKE_PREFIX_PATH=/home/ndt/ros2car-ws/install/io_context:/home/ndt/ros2car-ws/install/asio_cmake_module:/home/ndt/ros2car-ws/install/ydlidar_ros2_driver:/home/ndt/ros2car-ws/install/vesc:/home/ndt/ros2car-ws/install/vesc_driver:/home/ndt/ros2car-ws/install/vesc_ackermann:/home/ndt/ros2car-ws/install/vesc_msgs:/home/ndt/ros2car-ws/install/udp_driver:/home/ndt/ros2car-ws/install/serial_driver:/home/ndt/ydlidar_ros2_ws/install/ydlidar_ros2_driver:/opt/ros/humble LD_LIBRARY_PATH=/home/ndt/ros2car-ws/install/io_context/lib:/home/ndt/ros2car-ws/install/vesc_driver/lib:/home/ndt/ros2car-ws/install/vesc_ackermann/lib:/home/ndt/ros2car-ws/install/vesc_msgs/lib:/home/ndt/ros2car-ws/install/udp_driver/lib:/home/ndt/ros2car-ws/install/serial_driver/lib:/usr/lib/x86_64-linux-gnu/gazebo-11/plugins:/opt/ros/humble/opt/rviz_ogre_vendor/lib:/opt/ros/humble/lib/x86_64-linux-gnu:/opt/ros/humble/lib /usr/bin/cmake --install /home/ndt/ros2car-ws/build/udp_driver
[0.689s] -- Install configuration: ""
[0.689s] -- Up-to-date: /home/ndt/ros2car-ws/install/udp_driver/lib/udp_driver/udp_receiver_node_exe
[0.691s] -- Up-to-date: /home/ndt/ros2car-ws/install/udp_driver/lib/udp_driver/udp_sender_node_exe
[0.693s] -- Up-to-date: /home/ndt/ros2car-ws/install/udp_driver/include
[0.694s] -- Up-to-date: /home/ndt/ros2car-ws/install/udp_driver/include/udp_driver
[0.695s] -- Up-to-date: /home/ndt/ros2car-ws/install/udp_driver/include/udp_driver/udp_receiver_node.hpp
[0.696s] -- Up-to-date: /home/ndt/ros2car-ws/install/udp_driver/include/udp_driver/udp_driver.hpp
[0.698s] -- Up-to-date: /home/ndt/ros2car-ws/install/udp_driver/include/udp_driver/udp_socket.hpp
[0.699s] -- Up-to-date: /home/ndt/ros2car-ws/install/udp_driver/include/udp_driver/visibility_control.hpp
[0.700s] -- Up-to-date: /home/ndt/ros2car-ws/install/udp_driver/include/udp_driver/udp_sender_node.hpp
[0.701s] -- Up-to-date: /home/ndt/ros2car-ws/install/udp_driver/share/udp_driver/environment/library_path.sh
[0.705s] -- Up-to-date: /home/ndt/ros2car-ws/install/udp_driver/share/udp_driver/environment/library_path.dsv
[0.706s] -- Up-to-date: /home/ndt/ros2car-ws/install/udp_driver/lib/libudp_driver.so
[0.706s] -- Up-to-date: /home/ndt/ros2car-ws/install/udp_driver/lib/libudp_driver_nodes.so
[0.706s] -- Up-to-date: /home/ndt/ros2car-ws/install/udp_driver/lib/udp_driver/udp_bridge_node_exe
[0.706s] -- Up-to-date: /home/ndt/ros2car-ws/install/udp_driver/share/ament_index/resource_index/package_run_dependencies/udp_driver
[0.707s] -- Up-to-date: /home/ndt/ros2car-ws/install/udp_driver/share/ament_index/resource_index/parent_prefix_path/udp_driver
[0.707s] -- Up-to-date: /home/ndt/ros2car-ws/install/udp_driver/share/udp_driver/environment/ament_prefix_path.sh
[0.707s] -- Up-to-date: /home/ndt/ros2car-ws/install/udp_driver/share/udp_driver/environment/ament_prefix_path.dsv
[0.707s] -- Up-to-date: /home/ndt/ros2car-ws/install/udp_driver/share/udp_driver/environment/path.sh
[0.707s] -- Up-to-date: /home/ndt/ros2car-ws/install/udp_driver/share/udp_driver/environment/path.dsv
[0.708s] -- Up-to-date: /home/ndt/ros2car-ws/install/udp_driver/share/udp_driver/local_setup.bash
[0.708s] -- Up-to-date: /home/ndt/ros2car-ws/install/udp_driver/share/udp_driver/local_setup.sh
[0.708s] -- Up-to-date: /home/ndt/ros2car-ws/install/udp_driver/share/udp_driver/local_setup.zsh
[0.708s] -- Up-to-date: /home/ndt/ros2car-ws/install/udp_driver/share/udp_driver/local_setup.dsv
[0.708s] -- Installing: /home/ndt/ros2car-ws/install/udp_driver/share/udp_driver/package.dsv
[0.709s] -- Up-to-date: /home/ndt/ros2car-ws/install/udp_driver/share/ament_index/resource_index/packages/udp_driver
[0.709s] -- Up-to-date: /home/ndt/ros2car-ws/install/udp_driver/share/ament_index/resource_index/rclcpp_components/udp_driver
[0.709s] -- Up-to-date: /home/ndt/ros2car-ws/install/udp_driver/share/udp_driver/cmake/ament_cmake_export_dependencies-extras.cmake
[0.709s] -- Up-to-date: /home/ndt/ros2car-ws/install/udp_driver/share/udp_driver/cmake/ament_cmake_export_include_directories-extras.cmake
[0.710s] -- Up-to-date: /home/ndt/ros2car-ws/install/udp_driver/share/udp_driver/cmake/ament_cmake_export_libraries-extras.cmake
[0.710s] -- Up-to-date: /home/ndt/ros2car-ws/install/udp_driver/share/udp_driver/cmake/udp_driverConfig.cmake
[0.710s] -- Up-to-date: /home/ndt/ros2car-ws/install/udp_driver/share/udp_driver/cmake/udp_driverConfig-version.cmake
[0.710s] -- Up-to-date: /home/ndt/ros2car-ws/install/udp_driver/share/udp_driver/package.xml
[0.711s] Invoked command in '/home/ndt/ros2car-ws/build/udp_driver' returned '0': CMAKE_PREFIX_PATH=/home/ndt/ros2car-ws/install/io_context:/home/ndt/ros2car-ws/install/asio_cmake_module:/home/ndt/ros2car-ws/install/ydlidar_ros2_driver:/home/ndt/ros2car-ws/install/vesc:/home/ndt/ros2car-ws/install/vesc_driver:/home/ndt/ros2car-ws/install/vesc_ackermann:/home/ndt/ros2car-ws/install/vesc_msgs:/home/ndt/ros2car-ws/install/udp_driver:/home/ndt/ros2car-ws/install/serial_driver:/home/ndt/ydlidar_ros2_ws/install/ydlidar_ros2_driver:/opt/ros/humble LD_LIBRARY_PATH=/home/ndt/ros2car-ws/install/io_context/lib:/home/ndt/ros2car-ws/install/vesc_driver/lib:/home/ndt/ros2car-ws/install/vesc_ackermann/lib:/home/ndt/ros2car-ws/install/vesc_msgs/lib:/home/ndt/ros2car-ws/install/udp_driver/lib:/home/ndt/ros2car-ws/install/serial_driver/lib:/usr/lib/x86_64-linux-gnu/gazebo-11/plugins:/opt/ros/humble/opt/rviz_ogre_vendor/lib:/opt/ros/humble/lib/x86_64-linux-gnu:/opt/ros/humble/lib /usr/bin/cmake --install /home/ndt/ros2car-ws/build/udp_driver
