[0.033s] Invoking command in '/home/ndt/ros2car-ws/build/udp_driver': AMENT_PREFIX_PATH=/home/ndt/ros2car-ws/install/io_context:/home/ndt/ros2car-ws/install/asio_cmake_module:${AMENT_PREFIX_PATH} CMAKE_PREFIX_PATH=/home/ndt/ros2car-ws/install/io_context:/home/ndt/ros2car-ws/install/asio_cmake_module:/home/ndt/ydlidar_ros2_ws/install/ydlidar_ros2_driver:/opt/ros/humble LD_LIBRARY_PATH=/home/ndt/ros2car-ws/install/io_context/lib:${LD_LIBRARY_PATH} /usr/bin/cmake --build /home/ndt/ros2car-ws/build/udp_driver -- -j6 -l6
[0.221s] [  8%] Built target udp_receiver_node_exe
[0.229s] [ 16%] Built target gtest
[0.232s] [ 25%] Built target gtest_main
[0.232s] [ 45%] Built target udp_driver
[0.232s] [ 33%] Built target udp_sender_node_exe
[0.334s] [ 58%] Built target udp_driver_nodes
[0.446s] [ 66%] Built target udp_bridge_node_exe
[0.450s] [ 75%] Built target test_udp_driver
[0.455s] [ 83%] Built target test_udp_data
[0.469s] [ 91%] Built target test_udp_socket
[0.477s] [100%] Built target test_udp_driver_nodes
[0.505s] Invoked command in '/home/ndt/ros2car-ws/build/udp_driver' returned '0': AMENT_PREFIX_PATH=/home/ndt/ros2car-ws/install/io_context:/home/ndt/ros2car-ws/install/asio_cmake_module:${AMENT_PREFIX_PATH} CMAKE_PREFIX_PATH=/home/ndt/ros2car-ws/install/io_context:/home/ndt/ros2car-ws/install/asio_cmake_module:/home/ndt/ydlidar_ros2_ws/install/ydlidar_ros2_driver:/opt/ros/humble LD_LIBRARY_PATH=/home/ndt/ros2car-ws/install/io_context/lib:${LD_LIBRARY_PATH} /usr/bin/cmake --build /home/ndt/ros2car-ws/build/udp_driver -- -j6 -l6
[0.690s] Invoking command in '/home/ndt/ros2car-ws/build/udp_driver': AMENT_PREFIX_PATH=/home/ndt/ros2car-ws/install/io_context:/home/ndt/ros2car-ws/install/asio_cmake_module:${AMENT_PREFIX_PATH} CMAKE_PREFIX_PATH=/home/ndt/ros2car-ws/install/io_context:/home/ndt/ros2car-ws/install/asio_cmake_module:/home/ndt/ydlidar_ros2_ws/install/ydlidar_ros2_driver:/opt/ros/humble LD_LIBRARY_PATH=/home/ndt/ros2car-ws/install/io_context/lib:${LD_LIBRARY_PATH} /usr/bin/cmake --install /home/ndt/ros2car-ws/build/udp_driver
[0.701s] -- Install configuration: ""
[0.703s] -- Up-to-date: /home/ndt/ros2car-ws/install/udp_driver/lib/udp_driver/udp_receiver_node_exe
[0.706s] -- Up-to-date: /home/ndt/ros2car-ws/install/udp_driver/lib/udp_driver/udp_sender_node_exe
[0.706s] -- Up-to-date: /home/ndt/ros2car-ws/install/udp_driver/include
[0.706s] -- Up-to-date: /home/ndt/ros2car-ws/install/udp_driver/include/udp_driver
[0.706s] -- Up-to-date: /home/ndt/ros2car-ws/install/udp_driver/include/udp_driver/udp_receiver_node.hpp
[0.709s] -- Up-to-date: /home/ndt/ros2car-ws/install/udp_driver/include/udp_driver/udp_driver.hpp
[0.709s] -- Up-to-date: /home/ndt/ros2car-ws/install/udp_driver/include/udp_driver/udp_socket.hpp
[0.709s] -- Up-to-date: /home/ndt/ros2car-ws/install/udp_driver/include/udp_driver/visibility_control.hpp
[0.709s] -- Up-to-date: /home/ndt/ros2car-ws/install/udp_driver/include/udp_driver/udp_sender_node.hpp
[0.709s] -- Up-to-date: /home/ndt/ros2car-ws/install/udp_driver/share/udp_driver/environment/library_path.sh
[0.709s] -- Up-to-date: /home/ndt/ros2car-ws/install/udp_driver/share/udp_driver/environment/library_path.dsv
[0.709s] -- Up-to-date: /home/ndt/ros2car-ws/install/udp_driver/lib/libudp_driver.so
[0.709s] -- Up-to-date: /home/ndt/ros2car-ws/install/udp_driver/lib/libudp_driver_nodes.so
[0.709s] -- Up-to-date: /home/ndt/ros2car-ws/install/udp_driver/lib/udp_driver/udp_bridge_node_exe
[0.710s] -- Up-to-date: /home/ndt/ros2car-ws/install/udp_driver/share/ament_index/resource_index/package_run_dependencies/udp_driver
[0.710s] -- Up-to-date: /home/ndt/ros2car-ws/install/udp_driver/share/ament_index/resource_index/parent_prefix_path/udp_driver
[0.710s] -- Up-to-date: /home/ndt/ros2car-ws/install/udp_driver/share/udp_driver/environment/ament_prefix_path.sh
[0.710s] -- Up-to-date: /home/ndt/ros2car-ws/install/udp_driver/share/udp_driver/environment/ament_prefix_path.dsv
[0.710s] -- Up-to-date: /home/ndt/ros2car-ws/install/udp_driver/share/udp_driver/environment/path.sh
[0.710s] -- Up-to-date: /home/ndt/ros2car-ws/install/udp_driver/share/udp_driver/environment/path.dsv
[0.710s] -- Up-to-date: /home/ndt/ros2car-ws/install/udp_driver/share/udp_driver/local_setup.bash
[0.710s] -- Up-to-date: /home/ndt/ros2car-ws/install/udp_driver/share/udp_driver/local_setup.sh
[0.710s] -- Up-to-date: /home/ndt/ros2car-ws/install/udp_driver/share/udp_driver/local_setup.zsh
[0.710s] -- Up-to-date: /home/ndt/ros2car-ws/install/udp_driver/share/udp_driver/local_setup.dsv
[0.710s] -- Installing: /home/ndt/ros2car-ws/install/udp_driver/share/udp_driver/package.dsv
[0.710s] -- Up-to-date: /home/ndt/ros2car-ws/install/udp_driver/share/ament_index/resource_index/packages/udp_driver
[0.710s] -- Up-to-date: /home/ndt/ros2car-ws/install/udp_driver/share/ament_index/resource_index/rclcpp_components/udp_driver
[0.710s] -- Up-to-date: /home/ndt/ros2car-ws/install/udp_driver/share/udp_driver/cmake/ament_cmake_export_dependencies-extras.cmake
[0.711s] -- Up-to-date: /home/ndt/ros2car-ws/install/udp_driver/share/udp_driver/cmake/ament_cmake_export_include_directories-extras.cmake
[0.711s] -- Up-to-date: /home/ndt/ros2car-ws/install/udp_driver/share/udp_driver/cmake/ament_cmake_export_libraries-extras.cmake
[0.711s] -- Up-to-date: /home/ndt/ros2car-ws/install/udp_driver/share/udp_driver/cmake/udp_driverConfig.cmake
[0.711s] -- Up-to-date: /home/ndt/ros2car-ws/install/udp_driver/share/udp_driver/cmake/udp_driverConfig-version.cmake
[0.711s] -- Up-to-date: /home/ndt/ros2car-ws/install/udp_driver/share/udp_driver/package.xml
[0.724s] Invoked command in '/home/ndt/ros2car-ws/build/udp_driver' returned '0': AMENT_PREFIX_PATH=/home/ndt/ros2car-ws/install/io_context:/home/ndt/ros2car-ws/install/asio_cmake_module:${AMENT_PREFIX_PATH} CMAKE_PREFIX_PATH=/home/ndt/ros2car-ws/install/io_context:/home/ndt/ros2car-ws/install/asio_cmake_module:/home/ndt/ydlidar_ros2_ws/install/ydlidar_ros2_driver:/opt/ros/humble LD_LIBRARY_PATH=/home/ndt/ros2car-ws/install/io_context/lib:${LD_LIBRARY_PATH} /usr/bin/cmake --install /home/ndt/ros2car-ws/build/udp_driver
