[0.047s] Invoking command in '/home/ndt/ros2car-ws/build/serial_driver': AMENT_PREFIX_PATH=/home/ndt/ros2car-ws/install/io_context:/home/ndt/ros2car-ws/install/asio_cmake_module:${AMENT_PREFIX_PATH} CMAKE_PREFIX_PATH=/home/ndt/ros2car-ws/install/io_context:/home/ndt/ros2car-ws/install/asio_cmake_module:/home/ndt/ydlidar_ros2_ws/install/ydlidar_ros2_driver:/opt/ros/humble LD_LIBRARY_PATH=/home/ndt/ros2car-ws/install/io_context/lib:${LD_LIBRARY_PATH} /usr/bin/cmake --build /home/ndt/ros2car-ws/build/serial_driver -- -j6 -l6
[0.220s] [ 20%] Built target serial_driver
[0.241s] [ 33%] Built target gtest_main
[0.241s] [ 46%] Built target serial_bridge
[0.266s] [ 60%] Built target gtest
[0.331s] [ 73%] Built target serial_driver_nodes
[0.350s] [ 86%] Built target test_serial_driver
[0.366s] [100%] Built target test_serial_port
[0.385s] Invoked command in '/home/ndt/ros2car-ws/build/serial_driver' returned '0': AMENT_PREFIX_PATH=/home/ndt/ros2car-ws/install/io_context:/home/ndt/ros2car-ws/install/asio_cmake_module:${AMENT_PREFIX_PATH} CMAKE_PREFIX_PATH=/home/ndt/ros2car-ws/install/io_context:/home/ndt/ros2car-ws/install/asio_cmake_module:/home/ndt/ydlidar_ros2_ws/install/ydlidar_ros2_driver:/opt/ros/humble LD_LIBRARY_PATH=/home/ndt/ros2car-ws/install/io_context/lib:${LD_LIBRARY_PATH} /usr/bin/cmake --build /home/ndt/ros2car-ws/build/serial_driver -- -j6 -l6
[0.612s] Invoking command in '/home/ndt/ros2car-ws/build/serial_driver': AMENT_PREFIX_PATH=/home/ndt/ros2car-ws/install/io_context:/home/ndt/ros2car-ws/install/asio_cmake_module:${AMENT_PREFIX_PATH} CMAKE_PREFIX_PATH=/home/ndt/ros2car-ws/install/io_context:/home/ndt/ros2car-ws/install/asio_cmake_module:/home/ndt/ydlidar_ros2_ws/install/ydlidar_ros2_driver:/opt/ros/humble LD_LIBRARY_PATH=/home/ndt/ros2car-ws/install/io_context/lib:${LD_LIBRARY_PATH} /usr/bin/cmake --install /home/ndt/ros2car-ws/build/serial_driver
[0.631s] -- Install configuration: ""
[0.631s] -- Up-to-date: /home/ndt/ros2car-ws/install/serial_driver/lib/serial_driver/serial_bridge
[0.632s] -- Up-to-date: /home/ndt/ros2car-ws/install/serial_driver/include
[0.633s] -- Up-to-date: /home/ndt/ros2car-ws/install/serial_driver/include/serial_driver
[0.633s] -- Up-to-date: /home/ndt/ros2car-ws/install/serial_driver/include/serial_driver/visibility_control.hpp
[0.633s] -- Up-to-date: /home/ndt/ros2car-ws/install/serial_driver/include/serial_driver/serial_port.hpp
[0.634s] -- Up-to-date: /home/ndt/ros2car-ws/install/serial_driver/include/serial_driver/serial_bridge_node.hpp
[0.634s] -- Up-to-date: /home/ndt/ros2car-ws/install/serial_driver/include/serial_driver/serial_driver.hpp
[0.634s] -- Up-to-date: /home/ndt/ros2car-ws/install/serial_driver/share/serial_driver/environment/library_path.sh
[0.634s] -- Up-to-date: /home/ndt/ros2car-ws/install/serial_driver/share/serial_driver/environment/library_path.dsv
[0.634s] -- Up-to-date: /home/ndt/ros2car-ws/install/serial_driver/lib/libserial_driver.so
[0.634s] -- Up-to-date: /home/ndt/ros2car-ws/install/serial_driver/lib/libserial_driver_nodes.so
[0.634s] -- Up-to-date: /home/ndt/ros2car-ws/install/serial_driver/share/serial_driver/launch
[0.634s] -- Up-to-date: /home/ndt/ros2car-ws/install/serial_driver/share/serial_driver/launch/serial_driver_bridge_node.launch.py
[0.634s] -- Up-to-date: /home/ndt/ros2car-ws/install/serial_driver/share/serial_driver/params
[0.634s] -- Up-to-date: /home/ndt/ros2car-ws/install/serial_driver/share/serial_driver/params/example.params.yaml
[0.634s] -- Up-to-date: /home/ndt/ros2car-ws/install/serial_driver/share/ament_index/resource_index/package_run_dependencies/serial_driver
[0.634s] -- Up-to-date: /home/ndt/ros2car-ws/install/serial_driver/share/ament_index/resource_index/parent_prefix_path/serial_driver
[0.634s] -- Up-to-date: /home/ndt/ros2car-ws/install/serial_driver/share/serial_driver/environment/ament_prefix_path.sh
[0.635s] -- Up-to-date: /home/ndt/ros2car-ws/install/serial_driver/share/serial_driver/environment/ament_prefix_path.dsv
[0.635s] -- Up-to-date: /home/ndt/ros2car-ws/install/serial_driver/share/serial_driver/environment/path.sh
[0.635s] -- Up-to-date: /home/ndt/ros2car-ws/install/serial_driver/share/serial_driver/environment/path.dsv
[0.635s] -- Up-to-date: /home/ndt/ros2car-ws/install/serial_driver/share/serial_driver/local_setup.bash
[0.635s] -- Up-to-date: /home/ndt/ros2car-ws/install/serial_driver/share/serial_driver/local_setup.sh
[0.635s] -- Up-to-date: /home/ndt/ros2car-ws/install/serial_driver/share/serial_driver/local_setup.zsh
[0.635s] -- Up-to-date: /home/ndt/ros2car-ws/install/serial_driver/share/serial_driver/local_setup.dsv
[0.635s] -- Installing: /home/ndt/ros2car-ws/install/serial_driver/share/serial_driver/package.dsv
[0.635s] -- Up-to-date: /home/ndt/ros2car-ws/install/serial_driver/share/ament_index/resource_index/packages/serial_driver
[0.635s] -- Up-to-date: /home/ndt/ros2car-ws/install/serial_driver/share/ament_index/resource_index/rclcpp_components/serial_driver
[0.636s] -- Up-to-date: /home/ndt/ros2car-ws/install/serial_driver/share/serial_driver/cmake/ament_cmake_export_dependencies-extras.cmake
[0.636s] -- Up-to-date: /home/ndt/ros2car-ws/install/serial_driver/share/serial_driver/cmake/ament_cmake_export_include_directories-extras.cmake
[0.636s] -- Up-to-date: /home/ndt/ros2car-ws/install/serial_driver/share/serial_driver/cmake/ament_cmake_export_libraries-extras.cmake
[0.636s] -- Up-to-date: /home/ndt/ros2car-ws/install/serial_driver/share/serial_driver/cmake/serial_driverConfig.cmake
[0.636s] -- Up-to-date: /home/ndt/ros2car-ws/install/serial_driver/share/serial_driver/cmake/serial_driverConfig-version.cmake
[0.636s] -- Up-to-date: /home/ndt/ros2car-ws/install/serial_driver/share/serial_driver/package.xml
[0.660s] Invoked command in '/home/ndt/ros2car-ws/build/serial_driver' returned '0': AMENT_PREFIX_PATH=/home/ndt/ros2car-ws/install/io_context:/home/ndt/ros2car-ws/install/asio_cmake_module:${AMENT_PREFIX_PATH} CMAKE_PREFIX_PATH=/home/ndt/ros2car-ws/install/io_context:/home/ndt/ros2car-ws/install/asio_cmake_module:/home/ndt/ydlidar_ros2_ws/install/ydlidar_ros2_driver:/opt/ros/humble LD_LIBRARY_PATH=/home/ndt/ros2car-ws/install/io_context/lib:${LD_LIBRARY_PATH} /usr/bin/cmake --install /home/ndt/ros2car-ws/build/serial_driver
