[0.058s] Invoking command in '/home/ndt/ros2car-ws/build/asio_cmake_module': CMAKE_PREFIX_PATH=${CMAKE_PREFIX_PATH}:/home/ndt/ros2car-ws/install/drive_with_DS4:/opt/ros/humble /usr/bin/cmake --build /home/ndt/ros2car-ws/build/asio_cmake_module -- -j6 -l6
[0.662s] Invoked command in '/home/ndt/ros2car-ws/build/asio_cmake_module' returned '0': CMAKE_PREFIX_PATH=${CMAKE_PREFIX_PATH}:/home/ndt/ros2car-ws/install/drive_with_DS4:/opt/ros/humble /usr/bin/cmake --build /home/ndt/ros2car-ws/build/asio_cmake_module -- -j6 -l6
[0.724s] Invoking command in '/home/ndt/ros2car-ws/build/asio_cmake_module': CMAKE_PREFIX_PATH=${CMAKE_PREFIX_PATH}:/home/ndt/ros2car-ws/install/drive_with_DS4:/opt/ros/humble /usr/bin/cmake --install /home/ndt/ros2car-ws/build/asio_cmake_module
[0.733s] -- Install configuration: ""
[0.734s] -- Execute custom install script
[0.734s] -- Up-to-date symlink: /home/ndt/ros2car-ws/install/asio_cmake_module/share/ament_index/resource_index/package_run_dependencies/asio_cmake_module
[0.734s] -- Up-to-date symlink: /home/ndt/ros2car-ws/install/asio_cmake_module/share/ament_index/resource_index/parent_prefix_path/asio_cmake_module
[0.734s] -- Up-to-date symlink: /home/ndt/ros2car-ws/install/asio_cmake_module/share/asio_cmake_module/environment/ament_prefix_path.sh
[0.734s] -- Up-to-date symlink: /home/ndt/ros2car-ws/install/asio_cmake_module/share/asio_cmake_module/environment/ament_prefix_path.dsv
[0.735s] -- Up-to-date symlink: /home/ndt/ros2car-ws/install/asio_cmake_module/share/asio_cmake_module/environment/path.sh
[0.735s] -- Up-to-date symlink: /home/ndt/ros2car-ws/install/asio_cmake_module/share/asio_cmake_module/environment/path.dsv
[0.735s] -- Up-to-date symlink: /home/ndt/ros2car-ws/install/asio_cmake_module/share/asio_cmake_module/local_setup.bash
[0.735s] -- Up-to-date symlink: /home/ndt/ros2car-ws/install/asio_cmake_module/share/asio_cmake_module/local_setup.sh
[0.735s] -- Up-to-date symlink: /home/ndt/ros2car-ws/install/asio_cmake_module/share/asio_cmake_module/local_setup.zsh
[0.735s] -- Up-to-date symlink: /home/ndt/ros2car-ws/install/asio_cmake_module/share/asio_cmake_module/local_setup.dsv
[0.735s] -- Symlinking: /home/ndt/ros2car-ws/install/asio_cmake_module/share/asio_cmake_module/package.dsv
[0.753s] -- Up-to-date symlink: /home/ndt/ros2car-ws/install/asio_cmake_module/share/ament_index/resource_index/packages/asio_cmake_module
[0.753s] -- Up-to-date symlink: /home/ndt/ros2car-ws/install/asio_cmake_module/share/asio_cmake_module/cmake/asio_cmake_module-extras.cmake
[0.754s] -- Up-to-date symlink: /home/ndt/ros2car-ws/install/asio_cmake_module/share/asio_cmake_module/cmake/asio_cmake_moduleConfig.cmake
[0.754s] -- Up-to-date symlink: /home/ndt/ros2car-ws/install/asio_cmake_module/share/asio_cmake_module/cmake/asio_cmake_moduleConfig-version.cmake
[0.754s] -- Up-to-date symlink: /home/ndt/ros2car-ws/install/asio_cmake_module/share/asio_cmake_module/package.xml
[0.754s] -- Up-to-date symlink: /home/ndt/ros2car-ws/install/asio_cmake_module/share/asio_cmake_module/cmake/Modules/FindASIO.cmake
[0.762s] Invoked command in '/home/ndt/ros2car-ws/build/asio_cmake_module' returned '0': CMAKE_PREFIX_PATH=${CMAKE_PREFIX_PATH}:/home/ndt/ros2car-ws/install/drive_with_DS4:/opt/ros/humble /usr/bin/cmake --install /home/ndt/ros2car-ws/build/asio_cmake_module
