-- The C compiler identification is GNU 11.3.0
-- The CXX compiler identification is GNU 11.3.0
-- Detecting C compiler ABI info
-- Detecting C compiler ABI info - done
-- Check for working C compiler: /usr/bin/cc - skipped
-- Detecting C compile features
-- Detecting C compile features - done
-- Detecting CXX compiler ABI info
-- Detecting CXX compiler ABI info - done
-- Check for working CXX compiler: /usr/bin/c++ - skipped
-- Detecting CXX compile features
-- Detecting CXX compile features - done
-- Found ament_cmake_auto: 1.3.4 (/opt/ros/humble/share/ament_cmake_auto/cmake)
-- Found Python3: /usr/bin/python3.10 (found version "3.10.6") found components: Interpreter 
-- Configuring done
-- Generating done
-- Build files have been written to: /home/ndt/ros2car-ws/build/vesc
-- Install configuration: ""
-- Installing: /home/ndt/ros2car-ws/install/vesc/share/ament_index/resource_index/package_run_dependencies/vesc
-- Installing: /home/ndt/ros2car-ws/install/vesc/share/ament_index/resource_index/parent_prefix_path/vesc
-- Installing: /home/ndt/ros2car-ws/install/vesc/share/vesc/environment/ament_prefix_path.sh
-- Installing: /home/ndt/ros2car-ws/install/vesc/share/vesc/environment/ament_prefix_path.dsv
-- Installing: /home/ndt/ros2car-ws/install/vesc/share/vesc/environment/path.sh
-- Installing: /home/ndt/ros2car-ws/install/vesc/share/vesc/environment/path.dsv
-- Installing: /home/ndt/ros2car-ws/install/vesc/share/vesc/local_setup.bash
-- Installing: /home/ndt/ros2car-ws/install/vesc/share/vesc/local_setup.sh
-- Installing: /home/ndt/ros2car-ws/install/vesc/share/vesc/local_setup.zsh
-- Installing: /home/ndt/ros2car-ws/install/vesc/share/vesc/local_setup.dsv
-- Installing: /home/ndt/ros2car-ws/install/vesc/share/vesc/package.dsv
-- Installing: /home/ndt/ros2car-ws/install/vesc/share/ament_index/resource_index/packages/vesc
-- Installing: /home/ndt/ros2car-ws/install/vesc/share/vesc/cmake/vescConfig.cmake
-- Installing: /home/ndt/ros2car-ws/install/vesc/share/vesc/cmake/vescConfig-version.cmake
-- Installing: /home/ndt/ros2car-ws/install/vesc/share/vesc/package.xml
