[0.034s] Invoking command in '/home/ndt/ros2car-ws/build/vesc': AMENT_PREFIX_PATH=/home/ndt/ros2car-ws/install/vesc_driver:/home/ndt/ros2car-ws/install/serial_driver:/home/ndt/ros2car-ws/install/vesc_ackermann:/home/ndt/ros2car-ws/install/io_context:/home/ndt/ros2car-ws/install/vesc_msgs:${AMENT_PREFIX_PATH} CMAKE_PREFIX_PATH=/home/ndt/ros2car-ws/install/vesc_driver:/home/ndt/ros2car-ws/install/serial_driver:/home/ndt/ros2car-ws/install/vesc_ackermann:/home/ndt/ros2car-ws/install/io_context:/home/ndt/ros2car-ws/install/vesc_msgs:/home/ndt/ydlidar_ros2_ws/install/ydlidar_ros2_driver:/opt/ros/humble LD_LIBRARY_PATH=/home/ndt/ros2car-ws/install/vesc_driver/lib:/home/ndt/ros2car-ws/install/serial_driver/lib:/home/ndt/ros2car-ws/install/vesc_ackermann/lib:/home/ndt/ros2car-ws/install/io_context/lib:/home/ndt/ros2car-ws/install/vesc_msgs/lib:${LD_LIBRARY_PATH} PYTHONPATH=/home/ndt/ros2car-ws/install/vesc_msgs/local/lib/python3.10/dist-packages:${PYTHONPATH} /usr/bin/cmake /home/ndt/ros2car-ws/src/vesc/vesc -DCMAKE_INSTALL_PREFIX=/home/ndt/ros2car-ws/install/vesc
[0.127s] -- The C compiler identification is GNU 11.3.0
[0.211s] -- The CXX compiler identification is GNU 11.3.0
[0.222s] -- Detecting C compiler ABI info
[0.332s] -- Detecting C compiler ABI info - done
[0.339s] -- Check for working C compiler: /usr/bin/cc - skipped
[0.339s] -- Detecting C compile features
[0.339s] -- Detecting C compile features - done
[0.343s] -- Detecting CXX compiler ABI info
[0.469s] -- Detecting CXX compiler ABI info - done
[0.476s] -- Check for working CXX compiler: /usr/bin/c++ - skipped
[0.477s] -- Detecting CXX compile features
[0.478s] -- Detecting CXX compile features - done
[0.482s] -- Found ament_cmake_auto: 1.3.4 (/opt/ros/humble/share/ament_cmake_auto/cmake)
[0.694s] -- Found Python3: /usr/bin/python3.10 (found version "3.10.6") found components: Interpreter 
[0.891s] -- Configuring done
[0.895s] -- Generating done
[0.897s] -- Build files have been written to: /home/ndt/ros2car-ws/build/vesc
[0.903s] Invoked command in '/home/ndt/ros2car-ws/build/vesc' returned '0': AMENT_PREFIX_PATH=/home/ndt/ros2car-ws/install/vesc_driver:/home/ndt/ros2car-ws/install/serial_driver:/home/ndt/ros2car-ws/install/vesc_ackermann:/home/ndt/ros2car-ws/install/io_context:/home/ndt/ros2car-ws/install/vesc_msgs:${AMENT_PREFIX_PATH} CMAKE_PREFIX_PATH=/home/ndt/ros2car-ws/install/vesc_driver:/home/ndt/ros2car-ws/install/serial_driver:/home/ndt/ros2car-ws/install/vesc_ackermann:/home/ndt/ros2car-ws/install/io_context:/home/ndt/ros2car-ws/install/vesc_msgs:/home/ndt/ydlidar_ros2_ws/install/ydlidar_ros2_driver:/opt/ros/humble LD_LIBRARY_PATH=/home/ndt/ros2car-ws/install/vesc_driver/lib:/home/ndt/ros2car-ws/install/serial_driver/lib:/home/ndt/ros2car-ws/install/vesc_ackermann/lib:/home/ndt/ros2car-ws/install/io_context/lib:/home/ndt/ros2car-ws/install/vesc_msgs/lib:${LD_LIBRARY_PATH} PYTHONPATH=/home/ndt/ros2car-ws/install/vesc_msgs/local/lib/python3.10/dist-packages:${PYTHONPATH} /usr/bin/cmake /home/ndt/ros2car-ws/src/vesc/vesc -DCMAKE_INSTALL_PREFIX=/home/ndt/ros2car-ws/install/vesc
[0.906s] Invoking command in '/home/ndt/ros2car-ws/build/vesc': AMENT_PREFIX_PATH=/home/ndt/ros2car-ws/install/vesc_driver:/home/ndt/ros2car-ws/install/serial_driver:/home/ndt/ros2car-ws/install/vesc_ackermann:/home/ndt/ros2car-ws/install/io_context:/home/ndt/ros2car-ws/install/vesc_msgs:${AMENT_PREFIX_PATH} CMAKE_PREFIX_PATH=/home/ndt/ros2car-ws/install/vesc_driver:/home/ndt/ros2car-ws/install/serial_driver:/home/ndt/ros2car-ws/install/vesc_ackermann:/home/ndt/ros2car-ws/install/io_context:/home/ndt/ros2car-ws/install/vesc_msgs:/home/ndt/ydlidar_ros2_ws/install/ydlidar_ros2_driver:/opt/ros/humble LD_LIBRARY_PATH=/home/ndt/ros2car-ws/install/vesc_driver/lib:/home/ndt/ros2car-ws/install/serial_driver/lib:/home/ndt/ros2car-ws/install/vesc_ackermann/lib:/home/ndt/ros2car-ws/install/io_context/lib:/home/ndt/ros2car-ws/install/vesc_msgs/lib:${LD_LIBRARY_PATH} PYTHONPATH=/home/ndt/ros2car-ws/install/vesc_msgs/local/lib/python3.10/dist-packages:${PYTHONPATH} /usr/bin/cmake --build /home/ndt/ros2car-ws/build/vesc -- -j6 -l6
[0.976s] Invoked command in '/home/ndt/ros2car-ws/build/vesc' returned '0': AMENT_PREFIX_PATH=/home/ndt/ros2car-ws/install/vesc_driver:/home/ndt/ros2car-ws/install/serial_driver:/home/ndt/ros2car-ws/install/vesc_ackermann:/home/ndt/ros2car-ws/install/io_context:/home/ndt/ros2car-ws/install/vesc_msgs:${AMENT_PREFIX_PATH} CMAKE_PREFIX_PATH=/home/ndt/ros2car-ws/install/vesc_driver:/home/ndt/ros2car-ws/install/serial_driver:/home/ndt/ros2car-ws/install/vesc_ackermann:/home/ndt/ros2car-ws/install/io_context:/home/ndt/ros2car-ws/install/vesc_msgs:/home/ndt/ydlidar_ros2_ws/install/ydlidar_ros2_driver:/opt/ros/humble LD_LIBRARY_PATH=/home/ndt/ros2car-ws/install/vesc_driver/lib:/home/ndt/ros2car-ws/install/serial_driver/lib:/home/ndt/ros2car-ws/install/vesc_ackermann/lib:/home/ndt/ros2car-ws/install/io_context/lib:/home/ndt/ros2car-ws/install/vesc_msgs/lib:${LD_LIBRARY_PATH} PYTHONPATH=/home/ndt/ros2car-ws/install/vesc_msgs/local/lib/python3.10/dist-packages:${PYTHONPATH} /usr/bin/cmake --build /home/ndt/ros2car-ws/build/vesc -- -j6 -l6
[1.025s] Invoking command in '/home/ndt/ros2car-ws/build/vesc': AMENT_PREFIX_PATH=/home/ndt/ros2car-ws/install/vesc_driver:/home/ndt/ros2car-ws/install/serial_driver:/home/ndt/ros2car-ws/install/vesc_ackermann:/home/ndt/ros2car-ws/install/io_context:/home/ndt/ros2car-ws/install/vesc_msgs:${AMENT_PREFIX_PATH} CMAKE_PREFIX_PATH=/home/ndt/ros2car-ws/install/vesc_driver:/home/ndt/ros2car-ws/install/serial_driver:/home/ndt/ros2car-ws/install/vesc_ackermann:/home/ndt/ros2car-ws/install/io_context:/home/ndt/ros2car-ws/install/vesc_msgs:/home/ndt/ydlidar_ros2_ws/install/ydlidar_ros2_driver:/opt/ros/humble LD_LIBRARY_PATH=/home/ndt/ros2car-ws/install/vesc_driver/lib:/home/ndt/ros2car-ws/install/serial_driver/lib:/home/ndt/ros2car-ws/install/vesc_ackermann/lib:/home/ndt/ros2car-ws/install/io_context/lib:/home/ndt/ros2car-ws/install/vesc_msgs/lib:${LD_LIBRARY_PATH} PYTHONPATH=/home/ndt/ros2car-ws/install/vesc_msgs/local/lib/python3.10/dist-packages:${PYTHONPATH} /usr/bin/cmake --install /home/ndt/ros2car-ws/build/vesc
[1.037s] -- Install configuration: ""
[1.038s] -- Installing: /home/ndt/ros2car-ws/install/vesc/share/ament_index/resource_index/package_run_dependencies/vesc
[1.038s] -- Installing: /home/ndt/ros2car-ws/install/vesc/share/ament_index/resource_index/parent_prefix_path/vesc
[1.038s] -- Installing: /home/ndt/ros2car-ws/install/vesc/share/vesc/environment/ament_prefix_path.sh
[1.039s] -- Installing: /home/ndt/ros2car-ws/install/vesc/share/vesc/environment/ament_prefix_path.dsv
[1.039s] -- Installing: /home/ndt/ros2car-ws/install/vesc/share/vesc/environment/path.sh
[1.039s] -- Installing: /home/ndt/ros2car-ws/install/vesc/share/vesc/environment/path.dsv
[1.040s] -- Installing: /home/ndt/ros2car-ws/install/vesc/share/vesc/local_setup.bash
[1.040s] -- Installing: /home/ndt/ros2car-ws/install/vesc/share/vesc/local_setup.sh
[1.040s] -- Installing: /home/ndt/ros2car-ws/install/vesc/share/vesc/local_setup.zsh
[1.041s] -- Installing: /home/ndt/ros2car-ws/install/vesc/share/vesc/local_setup.dsv
[1.041s] -- Installing: /home/ndt/ros2car-ws/install/vesc/share/vesc/package.dsv
[1.041s] -- Installing: /home/ndt/ros2car-ws/install/vesc/share/ament_index/resource_index/packages/vesc
[1.041s] -- Installing: /home/ndt/ros2car-ws/install/vesc/share/vesc/cmake/vescConfig.cmake
[1.042s] -- Installing: /home/ndt/ros2car-ws/install/vesc/share/vesc/cmake/vescConfig-version.cmake
[1.042s] -- Installing: /home/ndt/ros2car-ws/install/vesc/share/vesc/package.xml
[1.046s] Invoked command in '/home/ndt/ros2car-ws/build/vesc' returned '0': AMENT_PREFIX_PATH=/home/ndt/ros2car-ws/install/vesc_driver:/home/ndt/ros2car-ws/install/serial_driver:/home/ndt/ros2car-ws/install/vesc_ackermann:/home/ndt/ros2car-ws/install/io_context:/home/ndt/ros2car-ws/install/vesc_msgs:${AMENT_PREFIX_PATH} CMAKE_PREFIX_PATH=/home/ndt/ros2car-ws/install/vesc_driver:/home/ndt/ros2car-ws/install/serial_driver:/home/ndt/ros2car-ws/install/vesc_ackermann:/home/ndt/ros2car-ws/install/io_context:/home/ndt/ros2car-ws/install/vesc_msgs:/home/ndt/ydlidar_ros2_ws/install/ydlidar_ros2_driver:/opt/ros/humble LD_LIBRARY_PATH=/home/ndt/ros2car-ws/install/vesc_driver/lib:/home/ndt/ros2car-ws/install/serial_driver/lib:/home/ndt/ros2car-ws/install/vesc_ackermann/lib:/home/ndt/ros2car-ws/install/io_context/lib:/home/ndt/ros2car-ws/install/vesc_msgs/lib:${LD_LIBRARY_PATH} PYTHONPATH=/home/ndt/ros2car-ws/install/vesc_msgs/local/lib/python3.10/dist-packages:${PYTHONPATH} /usr/bin/cmake --install /home/ndt/ros2car-ws/build/vesc
