[0.880s] Invoking command in '/home/ndt/ros2car-ws/src/ds4drv': PYTHONPATH=/home/ndt/ros2car-ws/build/ds4drv/prefix_override:/home/ndt/ros2car-ws/install/ds4drv/lib/python3.10/site-packages:${PYTHONPATH} /usr/bin/python3 setup.py egg_info --egg-base ../../build/ds4drv build --build-base /home/ndt/ros2car-ws/build/ds4drv/build install --record /home/ndt/ros2car-ws/build/ds4drv/install.log --single-version-externally-managed
[1.229s] running egg_info
[1.229s] writing ../../build/ds4drv/ds4drv.egg-info/PKG-INFO
[1.229s] writing dependency_links to ../../build/ds4drv/ds4drv.egg-info/dependency_links.txt
[1.230s] writing entry points to ../../build/ds4drv/ds4drv.egg-info/entry_points.txt
[1.230s] writing requirements to ../../build/ds4drv/ds4drv.egg-info/requires.txt
[1.230s] writing top-level names to ../../build/ds4drv/ds4drv.egg-info/top_level.txt
[1.234s] reading manifest file '../../build/ds4drv/ds4drv.egg-info/SOURCES.txt'
[1.235s] reading manifest template 'MANIFEST.in'
[1.235s] adding license file 'LICENSE'
[1.237s] writing manifest file '../../build/ds4drv/ds4drv.egg-info/SOURCES.txt'
[1.238s] running build
[1.238s] running build_py
[1.238s] copying ds4drv/action.py -> /home/ndt/ros2car-ws/build/ds4drv/build/lib/ds4drv
[1.238s] copying ds4drv/eventloop.py -> /home/ndt/ros2car-ws/build/ds4drv/build/lib/ds4drv
[1.238s] copying ds4drv/__main__.py -> /home/ndt/ros2car-ws/build/ds4drv/build/lib/ds4drv
[1.238s] copying ds4drv/daemon.py -> /home/ndt/ros2car-ws/build/ds4drv/build/lib/ds4drv
[1.239s] copying ds4drv/device.py -> /home/ndt/ros2car-ws/build/ds4drv/build/lib/ds4drv
[1.239s] copying ds4drv/exceptions.py -> /home/ndt/ros2car-ws/build/ds4drv/build/lib/ds4drv
[1.239s] copying ds4drv/utils.py -> /home/ndt/ros2car-ws/build/ds4drv/build/lib/ds4drv
[1.239s] copying ds4drv/config.py -> /home/ndt/ros2car-ws/build/ds4drv/build/lib/ds4drv
[1.239s] copying ds4drv/__init__.py -> /home/ndt/ros2car-ws/build/ds4drv/build/lib/ds4drv
[1.239s] copying ds4drv/uinput.py -> /home/ndt/ros2car-ws/build/ds4drv/build/lib/ds4drv
[1.240s] copying ds4drv/logger.py -> /home/ndt/ros2car-ws/build/ds4drv/build/lib/ds4drv
[1.240s] copying ds4drv/backend.py -> /home/ndt/ros2car-ws/build/ds4drv/build/lib/ds4drv
[1.240s] copying ds4drv/actions/input.py -> /home/ndt/ros2car-ws/build/ds4drv/build/lib/ds4drv/actions
[1.240s] copying ds4drv/actions/binding.py -> /home/ndt/ros2car-ws/build/ds4drv/build/lib/ds4drv/actions
[1.240s] copying ds4drv/actions/status.py -> /home/ndt/ros2car-ws/build/ds4drv/build/lib/ds4drv/actions
[1.241s] copying ds4drv/actions/btsignal.py -> /home/ndt/ros2car-ws/build/ds4drv/build/lib/ds4drv/actions
[1.241s] copying ds4drv/actions/led.py -> /home/ndt/ros2car-ws/build/ds4drv/build/lib/ds4drv/actions
[1.242s] copying ds4drv/actions/__init__.py -> /home/ndt/ros2car-ws/build/ds4drv/build/lib/ds4drv/actions
[1.242s] copying ds4drv/actions/battery.py -> /home/ndt/ros2car-ws/build/ds4drv/build/lib/ds4drv/actions
[1.242s] copying ds4drv/actions/dump.py -> /home/ndt/ros2car-ws/build/ds4drv/build/lib/ds4drv/actions
[1.242s] copying ds4drv/backends/hidraw.py -> /home/ndt/ros2car-ws/build/ds4drv/build/lib/ds4drv/backends
[1.243s] copying ds4drv/backends/bluetooth.py -> /home/ndt/ros2car-ws/build/ds4drv/build/lib/ds4drv/backends
[1.243s] copying ds4drv/backends/__init__.py -> /home/ndt/ros2car-ws/build/ds4drv/build/lib/ds4drv/backends
[1.244s] copying ds4drv/packages/timerfd.py -> /home/ndt/ros2car-ws/build/ds4drv/build/lib/ds4drv/packages
[1.244s] copying ds4drv/packages/__init__.py -> /home/ndt/ros2car-ws/build/ds4drv/build/lib/ds4drv/packages
[1.244s] running install
[1.245s] /usr/lib/python3/dist-packages/setuptools/command/install.py:34: SetuptoolsDeprecationWarning: setup.py install is deprecated. Use build and pip and other standards-based tools.
[1.245s]   warnings.warn(
[1.245s] running install_lib
[1.245s] copying /home/ndt/ros2car-ws/build/ds4drv/build/lib/ds4drv/action.py -> /home/ndt/ros2car-ws/install/ds4drv/lib/python3.10/site-packages/ds4drv
[1.246s] copying /home/ndt/ros2car-ws/build/ds4drv/build/lib/ds4drv/eventloop.py -> /home/ndt/ros2car-ws/install/ds4drv/lib/python3.10/site-packages/ds4drv
[1.246s] copying /home/ndt/ros2car-ws/build/ds4drv/build/lib/ds4drv/__main__.py -> /home/ndt/ros2car-ws/install/ds4drv/lib/python3.10/site-packages/ds4drv
[1.246s] copying /home/ndt/ros2car-ws/build/ds4drv/build/lib/ds4drv/daemon.py -> /home/ndt/ros2car-ws/install/ds4drv/lib/python3.10/site-packages/ds4drv
[1.247s] copying /home/ndt/ros2car-ws/build/ds4drv/build/lib/ds4drv/device.py -> /home/ndt/ros2car-ws/install/ds4drv/lib/python3.10/site-packages/ds4drv
[1.247s] copying /home/ndt/ros2car-ws/build/ds4drv/build/lib/ds4drv/backends/hidraw.py -> /home/ndt/ros2car-ws/install/ds4drv/lib/python3.10/site-packages/ds4drv/backends
[1.248s] copying /home/ndt/ros2car-ws/build/ds4drv/build/lib/ds4drv/backends/bluetooth.py -> /home/ndt/ros2car-ws/install/ds4drv/lib/python3.10/site-packages/ds4drv/backends
[1.248s] copying /home/ndt/ros2car-ws/build/ds4drv/build/lib/ds4drv/backends/__init__.py -> /home/ndt/ros2car-ws/install/ds4drv/lib/python3.10/site-packages/ds4drv/backends
[1.249s] copying /home/ndt/ros2car-ws/build/ds4drv/build/lib/ds4drv/exceptions.py -> /home/ndt/ros2car-ws/install/ds4drv/lib/python3.10/site-packages/ds4drv
[1.249s] copying /home/ndt/ros2car-ws/build/ds4drv/build/lib/ds4drv/actions/input.py -> /home/ndt/ros2car-ws/install/ds4drv/lib/python3.10/site-packages/ds4drv/actions
[1.249s] copying /home/ndt/ros2car-ws/build/ds4drv/build/lib/ds4drv/actions/binding.py -> /home/ndt/ros2car-ws/install/ds4drv/lib/python3.10/site-packages/ds4drv/actions
[1.250s] copying /home/ndt/ros2car-ws/build/ds4drv/build/lib/ds4drv/actions/status.py -> /home/ndt/ros2car-ws/install/ds4drv/lib/python3.10/site-packages/ds4drv/actions
[1.250s] copying /home/ndt/ros2car-ws/build/ds4drv/build/lib/ds4drv/actions/btsignal.py -> /home/ndt/ros2car-ws/install/ds4drv/lib/python3.10/site-packages/ds4drv/actions
[1.250s] copying /home/ndt/ros2car-ws/build/ds4drv/build/lib/ds4drv/actions/led.py -> /home/ndt/ros2car-ws/install/ds4drv/lib/python3.10/site-packages/ds4drv/actions
[1.251s] copying /home/ndt/ros2car-ws/build/ds4drv/build/lib/ds4drv/actions/__init__.py -> /home/ndt/ros2car-ws/install/ds4drv/lib/python3.10/site-packages/ds4drv/actions
[1.251s] copying /home/ndt/ros2car-ws/build/ds4drv/build/lib/ds4drv/actions/battery.py -> /home/ndt/ros2car-ws/install/ds4drv/lib/python3.10/site-packages/ds4drv/actions
[1.251s] copying /home/ndt/ros2car-ws/build/ds4drv/build/lib/ds4drv/actions/dump.py -> /home/ndt/ros2car-ws/install/ds4drv/lib/python3.10/site-packages/ds4drv/actions
[1.252s] copying /home/ndt/ros2car-ws/build/ds4drv/build/lib/ds4drv/packages/timerfd.py -> /home/ndt/ros2car-ws/install/ds4drv/lib/python3.10/site-packages/ds4drv/packages
[1.252s] copying /home/ndt/ros2car-ws/build/ds4drv/build/lib/ds4drv/packages/__init__.py -> /home/ndt/ros2car-ws/install/ds4drv/lib/python3.10/site-packages/ds4drv/packages
[1.252s] copying /home/ndt/ros2car-ws/build/ds4drv/build/lib/ds4drv/utils.py -> /home/ndt/ros2car-ws/install/ds4drv/lib/python3.10/site-packages/ds4drv
[1.252s] copying /home/ndt/ros2car-ws/build/ds4drv/build/lib/ds4drv/config.py -> /home/ndt/ros2car-ws/install/ds4drv/lib/python3.10/site-packages/ds4drv
[1.253s] copying /home/ndt/ros2car-ws/build/ds4drv/build/lib/ds4drv/__init__.py -> /home/ndt/ros2car-ws/install/ds4drv/lib/python3.10/site-packages/ds4drv
[1.253s] copying /home/ndt/ros2car-ws/build/ds4drv/build/lib/ds4drv/uinput.py -> /home/ndt/ros2car-ws/install/ds4drv/lib/python3.10/site-packages/ds4drv
[1.253s] copying /home/ndt/ros2car-ws/build/ds4drv/build/lib/ds4drv/logger.py -> /home/ndt/ros2car-ws/install/ds4drv/lib/python3.10/site-packages/ds4drv
[1.253s] copying /home/ndt/ros2car-ws/build/ds4drv/build/lib/ds4drv/backend.py -> /home/ndt/ros2car-ws/install/ds4drv/lib/python3.10/site-packages/ds4drv
[1.254s] byte-compiling /home/ndt/ros2car-ws/install/ds4drv/lib/python3.10/site-packages/ds4drv/action.py to action.cpython-310.pyc
[1.254s] byte-compiling /home/ndt/ros2car-ws/install/ds4drv/lib/python3.10/site-packages/ds4drv/eventloop.py to eventloop.cpython-310.pyc
[1.254s] byte-compiling /home/ndt/ros2car-ws/install/ds4drv/lib/python3.10/site-packages/ds4drv/__main__.py to __main__.cpython-310.pyc
[1.257s] byte-compiling /home/ndt/ros2car-ws/install/ds4drv/lib/python3.10/site-packages/ds4drv/daemon.py to daemon.cpython-310.pyc
[1.257s] byte-compiling /home/ndt/ros2car-ws/install/ds4drv/lib/python3.10/site-packages/ds4drv/device.py to device.cpython-310.pyc
[1.258s] byte-compiling /home/ndt/ros2car-ws/install/ds4drv/lib/python3.10/site-packages/ds4drv/backends/hidraw.py to hidraw.cpython-310.pyc
[1.259s] byte-compiling /home/ndt/ros2car-ws/install/ds4drv/lib/python3.10/site-packages/ds4drv/backends/bluetooth.py to bluetooth.cpython-310.pyc
[1.261s] byte-compiling /home/ndt/ros2car-ws/install/ds4drv/lib/python3.10/site-packages/ds4drv/backends/__init__.py to __init__.cpython-310.pyc
[1.263s] byte-compiling /home/ndt/ros2car-ws/install/ds4drv/lib/python3.10/site-packages/ds4drv/exceptions.py to exceptions.cpython-310.pyc
[1.264s] byte-compiling /home/ndt/ros2car-ws/install/ds4drv/lib/python3.10/site-packages/ds4drv/actions/input.py to input.cpython-310.pyc
[1.264s] byte-compiling /home/ndt/ros2car-ws/install/ds4drv/lib/python3.10/site-packages/ds4drv/actions/binding.py to binding.cpython-310.pyc
[1.264s] byte-compiling /home/ndt/ros2car-ws/install/ds4drv/lib/python3.10/site-packages/ds4drv/actions/status.py to status.cpython-310.pyc
[1.264s] byte-compiling /home/ndt/ros2car-ws/install/ds4drv/lib/python3.10/site-packages/ds4drv/actions/btsignal.py to btsignal.cpython-310.pyc
[1.265s] byte-compiling /home/ndt/ros2car-ws/install/ds4drv/lib/python3.10/site-packages/ds4drv/actions/led.py to led.cpython-310.pyc
[1.265s] byte-compiling /home/ndt/ros2car-ws/install/ds4drv/lib/python3.10/site-packages/ds4drv/actions/__init__.py to __init__.cpython-310.pyc
[1.266s] byte-compiling /home/ndt/ros2car-ws/install/ds4drv/lib/python3.10/site-packages/ds4drv/actions/battery.py to battery.cpython-310.pyc
[1.266s] byte-compiling /home/ndt/ros2car-ws/install/ds4drv/lib/python3.10/site-packages/ds4drv/actions/dump.py to dump.cpython-310.pyc
[1.267s] byte-compiling /home/ndt/ros2car-ws/install/ds4drv/lib/python3.10/site-packages/ds4drv/packages/timerfd.py to timerfd.cpython-310.pyc
[1.268s] byte-compiling /home/ndt/ros2car-ws/install/ds4drv/lib/python3.10/site-packages/ds4drv/packages/__init__.py to __init__.cpython-310.pyc
[1.269s] byte-compiling /home/ndt/ros2car-ws/install/ds4drv/lib/python3.10/site-packages/ds4drv/utils.py to utils.cpython-310.pyc
[1.269s] byte-compiling /home/ndt/ros2car-ws/install/ds4drv/lib/python3.10/site-packages/ds4drv/config.py to config.cpython-310.pyc
[1.271s] byte-compiling /home/ndt/ros2car-ws/install/ds4drv/lib/python3.10/site-packages/ds4drv/__init__.py to __init__.cpython-310.pyc
[1.272s] byte-compiling /home/ndt/ros2car-ws/install/ds4drv/lib/python3.10/site-packages/ds4drv/uinput.py to uinput.cpython-310.pyc
[1.276s] byte-compiling /home/ndt/ros2car-ws/install/ds4drv/lib/python3.10/site-packages/ds4drv/logger.py to logger.cpython-310.pyc
[1.277s] byte-compiling /home/ndt/ros2car-ws/install/ds4drv/lib/python3.10/site-packages/ds4drv/backend.py to backend.cpython-310.pyc
[1.279s] running install_egg_info
[1.280s] removing '/home/ndt/ros2car-ws/install/ds4drv/lib/python3.10/site-packages/ds4drv-0.5.1-py3.10.egg-info' (and everything under it)
[1.280s] Copying ../../build/ds4drv/ds4drv.egg-info to /home/ndt/ros2car-ws/install/ds4drv/lib/python3.10/site-packages/ds4drv-0.5.1-py3.10.egg-info
[1.281s] running install_scripts
[1.324s] Installing ds4drv script to /home/ndt/ros2car-ws/install/ds4drv/bin
[1.325s] writing list of installed files to '/home/ndt/ros2car-ws/build/ds4drv/install.log'
[1.351s] Invoked command in '/home/ndt/ros2car-ws/src/ds4drv' returned '0': PYTHONPATH=/home/ndt/ros2car-ws/build/ds4drv/prefix_override:/home/ndt/ros2car-ws/install/ds4drv/lib/python3.10/site-packages:${PYTHONPATH} /usr/bin/python3 setup.py egg_info --egg-base ../../build/ds4drv build --build-base /home/ndt/ros2car-ws/build/ds4drv/build install --record /home/ndt/ros2car-ws/build/ds4drv/install.log --single-version-externally-managed
