[0.052s] Invoking command in '/home/ndt/ros2car-ws/build/serial_driver': CMAKE_PREFIX_PATH=/home/ndt/ros2car-ws/install/io_context:/home/ndt/ros2car-ws/install/asio_cmake_module:/home/ndt/ros2car-ws/install/ydlidar_ros2_driver:/home/ndt/ros2car-ws/install/vesc:/home/ndt/ros2car-ws/install/vesc_driver:/home/ndt/ros2car-ws/install/vesc_ackermann:/home/ndt/ros2car-ws/install/vesc_msgs:/home/ndt/ros2car-ws/install/udp_driver:/home/ndt/ros2car-ws/install/serial_driver:/home/ndt/ydlidar_ros2_ws/install/ydlidar_ros2_driver:/opt/ros/humble LD_LIBRARY_PATH=/home/ndt/ros2car-ws/install/io_context/lib:/home/ndt/ros2car-ws/install/vesc_driver/lib:/home/ndt/ros2car-ws/install/vesc_ackermann/lib:/home/ndt/ros2car-ws/install/vesc_msgs/lib:/home/ndt/ros2car-ws/install/udp_driver/lib:/home/ndt/ros2car-ws/install/serial_driver/lib:/usr/lib/x86_64-linux-gnu/gazebo-11/plugins:/opt/ros/humble/opt/rviz_ogre_vendor/lib:/opt/ros/humble/lib/x86_64-linux-gnu:/opt/ros/humble/lib /usr/bin/cmake --build /home/ndt/ros2car-ws/build/serial_driver -- -j6 -l6
[0.245s] [ 13%] Built target gtest_main
[0.249s] [ 26%] Built target gtest
[0.253s] [ 46%] Built target serial_driver
[0.260s] [ 60%] Built target serial_bridge
[0.348s] [ 73%] Built target test_serial_port
[0.352s] [ 86%] Built target test_serial_driver
[0.353s] [100%] Built target serial_driver_nodes
[0.380s] Invoked command in '/home/ndt/ros2car-ws/build/serial_driver' returned '0': CMAKE_PREFIX_PATH=/home/ndt/ros2car-ws/install/io_context:/home/ndt/ros2car-ws/install/asio_cmake_module:/home/ndt/ros2car-ws/install/ydlidar_ros2_driver:/home/ndt/ros2car-ws/install/vesc:/home/ndt/ros2car-ws/install/vesc_driver:/home/ndt/ros2car-ws/install/vesc_ackermann:/home/ndt/ros2car-ws/install/vesc_msgs:/home/ndt/ros2car-ws/install/udp_driver:/home/ndt/ros2car-ws/install/serial_driver:/home/ndt/ydlidar_ros2_ws/install/ydlidar_ros2_driver:/opt/ros/humble LD_LIBRARY_PATH=/home/ndt/ros2car-ws/install/io_context/lib:/home/ndt/ros2car-ws/install/vesc_driver/lib:/home/ndt/ros2car-ws/install/vesc_ackermann/lib:/home/ndt/ros2car-ws/install/vesc_msgs/lib:/home/ndt/ros2car-ws/install/udp_driver/lib:/home/ndt/ros2car-ws/install/serial_driver/lib:/usr/lib/x86_64-linux-gnu/gazebo-11/plugins:/opt/ros/humble/opt/rviz_ogre_vendor/lib:/opt/ros/humble/lib/x86_64-linux-gnu:/opt/ros/humble/lib /usr/bin/cmake --build /home/ndt/ros2car-ws/build/serial_driver -- -j6 -l6
[0.570s] Invoking command in '/home/ndt/ros2car-ws/build/serial_driver': CMAKE_PREFIX_PATH=/home/ndt/ros2car-ws/install/io_context:/home/ndt/ros2car-ws/install/asio_cmake_module:/home/ndt/ros2car-ws/install/ydlidar_ros2_driver:/home/ndt/ros2car-ws/install/vesc:/home/ndt/ros2car-ws/install/vesc_driver:/home/ndt/ros2car-ws/install/vesc_ackermann:/home/ndt/ros2car-ws/install/vesc_msgs:/home/ndt/ros2car-ws/install/udp_driver:/home/ndt/ros2car-ws/install/serial_driver:/home/ndt/ydlidar_ros2_ws/install/ydlidar_ros2_driver:/opt/ros/humble LD_LIBRARY_PATH=/home/ndt/ros2car-ws/install/io_context/lib:/home/ndt/ros2car-ws/install/vesc_driver/lib:/home/ndt/ros2car-ws/install/vesc_ackermann/lib:/home/ndt/ros2car-ws/install/vesc_msgs/lib:/home/ndt/ros2car-ws/install/udp_driver/lib:/home/ndt/ros2car-ws/install/serial_driver/lib:/usr/lib/x86_64-linux-gnu/gazebo-11/plugins:/opt/ros/humble/opt/rviz_ogre_vendor/lib:/opt/ros/humble/lib/x86_64-linux-gnu:/opt/ros/humble/lib /usr/bin/cmake --install /home/ndt/ros2car-ws/build/serial_driver
[0.589s] -- Install configuration: ""
[0.590s] -- Up-to-date: /home/ndt/ros2car-ws/install/serial_driver/lib/serial_driver/serial_bridge
[0.592s] -- Up-to-date: /home/ndt/ros2car-ws/install/serial_driver/include
[0.592s] -- Up-to-date: /home/ndt/ros2car-ws/install/serial_driver/include/serial_driver
[0.592s] -- Up-to-date: /home/ndt/ros2car-ws/install/serial_driver/include/serial_driver/visibility_control.hpp
[0.592s] -- Up-to-date: /home/ndt/ros2car-ws/install/serial_driver/include/serial_driver/serial_port.hpp
[0.594s] -- Up-to-date: /home/ndt/ros2car-ws/install/serial_driver/include/serial_driver/serial_bridge_node.hpp
[0.595s] -- Up-to-date: /home/ndt/ros2car-ws/install/serial_driver/include/serial_driver/serial_driver.hpp
[0.595s] -- Up-to-date: /home/ndt/ros2car-ws/install/serial_driver/share/serial_driver/environment/library_path.sh
[0.596s] -- Up-to-date: /home/ndt/ros2car-ws/install/serial_driver/share/serial_driver/environment/library_path.dsv
[0.596s] -- Up-to-date: /home/ndt/ros2car-ws/install/serial_driver/lib/libserial_driver.so
[0.597s] -- Up-to-date: /home/ndt/ros2car-ws/install/serial_driver/lib/libserial_driver_nodes.so
[0.598s] -- Up-to-date: /home/ndt/ros2car-ws/install/serial_driver/share/serial_driver/launch
[0.599s] -- Up-to-date: /home/ndt/ros2car-ws/install/serial_driver/share/serial_driver/launch/serial_driver_bridge_node.launch.py
[0.600s] -- Up-to-date: /home/ndt/ros2car-ws/install/serial_driver/share/serial_driver/params
[0.600s] -- Up-to-date: /home/ndt/ros2car-ws/install/serial_driver/share/serial_driver/params/example.params.yaml
[0.600s] -- Up-to-date: /home/ndt/ros2car-ws/install/serial_driver/share/ament_index/resource_index/package_run_dependencies/serial_driver
[0.600s] -- Up-to-date: /home/ndt/ros2car-ws/install/serial_driver/share/ament_index/resource_index/parent_prefix_path/serial_driver
[0.600s] -- Up-to-date: /home/ndt/ros2car-ws/install/serial_driver/share/serial_driver/environment/ament_prefix_path.sh
[0.600s] -- Up-to-date: /home/ndt/ros2car-ws/install/serial_driver/share/serial_driver/environment/ament_prefix_path.dsv
[0.600s] -- Up-to-date: /home/ndt/ros2car-ws/install/serial_driver/share/serial_driver/environment/path.sh
[0.601s] -- Up-to-date: /home/ndt/ros2car-ws/install/serial_driver/share/serial_driver/environment/path.dsv
[0.601s] -- Up-to-date: /home/ndt/ros2car-ws/install/serial_driver/share/serial_driver/local_setup.bash
[0.601s] -- Up-to-date: /home/ndt/ros2car-ws/install/serial_driver/share/serial_driver/local_setup.sh
[0.601s] -- Up-to-date: /home/ndt/ros2car-ws/install/serial_driver/share/serial_driver/local_setup.zsh
[0.601s] -- Up-to-date: /home/ndt/ros2car-ws/install/serial_driver/share/serial_driver/local_setup.dsv
[0.601s] -- Installing: /home/ndt/ros2car-ws/install/serial_driver/share/serial_driver/package.dsv
[0.602s] -- Up-to-date: /home/ndt/ros2car-ws/install/serial_driver/share/ament_index/resource_index/packages/serial_driver
[0.602s] -- Up-to-date: /home/ndt/ros2car-ws/install/serial_driver/share/ament_index/resource_index/rclcpp_components/serial_driver
[0.602s] -- Up-to-date: /home/ndt/ros2car-ws/install/serial_driver/share/serial_driver/cmake/ament_cmake_export_dependencies-extras.cmake
[0.602s] -- Up-to-date: /home/ndt/ros2car-ws/install/serial_driver/share/serial_driver/cmake/ament_cmake_export_include_directories-extras.cmake
[0.602s] -- Up-to-date: /home/ndt/ros2car-ws/install/serial_driver/share/serial_driver/cmake/ament_cmake_export_libraries-extras.cmake
[0.602s] -- Up-to-date: /home/ndt/ros2car-ws/install/serial_driver/share/serial_driver/cmake/serial_driverConfig.cmake
[0.602s] -- Up-to-date: /home/ndt/ros2car-ws/install/serial_driver/share/serial_driver/cmake/serial_driverConfig-version.cmake
[0.603s] -- Up-to-date: /home/ndt/ros2car-ws/install/serial_driver/share/serial_driver/package.xml
[0.607s] Invoked command in '/home/ndt/ros2car-ws/build/serial_driver' returned '0': CMAKE_PREFIX_PATH=/home/ndt/ros2car-ws/install/io_context:/home/ndt/ros2car-ws/install/asio_cmake_module:/home/ndt/ros2car-ws/install/ydlidar_ros2_driver:/home/ndt/ros2car-ws/install/vesc:/home/ndt/ros2car-ws/install/vesc_driver:/home/ndt/ros2car-ws/install/vesc_ackermann:/home/ndt/ros2car-ws/install/vesc_msgs:/home/ndt/ros2car-ws/install/udp_driver:/home/ndt/ros2car-ws/install/serial_driver:/home/ndt/ydlidar_ros2_ws/install/ydlidar_ros2_driver:/opt/ros/humble LD_LIBRARY_PATH=/home/ndt/ros2car-ws/install/io_context/lib:/home/ndt/ros2car-ws/install/vesc_driver/lib:/home/ndt/ros2car-ws/install/vesc_ackermann/lib:/home/ndt/ros2car-ws/install/vesc_msgs/lib:/home/ndt/ros2car-ws/install/udp_driver/lib:/home/ndt/ros2car-ws/install/serial_driver/lib:/usr/lib/x86_64-linux-gnu/gazebo-11/plugins:/opt/ros/humble/opt/rviz_ogre_vendor/lib:/opt/ros/humble/lib/x86_64-linux-gnu:/opt/ros/humble/lib /usr/bin/cmake --install /home/ndt/ros2car-ws/build/serial_driver
