[1.539s] Invoking command in '/home/ndt/ros2car-ws/src/drive_with_DS4': PYTHONPATH=/home/ndt/ros2car-ws/build/drive_with_DS4/prefix_override:/home/ndt/ros2car-ws/install/drive_with_DS4/lib/python3.10/site-packages:${PYTHONPATH} /usr/bin/python3 setup.py egg_info --egg-base ../../build/drive_with_DS4 build --build-base /home/ndt/ros2car-ws/build/drive_with_DS4/build install --record /home/ndt/ros2car-ws/build/drive_with_DS4/install.log --single-version-externally-managed
[1.979s] running egg_info
[1.980s] creating ../../build/drive_with_DS4/drive_with_DS4.egg-info
[1.981s] writing ../../build/drive_with_DS4/drive_with_DS4.egg-info/PKG-INFO
[1.982s] writing dependency_links to ../../build/drive_with_DS4/drive_with_DS4.egg-info/dependency_links.txt
[1.983s] writing entry points to ../../build/drive_with_DS4/drive_with_DS4.egg-info/entry_points.txt
[1.986s] writing requirements to ../../build/drive_with_DS4/drive_with_DS4.egg-info/requires.txt
[1.986s] writing top-level names to ../../build/drive_with_DS4/drive_with_DS4.egg-info/top_level.txt
[1.989s] writing manifest file '../../build/drive_with_DS4/drive_with_DS4.egg-info/SOURCES.txt'
[1.994s] reading manifest file '../../build/drive_with_DS4/drive_with_DS4.egg-info/SOURCES.txt'
[1.995s] writing manifest file '../../build/drive_with_DS4/drive_with_DS4.egg-info/SOURCES.txt'
[1.996s] running build
[1.996s] running build_py
[1.997s] creating /home/ndt/ros2car-ws/build/drive_with_DS4/build
[1.998s] creating /home/ndt/ros2car-ws/build/drive_with_DS4/build/lib
[1.998s] creating /home/ndt/ros2car-ws/build/drive_with_DS4/build/lib/drive_with_DS4
[1.999s] copying drive_with_DS4/driver.py -> /home/ndt/ros2car-ws/build/drive_with_DS4/build/lib/drive_with_DS4
[2.000s] copying drive_with_DS4/__init__.py -> /home/ndt/ros2car-ws/build/drive_with_DS4/build/lib/drive_with_DS4
[2.001s] running install
[2.002s] /usr/lib/python3/dist-packages/setuptools/command/install.py:34: SetuptoolsDeprecationWarning: setup.py install is deprecated. Use build and pip and other standards-based tools.
[2.002s]   warnings.warn(
[2.003s] running install_lib
[2.004s] creating /home/ndt/ros2car-ws/install/drive_with_DS4/lib/python3.10/site-packages/drive_with_DS4
[2.005s] copying /home/ndt/ros2car-ws/build/drive_with_DS4/build/lib/drive_with_DS4/driver.py -> /home/ndt/ros2car-ws/install/drive_with_DS4/lib/python3.10/site-packages/drive_with_DS4
[2.006s] copying /home/ndt/ros2car-ws/build/drive_with_DS4/build/lib/drive_with_DS4/__init__.py -> /home/ndt/ros2car-ws/install/drive_with_DS4/lib/python3.10/site-packages/drive_with_DS4
[2.013s] byte-compiling /home/ndt/ros2car-ws/install/drive_with_DS4/lib/python3.10/site-packages/drive_with_DS4/driver.py to driver.cpython-310.pyc
[2.013s] byte-compiling /home/ndt/ros2car-ws/install/drive_with_DS4/lib/python3.10/site-packages/drive_with_DS4/__init__.py to __init__.cpython-310.pyc
[2.013s] running install_data
[2.014s] creating /home/ndt/ros2car-ws/install/drive_with_DS4/share/ament_index
[2.014s] creating /home/ndt/ros2car-ws/install/drive_with_DS4/share/ament_index/resource_index
[2.014s] creating /home/ndt/ros2car-ws/install/drive_with_DS4/share/ament_index/resource_index/packages
[2.014s] copying resource/drive_with_DS4 -> /home/ndt/ros2car-ws/install/drive_with_DS4/share/ament_index/resource_index/packages
[2.016s] copying package.xml -> /home/ndt/ros2car-ws/install/drive_with_DS4/share/drive_with_DS4
[2.016s] running install_egg_info
[2.017s] Copying ../../build/drive_with_DS4/drive_with_DS4.egg-info to /home/ndt/ros2car-ws/install/drive_with_DS4/lib/python3.10/site-packages/drive_with_DS4-0.0.0-py3.10.egg-info
[2.017s] running install_scripts
[2.049s] Installing driver script to /home/ndt/ros2car-ws/install/drive_with_DS4/lib/drive_with_DS4
[2.049s] writing list of installed files to '/home/ndt/ros2car-ws/build/drive_with_DS4/install.log'
[2.087s] Invoked command in '/home/ndt/ros2car-ws/src/drive_with_DS4' returned '0': PYTHONPATH=/home/ndt/ros2car-ws/build/drive_with_DS4/prefix_override:/home/ndt/ros2car-ws/install/drive_with_DS4/lib/python3.10/site-packages:${PYTHONPATH} /usr/bin/python3 setup.py egg_info --egg-base ../../build/drive_with_DS4 build --build-base /home/ndt/ros2car-ws/build/drive_with_DS4/build install --record /home/ndt/ros2car-ws/build/drive_with_DS4/install.log --single-version-externally-managed
