[0.048s] Invoking command in '/home/ndt/ros2car-ws/build/vesc_msgs': CMAKE_PREFIX_PATH=${CMAKE_PREFIX_PATH}:/opt/ros/humble /usr/bin/cmake --build /home/ndt/ros2car-ws/build/vesc_msgs -- -j6 -l6
[0.407s] [  1%] Built target vesc_msgs__cpp
[0.407s] [ 12%] Built target vesc_msgs__rosidl_generator_c
[0.409s] [ 12%] Built target ament_cmake_python_copy_vesc_msgs
[0.410s] [ 25%] Built target vesc_msgs__rosidl_typesupport_introspection_cpp
[0.411s] [ 43%] Built target vesc_msgs__rosidl_typesupport_cpp
[0.412s] [ 45%] Built target vesc_msgs__rosidl_typesupport_fastrtps_cpp
[0.413s] [ 56%] Built target vesc_msgs__rosidl_typesupport_fastrtps_c
[0.413s] [ 67%] Built target vesc_msgs__rosidl_typesupport_introspection_c
[0.413s] [ 78%] Built target vesc_msgs__rosidl_typesupport_c
[0.413s] [ 78%] Built target vesc_msgs
[0.413s] [ 80%] Built target vesc_msgs__py
[0.413s] [ 89%] Built target vesc_msgs__rosidl_generator_py
[0.438s] [ 92%] Built target vesc_msgs__rosidl_typesupport_c__pyext
[0.442s] [ 96%] Built target vesc_msgs__rosidl_typesupport_introspection_c__pyext
[0.453s] [100%] Built target vesc_msgs__rosidl_typesupport_fastrtps_c__pyext
[0.570s] running egg_info
[0.571s] writing vesc_msgs.egg-info/PKG-INFO
[0.572s] writing dependency_links to vesc_msgs.egg-info/dependency_links.txt
[0.573s] writing top-level names to vesc_msgs.egg-info/top_level.txt
[0.577s] reading manifest file 'vesc_msgs.egg-info/SOURCES.txt'
[0.579s] writing manifest file 'vesc_msgs.egg-info/SOURCES.txt'
[0.616s] [100%] Built target ament_cmake_python_build_vesc_msgs_egg
[0.649s] Invoked command in '/home/ndt/ros2car-ws/build/vesc_msgs' returned '0': CMAKE_PREFIX_PATH=${CMAKE_PREFIX_PATH}:/opt/ros/humble /usr/bin/cmake --build /home/ndt/ros2car-ws/build/vesc_msgs -- -j6 -l6
[1.136s] Invoking command in '/home/ndt/ros2car-ws/build/vesc_msgs': CMAKE_PREFIX_PATH=${CMAKE_PREFIX_PATH}:/opt/ros/humble /usr/bin/cmake --install /home/ndt/ros2car-ws/build/vesc_msgs
[1.152s] -- Install configuration: ""
[1.153s] -- Up-to-date: /home/ndt/ros2car-ws/install/vesc_msgs/share/ament_index/resource_index/rosidl_interfaces/vesc_msgs
[1.153s] -- Up-to-date: /home/ndt/ros2car-ws/install/vesc_msgs/include/vesc_msgs/vesc_msgs
[1.153s] -- Up-to-date: /home/ndt/ros2car-ws/install/vesc_msgs/include/vesc_msgs/vesc_msgs/msg
[1.153s] -- Up-to-date: /home/ndt/ros2car-ws/install/vesc_msgs/include/vesc_msgs/vesc_msgs/msg/vesc_state_stamped.h
[1.153s] -- Up-to-date: /home/ndt/ros2car-ws/install/vesc_msgs/include/vesc_msgs/vesc_msgs/msg/detail
[1.153s] -- Up-to-date: /home/ndt/ros2car-ws/install/vesc_msgs/include/vesc_msgs/vesc_msgs/msg/detail/vesc_state__type_support.h
[1.153s] -- Up-to-date: /home/ndt/ros2car-ws/install/vesc_msgs/include/vesc_msgs/vesc_msgs/msg/detail/vesc_imu_stamped__type_support.h
[1.153s] -- Up-to-date: /home/ndt/ros2car-ws/install/vesc_msgs/include/vesc_msgs/vesc_msgs/msg/detail/vesc_imu__type_support.h
[1.153s] -- Up-to-date: /home/ndt/ros2car-ws/install/vesc_msgs/include/vesc_msgs/vesc_msgs/msg/detail/vesc_imu_stamped__functions.h
[1.159s] -- Up-to-date: /home/ndt/ros2car-ws/install/vesc_msgs/include/vesc_msgs/vesc_msgs/msg/detail/vesc_state__functions.c
[1.159s] -- Up-to-date: /home/ndt/ros2car-ws/install/vesc_msgs/include/vesc_msgs/vesc_msgs/msg/detail/vesc_state__struct.h
[1.159s] -- Up-to-date: /home/ndt/ros2car-ws/install/vesc_msgs/include/vesc_msgs/vesc_msgs/msg/detail/vesc_state_stamped__functions.h
[1.159s] -- Up-to-date: /home/ndt/ros2car-ws/install/vesc_msgs/include/vesc_msgs/vesc_msgs/msg/detail/vesc_imu__functions.c
[1.159s] -- Up-to-date: /home/ndt/ros2car-ws/install/vesc_msgs/include/vesc_msgs/vesc_msgs/msg/detail/vesc_state_stamped__struct.h
[1.159s] -- Up-to-date: /home/ndt/ros2car-ws/install/vesc_msgs/include/vesc_msgs/vesc_msgs/msg/detail/vesc_imu__struct.h
[1.159s] -- Up-to-date: /home/ndt/ros2car-ws/install/vesc_msgs/include/vesc_msgs/vesc_msgs/msg/detail/vesc_state_stamped__type_support.h
[1.159s] -- Up-to-date: /home/ndt/ros2car-ws/install/vesc_msgs/include/vesc_msgs/vesc_msgs/msg/detail/vesc_state__functions.h
[1.160s] -- Up-to-date: /home/ndt/ros2car-ws/install/vesc_msgs/include/vesc_msgs/vesc_msgs/msg/detail/vesc_imu_stamped__functions.c
[1.160s] -- Up-to-date: /home/ndt/ros2car-ws/install/vesc_msgs/include/vesc_msgs/vesc_msgs/msg/detail/vesc_imu__functions.h
[1.160s] -- Up-to-date: /home/ndt/ros2car-ws/install/vesc_msgs/include/vesc_msgs/vesc_msgs/msg/detail/vesc_state_stamped__functions.c
[1.160s] -- Up-to-date: /home/ndt/ros2car-ws/install/vesc_msgs/include/vesc_msgs/vesc_msgs/msg/detail/vesc_imu_stamped__struct.h
[1.160s] -- Up-to-date: /home/ndt/ros2car-ws/install/vesc_msgs/include/vesc_msgs/vesc_msgs/msg/vesc_imu_stamped.h
[1.160s] -- Up-to-date: /home/ndt/ros2car-ws/install/vesc_msgs/include/vesc_msgs/vesc_msgs/msg/vesc_imu.h
[1.162s] -- Up-to-date: /home/ndt/ros2car-ws/install/vesc_msgs/include/vesc_msgs/vesc_msgs/msg/rosidl_generator_c__visibility_control.h
[1.162s] -- Up-to-date: /home/ndt/ros2car-ws/install/vesc_msgs/include/vesc_msgs/vesc_msgs/msg/vesc_state.h
[1.162s] -- Up-to-date: /home/ndt/ros2car-ws/install/vesc_msgs/share/vesc_msgs/environment/library_path.sh
[1.163s] -- Up-to-date: /home/ndt/ros2car-ws/install/vesc_msgs/share/vesc_msgs/environment/library_path.dsv
[1.163s] -- Up-to-date: /home/ndt/ros2car-ws/install/vesc_msgs/lib/libvesc_msgs__rosidl_generator_c.so
[1.163s] -- Up-to-date: /home/ndt/ros2car-ws/install/vesc_msgs/include/vesc_msgs/vesc_msgs
[1.163s] -- Up-to-date: /home/ndt/ros2car-ws/install/vesc_msgs/include/vesc_msgs/vesc_msgs/msg
[1.163s] -- Up-to-date: /home/ndt/ros2car-ws/install/vesc_msgs/include/vesc_msgs/vesc_msgs/msg/detail
[1.164s] -- Up-to-date: /home/ndt/ros2car-ws/install/vesc_msgs/include/vesc_msgs/vesc_msgs/msg/detail/vesc_state_stamped__rosidl_typesupport_fastrtps_c.h
[1.164s] -- Up-to-date: /home/ndt/ros2car-ws/install/vesc_msgs/include/vesc_msgs/vesc_msgs/msg/detail/vesc_imu__rosidl_typesupport_fastrtps_c.h
[1.165s] -- Up-to-date: /home/ndt/ros2car-ws/install/vesc_msgs/include/vesc_msgs/vesc_msgs/msg/detail/vesc_imu_stamped__rosidl_typesupport_fastrtps_c.h
[1.165s] -- Up-to-date: /home/ndt/ros2car-ws/install/vesc_msgs/include/vesc_msgs/vesc_msgs/msg/detail/vesc_state__rosidl_typesupport_fastrtps_c.h
[1.165s] -- Up-to-date: /home/ndt/ros2car-ws/install/vesc_msgs/include/vesc_msgs/vesc_msgs/msg/rosidl_typesupport_fastrtps_c__visibility_control.h
[1.165s] -- Up-to-date: /home/ndt/ros2car-ws/install/vesc_msgs/lib/libvesc_msgs__rosidl_typesupport_fastrtps_c.so
[1.165s] -- Up-to-date: /home/ndt/ros2car-ws/install/vesc_msgs/include/vesc_msgs/vesc_msgs
[1.165s] -- Up-to-date: /home/ndt/ros2car-ws/install/vesc_msgs/include/vesc_msgs/vesc_msgs/msg
[1.165s] -- Up-to-date: /home/ndt/ros2car-ws/install/vesc_msgs/include/vesc_msgs/vesc_msgs/msg/detail
[1.165s] -- Up-to-date: /home/ndt/ros2car-ws/install/vesc_msgs/include/vesc_msgs/vesc_msgs/msg/detail/vesc_state_stamped__type_support.c
[1.165s] -- Up-to-date: /home/ndt/ros2car-ws/install/vesc_msgs/include/vesc_msgs/vesc_msgs/msg/detail/vesc_imu_stamped__type_support.c
[1.165s] -- Up-to-date: /home/ndt/ros2car-ws/install/vesc_msgs/include/vesc_msgs/vesc_msgs/msg/detail/vesc_imu__type_support.c
[1.166s] -- Up-to-date: /home/ndt/ros2car-ws/install/vesc_msgs/include/vesc_msgs/vesc_msgs/msg/detail/vesc_state__type_support.c
[1.166s] -- Up-to-date: /home/ndt/ros2car-ws/install/vesc_msgs/include/vesc_msgs/vesc_msgs/msg/detail/vesc_imu__rosidl_typesupport_introspection_c.h
[1.166s] -- Up-to-date: /home/ndt/ros2car-ws/install/vesc_msgs/include/vesc_msgs/vesc_msgs/msg/detail/vesc_state__rosidl_typesupport_introspection_c.h
[1.166s] -- Up-to-date: /home/ndt/ros2car-ws/install/vesc_msgs/include/vesc_msgs/vesc_msgs/msg/detail/vesc_state_stamped__rosidl_typesupport_introspection_c.h
[1.166s] -- Up-to-date: /home/ndt/ros2car-ws/install/vesc_msgs/include/vesc_msgs/vesc_msgs/msg/detail/vesc_imu_stamped__rosidl_typesupport_introspection_c.h
[1.166s] -- Up-to-date: /home/ndt/ros2car-ws/install/vesc_msgs/include/vesc_msgs/vesc_msgs/msg/rosidl_typesupport_introspection_c__visibility_control.h
[1.166s] -- Up-to-date: /home/ndt/ros2car-ws/install/vesc_msgs/lib/libvesc_msgs__rosidl_typesupport_introspection_c.so
[1.167s] -- Up-to-date: /home/ndt/ros2car-ws/install/vesc_msgs/lib/libvesc_msgs__rosidl_typesupport_c.so
[1.167s] -- Up-to-date: /home/ndt/ros2car-ws/install/vesc_msgs/include/vesc_msgs/vesc_msgs
[1.167s] -- Up-to-date: /home/ndt/ros2car-ws/install/vesc_msgs/include/vesc_msgs/vesc_msgs/msg
[1.167s] -- Up-to-date: /home/ndt/ros2car-ws/install/vesc_msgs/include/vesc_msgs/vesc_msgs/msg/vesc_state.hpp
[1.167s] -- Up-to-date: /home/ndt/ros2car-ws/install/vesc_msgs/include/vesc_msgs/vesc_msgs/msg/detail
[1.167s] -- Up-to-date: /home/ndt/ros2car-ws/install/vesc_msgs/include/vesc_msgs/vesc_msgs/msg/detail/vesc_state_stamped__traits.hpp
[1.167s] -- Up-to-date: /home/ndt/ros2car-ws/install/vesc_msgs/include/vesc_msgs/vesc_msgs/msg/detail/vesc_state_stamped__builder.hpp
[1.167s] -- Up-to-date: /home/ndt/ros2car-ws/install/vesc_msgs/include/vesc_msgs/vesc_msgs/msg/detail/vesc_state__struct.hpp
[1.168s] -- Up-to-date: /home/ndt/ros2car-ws/install/vesc_msgs/include/vesc_msgs/vesc_msgs/msg/detail/vesc_imu_stamped__struct.hpp
[1.168s] -- Up-to-date: /home/ndt/ros2car-ws/install/vesc_msgs/include/vesc_msgs/vesc_msgs/msg/detail/vesc_imu_stamped__builder.hpp
[1.168s] -- Up-to-date: /home/ndt/ros2car-ws/install/vesc_msgs/include/vesc_msgs/vesc_msgs/msg/detail/vesc_state__traits.hpp
[1.168s] -- Up-to-date: /home/ndt/ros2car-ws/install/vesc_msgs/include/vesc_msgs/vesc_msgs/msg/detail/vesc_imu__struct.hpp
[1.168s] -- Up-to-date: /home/ndt/ros2car-ws/install/vesc_msgs/include/vesc_msgs/vesc_msgs/msg/detail/vesc_imu__traits.hpp
[1.168s] -- Up-to-date: /home/ndt/ros2car-ws/install/vesc_msgs/include/vesc_msgs/vesc_msgs/msg/detail/vesc_imu_stamped__traits.hpp
[1.168s] -- Up-to-date: /home/ndt/ros2car-ws/install/vesc_msgs/include/vesc_msgs/vesc_msgs/msg/detail/vesc_state_stamped__struct.hpp
[1.168s] -- Up-to-date: /home/ndt/ros2car-ws/install/vesc_msgs/include/vesc_msgs/vesc_msgs/msg/detail/vesc_imu__builder.hpp
[1.168s] -- Up-to-date: /home/ndt/ros2car-ws/install/vesc_msgs/include/vesc_msgs/vesc_msgs/msg/detail/vesc_state__builder.hpp
[1.168s] -- Up-to-date: /home/ndt/ros2car-ws/install/vesc_msgs/include/vesc_msgs/vesc_msgs/msg/vesc_imu_stamped.hpp
[1.169s] -- Up-to-date: /home/ndt/ros2car-ws/install/vesc_msgs/include/vesc_msgs/vesc_msgs/msg/vesc_state_stamped.hpp
[1.169s] -- Up-to-date: /home/ndt/ros2car-ws/install/vesc_msgs/include/vesc_msgs/vesc_msgs/msg/vesc_imu.hpp
[1.169s] -- Up-to-date: /home/ndt/ros2car-ws/install/vesc_msgs/include/vesc_msgs/vesc_msgs
[1.169s] -- Up-to-date: /home/ndt/ros2car-ws/install/vesc_msgs/include/vesc_msgs/vesc_msgs/msg
[1.169s] -- Up-to-date: /home/ndt/ros2car-ws/install/vesc_msgs/include/vesc_msgs/vesc_msgs/msg/detail
[1.169s] -- Up-to-date: /home/ndt/ros2car-ws/install/vesc_msgs/include/vesc_msgs/vesc_msgs/msg/detail/dds_fastrtps
[1.169s] -- Up-to-date: /home/ndt/ros2car-ws/install/vesc_msgs/include/vesc_msgs/vesc_msgs/msg/detail/vesc_imu__rosidl_typesupport_fastrtps_cpp.hpp
[1.169s] -- Up-to-date: /home/ndt/ros2car-ws/install/vesc_msgs/include/vesc_msgs/vesc_msgs/msg/detail/vesc_state__rosidl_typesupport_fastrtps_cpp.hpp
[1.169s] -- Up-to-date: /home/ndt/ros2car-ws/install/vesc_msgs/include/vesc_msgs/vesc_msgs/msg/detail/vesc_imu_stamped__rosidl_typesupport_fastrtps_cpp.hpp
[1.170s] -- Up-to-date: /home/ndt/ros2car-ws/install/vesc_msgs/include/vesc_msgs/vesc_msgs/msg/detail/vesc_state_stamped__rosidl_typesupport_fastrtps_cpp.hpp
[1.170s] -- Up-to-date: /home/ndt/ros2car-ws/install/vesc_msgs/include/vesc_msgs/vesc_msgs/msg/rosidl_typesupport_fastrtps_cpp__visibility_control.h
[1.170s] -- Up-to-date: /home/ndt/ros2car-ws/install/vesc_msgs/lib/libvesc_msgs__rosidl_typesupport_fastrtps_cpp.so
[1.170s] -- Up-to-date: /home/ndt/ros2car-ws/install/vesc_msgs/include/vesc_msgs/vesc_msgs
[1.171s] -- Up-to-date: /home/ndt/ros2car-ws/install/vesc_msgs/include/vesc_msgs/vesc_msgs/msg
[1.171s] -- Up-to-date: /home/ndt/ros2car-ws/install/vesc_msgs/include/vesc_msgs/vesc_msgs/msg/detail
[1.171s] -- Up-to-date: /home/ndt/ros2car-ws/install/vesc_msgs/include/vesc_msgs/vesc_msgs/msg/detail/vesc_state_stamped__type_support.cpp
[1.171s] -- Up-to-date: /home/ndt/ros2car-ws/install/vesc_msgs/include/vesc_msgs/vesc_msgs/msg/detail/vesc_imu__type_support.cpp
[1.171s] -- Up-to-date: /home/ndt/ros2car-ws/install/vesc_msgs/include/vesc_msgs/vesc_msgs/msg/detail/vesc_state__rosidl_typesupport_introspection_cpp.hpp
[1.171s] -- Up-to-date: /home/ndt/ros2car-ws/install/vesc_msgs/include/vesc_msgs/vesc_msgs/msg/detail/vesc_imu_stamped__rosidl_typesupport_introspection_cpp.hpp
[1.171s] -- Up-to-date: /home/ndt/ros2car-ws/install/vesc_msgs/include/vesc_msgs/vesc_msgs/msg/detail/vesc_imu_stamped__type_support.cpp
[1.171s] -- Up-to-date: /home/ndt/ros2car-ws/install/vesc_msgs/include/vesc_msgs/vesc_msgs/msg/detail/vesc_state_stamped__rosidl_typesupport_introspection_cpp.hpp
[1.171s] -- Up-to-date: /home/ndt/ros2car-ws/install/vesc_msgs/include/vesc_msgs/vesc_msgs/msg/detail/vesc_imu__rosidl_typesupport_introspection_cpp.hpp
[1.172s] -- Up-to-date: /home/ndt/ros2car-ws/install/vesc_msgs/include/vesc_msgs/vesc_msgs/msg/detail/vesc_state__type_support.cpp
[1.172s] -- Up-to-date: /home/ndt/ros2car-ws/install/vesc_msgs/lib/libvesc_msgs__rosidl_typesupport_introspection_cpp.so
[1.172s] -- Up-to-date: /home/ndt/ros2car-ws/install/vesc_msgs/lib/libvesc_msgs__rosidl_typesupport_cpp.so
[1.172s] -- Up-to-date: /home/ndt/ros2car-ws/install/vesc_msgs/share/vesc_msgs/environment/pythonpath.sh
[1.172s] -- Up-to-date: /home/ndt/ros2car-ws/install/vesc_msgs/share/vesc_msgs/environment/pythonpath.dsv
[1.172s] -- Up-to-date: /home/ndt/ros2car-ws/install/vesc_msgs/local/lib/python3.10/dist-packages/vesc_msgs-1.1.0-py3.10.egg-info
[1.172s] -- Installing: /home/ndt/ros2car-ws/install/vesc_msgs/local/lib/python3.10/dist-packages/vesc_msgs-1.1.0-py3.10.egg-info/top_level.txt
[1.172s] -- Installing: /home/ndt/ros2car-ws/install/vesc_msgs/local/lib/python3.10/dist-packages/vesc_msgs-1.1.0-py3.10.egg-info/dependency_links.txt
[1.173s] -- Installing: /home/ndt/ros2car-ws/install/vesc_msgs/local/lib/python3.10/dist-packages/vesc_msgs-1.1.0-py3.10.egg-info/SOURCES.txt
[1.173s] -- Installing: /home/ndt/ros2car-ws/install/vesc_msgs/local/lib/python3.10/dist-packages/vesc_msgs-1.1.0-py3.10.egg-info/PKG-INFO
[1.173s] -- Up-to-date: /home/ndt/ros2car-ws/install/vesc_msgs/local/lib/python3.10/dist-packages/vesc_msgs
[1.173s] -- Up-to-date: /home/ndt/ros2car-ws/install/vesc_msgs/local/lib/python3.10/dist-packages/vesc_msgs/vesc_msgs_s__rosidl_typesupport_introspection_c.cpython-310-x86_64-linux-gnu.so
[1.173s] -- Up-to-date: /home/ndt/ros2car-ws/install/vesc_msgs/local/lib/python3.10/dist-packages/vesc_msgs/_vesc_msgs_s.ep.rosidl_typesupport_introspection_c.c
[1.173s] -- Up-to-date: /home/ndt/ros2car-ws/install/vesc_msgs/local/lib/python3.10/dist-packages/vesc_msgs/vesc_msgs_s__rosidl_typesupport_c.cpython-310-x86_64-linux-gnu.so
[1.173s] -- Up-to-date: /home/ndt/ros2car-ws/install/vesc_msgs/local/lib/python3.10/dist-packages/vesc_msgs/_vesc_msgs_s.ep.rosidl_typesupport_fastrtps_c.c
[1.173s] -- Up-to-date: /home/ndt/ros2car-ws/install/vesc_msgs/local/lib/python3.10/dist-packages/vesc_msgs/_vesc_msgs_s.ep.rosidl_typesupport_c.c
[1.174s] -- Up-to-date: /home/ndt/ros2car-ws/install/vesc_msgs/local/lib/python3.10/dist-packages/vesc_msgs/libvesc_msgs__rosidl_generator_py.so
[1.174s] -- Up-to-date: /home/ndt/ros2car-ws/install/vesc_msgs/local/lib/python3.10/dist-packages/vesc_msgs/vesc_msgs_s__rosidl_typesupport_fastrtps_c.cpython-310-x86_64-linux-gnu.so
[1.174s] -- Up-to-date: /home/ndt/ros2car-ws/install/vesc_msgs/local/lib/python3.10/dist-packages/vesc_msgs/msg
[1.174s] -- Up-to-date: /home/ndt/ros2car-ws/install/vesc_msgs/local/lib/python3.10/dist-packages/vesc_msgs/msg/_vesc_imu_stamped.py
[1.174s] -- Up-to-date: /home/ndt/ros2car-ws/install/vesc_msgs/local/lib/python3.10/dist-packages/vesc_msgs/msg/_vesc_state_s.c
[1.174s] -- Up-to-date: /home/ndt/ros2car-ws/install/vesc_msgs/local/lib/python3.10/dist-packages/vesc_msgs/msg/_vesc_imu_stamped_s.c
[1.174s] -- Up-to-date: /home/ndt/ros2car-ws/install/vesc_msgs/local/lib/python3.10/dist-packages/vesc_msgs/msg/_vesc_state.py
[1.174s] -- Up-to-date: /home/ndt/ros2car-ws/install/vesc_msgs/local/lib/python3.10/dist-packages/vesc_msgs/msg/_vesc_imu.py
[1.174s] -- Up-to-date: /home/ndt/ros2car-ws/install/vesc_msgs/local/lib/python3.10/dist-packages/vesc_msgs/msg/__init__.py
[1.174s] -- Up-to-date: /home/ndt/ros2car-ws/install/vesc_msgs/local/lib/python3.10/dist-packages/vesc_msgs/msg/_vesc_state_stamped_s.c
[1.174s] -- Up-to-date: /home/ndt/ros2car-ws/install/vesc_msgs/local/lib/python3.10/dist-packages/vesc_msgs/msg/_vesc_state_stamped.py
[1.174s] -- Up-to-date: /home/ndt/ros2car-ws/install/vesc_msgs/local/lib/python3.10/dist-packages/vesc_msgs/msg/_vesc_imu_s.c
[1.175s] -- Up-to-date: /home/ndt/ros2car-ws/install/vesc_msgs/local/lib/python3.10/dist-packages/vesc_msgs/__init__.py
[1.223s] Listing '/home/ndt/ros2car-ws/install/vesc_msgs/local/lib/python3.10/dist-packages/vesc_msgs'...
[1.223s] Listing '/home/ndt/ros2car-ws/install/vesc_msgs/local/lib/python3.10/dist-packages/vesc_msgs/msg'...
[1.225s] -- Up-to-date: /home/ndt/ros2car-ws/install/vesc_msgs/local/lib/python3.10/dist-packages/vesc_msgs/vesc_msgs_s__rosidl_typesupport_fastrtps_c.cpython-310-x86_64-linux-gnu.so
[1.225s] -- Up-to-date: /home/ndt/ros2car-ws/install/vesc_msgs/local/lib/python3.10/dist-packages/vesc_msgs/vesc_msgs_s__rosidl_typesupport_introspection_c.cpython-310-x86_64-linux-gnu.so
[1.226s] -- Up-to-date: /home/ndt/ros2car-ws/install/vesc_msgs/local/lib/python3.10/dist-packages/vesc_msgs/vesc_msgs_s__rosidl_typesupport_c.cpython-310-x86_64-linux-gnu.so
[1.228s] -- Up-to-date: /home/ndt/ros2car-ws/install/vesc_msgs/lib/libvesc_msgs__rosidl_generator_py.so
[1.229s] -- Up-to-date: /home/ndt/ros2car-ws/install/vesc_msgs/share/vesc_msgs/msg/VescState.idl
[1.229s] -- Up-to-date: /home/ndt/ros2car-ws/install/vesc_msgs/share/vesc_msgs/msg/VescStateStamped.idl
[1.229s] -- Up-to-date: /home/ndt/ros2car-ws/install/vesc_msgs/share/vesc_msgs/msg/VescImu.idl
[1.229s] -- Up-to-date: /home/ndt/ros2car-ws/install/vesc_msgs/share/vesc_msgs/msg/VescImuStamped.idl
[1.230s] -- Up-to-date: /home/ndt/ros2car-ws/install/vesc_msgs/share/vesc_msgs/msg/VescState.msg
[1.230s] -- Up-to-date: /home/ndt/ros2car-ws/install/vesc_msgs/share/vesc_msgs/msg/VescStateStamped.msg
[1.230s] -- Up-to-date: /home/ndt/ros2car-ws/install/vesc_msgs/share/vesc_msgs/msg/VescImu.msg
[1.230s] -- Up-to-date: /home/ndt/ros2car-ws/install/vesc_msgs/share/vesc_msgs/msg/VescImuStamped.msg
[1.230s] -- Up-to-date: /home/ndt/ros2car-ws/install/vesc_msgs/share/ament_index/resource_index/package_run_dependencies/vesc_msgs
[1.232s] -- Up-to-date: /home/ndt/ros2car-ws/install/vesc_msgs/share/ament_index/resource_index/parent_prefix_path/vesc_msgs
[1.233s] -- Up-to-date: /home/ndt/ros2car-ws/install/vesc_msgs/share/vesc_msgs/environment/ament_prefix_path.sh
[1.233s] -- Up-to-date: /home/ndt/ros2car-ws/install/vesc_msgs/share/vesc_msgs/environment/ament_prefix_path.dsv
[1.233s] -- Up-to-date: /home/ndt/ros2car-ws/install/vesc_msgs/share/vesc_msgs/environment/path.sh
[1.234s] -- Up-to-date: /home/ndt/ros2car-ws/install/vesc_msgs/share/vesc_msgs/environment/path.dsv
[1.234s] -- Up-to-date: /home/ndt/ros2car-ws/install/vesc_msgs/share/vesc_msgs/local_setup.bash
[1.234s] -- Up-to-date: /home/ndt/ros2car-ws/install/vesc_msgs/share/vesc_msgs/local_setup.sh
[1.234s] -- Up-to-date: /home/ndt/ros2car-ws/install/vesc_msgs/share/vesc_msgs/local_setup.zsh
[1.234s] -- Up-to-date: /home/ndt/ros2car-ws/install/vesc_msgs/share/vesc_msgs/local_setup.dsv
[1.234s] -- Installing: /home/ndt/ros2car-ws/install/vesc_msgs/share/vesc_msgs/package.dsv
[1.234s] -- Up-to-date: /home/ndt/ros2car-ws/install/vesc_msgs/share/ament_index/resource_index/packages/vesc_msgs
[1.234s] -- Up-to-date: /home/ndt/ros2car-ws/install/vesc_msgs/share/vesc_msgs/cmake/export_vesc_msgs__rosidl_generator_cExport.cmake
[1.235s] -- Up-to-date: /home/ndt/ros2car-ws/install/vesc_msgs/share/vesc_msgs/cmake/export_vesc_msgs__rosidl_generator_cExport-noconfig.cmake
[1.235s] -- Up-to-date: /home/ndt/ros2car-ws/install/vesc_msgs/share/vesc_msgs/cmake/export_vesc_msgs__rosidl_typesupport_fastrtps_cExport.cmake
[1.235s] -- Up-to-date: /home/ndt/ros2car-ws/install/vesc_msgs/share/vesc_msgs/cmake/export_vesc_msgs__rosidl_typesupport_fastrtps_cExport-noconfig.cmake
[1.235s] -- Up-to-date: /home/ndt/ros2car-ws/install/vesc_msgs/share/vesc_msgs/cmake/vesc_msgs__rosidl_typesupport_introspection_cExport.cmake
[1.235s] -- Up-to-date: /home/ndt/ros2car-ws/install/vesc_msgs/share/vesc_msgs/cmake/vesc_msgs__rosidl_typesupport_introspection_cExport-noconfig.cmake
[1.235s] -- Up-to-date: /home/ndt/ros2car-ws/install/vesc_msgs/share/vesc_msgs/cmake/vesc_msgs__rosidl_typesupport_cExport.cmake
[1.235s] -- Up-to-date: /home/ndt/ros2car-ws/install/vesc_msgs/share/vesc_msgs/cmake/vesc_msgs__rosidl_typesupport_cExport-noconfig.cmake
[1.235s] -- Up-to-date: /home/ndt/ros2car-ws/install/vesc_msgs/share/vesc_msgs/cmake/export_vesc_msgs__rosidl_generator_cppExport.cmake
[1.235s] -- Up-to-date: /home/ndt/ros2car-ws/install/vesc_msgs/share/vesc_msgs/cmake/export_vesc_msgs__rosidl_typesupport_fastrtps_cppExport.cmake
[1.235s] -- Up-to-date: /home/ndt/ros2car-ws/install/vesc_msgs/share/vesc_msgs/cmake/export_vesc_msgs__rosidl_typesupport_fastrtps_cppExport-noconfig.cmake
[1.236s] -- Up-to-date: /home/ndt/ros2car-ws/install/vesc_msgs/share/vesc_msgs/cmake/vesc_msgs__rosidl_typesupport_introspection_cppExport.cmake
[1.236s] -- Up-to-date: /home/ndt/ros2car-ws/install/vesc_msgs/share/vesc_msgs/cmake/vesc_msgs__rosidl_typesupport_introspection_cppExport-noconfig.cmake
[1.236s] -- Up-to-date: /home/ndt/ros2car-ws/install/vesc_msgs/share/vesc_msgs/cmake/vesc_msgs__rosidl_typesupport_cppExport.cmake
[1.238s] -- Up-to-date: /home/ndt/ros2car-ws/install/vesc_msgs/share/vesc_msgs/cmake/vesc_msgs__rosidl_typesupport_cppExport-noconfig.cmake
[1.239s] -- Up-to-date: /home/ndt/ros2car-ws/install/vesc_msgs/share/vesc_msgs/cmake/export_vesc_msgs__rosidl_generator_pyExport.cmake
[1.239s] -- Up-to-date: /home/ndt/ros2car-ws/install/vesc_msgs/share/vesc_msgs/cmake/export_vesc_msgs__rosidl_generator_pyExport-noconfig.cmake
[1.239s] -- Up-to-date: /home/ndt/ros2car-ws/install/vesc_msgs/share/vesc_msgs/cmake/rosidl_cmake-extras.cmake
[1.239s] -- Up-to-date: /home/ndt/ros2car-ws/install/vesc_msgs/share/vesc_msgs/cmake/ament_cmake_export_dependencies-extras.cmake
[1.239s] -- Up-to-date: /home/ndt/ros2car-ws/install/vesc_msgs/share/vesc_msgs/cmake/ament_cmake_export_include_directories-extras.cmake
[1.239s] -- Up-to-date: /home/ndt/ros2car-ws/install/vesc_msgs/share/vesc_msgs/cmake/ament_cmake_export_libraries-extras.cmake
[1.240s] -- Up-to-date: /home/ndt/ros2car-ws/install/vesc_msgs/share/vesc_msgs/cmake/ament_cmake_export_targets-extras.cmake
[1.240s] -- Up-to-date: /home/ndt/ros2car-ws/install/vesc_msgs/share/vesc_msgs/cmake/rosidl_cmake_export_typesupport_targets-extras.cmake
[1.240s] -- Up-to-date: /home/ndt/ros2car-ws/install/vesc_msgs/share/vesc_msgs/cmake/rosidl_cmake_export_typesupport_libraries-extras.cmake
[1.240s] -- Up-to-date: /home/ndt/ros2car-ws/install/vesc_msgs/share/vesc_msgs/cmake/vesc_msgsConfig.cmake
[1.240s] -- Up-to-date: /home/ndt/ros2car-ws/install/vesc_msgs/share/vesc_msgs/cmake/vesc_msgsConfig-version.cmake
[1.240s] -- Up-to-date: /home/ndt/ros2car-ws/install/vesc_msgs/share/vesc_msgs/package.xml
[1.248s] Invoked command in '/home/ndt/ros2car-ws/build/vesc_msgs' returned '0': CMAKE_PREFIX_PATH=${CMAKE_PREFIX_PATH}:/opt/ros/humble /usr/bin/cmake --install /home/ndt/ros2car-ws/build/vesc_msgs
