[0.053s] Invoking command in '/home/ndt/ros2car-ws/build/vesc_driver': CMAKE_PREFIX_PATH=/home/ndt/ros2car-ws/install/serial_driver:/home/ndt/ros2car-ws/install/io_context:/home/ndt/ros2car-ws/install/vesc_msgs:/home/ndt/ros2car-ws/install/ydlidar_ros2_driver:/home/ndt/ros2car-ws/install/vesc:/home/ndt/ros2car-ws/install/vesc_driver:/home/ndt/ros2car-ws/install/vesc_ackermann:/home/ndt/ros2car-ws/install/udp_driver:/home/ndt/ros2car-ws/install/asio_cmake_module:/home/ndt/ydlidar_ros2_ws/install/ydlidar_ros2_driver:/opt/ros/humble LD_LIBRARY_PATH=/home/ndt/ros2car-ws/install/serial_driver/lib:/home/ndt/ros2car-ws/install/io_context/lib:/home/ndt/ros2car-ws/install/vesc_msgs/lib:/home/ndt/ros2car-ws/install/vesc_driver/lib:/home/ndt/ros2car-ws/install/vesc_ackermann/lib:/home/ndt/ros2car-ws/install/udp_driver/lib:/usr/lib/x86_64-linux-gnu/gazebo-11/plugins:/opt/ros/humble/opt/rviz_ogre_vendor/lib:/opt/ros/humble/lib/x86_64-linux-gnu:/opt/ros/humble/lib /usr/bin/cmake --build /home/ndt/ros2car-ws/build/vesc_driver -- -j6 -l6
[0.198s] [ 20%] Built target vesc_driver_node
[0.213s] [ 70%] Built target vesc_driver
[0.277s] [100%] Built target vesc_device_namer
[0.303s] Invoked command in '/home/ndt/ros2car-ws/build/vesc_driver' returned '0': CMAKE_PREFIX_PATH=/home/ndt/ros2car-ws/install/serial_driver:/home/ndt/ros2car-ws/install/io_context:/home/ndt/ros2car-ws/install/vesc_msgs:/home/ndt/ros2car-ws/install/ydlidar_ros2_driver:/home/ndt/ros2car-ws/install/vesc:/home/ndt/ros2car-ws/install/vesc_driver:/home/ndt/ros2car-ws/install/vesc_ackermann:/home/ndt/ros2car-ws/install/udp_driver:/home/ndt/ros2car-ws/install/asio_cmake_module:/home/ndt/ydlidar_ros2_ws/install/ydlidar_ros2_driver:/opt/ros/humble LD_LIBRARY_PATH=/home/ndt/ros2car-ws/install/serial_driver/lib:/home/ndt/ros2car-ws/install/io_context/lib:/home/ndt/ros2car-ws/install/vesc_msgs/lib:/home/ndt/ros2car-ws/install/vesc_driver/lib:/home/ndt/ros2car-ws/install/vesc_ackermann/lib:/home/ndt/ros2car-ws/install/udp_driver/lib:/usr/lib/x86_64-linux-gnu/gazebo-11/plugins:/opt/ros/humble/opt/rviz_ogre_vendor/lib:/opt/ros/humble/lib/x86_64-linux-gnu:/opt/ros/humble/lib /usr/bin/cmake --build /home/ndt/ros2car-ws/build/vesc_driver -- -j6 -l6
[0.458s] Invoking command in '/home/ndt/ros2car-ws/build/vesc_driver': CMAKE_PREFIX_PATH=/home/ndt/ros2car-ws/install/serial_driver:/home/ndt/ros2car-ws/install/io_context:/home/ndt/ros2car-ws/install/vesc_msgs:/home/ndt/ros2car-ws/install/ydlidar_ros2_driver:/home/ndt/ros2car-ws/install/vesc:/home/ndt/ros2car-ws/install/vesc_driver:/home/ndt/ros2car-ws/install/vesc_ackermann:/home/ndt/ros2car-ws/install/udp_driver:/home/ndt/ros2car-ws/install/asio_cmake_module:/home/ndt/ydlidar_ros2_ws/install/ydlidar_ros2_driver:/opt/ros/humble LD_LIBRARY_PATH=/home/ndt/ros2car-ws/install/serial_driver/lib:/home/ndt/ros2car-ws/install/io_context/lib:/home/ndt/ros2car-ws/install/vesc_msgs/lib:/home/ndt/ros2car-ws/install/vesc_driver/lib:/home/ndt/ros2car-ws/install/vesc_ackermann/lib:/home/ndt/ros2car-ws/install/udp_driver/lib:/usr/lib/x86_64-linux-gnu/gazebo-11/plugins:/opt/ros/humble/opt/rviz_ogre_vendor/lib:/opt/ros/humble/lib/x86_64-linux-gnu:/opt/ros/humble/lib /usr/bin/cmake --install /home/ndt/ros2car-ws/build/vesc_driver
[0.475s] -- Install configuration: ""
[0.478s] -- Up-to-date: /home/ndt/ros2car-ws/install/vesc_driver/lib/vesc_driver/vesc_driver_node
[0.479s] -- Up-to-date: /home/ndt/ros2car-ws/install/vesc_driver/include
[0.480s] -- Up-to-date: /home/ndt/ros2car-ws/install/vesc_driver/include/vesc_driver
[0.480s] -- Up-to-date: /home/ndt/ros2car-ws/install/vesc_driver/include/vesc_driver/vesc_packet.hpp
[0.480s] -- Up-to-date: /home/ndt/ros2car-ws/install/vesc_driver/include/vesc_driver/crc.hpp
[0.480s] -- Up-to-date: /home/ndt/ros2car-ws/install/vesc_driver/include/vesc_driver/vesc_packet_factory.hpp
[0.480s] -- Up-to-date: /home/ndt/ros2car-ws/install/vesc_driver/include/vesc_driver/vesc_interface.hpp
[0.480s] -- Up-to-date: /home/ndt/ros2car-ws/install/vesc_driver/include/vesc_driver/datatypes.hpp
[0.481s] -- Up-to-date: /home/ndt/ros2car-ws/install/vesc_driver/include/vesc_driver/vesc_driver.hpp
[0.481s] -- Up-to-date: /home/ndt/ros2car-ws/install/vesc_driver/include/vesc_driver/vesc_device_uuid_lookup.hpp
[0.481s] -- Up-to-date: /home/ndt/ros2car-ws/install/vesc_driver/share/vesc_driver/environment/library_path.sh
[0.481s] -- Up-to-date: /home/ndt/ros2car-ws/install/vesc_driver/share/vesc_driver/environment/library_path.dsv
[0.482s] -- Up-to-date: /home/ndt/ros2car-ws/install/vesc_driver/lib/libvesc_driver.so
[0.483s] -- Up-to-date: /home/ndt/ros2car-ws/install/vesc_driver/lib/vesc_driver/vesc_device_namer
[0.484s] -- Up-to-date: /home/ndt/ros2car-ws/install/vesc_driver/share/vesc_driver/launch
[0.488s] -- Up-to-date: /home/ndt/ros2car-ws/install/vesc_driver/share/vesc_driver/launch/vesc_driver_node.launch.py
[0.488s] -- Up-to-date: /home/ndt/ros2car-ws/install/vesc_driver/share/vesc_driver/params
[0.488s] -- Up-to-date: /home/ndt/ros2car-ws/install/vesc_driver/share/vesc_driver/params/vesc_config.yaml
[0.488s] -- Up-to-date: /home/ndt/ros2car-ws/install/vesc_driver/share/ament_index/resource_index/package_run_dependencies/vesc_driver
[0.488s] -- Up-to-date: /home/ndt/ros2car-ws/install/vesc_driver/share/ament_index/resource_index/parent_prefix_path/vesc_driver
[0.488s] -- Up-to-date: /home/ndt/ros2car-ws/install/vesc_driver/share/vesc_driver/environment/ament_prefix_path.sh
[0.489s] -- Up-to-date: /home/ndt/ros2car-ws/install/vesc_driver/share/vesc_driver/environment/ament_prefix_path.dsv
[0.489s] -- Up-to-date: /home/ndt/ros2car-ws/install/vesc_driver/share/vesc_driver/environment/path.sh
[0.489s] -- Up-to-date: /home/ndt/ros2car-ws/install/vesc_driver/share/vesc_driver/environment/path.dsv
[0.489s] -- Up-to-date: /home/ndt/ros2car-ws/install/vesc_driver/share/vesc_driver/local_setup.bash
[0.489s] -- Up-to-date: /home/ndt/ros2car-ws/install/vesc_driver/share/vesc_driver/local_setup.sh
[0.490s] -- Up-to-date: /home/ndt/ros2car-ws/install/vesc_driver/share/vesc_driver/local_setup.zsh
[0.490s] -- Up-to-date: /home/ndt/ros2car-ws/install/vesc_driver/share/vesc_driver/local_setup.dsv
[0.490s] -- Installing: /home/ndt/ros2car-ws/install/vesc_driver/share/vesc_driver/package.dsv
[0.490s] -- Up-to-date: /home/ndt/ros2car-ws/install/vesc_driver/share/ament_index/resource_index/packages/vesc_driver
[0.490s] -- Up-to-date: /home/ndt/ros2car-ws/install/vesc_driver/share/ament_index/resource_index/rclcpp_components/vesc_driver
[0.490s] -- Up-to-date: /home/ndt/ros2car-ws/install/vesc_driver/share/vesc_driver/cmake/ament_cmake_export_dependencies-extras.cmake
[0.490s] -- Up-to-date: /home/ndt/ros2car-ws/install/vesc_driver/share/vesc_driver/cmake/ament_cmake_export_include_directories-extras.cmake
[0.490s] -- Up-to-date: /home/ndt/ros2car-ws/install/vesc_driver/share/vesc_driver/cmake/ament_cmake_export_libraries-extras.cmake
[0.490s] -- Up-to-date: /home/ndt/ros2car-ws/install/vesc_driver/share/vesc_driver/cmake/vesc_driverConfig.cmake
[0.490s] -- Up-to-date: /home/ndt/ros2car-ws/install/vesc_driver/share/vesc_driver/cmake/vesc_driverConfig-version.cmake
[0.491s] -- Up-to-date: /home/ndt/ros2car-ws/install/vesc_driver/share/vesc_driver/package.xml
[0.499s] Invoked command in '/home/ndt/ros2car-ws/build/vesc_driver' returned '0': CMAKE_PREFIX_PATH=/home/ndt/ros2car-ws/install/serial_driver:/home/ndt/ros2car-ws/install/io_context:/home/ndt/ros2car-ws/install/vesc_msgs:/home/ndt/ros2car-ws/install/ydlidar_ros2_driver:/home/ndt/ros2car-ws/install/vesc:/home/ndt/ros2car-ws/install/vesc_driver:/home/ndt/ros2car-ws/install/vesc_ackermann:/home/ndt/ros2car-ws/install/udp_driver:/home/ndt/ros2car-ws/install/asio_cmake_module:/home/ndt/ydlidar_ros2_ws/install/ydlidar_ros2_driver:/opt/ros/humble LD_LIBRARY_PATH=/home/ndt/ros2car-ws/install/serial_driver/lib:/home/ndt/ros2car-ws/install/io_context/lib:/home/ndt/ros2car-ws/install/vesc_msgs/lib:/home/ndt/ros2car-ws/install/vesc_driver/lib:/home/ndt/ros2car-ws/install/vesc_ackermann/lib:/home/ndt/ros2car-ws/install/udp_driver/lib:/usr/lib/x86_64-linux-gnu/gazebo-11/plugins:/opt/ros/humble/opt/rviz_ogre_vendor/lib:/opt/ros/humble/lib/x86_64-linux-gnu:/opt/ros/humble/lib /usr/bin/cmake --install /home/ndt/ros2car-ws/build/vesc_driver
