[0.044s] Invoking command in '/home/ndt/ros2car-ws/build/io_context': AMENT_PREFIX_PATH=/home/ndt/ros2car-ws/install/asio_cmake_module:${AMENT_PREFIX_PATH} CMAKE_PREFIX_PATH=/home/ndt/ros2car-ws/install/asio_cmake_module:/home/ndt/ydlidar_ros2_ws/install/ydlidar_ros2_driver:/opt/ros/humble /usr/bin/cmake --build /home/ndt/ros2car-ws/build/io_context -- -j6 -l6
[0.222s] [ 22%] Built target gtest_main
[0.229s] [ 44%] Built target gtest
[0.230s] [ 77%] Built target io_context
[0.285s] [100%] Built target test_io_context
[0.311s] Invoked command in '/home/ndt/ros2car-ws/build/io_context' returned '0': AMENT_PREFIX_PATH=/home/ndt/ros2car-ws/install/asio_cmake_module:${AMENT_PREFIX_PATH} CMAKE_PREFIX_PATH=/home/ndt/ros2car-ws/install/asio_cmake_module:/home/ndt/ydlidar_ros2_ws/install/ydlidar_ros2_driver:/opt/ros/humble /usr/bin/cmake --build /home/ndt/ros2car-ws/build/io_context -- -j6 -l6
[0.422s] Invoking command in '/home/ndt/ros2car-ws/build/io_context': AMENT_PREFIX_PATH=/home/ndt/ros2car-ws/install/asio_cmake_module:${AMENT_PREFIX_PATH} CMAKE_PREFIX_PATH=/home/ndt/ros2car-ws/install/asio_cmake_module:/home/ndt/ydlidar_ros2_ws/install/ydlidar_ros2_driver:/opt/ros/humble /usr/bin/cmake --install /home/ndt/ros2car-ws/build/io_context
[0.430s] -- Install configuration: ""
[0.430s] -- Up-to-date: /home/ndt/ros2car-ws/install/io_context/include
[0.431s] -- Up-to-date: /home/ndt/ros2car-ws/install/io_context/include/msg_converters
[0.431s] -- Up-to-date: /home/ndt/ros2car-ws/install/io_context/include/msg_converters/udp_msgs.hpp
[0.431s] -- Up-to-date: /home/ndt/ros2car-ws/install/io_context/include/msg_converters/converters.hpp
[0.431s] -- Up-to-date: /home/ndt/ros2car-ws/install/io_context/include/msg_converters/std_msgs.hpp
[0.431s] -- Up-to-date: /home/ndt/ros2car-ws/install/io_context/include/io_context
[0.432s] -- Up-to-date: /home/ndt/ros2car-ws/install/io_context/include/io_context/io_context.hpp
[0.432s] -- Up-to-date: /home/ndt/ros2car-ws/install/io_context/include/io_context/common.hpp
[0.432s] -- Up-to-date: /home/ndt/ros2car-ws/install/io_context/share/io_context/environment/library_path.sh
[0.432s] -- Up-to-date: /home/ndt/ros2car-ws/install/io_context/share/io_context/environment/library_path.dsv
[0.433s] -- Up-to-date: /home/ndt/ros2car-ws/install/io_context/lib/libio_context.so
[0.433s] -- Up-to-date: /home/ndt/ros2car-ws/install/io_context/share/ament_index/resource_index/package_run_dependencies/io_context
[0.438s] -- Up-to-date: /home/ndt/ros2car-ws/install/io_context/share/ament_index/resource_index/parent_prefix_path/io_context
[0.438s] -- Up-to-date: /home/ndt/ros2car-ws/install/io_context/share/io_context/environment/ament_prefix_path.sh
[0.438s] -- Up-to-date: /home/ndt/ros2car-ws/install/io_context/share/io_context/environment/ament_prefix_path.dsv
[0.438s] -- Up-to-date: /home/ndt/ros2car-ws/install/io_context/share/io_context/environment/path.sh
[0.438s] -- Up-to-date: /home/ndt/ros2car-ws/install/io_context/share/io_context/environment/path.dsv
[0.438s] -- Up-to-date: /home/ndt/ros2car-ws/install/io_context/share/io_context/local_setup.bash
[0.438s] -- Up-to-date: /home/ndt/ros2car-ws/install/io_context/share/io_context/local_setup.sh
[0.438s] -- Up-to-date: /home/ndt/ros2car-ws/install/io_context/share/io_context/local_setup.zsh
[0.438s] -- Up-to-date: /home/ndt/ros2car-ws/install/io_context/share/io_context/local_setup.dsv
[0.438s] -- Installing: /home/ndt/ros2car-ws/install/io_context/share/io_context/package.dsv
[0.439s] -- Up-to-date: /home/ndt/ros2car-ws/install/io_context/share/ament_index/resource_index/packages/io_context
[0.441s] -- Up-to-date: /home/ndt/ros2car-ws/install/io_context/share/io_context/cmake/ament_cmake_export_dependencies-extras.cmake
[0.441s] -- Up-to-date: /home/ndt/ros2car-ws/install/io_context/share/io_context/cmake/ament_cmake_export_include_directories-extras.cmake
[0.441s] -- Up-to-date: /home/ndt/ros2car-ws/install/io_context/share/io_context/cmake/ament_cmake_export_libraries-extras.cmake
[0.441s] -- Up-to-date: /home/ndt/ros2car-ws/install/io_context/share/io_context/cmake/io_contextConfig.cmake
[0.441s] -- Up-to-date: /home/ndt/ros2car-ws/install/io_context/share/io_context/cmake/io_contextConfig-version.cmake
[0.441s] -- Up-to-date: /home/ndt/ros2car-ws/install/io_context/share/io_context/package.xml
[0.462s] Invoked command in '/home/ndt/ros2car-ws/build/io_context' returned '0': AMENT_PREFIX_PATH=/home/ndt/ros2car-ws/install/asio_cmake_module:${AMENT_PREFIX_PATH} CMAKE_PREFIX_PATH=/home/ndt/ros2car-ws/install/asio_cmake_module:/home/ndt/ydlidar_ros2_ws/install/ydlidar_ros2_driver:/opt/ros/humble /usr/bin/cmake --install /home/ndt/ros2car-ws/build/io_context
