[ 10%] Built target ds4_driver_msgs__rosidl_generator_c
[ 12%] Built target ds4_driver_msgs__cpp
[35m[1mConsolidate compiler generated dependencies of target ds4_driver_msgs__rosidl_typesupport_introspection_c[0m
[ 12%] Built target ament_cmake_python_symlink_ds4_driver_msgs
[35m[1mConsolidate compiler generated dependencies of target ds4_driver_msgs__rosidl_typesupport_fastrtps_c[0m
[35m[1mConsolidate compiler generated dependencies of target ds4_driver_msgs__rosidl_typesupport_c[0m
[35m[1mConsolidate compiler generated dependencies of target ds4_driver_msgs__rosidl_typesupport_introspection_cpp[0m
[35m[1mConsolidate compiler generated dependencies of target ds4_driver_msgs__rosidl_typesupport_cpp[0m
[ 14%] [32mBuilding CXX object CMakeFiles/ds4_driver_msgs__rosidl_typesupport_fastrtps_c.dir/rosidl_typesupport_fastrtps_c/ds4_driver_msgs/msg/detail/feedback__type_support_c.cpp.o[0m
[ 16%] [32mBuilding CXX object CMakeFiles/ds4_driver_msgs__rosidl_typesupport_introspection_cpp.dir/rosidl_typesupport_introspection_cpp/ds4_driver_msgs/msg/detail/feedback__type_support.cpp.o[0m
[ 18%] [32mBuilding CXX object CMakeFiles/ds4_driver_msgs__rosidl_typesupport_fastrtps_c.dir/rosidl_typesupport_fastrtps_c/ds4_driver_msgs/msg/detail/status__type_support_c.cpp.o[0m
[ 29%] Built target ds4_driver_msgs__rosidl_typesupport_introspection_c
[ 40%] Built target ds4_driver_msgs__rosidl_typesupport_c
[ 50%] Built target ds4_driver_msgs__rosidl_typesupport_cpp
[35m[1mConsolidate compiler generated dependencies of target ds4_driver_msgs__rosidl_typesupport_fastrtps_cpp[0m
[ 52%] [32mBuilding CXX object CMakeFiles/ds4_driver_msgs__rosidl_typesupport_fastrtps_c.dir/rosidl_typesupport_fastrtps_c/ds4_driver_msgs/msg/detail/report__type_support_c.cpp.o[0m
[ 54%] [32mBuilding CXX object CMakeFiles/ds4_driver_msgs__rosidl_typesupport_fastrtps_cpp.dir/rosidl_typesupport_fastrtps_cpp/ds4_driver_msgs/msg/detail/dds_fastrtps/feedback__type_support.cpp.o[0m
[ 56%] [32mBuilding CXX object CMakeFiles/ds4_driver_msgs__rosidl_typesupport_fastrtps_c.dir/rosidl_typesupport_fastrtps_c/ds4_driver_msgs/msg/detail/trackpad__type_support_c.cpp.o[0m
[ 58%] [32mBuilding CXX object CMakeFiles/ds4_driver_msgs__rosidl_typesupport_fastrtps_cpp.dir/rosidl_typesupport_fastrtps_cpp/ds4_driver_msgs/msg/detail/dds_fastrtps/status__type_support.cpp.o[0m
running egg_info
writing ds4_driver_msgs.egg-info/PKG-INFO
writing dependency_links to ds4_driver_msgs.egg-info/dependency_links.txt
writing top-level names to ds4_driver_msgs.egg-info/top_level.txt
reading manifest file 'ds4_driver_msgs.egg-info/SOURCES.txt'
writing manifest file 'ds4_driver_msgs.egg-info/SOURCES.txt'
[ 60%] [32mBuilding CXX object CMakeFiles/ds4_driver_msgs__rosidl_typesupport_fastrtps_cpp.dir/rosidl_typesupport_fastrtps_cpp/ds4_driver_msgs/msg/detail/dds_fastrtps/report__type_support.cpp.o[0m
[ 60%] Built target ament_cmake_python_build_ds4_driver_msgs_egg
[ 61%] [32mBuilding CXX object CMakeFiles/ds4_driver_msgs__rosidl_typesupport_fastrtps_cpp.dir/rosidl_typesupport_fastrtps_cpp/ds4_driver_msgs/msg/detail/dds_fastrtps/trackpad__type_support.cpp.o[0m
[ 63%] [32mBuilding CXX object CMakeFiles/ds4_driver_msgs__rosidl_typesupport_introspection_cpp.dir/rosidl_typesupport_introspection_cpp/ds4_driver_msgs/msg/detail/status__type_support.cpp.o[0m
[ 65%] [32m[1mLinking CXX shared library libds4_driver_msgs__rosidl_typesupport_fastrtps_c.so[0m
[ 67%] [32mBuilding CXX object CMakeFiles/ds4_driver_msgs__rosidl_typesupport_introspection_cpp.dir/rosidl_typesupport_introspection_cpp/ds4_driver_msgs/msg/detail/report__type_support.cpp.o[0m
[ 69%] Built target ds4_driver_msgs__rosidl_typesupport_fastrtps_c
[ 70%] [32mBuilding CXX object CMakeFiles/ds4_driver_msgs__rosidl_typesupport_introspection_cpp.dir/rosidl_typesupport_introspection_cpp/ds4_driver_msgs/msg/detail/trackpad__type_support.cpp.o[0m
[ 72%] [32m[1mLinking CXX shared library libds4_driver_msgs__rosidl_typesupport_fastrtps_cpp.so[0m
[ 74%] Built target ds4_driver_msgs__rosidl_typesupport_fastrtps_cpp
[ 76%] [32m[1mLinking CXX shared library libds4_driver_msgs__rosidl_typesupport_introspection_cpp.so[0m
[ 78%] Built target ds4_driver_msgs__rosidl_typesupport_introspection_cpp
[ 78%] Built target ds4_driver_msgs
[ 80%] Built target ds4_driver_msgs__py
[35m[1mConsolidate compiler generated dependencies of target ds4_driver_msgs__rosidl_generator_py[0m
[ 85%] [32mBuilding C object CMakeFiles/ds4_driver_msgs__rosidl_generator_py.dir/rosidl_generator_py/ds4_driver_msgs/msg/_feedback_s.c.o[0m
[ 85%] [32mBuilding C object CMakeFiles/ds4_driver_msgs__rosidl_generator_py.dir/rosidl_generator_py/ds4_driver_msgs/msg/_report_s.c.o[0m
[ 87%] [32mBuilding C object CMakeFiles/ds4_driver_msgs__rosidl_generator_py.dir/rosidl_generator_py/ds4_driver_msgs/msg/_status_s.c.o[0m
[ 87%] [32mBuilding C object CMakeFiles/ds4_driver_msgs__rosidl_generator_py.dir/rosidl_generator_py/ds4_driver_msgs/msg/_trackpad_s.c.o[0m
[ 89%] [32m[1mLinking C shared library rosidl_generator_py/ds4_driver_msgs/libds4_driver_msgs__rosidl_generator_py.so[0m
[ 89%] Built target ds4_driver_msgs__rosidl_generator_py
[35m[1mConsolidate compiler generated dependencies of target ds4_driver_msgs__rosidl_typesupport_fastrtps_c__pyext[0m
[35m[1mConsolidate compiler generated dependencies of target ds4_driver_msgs__rosidl_typesupport_introspection_c__pyext[0m
[35m[1mConsolidate compiler generated dependencies of target ds4_driver_msgs__rosidl_typesupport_c__pyext[0m
[ 90%] [32mBuilding C object CMakeFiles/ds4_driver_msgs__rosidl_typesupport_fastrtps_c__pyext.dir/rosidl_generator_py/ds4_driver_msgs/_ds4_driver_msgs_s.ep.rosidl_typesupport_fastrtps_c.c.o[0m
[ 94%] [32mBuilding C object CMakeFiles/ds4_driver_msgs__rosidl_typesupport_c__pyext.dir/rosidl_generator_py/ds4_driver_msgs/_ds4_driver_msgs_s.ep.rosidl_typesupport_c.c.o[0m
[ 94%] [32mBuilding C object CMakeFiles/ds4_driver_msgs__rosidl_typesupport_introspection_c__pyext.dir/rosidl_generator_py/ds4_driver_msgs/_ds4_driver_msgs_s.ep.rosidl_typesupport_introspection_c.c.o[0m
[ 96%] [32m[1mLinking C shared library rosidl_generator_py/ds4_driver_msgs/ds4_driver_msgs_s__rosidl_typesupport_c.cpython-310-x86_64-linux-gnu.so[0m
[ 98%] [32m[1mLinking C shared library rosidl_generator_py/ds4_driver_msgs/ds4_driver_msgs_s__rosidl_typesupport_fastrtps_c.cpython-310-x86_64-linux-gnu.so[0m
[100%] [32m[1mLinking C shared library rosidl_generator_py/ds4_driver_msgs/ds4_driver_msgs_s__rosidl_typesupport_introspection_c.cpython-310-x86_64-linux-gnu.so[0m
[100%] Built target ds4_driver_msgs__rosidl_typesupport_fastrtps_c__pyext
[100%] Built target ds4_driver_msgs__rosidl_typesupport_c__pyext
[100%] Built target ds4_driver_msgs__rosidl_typesupport_introspection_c__pyext
