[0.066s] Invoking command in '/home/ndt/ros2car-ws/build/vesc_msgs': CMAKE_PREFIX_PATH=${CMAKE_PREFIX_PATH}:/home/ndt/ros2car-ws/install/drive_with_DS4:/opt/ros/humble /usr/bin/cmake /home/ndt/ros2car-ws/src/vesc/vesc_msgs -DCMAKE_INSTALL_PREFIX=/home/ndt/ros2car-ws/install/vesc_msgs
[0.712s] -- Found ament_cmake_auto: 1.3.4 (/opt/ros/humble/share/ament_cmake_auto/cmake)
[0.713s] -- Override CMake install command with custom implementation using symlinks instead of copying resources
[0.714s] -- Using all available rosidl_typesupport_c: rosidl_typesupport_fastrtps_c;rosidl_typesupport_introspection_c
[0.715s] -- Found rosidl_adapter: 3.1.4 (/opt/ros/humble/share/rosidl_adapter/cmake)
[0.716s] -- Using all available rosidl_typesupport_cpp: rosidl_typesupport_fastrtps_cpp;rosidl_typesupport_introspection_cpp
[0.882s] -- Found ament_cmake_ros: 0.10.0 (/opt/ros/humble/share/ament_cmake_ros/cmake)
[1.316s] -- Using all available rosidl_typesupport_c: rosidl_typesupport_fastrtps_c;rosidl_typesupport_introspection_c
[1.851s] -- Using all available rosidl_typesupport_cpp: rosidl_typesupport_fastrtps_cpp;rosidl_typesupport_introspection_cpp
[1.878s] -- Found python_cmake_module: 0.10.0 (/opt/ros/humble/share/python_cmake_module/cmake)
[1.910s] -- Using PYTHON_EXECUTABLE: /usr/bin/python3
[1.910s] -- Using PYTHON_INCLUDE_DIRS: /usr/include/python3.10
[1.911s] -- Using PYTHON_LIBRARIES: /usr/lib/x86_64-linux-gnu/libpython3.10.so
[1.967s] -- Found ament_lint_auto: 0.12.6 (/opt/ros/humble/share/ament_lint_auto/cmake)
[1.990s] -- Added test 'copyright' to check source files copyright and LICENSE
[1.992s] -- Added test 'lint_cmake' to check CMake code style
[1.993s] -- Added test 'xmllint' to check XML markup files
[1.995s] -- Configuring done
[2.050s] -- Generating done
[2.057s] -- Build files have been written to: /home/ndt/ros2car-ws/build/vesc_msgs
