[1.401s] Invoking command in '/home/ndt/ros2car-ws/build/drive_with_DS4': PYTHONPATH=/home/ndt/ros2car-ws/build/drive_with_DS4/prefix_override:/home/ndt/ros2car-ws/install/drive_with_DS4/lib/python3.10/site-packages:${PYTHONPATH} /usr/bin/python3 setup.py develop --editable --build-directory /home/ndt/ros2car-ws/build/drive_with_DS4/build --no-deps install_data
[1.886s] running develop
[1.886s] /usr/lib/python3/dist-packages/setuptools/command/easy_install.py:158: EasyInstallDeprecationWarning: easy_install command is deprecated. Use build and pip and other standards-based tools.
[1.887s]   warnings.warn(
[1.888s] /usr/lib/python3/dist-packages/setuptools/command/install.py:34: SetuptoolsDeprecationWarning: setup.py install is deprecated. Use build and pip and other standards-based tools.
[1.889s]   warnings.warn(
[2.018s] /usr/lib/python3/dist-packages/pkg_resources/__init__.py:116: PkgResourcesDeprecationWarning: 1.16.0-unknown is an invalid version and will not be supported in a future release
[2.019s]   warnings.warn(
[2.020s] /usr/lib/python3/dist-packages/pkg_resources/__init__.py:116: PkgResourcesDeprecationWarning: 0.1.43ubuntu1 is an invalid version and will not be supported in a future release
[2.020s]   warnings.warn(
[2.020s] /usr/lib/python3/dist-packages/pkg_resources/__init__.py:116: PkgResourcesDeprecationWarning: 1.1build1 is an invalid version and will not be supported in a future release
[2.021s]   warnings.warn(
[2.298s] running egg_info
[2.302s] writing drive_with_DS4.egg-info/PKG-INFO
[2.302s] writing dependency_links to drive_with_DS4.egg-info/dependency_links.txt
[2.303s] writing entry points to drive_with_DS4.egg-info/entry_points.txt
[2.303s] writing requirements to drive_with_DS4.egg-info/requires.txt
[2.304s] writing top-level names to drive_with_DS4.egg-info/top_level.txt
[2.304s] reading manifest file 'drive_with_DS4.egg-info/SOURCES.txt'
[2.305s] writing manifest file 'drive_with_DS4.egg-info/SOURCES.txt'
[2.305s] running build_ext
[2.305s] Creating /home/ndt/ros2car-ws/install/drive_with_DS4/lib/python3.10/site-packages/drive-with-DS4.egg-link (link to .)
[2.306s] Installing driver script to /home/ndt/ros2car-ws/install/drive_with_DS4/lib/drive_with_DS4
[2.306s] 
[2.307s] Installed /home/ndt/ros2car-ws/build/drive_with_DS4
[2.307s] running install_data
