[0.042s] Invoking command in '/home/ndt/ros2car-ws/build/vesc': AMENT_PREFIX_PATH=/home/ndt/ros2car-ws/install/vesc_driver:/home/ndt/ros2car-ws/install/serial_driver:/home/ndt/ros2car-ws/install/vesc_ackermann:/home/ndt/ros2car-ws/install/io_context:/home/ndt/ros2car-ws/install/vesc_msgs:${AMENT_PREFIX_PATH} CMAKE_PREFIX_PATH=/home/ndt/ros2car-ws/install/vesc_driver:/home/ndt/ros2car-ws/install/serial_driver:/home/ndt/ros2car-ws/install/vesc_ackermann:/home/ndt/ros2car-ws/install/io_context:/home/ndt/ros2car-ws/install/vesc_msgs:/home/ndt/ydlidar_ros2_ws/install/ydlidar_ros2_driver:/opt/ros/humble LD_LIBRARY_PATH=/home/ndt/ros2car-ws/install/vesc_driver/lib:/home/ndt/ros2car-ws/install/serial_driver/lib:/home/ndt/ros2car-ws/install/vesc_ackermann/lib:/home/ndt/ros2car-ws/install/io_context/lib:/home/ndt/ros2car-ws/install/vesc_msgs/lib:${LD_LIBRARY_PATH} PYTHONPATH=/home/ndt/ros2car-ws/install/vesc_msgs/local/lib/python3.10/dist-packages:${PYTHONPATH} /usr/bin/cmake --build /home/ndt/ros2car-ws/build/vesc -- -j6 -l6
[0.104s] Invoked command in '/home/ndt/ros2car-ws/build/vesc' returned '0': AMENT_PREFIX_PATH=/home/ndt/ros2car-ws/install/vesc_driver:/home/ndt/ros2car-ws/install/serial_driver:/home/ndt/ros2car-ws/install/vesc_ackermann:/home/ndt/ros2car-ws/install/io_context:/home/ndt/ros2car-ws/install/vesc_msgs:${AMENT_PREFIX_PATH} CMAKE_PREFIX_PATH=/home/ndt/ros2car-ws/install/vesc_driver:/home/ndt/ros2car-ws/install/serial_driver:/home/ndt/ros2car-ws/install/vesc_ackermann:/home/ndt/ros2car-ws/install/io_context:/home/ndt/ros2car-ws/install/vesc_msgs:/home/ndt/ydlidar_ros2_ws/install/ydlidar_ros2_driver:/opt/ros/humble LD_LIBRARY_PATH=/home/ndt/ros2car-ws/install/vesc_driver/lib:/home/ndt/ros2car-ws/install/serial_driver/lib:/home/ndt/ros2car-ws/install/vesc_ackermann/lib:/home/ndt/ros2car-ws/install/io_context/lib:/home/ndt/ros2car-ws/install/vesc_msgs/lib:${LD_LIBRARY_PATH} PYTHONPATH=/home/ndt/ros2car-ws/install/vesc_msgs/local/lib/python3.10/dist-packages:${PYTHONPATH} /usr/bin/cmake --build /home/ndt/ros2car-ws/build/vesc -- -j6 -l6
[0.158s] Invoking command in '/home/ndt/ros2car-ws/build/vesc': AMENT_PREFIX_PATH=/home/ndt/ros2car-ws/install/vesc_driver:/home/ndt/ros2car-ws/install/serial_driver:/home/ndt/ros2car-ws/install/vesc_ackermann:/home/ndt/ros2car-ws/install/io_context:/home/ndt/ros2car-ws/install/vesc_msgs:${AMENT_PREFIX_PATH} CMAKE_PREFIX_PATH=/home/ndt/ros2car-ws/install/vesc_driver:/home/ndt/ros2car-ws/install/serial_driver:/home/ndt/ros2car-ws/install/vesc_ackermann:/home/ndt/ros2car-ws/install/io_context:/home/ndt/ros2car-ws/install/vesc_msgs:/home/ndt/ydlidar_ros2_ws/install/ydlidar_ros2_driver:/opt/ros/humble LD_LIBRARY_PATH=/home/ndt/ros2car-ws/install/vesc_driver/lib:/home/ndt/ros2car-ws/install/serial_driver/lib:/home/ndt/ros2car-ws/install/vesc_ackermann/lib:/home/ndt/ros2car-ws/install/io_context/lib:/home/ndt/ros2car-ws/install/vesc_msgs/lib:${LD_LIBRARY_PATH} PYTHONPATH=/home/ndt/ros2car-ws/install/vesc_msgs/local/lib/python3.10/dist-packages:${PYTHONPATH} /usr/bin/cmake --install /home/ndt/ros2car-ws/build/vesc
[0.167s] -- Install configuration: ""
[0.167s] -- Up-to-date: /home/ndt/ros2car-ws/install/vesc/share/ament_index/resource_index/package_run_dependencies/vesc
[0.167s] -- Up-to-date: /home/ndt/ros2car-ws/install/vesc/share/ament_index/resource_index/parent_prefix_path/vesc
[0.167s] -- Up-to-date: /home/ndt/ros2car-ws/install/vesc/share/vesc/environment/ament_prefix_path.sh
[0.168s] -- Up-to-date: /home/ndt/ros2car-ws/install/vesc/share/vesc/environment/ament_prefix_path.dsv
[0.168s] -- Up-to-date: /home/ndt/ros2car-ws/install/vesc/share/vesc/environment/path.sh
[0.168s] -- Up-to-date: /home/ndt/ros2car-ws/install/vesc/share/vesc/environment/path.dsv
[0.168s] -- Up-to-date: /home/ndt/ros2car-ws/install/vesc/share/vesc/local_setup.bash
[0.168s] -- Up-to-date: /home/ndt/ros2car-ws/install/vesc/share/vesc/local_setup.sh
[0.168s] -- Up-to-date: /home/ndt/ros2car-ws/install/vesc/share/vesc/local_setup.zsh
[0.168s] -- Up-to-date: /home/ndt/ros2car-ws/install/vesc/share/vesc/local_setup.dsv
[0.168s] -- Installing: /home/ndt/ros2car-ws/install/vesc/share/vesc/package.dsv
[0.168s] -- Up-to-date: /home/ndt/ros2car-ws/install/vesc/share/ament_index/resource_index/packages/vesc
[0.168s] -- Up-to-date: /home/ndt/ros2car-ws/install/vesc/share/vesc/cmake/vescConfig.cmake
[0.169s] -- Up-to-date: /home/ndt/ros2car-ws/install/vesc/share/vesc/cmake/vescConfig-version.cmake
[0.169s] -- Up-to-date: /home/ndt/ros2car-ws/install/vesc/share/vesc/package.xml
[0.170s] Invoked command in '/home/ndt/ros2car-ws/build/vesc' returned '0': AMENT_PREFIX_PATH=/home/ndt/ros2car-ws/install/vesc_driver:/home/ndt/ros2car-ws/install/serial_driver:/home/ndt/ros2car-ws/install/vesc_ackermann:/home/ndt/ros2car-ws/install/io_context:/home/ndt/ros2car-ws/install/vesc_msgs:${AMENT_PREFIX_PATH} CMAKE_PREFIX_PATH=/home/ndt/ros2car-ws/install/vesc_driver:/home/ndt/ros2car-ws/install/serial_driver:/home/ndt/ros2car-ws/install/vesc_ackermann:/home/ndt/ros2car-ws/install/io_context:/home/ndt/ros2car-ws/install/vesc_msgs:/home/ndt/ydlidar_ros2_ws/install/ydlidar_ros2_driver:/opt/ros/humble LD_LIBRARY_PATH=/home/ndt/ros2car-ws/install/vesc_driver/lib:/home/ndt/ros2car-ws/install/serial_driver/lib:/home/ndt/ros2car-ws/install/vesc_ackermann/lib:/home/ndt/ros2car-ws/install/io_context/lib:/home/ndt/ros2car-ws/install/vesc_msgs/lib:${LD_LIBRARY_PATH} PYTHONPATH=/home/ndt/ros2car-ws/install/vesc_msgs/local/lib/python3.10/dist-packages:${PYTHONPATH} /usr/bin/cmake --install /home/ndt/ros2car-ws/build/vesc
