[0.434s] Invoking command in '/home/ndt/ros2car-ws/build/ydlidar_ros2_driver': CMAKE_PREFIX_PATH=${CMAKE_PREFIX_PATH}:/opt/ros/humble /usr/bin/cmake --build /home/ndt/ros2car-ws/build/ydlidar_ros2_driver -- -j6 -l6
[0.574s] [ 50%] Built target ydlidar_ros2_driver_node
[0.604s] [100%] Built target ydlidar_ros2_driver_client
[0.639s] Invoked command in '/home/ndt/ros2car-ws/build/ydlidar_ros2_driver' returned '0': CMAKE_PREFIX_PATH=${CMAKE_PREFIX_PATH}:/opt/ros/humble /usr/bin/cmake --build /home/ndt/ros2car-ws/build/ydlidar_ros2_driver -- -j6 -l6
[0.728s] Invoking command in '/home/ndt/ros2car-ws/build/ydlidar_ros2_driver': CMAKE_PREFIX_PATH=${CMAKE_PREFIX_PATH}:/opt/ros/humble /usr/bin/cmake --install /home/ndt/ros2car-ws/build/ydlidar_ros2_driver
[0.743s] -- Install configuration: ""
[0.744s] -- Up-to-date: /home/ndt/ros2car-ws/install/ydlidar_ros2_driver/lib/ydlidar_ros2_driver/ydlidar_ros2_driver_node
[0.745s] -- Up-to-date: /home/ndt/ros2car-ws/install/ydlidar_ros2_driver/lib/ydlidar_ros2_driver/ydlidar_ros2_driver_client
[0.746s] -- Up-to-date: /home/ndt/ros2car-ws/install/ydlidar_ros2_driver/share/ydlidar_ros2_driver/launch
[0.747s] -- Up-to-date: /home/ndt/ros2car-ws/install/ydlidar_ros2_driver/share/ydlidar_ros2_driver/launch/ydlidar.py
[0.748s] -- Up-to-date: /home/ndt/ros2car-ws/install/ydlidar_ros2_driver/share/ydlidar_ros2_driver/launch/ydlidar_launch.py
[0.748s] -- Up-to-date: /home/ndt/ros2car-ws/install/ydlidar_ros2_driver/share/ydlidar_ros2_driver/launch/ydlidar_launch_view.py
[0.748s] -- Up-to-date: /home/ndt/ros2car-ws/install/ydlidar_ros2_driver/share/ydlidar_ros2_driver/params
[0.748s] -- Up-to-date: /home/ndt/ros2car-ws/install/ydlidar_ros2_driver/share/ydlidar_ros2_driver/params/G2.yaml
[0.748s] -- Up-to-date: /home/ndt/ros2car-ws/install/ydlidar_ros2_driver/share/ydlidar_ros2_driver/params/G1.yaml
[0.748s] -- Up-to-date: /home/ndt/ros2car-ws/install/ydlidar_ros2_driver/share/ydlidar_ros2_driver/params/X4.yaml
[0.748s] -- Up-to-date: /home/ndt/ros2car-ws/install/ydlidar_ros2_driver/share/ydlidar_ros2_driver/params/X2.yaml
[0.748s] -- Up-to-date: /home/ndt/ros2car-ws/install/ydlidar_ros2_driver/share/ydlidar_ros2_driver/params/TminiPro.yaml
[0.748s] -- Up-to-date: /home/ndt/ros2car-ws/install/ydlidar_ros2_driver/share/ydlidar_ros2_driver/params/ydlidar.yaml
[0.749s] -- Up-to-date: /home/ndt/ros2car-ws/install/ydlidar_ros2_driver/share/ydlidar_ros2_driver/params/TG.yaml
[0.749s] -- Up-to-date: /home/ndt/ros2car-ws/install/ydlidar_ros2_driver/share/ydlidar_ros2_driver/params/ydlidar.yaml.orig
[0.749s] -- Up-to-date: /home/ndt/ros2car-ws/install/ydlidar_ros2_driver/share/ydlidar_ros2_driver/params/G6.yaml
[0.749s] -- Up-to-date: /home/ndt/ros2car-ws/install/ydlidar_ros2_driver/share/ydlidar_ros2_driver/startup
[0.749s] -- Up-to-date: /home/ndt/ros2car-ws/install/ydlidar_ros2_driver/share/ydlidar_ros2_driver/startup/initenv.sh
[0.749s] -- Up-to-date: /home/ndt/ros2car-ws/install/ydlidar_ros2_driver/share/ydlidar_ros2_driver/config
[0.749s] -- Up-to-date: /home/ndt/ros2car-ws/install/ydlidar_ros2_driver/share/ydlidar_ros2_driver/config/ydlidar.rviz
[0.750s] -- Up-to-date: /home/ndt/ros2car-ws/install/ydlidar_ros2_driver/share/ament_index/resource_index/package_run_dependencies/ydlidar_ros2_driver
[0.750s] -- Up-to-date: /home/ndt/ros2car-ws/install/ydlidar_ros2_driver/share/ament_index/resource_index/parent_prefix_path/ydlidar_ros2_driver
[0.750s] -- Up-to-date: /home/ndt/ros2car-ws/install/ydlidar_ros2_driver/share/ydlidar_ros2_driver/environment/ament_prefix_path.sh
[0.751s] -- Up-to-date: /home/ndt/ros2car-ws/install/ydlidar_ros2_driver/share/ydlidar_ros2_driver/environment/ament_prefix_path.dsv
[0.751s] -- Up-to-date: /home/ndt/ros2car-ws/install/ydlidar_ros2_driver/share/ydlidar_ros2_driver/environment/path.sh
[0.751s] -- Up-to-date: /home/ndt/ros2car-ws/install/ydlidar_ros2_driver/share/ydlidar_ros2_driver/environment/path.dsv
[0.752s] -- Up-to-date: /home/ndt/ros2car-ws/install/ydlidar_ros2_driver/share/ydlidar_ros2_driver/local_setup.bash
[0.752s] -- Up-to-date: /home/ndt/ros2car-ws/install/ydlidar_ros2_driver/share/ydlidar_ros2_driver/local_setup.sh
[0.755s] -- Up-to-date: /home/ndt/ros2car-ws/install/ydlidar_ros2_driver/share/ydlidar_ros2_driver/local_setup.zsh
[0.755s] -- Up-to-date: /home/ndt/ros2car-ws/install/ydlidar_ros2_driver/share/ydlidar_ros2_driver/local_setup.dsv
[0.756s] -- Installing: /home/ndt/ros2car-ws/install/ydlidar_ros2_driver/share/ydlidar_ros2_driver/package.dsv
[0.756s] -- Up-to-date: /home/ndt/ros2car-ws/install/ydlidar_ros2_driver/share/ament_index/resource_index/packages/ydlidar_ros2_driver
[0.756s] -- Up-to-date: /home/ndt/ros2car-ws/install/ydlidar_ros2_driver/share/ydlidar_ros2_driver/cmake/ydlidar_ros2_driverConfig.cmake
[0.756s] -- Up-to-date: /home/ndt/ros2car-ws/install/ydlidar_ros2_driver/share/ydlidar_ros2_driver/cmake/ydlidar_ros2_driverConfig-version.cmake
[0.756s] -- Up-to-date: /home/ndt/ros2car-ws/install/ydlidar_ros2_driver/share/ydlidar_ros2_driver/package.xml
[0.756s] Invoked command in '/home/ndt/ros2car-ws/build/ydlidar_ros2_driver' returned '0': CMAKE_PREFIX_PATH=${CMAKE_PREFIX_PATH}:/opt/ros/humble /usr/bin/cmake --install /home/ndt/ros2car-ws/build/ydlidar_ros2_driver
