[0.017s] Invoking command in '/home/ndt/ros2car-ws/build/vesc_ackermann': AMENT_PREFIX_PATH=/home/ndt/ros2car-ws/install/vesc_msgs:${AMENT_PREFIX_PATH} CMAKE_PREFIX_PATH=/home/ndt/ros2car-ws/install/vesc_msgs:/home/ndt/ydlidar_ros2_ws/install/ydlidar_ros2_driver:/opt/ros/humble LD_LIBRARY_PATH=/home/ndt/ros2car-ws/install/vesc_msgs/lib:${LD_LIBRARY_PATH} PYTHONPATH=/home/ndt/ros2car-ws/install/vesc_msgs/local/lib/python3.10/dist-packages:${PYTHONPATH} /usr/bin/cmake /home/ndt/ros2car-ws/src/vesc/vesc_ackermann -DCMAKE_INSTALL_PREFIX=/home/ndt/ros2car-ws/install/vesc_ackermann
[0.111s] -- The C compiler identification is GNU 11.3.0
[0.199s] -- The CXX compiler identification is GNU 11.3.0
[0.210s] -- Detecting C compiler ABI info
[0.325s] -- Detecting C compiler ABI info - done
[0.334s] -- Check for working C compiler: /usr/bin/cc - skipped
[0.334s] -- Detecting C compile features
[0.335s] -- Detecting C compile features - done
[0.339s] -- Detecting CXX compiler ABI info
[0.477s] -- Detecting CXX compiler ABI info - done
[0.485s] -- Check for working CXX compiler: /usr/bin/c++ - skipped
[0.485s] -- Detecting CXX compile features
[0.486s] -- Detecting CXX compile features - done
[0.489s] -- Found ament_cmake_auto: 1.3.4 (/opt/ros/humble/share/ament_cmake_auto/cmake)
[0.717s] -- Found Python3: /usr/bin/python3.10 (found version "3.10.6") found components: Interpreter 
[0.952s] -- Found rosidl_generator_c: 3.1.4 (/opt/ros/humble/share/rosidl_generator_c/cmake)
[0.959s] -- Found rosidl_adapter: 3.1.4 (/opt/ros/humble/share/rosidl_adapter/cmake)
[0.971s] -- Found rosidl_generator_cpp: 3.1.4 (/opt/ros/humble/share/rosidl_generator_cpp/cmake)
[0.989s] -- Using all available rosidl_typesupport_c: rosidl_typesupport_fastrtps_c;rosidl_typesupport_introspection_c
[1.015s] -- Using all available rosidl_typesupport_cpp: rosidl_typesupport_fastrtps_cpp;rosidl_typesupport_introspection_cpp
[1.408s] -- Found rmw_implementation_cmake: 6.1.1 (/opt/ros/humble/share/rmw_implementation_cmake/cmake)
[1.414s] -- Found rmw_fastrtps_cpp: 6.2.2 (/opt/ros/humble/share/rmw_fastrtps_cpp/cmake)
[1.579s] -- Found OpenSSL: /usr/lib/x86_64-linux-gnu/libcrypto.so (found version "3.0.2")  
[1.617s] -- Found FastRTPS: /opt/ros/humble/include  
[1.682s] -- Using RMW implementation 'rmw_fastrtps_cpp' as default
[1.695s] -- Looking for pthread.h
[1.820s] -- Looking for pthread.h - found
[1.821s] -- Performing Test CMAKE_HAVE_LIBC_PTHREAD
[1.960s] -- Performing Test CMAKE_HAVE_LIBC_PTHREAD - Success
[1.962s] -- Found Threads: TRUE  
[2.677s] -- Found ament_lint_auto: 0.12.6 (/opt/ros/humble/share/ament_lint_auto/cmake)
[2.706s] -- Added test 'copyright' to check source files copyright and LICENSE
[2.709s] -- Added test 'cppcheck' to perform static code analysis on C / C++ code
[2.709s] -- Configured cppcheck include dirs: /home/ndt/ros2car-ws/src/vesc/vesc_ackermann/include
[2.709s] -- Configured cppcheck exclude dirs and/or files: 
[2.713s] -- Added test 'cpplint' to check C / C++ code against the Google style
[2.713s] -- Configured cpplint exclude dirs and/or files: 
[2.714s] -- Added test 'lint_cmake' to check CMake code style
[2.717s] -- Added test 'uncrustify' to check C / C++ code style
[2.717s] -- Configured uncrustify additional arguments: 
[2.718s] -- Added test 'xmllint' to check XML markup files
[2.726s] -- Configuring done
[2.767s] -- Generating done
[2.771s] -- Build files have been written to: /home/ndt/ros2car-ws/build/vesc_ackermann
[2.785s] Invoked command in '/home/ndt/ros2car-ws/build/vesc_ackermann' returned '0': AMENT_PREFIX_PATH=/home/ndt/ros2car-ws/install/vesc_msgs:${AMENT_PREFIX_PATH} CMAKE_PREFIX_PATH=/home/ndt/ros2car-ws/install/vesc_msgs:/home/ndt/ydlidar_ros2_ws/install/ydlidar_ros2_driver:/opt/ros/humble LD_LIBRARY_PATH=/home/ndt/ros2car-ws/install/vesc_msgs/lib:${LD_LIBRARY_PATH} PYTHONPATH=/home/ndt/ros2car-ws/install/vesc_msgs/local/lib/python3.10/dist-packages:${PYTHONPATH} /usr/bin/cmake /home/ndt/ros2car-ws/src/vesc/vesc_ackermann -DCMAKE_INSTALL_PREFIX=/home/ndt/ros2car-ws/install/vesc_ackermann
[2.788s] Invoking command in '/home/ndt/ros2car-ws/build/vesc_ackermann': AMENT_PREFIX_PATH=/home/ndt/ros2car-ws/install/vesc_msgs:${AMENT_PREFIX_PATH} CMAKE_PREFIX_PATH=/home/ndt/ros2car-ws/install/vesc_msgs:/home/ndt/ydlidar_ros2_ws/install/ydlidar_ros2_driver:/opt/ros/humble LD_LIBRARY_PATH=/home/ndt/ros2car-ws/install/vesc_msgs/lib:${LD_LIBRARY_PATH} PYTHONPATH=/home/ndt/ros2car-ws/install/vesc_msgs/local/lib/python3.10/dist-packages:${PYTHONPATH} /usr/bin/cmake --build /home/ndt/ros2car-ws/build/vesc_ackermann -- -j6 -l6
[2.890s] [ 14%] [32mBuilding CXX object CMakeFiles/vesc_ackermann.dir/src/ackermann_to_vesc.cpp.o[0m
[2.891s] [ 28%] [32mBuilding CXX object CMakeFiles/ackermann_to_vesc_node.dir/rclcpp_components/node_main_ackermann_to_vesc_node.cpp.o[0m
[2.891s] [ 42%] [32mBuilding CXX object CMakeFiles/vesc_ackermann.dir/src/vesc_to_odom.cpp.o[0m
[2.894s] [ 57%] [32mBuilding CXX object CMakeFiles/vesc_to_odom_node.dir/rclcpp_components/node_main_vesc_to_odom_node.cpp.o[0m
[10.890s] [ 71%] [32m[1mLinking CXX executable ackermann_to_vesc_node[0m
[11.519s] [ 71%] Built target ackermann_to_vesc_node
[12.114s] [ 85%] [32m[1mLinking CXX executable vesc_to_odom_node[0m
[12.548s] [ 85%] Built target vesc_to_odom_node
[24.922s] [100%] [32m[1mLinking CXX shared library libvesc_ackermann.so[0m
[26.437s] [100%] Built target vesc_ackermann
[26.458s] Invoked command in '/home/ndt/ros2car-ws/build/vesc_ackermann' returned '0': AMENT_PREFIX_PATH=/home/ndt/ros2car-ws/install/vesc_msgs:${AMENT_PREFIX_PATH} CMAKE_PREFIX_PATH=/home/ndt/ros2car-ws/install/vesc_msgs:/home/ndt/ydlidar_ros2_ws/install/ydlidar_ros2_driver:/opt/ros/humble LD_LIBRARY_PATH=/home/ndt/ros2car-ws/install/vesc_msgs/lib:${LD_LIBRARY_PATH} PYTHONPATH=/home/ndt/ros2car-ws/install/vesc_msgs/local/lib/python3.10/dist-packages:${PYTHONPATH} /usr/bin/cmake --build /home/ndt/ros2car-ws/build/vesc_ackermann -- -j6 -l6
[26.542s] Invoking command in '/home/ndt/ros2car-ws/build/vesc_ackermann': AMENT_PREFIX_PATH=/home/ndt/ros2car-ws/install/vesc_msgs:${AMENT_PREFIX_PATH} CMAKE_PREFIX_PATH=/home/ndt/ros2car-ws/install/vesc_msgs:/home/ndt/ydlidar_ros2_ws/install/ydlidar_ros2_driver:/opt/ros/humble LD_LIBRARY_PATH=/home/ndt/ros2car-ws/install/vesc_msgs/lib:${LD_LIBRARY_PATH} PYTHONPATH=/home/ndt/ros2car-ws/install/vesc_msgs/local/lib/python3.10/dist-packages:${PYTHONPATH} /usr/bin/cmake --install /home/ndt/ros2car-ws/build/vesc_ackermann
[26.556s] -- Install configuration: ""
[26.557s] -- Installing: /home/ndt/ros2car-ws/install/vesc_ackermann/lib/vesc_ackermann/ackermann_to_vesc_node
[26.558s] -- Set runtime path of "/home/ndt/ros2car-ws/install/vesc_ackermann/lib/vesc_ackermann/ackermann_to_vesc_node" to ""
[26.558s] -- Installing: /home/ndt/ros2car-ws/install/vesc_ackermann/lib/vesc_ackermann/vesc_to_odom_node
[26.560s] -- Set runtime path of "/home/ndt/ros2car-ws/install/vesc_ackermann/lib/vesc_ackermann/vesc_to_odom_node" to ""
[26.560s] -- Installing: /home/ndt/ros2car-ws/install/vesc_ackermann/include
[26.561s] -- Installing: /home/ndt/ros2car-ws/install/vesc_ackermann/include/vesc_ackermann
[26.561s] -- Installing: /home/ndt/ros2car-ws/install/vesc_ackermann/include/vesc_ackermann/vesc_to_odom.hpp
[26.561s] -- Installing: /home/ndt/ros2car-ws/install/vesc_ackermann/include/vesc_ackermann/ackermann_to_vesc.hpp
[26.561s] -- Installing: /home/ndt/ros2car-ws/install/vesc_ackermann/share/vesc_ackermann/environment/library_path.sh
[26.562s] -- Installing: /home/ndt/ros2car-ws/install/vesc_ackermann/share/vesc_ackermann/environment/library_path.dsv
[26.562s] -- Installing: /home/ndt/ros2car-ws/install/vesc_ackermann/lib/libvesc_ackermann.so
[26.598s] -- Set runtime path of "/home/ndt/ros2car-ws/install/vesc_ackermann/lib/libvesc_ackermann.so" to ""
[26.598s] -- Installing: /home/ndt/ros2car-ws/install/vesc_ackermann/share/vesc_ackermann/launch
[26.598s] -- Installing: /home/ndt/ros2car-ws/install/vesc_ackermann/share/vesc_ackermann/launch/vesc_to_odom_node.launch.xml
[26.598s] -- Installing: /home/ndt/ros2car-ws/install/vesc_ackermann/share/vesc_ackermann/launch/ackermann_to_vesc_node.launch.xml
[26.598s] -- Installing: /home/ndt/ros2car-ws/install/vesc_ackermann/share/ament_index/resource_index/package_run_dependencies/vesc_ackermann
[26.599s] -- Installing: /home/ndt/ros2car-ws/install/vesc_ackermann/share/ament_index/resource_index/parent_prefix_path/vesc_ackermann
[26.599s] -- Installing: /home/ndt/ros2car-ws/install/vesc_ackermann/share/vesc_ackermann/environment/ament_prefix_path.sh
[26.600s] -- Installing: /home/ndt/ros2car-ws/install/vesc_ackermann/share/vesc_ackermann/environment/ament_prefix_path.dsv
[26.600s] -- Installing: /home/ndt/ros2car-ws/install/vesc_ackermann/share/vesc_ackermann/environment/path.sh
[26.600s] -- Installing: /home/ndt/ros2car-ws/install/vesc_ackermann/share/vesc_ackermann/environment/path.dsv
[26.600s] -- Installing: /home/ndt/ros2car-ws/install/vesc_ackermann/share/vesc_ackermann/local_setup.bash
[26.601s] -- Installing: /home/ndt/ros2car-ws/install/vesc_ackermann/share/vesc_ackermann/local_setup.sh
[26.601s] -- Installing: /home/ndt/ros2car-ws/install/vesc_ackermann/share/vesc_ackermann/local_setup.zsh
[26.601s] -- Installing: /home/ndt/ros2car-ws/install/vesc_ackermann/share/vesc_ackermann/local_setup.dsv
[26.602s] -- Installing: /home/ndt/ros2car-ws/install/vesc_ackermann/share/vesc_ackermann/package.dsv
[26.602s] -- Installing: /home/ndt/ros2car-ws/install/vesc_ackermann/share/ament_index/resource_index/packages/vesc_ackermann
[26.602s] -- Installing: /home/ndt/ros2car-ws/install/vesc_ackermann/share/ament_index/resource_index/rclcpp_components/vesc_ackermann
[26.602s] -- Installing: /home/ndt/ros2car-ws/install/vesc_ackermann/share/vesc_ackermann/cmake/ament_cmake_export_dependencies-extras.cmake
[26.603s] -- Installing: /home/ndt/ros2car-ws/install/vesc_ackermann/share/vesc_ackermann/cmake/ament_cmake_export_include_directories-extras.cmake
[26.603s] -- Installing: /home/ndt/ros2car-ws/install/vesc_ackermann/share/vesc_ackermann/cmake/ament_cmake_export_libraries-extras.cmake
[26.603s] -- Installing: /home/ndt/ros2car-ws/install/vesc_ackermann/share/vesc_ackermann/cmake/vesc_ackermannConfig.cmake
[26.604s] -- Installing: /home/ndt/ros2car-ws/install/vesc_ackermann/share/vesc_ackermann/cmake/vesc_ackermannConfig-version.cmake
[26.604s] -- Installing: /home/ndt/ros2car-ws/install/vesc_ackermann/share/vesc_ackermann/package.xml
[26.608s] Invoked command in '/home/ndt/ros2car-ws/build/vesc_ackermann' returned '0': AMENT_PREFIX_PATH=/home/ndt/ros2car-ws/install/vesc_msgs:${AMENT_PREFIX_PATH} CMAKE_PREFIX_PATH=/home/ndt/ros2car-ws/install/vesc_msgs:/home/ndt/ydlidar_ros2_ws/install/ydlidar_ros2_driver:/opt/ros/humble LD_LIBRARY_PATH=/home/ndt/ros2car-ws/install/vesc_msgs/lib:${LD_LIBRARY_PATH} PYTHONPATH=/home/ndt/ros2car-ws/install/vesc_msgs/local/lib/python3.10/dist-packages:${PYTHONPATH} /usr/bin/cmake --install /home/ndt/ros2car-ws/build/vesc_ackermann
