[0.013s] Invoking command in '/home/ndt/ros2car-ws/build/io_context': AMENT_PREFIX_PATH=/home/ndt/ros2car-ws/install/asio_cmake_module:${AMENT_PREFIX_PATH} CMAKE_PREFIX_PATH=/home/ndt/ros2car-ws/install/asio_cmake_module:/home/ndt/ydlidar_ros2_ws/install/ydlidar_ros2_driver:/opt/ros/humble /usr/bin/cmake /home/ndt/ros2car-ws/src/transport_drivers/io_context -DCMAKE_INSTALL_PREFIX=/home/ndt/ros2car-ws/install/io_context
[0.103s] -- The C compiler identification is GNU 11.3.0
[0.186s] -- The CXX compiler identification is GNU 11.3.0
[0.196s] -- Detecting C compiler ABI info
[0.304s] -- Detecting C compiler ABI info - done
[0.310s] -- Check for working C compiler: /usr/bin/cc - skipped
[0.311s] -- Detecting C compile features
[0.311s] -- Detecting C compile features - done
[0.315s] -- Detecting CXX compiler ABI info
[0.438s] -- Detecting CXX compiler ABI info - done
[0.446s] -- Check for working CXX compiler: /usr/bin/c++ - skipped
[0.447s] -- Detecting CXX compile features
[0.447s] -- Detecting CXX compile features - done
[0.450s] -- Found ament_cmake_auto: 1.3.4 (/opt/ros/humble/share/ament_cmake_auto/cmake)
[0.655s] -- Found Python3: /usr/bin/python3.10 (found version "3.10.6") found components: Interpreter 
[0.894s] -- Found rosidl_generator_c: 3.1.4 (/opt/ros/humble/share/rosidl_generator_c/cmake)
[0.900s] -- Found rosidl_adapter: 3.1.4 (/opt/ros/humble/share/rosidl_adapter/cmake)
[0.912s] -- Found rosidl_generator_cpp: 3.1.4 (/opt/ros/humble/share/rosidl_generator_cpp/cmake)
[0.931s] -- Using all available rosidl_typesupport_c: rosidl_typesupport_fastrtps_c;rosidl_typesupport_introspection_c
[0.959s] -- Using all available rosidl_typesupport_cpp: rosidl_typesupport_fastrtps_cpp;rosidl_typesupport_introspection_cpp
[1.049s] -- Found rmw_implementation_cmake: 6.1.1 (/opt/ros/humble/share/rmw_implementation_cmake/cmake)
[1.052s] -- Found rmw_fastrtps_cpp: 6.2.2 (/opt/ros/humble/share/rmw_fastrtps_cpp/cmake)
[1.195s] -- Found OpenSSL: /usr/lib/x86_64-linux-gnu/libcrypto.so (found version "3.0.2")  
[1.234s] -- Found FastRTPS: /opt/ros/humble/include  
[1.294s] -- Using RMW implementation 'rmw_fastrtps_cpp' as default
[1.308s] -- Looking for pthread.h
[1.430s] -- Looking for pthread.h - found
[1.430s] -- Performing Test CMAKE_HAVE_LIBC_PTHREAD
[1.557s] -- Performing Test CMAKE_HAVE_LIBC_PTHREAD - Success
[1.559s] -- Found Threads: TRUE  
[1.828s] -- Found ASIO: /usr/include  
[1.832s] -- Found ament_lint_auto: 0.12.6 (/opt/ros/humble/share/ament_lint_auto/cmake)
[1.861s] -- Found gtest sources under '/opt/ros/humble/src/gtest_vendor': C++ tests using 'Google Test' will be built
[1.870s] -- Added test 'copyright' to check source files copyright and LICENSE
[1.873s] -- Added test 'cppcheck' to perform static code analysis on C / C++ code
[1.874s] -- Configured cppcheck include dirs: /home/ndt/ros2car-ws/src/transport_drivers/io_context/include
[1.874s] -- Configured cppcheck exclude dirs and/or files: 
[1.877s] -- Added test 'cpplint' to check C / C++ code against the Google style
[1.877s] -- Configured cpplint exclude dirs and/or files: 
[1.878s] -- Added test 'lint_cmake' to check CMake code style
[1.881s] -- Added test 'uncrustify' to check C / C++ code style
[1.882s] -- Configured uncrustify additional arguments: 
[1.882s] -- Added test 'xmllint' to check XML markup files
[1.887s] -- Configuring done
[1.912s] -- Generating done
[1.915s] -- Build files have been written to: /home/ndt/ros2car-ws/build/io_context
[1.928s] Invoked command in '/home/ndt/ros2car-ws/build/io_context' returned '0': AMENT_PREFIX_PATH=/home/ndt/ros2car-ws/install/asio_cmake_module:${AMENT_PREFIX_PATH} CMAKE_PREFIX_PATH=/home/ndt/ros2car-ws/install/asio_cmake_module:/home/ndt/ydlidar_ros2_ws/install/ydlidar_ros2_driver:/opt/ros/humble /usr/bin/cmake /home/ndt/ros2car-ws/src/transport_drivers/io_context -DCMAKE_INSTALL_PREFIX=/home/ndt/ros2car-ws/install/io_context
[1.931s] Invoking command in '/home/ndt/ros2car-ws/build/io_context': AMENT_PREFIX_PATH=/home/ndt/ros2car-ws/install/asio_cmake_module:${AMENT_PREFIX_PATH} CMAKE_PREFIX_PATH=/home/ndt/ros2car-ws/install/asio_cmake_module:/home/ndt/ydlidar_ros2_ws/install/ydlidar_ros2_driver:/opt/ros/humble /usr/bin/cmake --build /home/ndt/ros2car-ws/build/io_context -- -j6 -l6
[2.045s] [ 11%] [32mBuilding CXX object gtest/CMakeFiles/gtest_main.dir/src/gtest_main.cc.o[0m
[2.053s] [ 22%] [32mBuilding CXX object CMakeFiles/io_context.dir/src/io_context.cpp.o[0m
[2.056s] [ 33%] [32mBuilding CXX object CMakeFiles/io_context.dir/src/msg_converters/std_msgs.cpp.o[0m
[2.076s] [ 44%] [32mBuilding CXX object gtest/CMakeFiles/gtest.dir/src/gtest-all.cc.o[0m
[3.038s] [ 55%] [32m[1mLinking CXX static library libgtest_main.a[0m
[3.295s] [ 55%] Built target gtest_main
[5.724s] [ 66%] [32m[1mLinking CXX shared library libio_context.so[0m
[5.912s] [ 66%] Built target io_context
[6.378s] [ 77%] [32m[1mLinking CXX static library libgtest.a[0m
[6.487s] [ 77%] Built target gtest
[6.521s] [ 88%] [32mBuilding CXX object CMakeFiles/test_io_context.dir/test/test_io_context.cpp.o[0m
[9.549s] [100%] [32m[1mLinking CXX executable test_io_context[0m
[9.824s] [100%] Built target test_io_context
[9.841s] Invoked command in '/home/ndt/ros2car-ws/build/io_context' returned '0': AMENT_PREFIX_PATH=/home/ndt/ros2car-ws/install/asio_cmake_module:${AMENT_PREFIX_PATH} CMAKE_PREFIX_PATH=/home/ndt/ros2car-ws/install/asio_cmake_module:/home/ndt/ydlidar_ros2_ws/install/ydlidar_ros2_driver:/opt/ros/humble /usr/bin/cmake --build /home/ndt/ros2car-ws/build/io_context -- -j6 -l6
[9.921s] Invoking command in '/home/ndt/ros2car-ws/build/io_context': AMENT_PREFIX_PATH=/home/ndt/ros2car-ws/install/asio_cmake_module:${AMENT_PREFIX_PATH} CMAKE_PREFIX_PATH=/home/ndt/ros2car-ws/install/asio_cmake_module:/home/ndt/ydlidar_ros2_ws/install/ydlidar_ros2_driver:/opt/ros/humble /usr/bin/cmake --install /home/ndt/ros2car-ws/build/io_context
[9.932s] -- Install configuration: ""
[9.932s] -- Installing: /home/ndt/ros2car-ws/install/io_context/include
[9.932s] -- Installing: /home/ndt/ros2car-ws/install/io_context/include/msg_converters
[9.932s] -- Installing: /home/ndt/ros2car-ws/install/io_context/include/msg_converters/udp_msgs.hpp
[9.933s] -- Installing: /home/ndt/ros2car-ws/install/io_context/include/msg_converters/converters.hpp
[9.933s] -- Installing: /home/ndt/ros2car-ws/install/io_context/include/msg_converters/std_msgs.hpp
[9.933s] -- Installing: /home/ndt/ros2car-ws/install/io_context/include/io_context
[9.933s] -- Installing: /home/ndt/ros2car-ws/install/io_context/include/io_context/io_context.hpp
[9.934s] -- Installing: /home/ndt/ros2car-ws/install/io_context/include/io_context/common.hpp
[9.934s] -- Installing: /home/ndt/ros2car-ws/install/io_context/share/io_context/environment/library_path.sh
[9.934s] -- Installing: /home/ndt/ros2car-ws/install/io_context/share/io_context/environment/library_path.dsv
[9.935s] -- Installing: /home/ndt/ros2car-ws/install/io_context/lib/libio_context.so
[9.937s] -- Set runtime path of "/home/ndt/ros2car-ws/install/io_context/lib/libio_context.so" to ""
[9.937s] -- Installing: /home/ndt/ros2car-ws/install/io_context/share/ament_index/resource_index/package_run_dependencies/io_context
[9.937s] -- Installing: /home/ndt/ros2car-ws/install/io_context/share/ament_index/resource_index/parent_prefix_path/io_context
[9.938s] -- Installing: /home/ndt/ros2car-ws/install/io_context/share/io_context/environment/ament_prefix_path.sh
[9.938s] -- Installing: /home/ndt/ros2car-ws/install/io_context/share/io_context/environment/ament_prefix_path.dsv
[9.938s] -- Installing: /home/ndt/ros2car-ws/install/io_context/share/io_context/environment/path.sh
[9.939s] -- Installing: /home/ndt/ros2car-ws/install/io_context/share/io_context/environment/path.dsv
[9.939s] -- Installing: /home/ndt/ros2car-ws/install/io_context/share/io_context/local_setup.bash
[9.939s] -- Installing: /home/ndt/ros2car-ws/install/io_context/share/io_context/local_setup.sh
[9.940s] -- Installing: /home/ndt/ros2car-ws/install/io_context/share/io_context/local_setup.zsh
[9.940s] -- Installing: /home/ndt/ros2car-ws/install/io_context/share/io_context/local_setup.dsv
[9.940s] -- Installing: /home/ndt/ros2car-ws/install/io_context/share/io_context/package.dsv
[9.941s] -- Installing: /home/ndt/ros2car-ws/install/io_context/share/ament_index/resource_index/packages/io_context
[9.941s] -- Installing: /home/ndt/ros2car-ws/install/io_context/share/io_context/cmake/ament_cmake_export_dependencies-extras.cmake
[9.941s] -- Installing: /home/ndt/ros2car-ws/install/io_context/share/io_context/cmake/ament_cmake_export_include_directories-extras.cmake
[9.942s] -- Installing: /home/ndt/ros2car-ws/install/io_context/share/io_context/cmake/ament_cmake_export_libraries-extras.cmake
[9.943s] -- Installing: /home/ndt/ros2car-ws/install/io_context/share/io_context/cmake/io_contextConfig.cmake
[9.943s] -- Installing: /home/ndt/ros2car-ws/install/io_context/share/io_context/cmake/io_contextConfig-version.cmake
[9.943s] -- Installing: /home/ndt/ros2car-ws/install/io_context/share/io_context/package.xml
[9.949s] Invoked command in '/home/ndt/ros2car-ws/build/io_context' returned '0': AMENT_PREFIX_PATH=/home/ndt/ros2car-ws/install/asio_cmake_module:${AMENT_PREFIX_PATH} CMAKE_PREFIX_PATH=/home/ndt/ros2car-ws/install/asio_cmake_module:/home/ndt/ydlidar_ros2_ws/install/ydlidar_ros2_driver:/opt/ros/humble /usr/bin/cmake --install /home/ndt/ros2car-ws/build/io_context
