[0.033s] Invoking command in '/home/ndt/ros2car-ws/build/vesc_msgs': CMAKE_PREFIX_PATH=${CMAKE_PREFIX_PATH}:/opt/ros/humble /usr/bin/cmake /home/ndt/ros2car-ws/src/vesc/vesc_msgs -DCMAKE_INSTALL_PREFIX=/home/ndt/ros2car-ws/install/vesc_msgs
[0.130s] -- The C compiler identification is GNU 11.3.0
[0.236s] -- The CXX compiler identification is GNU 11.3.0
[0.247s] -- Detecting C compiler ABI info
[0.368s] -- Detecting C compiler ABI info - done
[0.376s] -- Check for working C compiler: /usr/bin/cc - skipped
[0.377s] -- Detecting C compile features
[0.377s] -- Detecting C compile features - done
[0.381s] -- Detecting CXX compiler ABI info
[0.517s] -- Detecting CXX compiler ABI info - done
[0.525s] -- Check for working CXX compiler: /usr/bin/c++ - skipped
[0.526s] -- Detecting CXX compile features
[0.527s] -- Detecting CXX compile features - done
[0.529s] -- Found ament_cmake_auto: 1.3.4 (/opt/ros/humble/share/ament_cmake_auto/cmake)
[0.747s] -- Found Python3: /usr/bin/python3.10 (found version "3.10.6") found components: Interpreter 
[0.927s] -- Using all available rosidl_typesupport_c: rosidl_typesupport_fastrtps_c;rosidl_typesupport_introspection_c
[0.936s] -- Found rosidl_adapter: 3.1.4 (/opt/ros/humble/share/rosidl_adapter/cmake)
[0.989s] -- Using all available rosidl_typesupport_cpp: rosidl_typesupport_fastrtps_cpp;rosidl_typesupport_introspection_cpp
[1.472s] -- Found ament_cmake_ros: 0.10.0 (/opt/ros/humble/share/ament_cmake_ros/cmake)
[1.790s] -- Using all available rosidl_typesupport_c: rosidl_typesupport_fastrtps_c;rosidl_typesupport_introspection_c
[2.210s] -- Using all available rosidl_typesupport_cpp: rosidl_typesupport_fastrtps_cpp;rosidl_typesupport_introspection_cpp
[2.238s] -- Found PythonInterp: /usr/bin/python3 (found suitable version "3.10.6", minimum required is "3.6") 
[2.240s] -- Found python_cmake_module: 0.10.0 (/opt/ros/humble/share/python_cmake_module/cmake)
[2.269s] -- Found PythonLibs: /usr/lib/x86_64-linux-gnu/libpython3.10.so (found suitable version "3.10.6", minimum required is "3.5") 
[2.269s] -- Using PYTHON_EXECUTABLE: /usr/bin/python3
[2.270s] -- Using PYTHON_INCLUDE_DIRS: /usr/include/python3.10
[2.270s] -- Using PYTHON_LIBRARIES: /usr/lib/x86_64-linux-gnu/libpython3.10.so
[2.295s] -- Found PythonExtra: .so  
[2.387s] -- Found ament_lint_auto: 0.12.6 (/opt/ros/humble/share/ament_lint_auto/cmake)
[2.423s] -- Added test 'copyright' to check source files copyright and LICENSE
[2.427s] -- Added test 'lint_cmake' to check CMake code style
[2.429s] -- Added test 'xmllint' to check XML markup files
[2.433s] -- Configuring done
[2.497s] -- Generating done
[2.500s] -- Build files have been written to: /home/ndt/ros2car-ws/build/vesc_msgs
[2.513s] Invoked command in '/home/ndt/ros2car-ws/build/vesc_msgs' returned '0': CMAKE_PREFIX_PATH=${CMAKE_PREFIX_PATH}:/opt/ros/humble /usr/bin/cmake /home/ndt/ros2car-ws/src/vesc/vesc_msgs -DCMAKE_INSTALL_PREFIX=/home/ndt/ros2car-ws/install/vesc_msgs
[2.517s] Invoking command in '/home/ndt/ros2car-ws/build/vesc_msgs': CMAKE_PREFIX_PATH=${CMAKE_PREFIX_PATH}:/opt/ros/humble /usr/bin/cmake --build /home/ndt/ros2car-ws/build/vesc_msgs -- -j6 -l6
[2.584s] [  1%] [34m[1mGenerating C code for ROS interfaces[0m
[2.603s] [  3%] [34m[1mGenerating C++ code for ROS interfaces[0m
[2.617s] [  3%] Built target ament_cmake_python_copy_vesc_msgs
[2.944s] running egg_info
[2.945s] creating vesc_msgs.egg-info
[2.945s] writing vesc_msgs.egg-info/PKG-INFO
[2.945s] writing dependency_links to vesc_msgs.egg-info/dependency_links.txt
[2.945s] writing top-level names to vesc_msgs.egg-info/top_level.txt
[2.952s] writing manifest file 'vesc_msgs.egg-info/SOURCES.txt'
[2.954s] reading manifest file 'vesc_msgs.egg-info/SOURCES.txt'
[2.955s] writing manifest file 'vesc_msgs.egg-info/SOURCES.txt'
[2.984s] [  3%] Built target ament_cmake_python_build_vesc_msgs_egg
[3.292s] [  3%] Built target vesc_msgs__cpp
[3.309s] [  5%] [32mBuilding C object CMakeFiles/vesc_msgs__rosidl_generator_c.dir/rosidl_generator_c/vesc_msgs/msg/detail/vesc_state_stamped__functions.c.o[0m
[3.313s] [  7%] [32mBuilding C object CMakeFiles/vesc_msgs__rosidl_generator_c.dir/rosidl_generator_c/vesc_msgs/msg/detail/vesc_state__functions.c.o[0m
[3.329s] [ 10%] [34m[1mGenerating C++ type support dispatch for ROS interfaces[0m
[3.330s] [ 10%] [32mBuilding C object CMakeFiles/vesc_msgs__rosidl_generator_c.dir/rosidl_generator_c/vesc_msgs/msg/detail/vesc_imu__functions.c.o[0m
[3.339s] [ 12%] [32mBuilding C object CMakeFiles/vesc_msgs__rosidl_generator_c.dir/rosidl_generator_c/vesc_msgs/msg/detail/vesc_imu_stamped__functions.c.o[0m
[3.370s] [ 14%] [34m[1mGenerating C++ type support for eProsima Fast-RTPS[0m
[3.514s] [ 16%] [34m[1mGenerating C++ introspection for ROS interfaces[0m
[3.564s] [ 18%] [32m[1mLinking C shared library libvesc_msgs__rosidl_generator_c.so[0m
[3.768s] [ 18%] Built target vesc_msgs__rosidl_generator_c
[3.846s] [ 20%] [34m[1mGenerating C type support for eProsima Fast-RTPS[0m
[3.857s] [ 21%] [34m[1mGenerating C introspection for ROS interfaces[0m
[3.873s] [ 23%] [34m[1mGenerating C type support dispatch for ROS interfaces[0m
[4.193s] [ 25%] [32mBuilding CXX object CMakeFiles/vesc_msgs__rosidl_typesupport_cpp.dir/rosidl_typesupport_cpp/vesc_msgs/msg/vesc_state__type_support.cpp.o[0m
[4.348s] [ 27%] [32mBuilding CXX object CMakeFiles/vesc_msgs__rosidl_typesupport_fastrtps_cpp.dir/rosidl_typesupport_fastrtps_cpp/vesc_msgs/msg/detail/dds_fastrtps/vesc_state__type_support.cpp.o[0m
[4.726s] [ 29%] [32mBuilding CXX object CMakeFiles/vesc_msgs__rosidl_typesupport_introspection_cpp.dir/rosidl_typesupport_introspection_cpp/vesc_msgs/msg/detail/vesc_state__type_support.cpp.o[0m
[4.853s] [ 30%] [32mBuilding CXX object CMakeFiles/vesc_msgs__rosidl_typesupport_cpp.dir/rosidl_typesupport_cpp/vesc_msgs/msg/vesc_state_stamped__type_support.cpp.o[0m
[4.862s] [ 32%] [32mBuilding CXX object CMakeFiles/vesc_msgs__rosidl_typesupport_fastrtps_c.dir/rosidl_typesupport_fastrtps_c/vesc_msgs/msg/detail/vesc_state__type_support_c.cpp.o[0m
[4.960s] [ 34%] [32mBuilding CXX object CMakeFiles/vesc_msgs__rosidl_typesupport_c.dir/rosidl_typesupport_c/vesc_msgs/msg/vesc_state__type_support.cpp.o[0m
[5.051s] [ 36%] [32mBuilding C object CMakeFiles/vesc_msgs__rosidl_typesupport_introspection_c.dir/rosidl_typesupport_introspection_c/vesc_msgs/msg/detail/vesc_state__type_support.c.o[0m
[5.125s] [ 38%] [32mBuilding CXX object CMakeFiles/vesc_msgs__rosidl_typesupport_c.dir/rosidl_typesupport_c/vesc_msgs/msg/vesc_state_stamped__type_support.cpp.o[0m
[5.172s] [ 40%] [32mBuilding CXX object CMakeFiles/vesc_msgs__rosidl_typesupport_fastrtps_cpp.dir/rosidl_typesupport_fastrtps_cpp/vesc_msgs/msg/detail/dds_fastrtps/vesc_state_stamped__type_support.cpp.o[0m
[5.217s] [ 41%] [32mBuilding C object CMakeFiles/vesc_msgs__rosidl_typesupport_introspection_c.dir/rosidl_typesupport_introspection_c/vesc_msgs/msg/detail/vesc_state_stamped__type_support.c.o[0m
[5.288s] [ 43%] [32mBuilding CXX object CMakeFiles/vesc_msgs__rosidl_typesupport_c.dir/rosidl_typesupport_c/vesc_msgs/msg/vesc_imu__type_support.cpp.o[0m
[5.362s] [ 45%] [32mBuilding CXX object CMakeFiles/vesc_msgs__rosidl_typesupport_cpp.dir/rosidl_typesupport_cpp/vesc_msgs/msg/vesc_imu__type_support.cpp.o[0m
[5.415s] [ 47%] [32mBuilding C object CMakeFiles/vesc_msgs__rosidl_typesupport_introspection_c.dir/rosidl_typesupport_introspection_c/vesc_msgs/msg/detail/vesc_imu__type_support.c.o[0m
[5.477s] [ 49%] [32mBuilding CXX object CMakeFiles/vesc_msgs__rosidl_typesupport_c.dir/rosidl_typesupport_c/vesc_msgs/msg/vesc_imu_stamped__type_support.cpp.o[0m
[5.529s] [ 50%] [32mBuilding CXX object CMakeFiles/vesc_msgs__rosidl_typesupport_introspection_cpp.dir/rosidl_typesupport_introspection_cpp/vesc_msgs/msg/detail/vesc_state_stamped__type_support.cpp.o[0m
[5.574s] [ 52%] [32mBuilding C object CMakeFiles/vesc_msgs__rosidl_typesupport_introspection_c.dir/rosidl_typesupport_introspection_c/vesc_msgs/msg/detail/vesc_imu_stamped__type_support.c.o[0m
[5.609s] [ 54%] [32mBuilding CXX object CMakeFiles/vesc_msgs__rosidl_typesupport_fastrtps_c.dir/rosidl_typesupport_fastrtps_c/vesc_msgs/msg/detail/vesc_state_stamped__type_support_c.cpp.o[0m
[5.625s] [ 56%] [32m[1mLinking CXX shared library libvesc_msgs__rosidl_typesupport_c.so[0m
[5.733s] [ 58%] [32m[1mLinking C shared library libvesc_msgs__rosidl_typesupport_introspection_c.so[0m
[5.834s] [ 58%] Built target vesc_msgs__rosidl_typesupport_c
[5.888s] [ 60%] [32mBuilding CXX object CMakeFiles/vesc_msgs__rosidl_typesupport_fastrtps_c.dir/rosidl_typesupport_fastrtps_c/vesc_msgs/msg/detail/vesc_imu__type_support_c.cpp.o[0m
[5.942s] [ 60%] Built target vesc_msgs__rosidl_typesupport_introspection_c
[5.992s] [ 61%] [32mBuilding CXX object CMakeFiles/vesc_msgs__rosidl_typesupport_fastrtps_c.dir/rosidl_typesupport_fastrtps_c/vesc_msgs/msg/detail/vesc_imu_stamped__type_support_c.cpp.o[0m
[6.069s] [ 63%] [32mBuilding CXX object CMakeFiles/vesc_msgs__rosidl_typesupport_cpp.dir/rosidl_typesupport_cpp/vesc_msgs/msg/vesc_imu_stamped__type_support.cpp.o[0m
[6.158s] [ 65%] [32mBuilding CXX object CMakeFiles/vesc_msgs__rosidl_typesupport_introspection_cpp.dir/rosidl_typesupport_introspection_cpp/vesc_msgs/msg/detail/vesc_imu__type_support.cpp.o[0m
[6.162s] [ 67%] [32mBuilding CXX object CMakeFiles/vesc_msgs__rosidl_typesupport_fastrtps_cpp.dir/rosidl_typesupport_fastrtps_cpp/vesc_msgs/msg/detail/dds_fastrtps/vesc_imu__type_support.cpp.o[0m
[6.212s] [ 69%] [32mBuilding CXX object CMakeFiles/vesc_msgs__rosidl_typesupport_fastrtps_cpp.dir/rosidl_typesupport_fastrtps_cpp/vesc_msgs/msg/detail/dds_fastrtps/vesc_imu_stamped__type_support.cpp.o[0m
[6.613s] [ 70%] [32mBuilding CXX object CMakeFiles/vesc_msgs__rosidl_typesupport_introspection_cpp.dir/rosidl_typesupport_introspection_cpp/vesc_msgs/msg/detail/vesc_imu_stamped__type_support.cpp.o[0m
[6.653s] [ 72%] [32m[1mLinking CXX shared library libvesc_msgs__rosidl_typesupport_cpp.so[0m
[6.653s] [ 74%] [32m[1mLinking CXX shared library libvesc_msgs__rosidl_typesupport_fastrtps_c.so[0m
[6.750s] [ 74%] Built target vesc_msgs__rosidl_typesupport_cpp
[6.880s] [ 74%] Built target vesc_msgs__rosidl_typesupport_fastrtps_c
[7.052s] [ 76%] [32m[1mLinking CXX shared library libvesc_msgs__rosidl_typesupport_fastrtps_cpp.so[0m
[7.180s] [ 78%] [32m[1mLinking CXX shared library libvesc_msgs__rosidl_typesupport_introspection_cpp.so[0m
[7.190s] [ 78%] Built target vesc_msgs__rosidl_typesupport_fastrtps_cpp
[7.280s] [ 78%] Built target vesc_msgs__rosidl_typesupport_introspection_cpp
[7.316s] [ 78%] Built target vesc_msgs
[7.356s] [ 80%] [34m[1mGenerating Python code for ROS interfaces[0m
[8.270s] [ 80%] Built target vesc_msgs__py
[8.308s] [ 81%] [32mBuilding C object CMakeFiles/vesc_msgs__rosidl_generator_py.dir/rosidl_generator_py/vesc_msgs/msg/_vesc_state_s.c.o[0m
[8.308s] [ 83%] [32mBuilding C object CMakeFiles/vesc_msgs__rosidl_generator_py.dir/rosidl_generator_py/vesc_msgs/msg/_vesc_state_stamped_s.c.o[0m
[8.308s] [ 85%] [32mBuilding C object CMakeFiles/vesc_msgs__rosidl_generator_py.dir/rosidl_generator_py/vesc_msgs/msg/_vesc_imu_s.c.o[0m
[8.309s] [ 87%] [32mBuilding C object CMakeFiles/vesc_msgs__rosidl_generator_py.dir/rosidl_generator_py/vesc_msgs/msg/_vesc_imu_stamped_s.c.o[0m
[8.484s] [ 89%] [32m[1mLinking C shared library rosidl_generator_py/vesc_msgs/libvesc_msgs__rosidl_generator_py.so[0m
[8.557s] [ 89%] Built target vesc_msgs__rosidl_generator_py
[8.597s] [ 92%] [32mBuilding C object CMakeFiles/vesc_msgs__rosidl_typesupport_fastrtps_c__pyext.dir/rosidl_generator_py/vesc_msgs/_vesc_msgs_s.ep.rosidl_typesupport_fastrtps_c.c.o[0m
[8.597s] [ 94%] [32mBuilding C object CMakeFiles/vesc_msgs__rosidl_typesupport_introspection_c__pyext.dir/rosidl_generator_py/vesc_msgs/_vesc_msgs_s.ep.rosidl_typesupport_introspection_c.c.o[0m
[8.597s] [ 94%] [32mBuilding C object CMakeFiles/vesc_msgs__rosidl_typesupport_c__pyext.dir/rosidl_generator_py/vesc_msgs/_vesc_msgs_s.ep.rosidl_typesupport_c.c.o[0m
[8.789s] [ 96%] [32m[1mLinking C shared library rosidl_generator_py/vesc_msgs/vesc_msgs_s__rosidl_typesupport_introspection_c.cpython-310-x86_64-linux-gnu.so[0m
[8.790s] [ 98%] [32m[1mLinking C shared library rosidl_generator_py/vesc_msgs/vesc_msgs_s__rosidl_typesupport_fastrtps_c.cpython-310-x86_64-linux-gnu.so[0m
[8.791s] [100%] [32m[1mLinking C shared library rosidl_generator_py/vesc_msgs/vesc_msgs_s__rosidl_typesupport_c.cpython-310-x86_64-linux-gnu.so[0m
[8.869s] [100%] Built target vesc_msgs__rosidl_typesupport_fastrtps_c__pyext
[8.874s] [100%] Built target vesc_msgs__rosidl_typesupport_introspection_c__pyext
[8.875s] [100%] Built target vesc_msgs__rosidl_typesupport_c__pyext
[8.894s] Invoked command in '/home/ndt/ros2car-ws/build/vesc_msgs' returned '0': CMAKE_PREFIX_PATH=${CMAKE_PREFIX_PATH}:/opt/ros/humble /usr/bin/cmake --build /home/ndt/ros2car-ws/build/vesc_msgs -- -j6 -l6
[9.221s] Invoking command in '/home/ndt/ros2car-ws/build/vesc_msgs': CMAKE_PREFIX_PATH=${CMAKE_PREFIX_PATH}:/opt/ros/humble /usr/bin/cmake --install /home/ndt/ros2car-ws/build/vesc_msgs
[9.236s] -- Install configuration: ""
[9.236s] -- Installing: /home/ndt/ros2car-ws/install/vesc_msgs/share/ament_index/resource_index/rosidl_interfaces/vesc_msgs
[9.237s] -- Installing: /home/ndt/ros2car-ws/install/vesc_msgs/include/vesc_msgs/vesc_msgs
[9.237s] -- Installing: /home/ndt/ros2car-ws/install/vesc_msgs/include/vesc_msgs/vesc_msgs/msg
[9.237s] -- Installing: /home/ndt/ros2car-ws/install/vesc_msgs/include/vesc_msgs/vesc_msgs/msg/vesc_state_stamped.h
[9.237s] -- Installing: /home/ndt/ros2car-ws/install/vesc_msgs/include/vesc_msgs/vesc_msgs/msg/detail
[9.237s] -- Installing: /home/ndt/ros2car-ws/install/vesc_msgs/include/vesc_msgs/vesc_msgs/msg/detail/vesc_state__type_support.h
[9.238s] -- Installing: /home/ndt/ros2car-ws/install/vesc_msgs/include/vesc_msgs/vesc_msgs/msg/detail/vesc_imu_stamped__type_support.h
[9.238s] -- Installing: /home/ndt/ros2car-ws/install/vesc_msgs/include/vesc_msgs/vesc_msgs/msg/detail/vesc_imu__type_support.h
[9.238s] -- Installing: /home/ndt/ros2car-ws/install/vesc_msgs/include/vesc_msgs/vesc_msgs/msg/detail/vesc_imu_stamped__functions.h
[9.239s] -- Installing: /home/ndt/ros2car-ws/install/vesc_msgs/include/vesc_msgs/vesc_msgs/msg/detail/vesc_state__functions.c
[9.239s] -- Installing: /home/ndt/ros2car-ws/install/vesc_msgs/include/vesc_msgs/vesc_msgs/msg/detail/vesc_state__struct.h
[9.239s] -- Installing: /home/ndt/ros2car-ws/install/vesc_msgs/include/vesc_msgs/vesc_msgs/msg/detail/vesc_state_stamped__functions.h
[9.239s] -- Installing: /home/ndt/ros2car-ws/install/vesc_msgs/include/vesc_msgs/vesc_msgs/msg/detail/vesc_imu__functions.c
[9.240s] -- Installing: /home/ndt/ros2car-ws/install/vesc_msgs/include/vesc_msgs/vesc_msgs/msg/detail/vesc_state_stamped__struct.h
[9.240s] -- Installing: /home/ndt/ros2car-ws/install/vesc_msgs/include/vesc_msgs/vesc_msgs/msg/detail/vesc_imu__struct.h
[9.240s] -- Installing: /home/ndt/ros2car-ws/install/vesc_msgs/include/vesc_msgs/vesc_msgs/msg/detail/vesc_state_stamped__type_support.h
[9.241s] -- Installing: /home/ndt/ros2car-ws/install/vesc_msgs/include/vesc_msgs/vesc_msgs/msg/detail/vesc_state__functions.h
[9.241s] -- Installing: /home/ndt/ros2car-ws/install/vesc_msgs/include/vesc_msgs/vesc_msgs/msg/detail/vesc_imu_stamped__functions.c
[9.241s] -- Installing: /home/ndt/ros2car-ws/install/vesc_msgs/include/vesc_msgs/vesc_msgs/msg/detail/vesc_imu__functions.h
[9.242s] -- Installing: /home/ndt/ros2car-ws/install/vesc_msgs/include/vesc_msgs/vesc_msgs/msg/detail/vesc_state_stamped__functions.c
[9.242s] -- Installing: /home/ndt/ros2car-ws/install/vesc_msgs/include/vesc_msgs/vesc_msgs/msg/detail/vesc_imu_stamped__struct.h
[9.242s] -- Installing: /home/ndt/ros2car-ws/install/vesc_msgs/include/vesc_msgs/vesc_msgs/msg/vesc_imu_stamped.h
[9.242s] -- Installing: /home/ndt/ros2car-ws/install/vesc_msgs/include/vesc_msgs/vesc_msgs/msg/vesc_imu.h
[9.243s] -- Installing: /home/ndt/ros2car-ws/install/vesc_msgs/include/vesc_msgs/vesc_msgs/msg/rosidl_generator_c__visibility_control.h
[9.243s] -- Installing: /home/ndt/ros2car-ws/install/vesc_msgs/include/vesc_msgs/vesc_msgs/msg/vesc_state.h
[9.243s] -- Installing: /home/ndt/ros2car-ws/install/vesc_msgs/share/vesc_msgs/environment/library_path.sh
[9.245s] -- Installing: /home/ndt/ros2car-ws/install/vesc_msgs/share/vesc_msgs/environment/library_path.dsv
[9.245s] -- Installing: /home/ndt/ros2car-ws/install/vesc_msgs/lib/libvesc_msgs__rosidl_generator_c.so
[9.246s] -- Set runtime path of "/home/ndt/ros2car-ws/install/vesc_msgs/lib/libvesc_msgs__rosidl_generator_c.so" to ""
[9.246s] -- Up-to-date: /home/ndt/ros2car-ws/install/vesc_msgs/include/vesc_msgs/vesc_msgs
[9.246s] -- Up-to-date: /home/ndt/ros2car-ws/install/vesc_msgs/include/vesc_msgs/vesc_msgs/msg
[9.246s] -- Up-to-date: /home/ndt/ros2car-ws/install/vesc_msgs/include/vesc_msgs/vesc_msgs/msg/detail
[9.247s] -- Installing: /home/ndt/ros2car-ws/install/vesc_msgs/include/vesc_msgs/vesc_msgs/msg/detail/vesc_state_stamped__rosidl_typesupport_fastrtps_c.h
[9.247s] -- Installing: /home/ndt/ros2car-ws/install/vesc_msgs/include/vesc_msgs/vesc_msgs/msg/detail/vesc_imu__rosidl_typesupport_fastrtps_c.h
[9.247s] -- Installing: /home/ndt/ros2car-ws/install/vesc_msgs/include/vesc_msgs/vesc_msgs/msg/detail/vesc_imu_stamped__rosidl_typesupport_fastrtps_c.h
[9.247s] -- Installing: /home/ndt/ros2car-ws/install/vesc_msgs/include/vesc_msgs/vesc_msgs/msg/detail/vesc_state__rosidl_typesupport_fastrtps_c.h
[9.247s] -- Installing: /home/ndt/ros2car-ws/install/vesc_msgs/include/vesc_msgs/vesc_msgs/msg/rosidl_typesupport_fastrtps_c__visibility_control.h
[9.247s] -- Installing: /home/ndt/ros2car-ws/install/vesc_msgs/lib/libvesc_msgs__rosidl_typesupport_fastrtps_c.so
[9.249s] -- Set runtime path of "/home/ndt/ros2car-ws/install/vesc_msgs/lib/libvesc_msgs__rosidl_typesupport_fastrtps_c.so" to ""
[9.249s] -- Up-to-date: /home/ndt/ros2car-ws/install/vesc_msgs/include/vesc_msgs/vesc_msgs
[9.249s] -- Up-to-date: /home/ndt/ros2car-ws/install/vesc_msgs/include/vesc_msgs/vesc_msgs/msg
[9.250s] -- Up-to-date: /home/ndt/ros2car-ws/install/vesc_msgs/include/vesc_msgs/vesc_msgs/msg/detail
[9.250s] -- Installing: /home/ndt/ros2car-ws/install/vesc_msgs/include/vesc_msgs/vesc_msgs/msg/detail/vesc_state_stamped__type_support.c
[9.250s] -- Installing: /home/ndt/ros2car-ws/install/vesc_msgs/include/vesc_msgs/vesc_msgs/msg/detail/vesc_imu_stamped__type_support.c
[9.250s] -- Installing: /home/ndt/ros2car-ws/install/vesc_msgs/include/vesc_msgs/vesc_msgs/msg/detail/vesc_imu__type_support.c
[9.251s] -- Installing: /home/ndt/ros2car-ws/install/vesc_msgs/include/vesc_msgs/vesc_msgs/msg/detail/vesc_state__type_support.c
[9.251s] -- Installing: /home/ndt/ros2car-ws/install/vesc_msgs/include/vesc_msgs/vesc_msgs/msg/detail/vesc_imu__rosidl_typesupport_introspection_c.h
[9.252s] -- Installing: /home/ndt/ros2car-ws/install/vesc_msgs/include/vesc_msgs/vesc_msgs/msg/detail/vesc_state__rosidl_typesupport_introspection_c.h
[9.252s] -- Installing: /home/ndt/ros2car-ws/install/vesc_msgs/include/vesc_msgs/vesc_msgs/msg/detail/vesc_state_stamped__rosidl_typesupport_introspection_c.h
[9.252s] -- Installing: /home/ndt/ros2car-ws/install/vesc_msgs/include/vesc_msgs/vesc_msgs/msg/detail/vesc_imu_stamped__rosidl_typesupport_introspection_c.h
[9.253s] -- Installing: /home/ndt/ros2car-ws/install/vesc_msgs/include/vesc_msgs/vesc_msgs/msg/rosidl_typesupport_introspection_c__visibility_control.h
[9.253s] -- Installing: /home/ndt/ros2car-ws/install/vesc_msgs/lib/libvesc_msgs__rosidl_typesupport_introspection_c.so
[9.254s] -- Set runtime path of "/home/ndt/ros2car-ws/install/vesc_msgs/lib/libvesc_msgs__rosidl_typesupport_introspection_c.so" to ""
[9.254s] -- Installing: /home/ndt/ros2car-ws/install/vesc_msgs/lib/libvesc_msgs__rosidl_typesupport_c.so
[9.255s] -- Set runtime path of "/home/ndt/ros2car-ws/install/vesc_msgs/lib/libvesc_msgs__rosidl_typesupport_c.so" to ""
[9.256s] -- Up-to-date: /home/ndt/ros2car-ws/install/vesc_msgs/include/vesc_msgs/vesc_msgs
[9.256s] -- Up-to-date: /home/ndt/ros2car-ws/install/vesc_msgs/include/vesc_msgs/vesc_msgs/msg
[9.256s] -- Installing: /home/ndt/ros2car-ws/install/vesc_msgs/include/vesc_msgs/vesc_msgs/msg/vesc_state.hpp
[9.257s] -- Up-to-date: /home/ndt/ros2car-ws/install/vesc_msgs/include/vesc_msgs/vesc_msgs/msg/detail
[9.257s] -- Installing: /home/ndt/ros2car-ws/install/vesc_msgs/include/vesc_msgs/vesc_msgs/msg/detail/vesc_state_stamped__traits.hpp
[9.257s] -- Installing: /home/ndt/ros2car-ws/install/vesc_msgs/include/vesc_msgs/vesc_msgs/msg/detail/vesc_state_stamped__builder.hpp
[9.257s] -- Installing: /home/ndt/ros2car-ws/install/vesc_msgs/include/vesc_msgs/vesc_msgs/msg/detail/vesc_state__struct.hpp
[9.258s] -- Installing: /home/ndt/ros2car-ws/install/vesc_msgs/include/vesc_msgs/vesc_msgs/msg/detail/vesc_imu_stamped__struct.hpp
[9.258s] -- Installing: /home/ndt/ros2car-ws/install/vesc_msgs/include/vesc_msgs/vesc_msgs/msg/detail/vesc_imu_stamped__builder.hpp
[9.258s] -- Installing: /home/ndt/ros2car-ws/install/vesc_msgs/include/vesc_msgs/vesc_msgs/msg/detail/vesc_state__traits.hpp
[9.259s] -- Installing: /home/ndt/ros2car-ws/install/vesc_msgs/include/vesc_msgs/vesc_msgs/msg/detail/vesc_imu__struct.hpp
[9.259s] -- Installing: /home/ndt/ros2car-ws/install/vesc_msgs/include/vesc_msgs/vesc_msgs/msg/detail/vesc_imu__traits.hpp
[9.259s] -- Installing: /home/ndt/ros2car-ws/install/vesc_msgs/include/vesc_msgs/vesc_msgs/msg/detail/vesc_imu_stamped__traits.hpp
[9.259s] -- Installing: /home/ndt/ros2car-ws/install/vesc_msgs/include/vesc_msgs/vesc_msgs/msg/detail/vesc_state_stamped__struct.hpp
[9.260s] -- Installing: /home/ndt/ros2car-ws/install/vesc_msgs/include/vesc_msgs/vesc_msgs/msg/detail/vesc_imu__builder.hpp
[9.260s] -- Installing: /home/ndt/ros2car-ws/install/vesc_msgs/include/vesc_msgs/vesc_msgs/msg/detail/vesc_state__builder.hpp
[9.260s] -- Installing: /home/ndt/ros2car-ws/install/vesc_msgs/include/vesc_msgs/vesc_msgs/msg/vesc_imu_stamped.hpp
[9.260s] -- Installing: /home/ndt/ros2car-ws/install/vesc_msgs/include/vesc_msgs/vesc_msgs/msg/vesc_state_stamped.hpp
[9.260s] -- Installing: /home/ndt/ros2car-ws/install/vesc_msgs/include/vesc_msgs/vesc_msgs/msg/vesc_imu.hpp
[9.261s] -- Up-to-date: /home/ndt/ros2car-ws/install/vesc_msgs/include/vesc_msgs/vesc_msgs
[9.261s] -- Up-to-date: /home/ndt/ros2car-ws/install/vesc_msgs/include/vesc_msgs/vesc_msgs/msg
[9.261s] -- Up-to-date: /home/ndt/ros2car-ws/install/vesc_msgs/include/vesc_msgs/vesc_msgs/msg/detail
[9.261s] -- Installing: /home/ndt/ros2car-ws/install/vesc_msgs/include/vesc_msgs/vesc_msgs/msg/detail/dds_fastrtps
[9.261s] -- Installing: /home/ndt/ros2car-ws/install/vesc_msgs/include/vesc_msgs/vesc_msgs/msg/detail/vesc_imu__rosidl_typesupport_fastrtps_cpp.hpp
[9.262s] -- Installing: /home/ndt/ros2car-ws/install/vesc_msgs/include/vesc_msgs/vesc_msgs/msg/detail/vesc_state__rosidl_typesupport_fastrtps_cpp.hpp
[9.262s] -- Installing: /home/ndt/ros2car-ws/install/vesc_msgs/include/vesc_msgs/vesc_msgs/msg/detail/vesc_imu_stamped__rosidl_typesupport_fastrtps_cpp.hpp
[9.262s] -- Installing: /home/ndt/ros2car-ws/install/vesc_msgs/include/vesc_msgs/vesc_msgs/msg/detail/vesc_state_stamped__rosidl_typesupport_fastrtps_cpp.hpp
[9.262s] -- Installing: /home/ndt/ros2car-ws/install/vesc_msgs/include/vesc_msgs/vesc_msgs/msg/rosidl_typesupport_fastrtps_cpp__visibility_control.h
[9.262s] -- Installing: /home/ndt/ros2car-ws/install/vesc_msgs/lib/libvesc_msgs__rosidl_typesupport_fastrtps_cpp.so
[9.264s] -- Set runtime path of "/home/ndt/ros2car-ws/install/vesc_msgs/lib/libvesc_msgs__rosidl_typesupport_fastrtps_cpp.so" to ""
[9.264s] -- Up-to-date: /home/ndt/ros2car-ws/install/vesc_msgs/include/vesc_msgs/vesc_msgs
[9.264s] -- Up-to-date: /home/ndt/ros2car-ws/install/vesc_msgs/include/vesc_msgs/vesc_msgs/msg
[9.264s] -- Up-to-date: /home/ndt/ros2car-ws/install/vesc_msgs/include/vesc_msgs/vesc_msgs/msg/detail
[9.264s] -- Installing: /home/ndt/ros2car-ws/install/vesc_msgs/include/vesc_msgs/vesc_msgs/msg/detail/vesc_state_stamped__type_support.cpp
[9.265s] -- Installing: /home/ndt/ros2car-ws/install/vesc_msgs/include/vesc_msgs/vesc_msgs/msg/detail/vesc_imu__type_support.cpp
[9.265s] -- Installing: /home/ndt/ros2car-ws/install/vesc_msgs/include/vesc_msgs/vesc_msgs/msg/detail/vesc_state__rosidl_typesupport_introspection_cpp.hpp
[9.265s] -- Installing: /home/ndt/ros2car-ws/install/vesc_msgs/include/vesc_msgs/vesc_msgs/msg/detail/vesc_imu_stamped__rosidl_typesupport_introspection_cpp.hpp
[9.266s] -- Installing: /home/ndt/ros2car-ws/install/vesc_msgs/include/vesc_msgs/vesc_msgs/msg/detail/vesc_imu_stamped__type_support.cpp
[9.266s] -- Installing: /home/ndt/ros2car-ws/install/vesc_msgs/include/vesc_msgs/vesc_msgs/msg/detail/vesc_state_stamped__rosidl_typesupport_introspection_cpp.hpp
[9.266s] -- Installing: /home/ndt/ros2car-ws/install/vesc_msgs/include/vesc_msgs/vesc_msgs/msg/detail/vesc_imu__rosidl_typesupport_introspection_cpp.hpp
[9.266s] -- Installing: /home/ndt/ros2car-ws/install/vesc_msgs/include/vesc_msgs/vesc_msgs/msg/detail/vesc_state__type_support.cpp
[9.266s] -- Installing: /home/ndt/ros2car-ws/install/vesc_msgs/lib/libvesc_msgs__rosidl_typesupport_introspection_cpp.so
[9.268s] -- Set runtime path of "/home/ndt/ros2car-ws/install/vesc_msgs/lib/libvesc_msgs__rosidl_typesupport_introspection_cpp.so" to ""
[9.268s] -- Installing: /home/ndt/ros2car-ws/install/vesc_msgs/lib/libvesc_msgs__rosidl_typesupport_cpp.so
[9.269s] -- Set runtime path of "/home/ndt/ros2car-ws/install/vesc_msgs/lib/libvesc_msgs__rosidl_typesupport_cpp.so" to ""
[9.270s] -- Installing: /home/ndt/ros2car-ws/install/vesc_msgs/share/vesc_msgs/environment/pythonpath.sh
[9.270s] -- Installing: /home/ndt/ros2car-ws/install/vesc_msgs/share/vesc_msgs/environment/pythonpath.dsv
[9.270s] -- Installing: /home/ndt/ros2car-ws/install/vesc_msgs/local/lib/python3.10/dist-packages/vesc_msgs-1.1.0-py3.10.egg-info
[9.270s] -- Installing: /home/ndt/ros2car-ws/install/vesc_msgs/local/lib/python3.10/dist-packages/vesc_msgs-1.1.0-py3.10.egg-info/top_level.txt
[9.271s] -- Installing: /home/ndt/ros2car-ws/install/vesc_msgs/local/lib/python3.10/dist-packages/vesc_msgs-1.1.0-py3.10.egg-info/dependency_links.txt
[9.271s] -- Installing: /home/ndt/ros2car-ws/install/vesc_msgs/local/lib/python3.10/dist-packages/vesc_msgs-1.1.0-py3.10.egg-info/SOURCES.txt
[9.271s] -- Installing: /home/ndt/ros2car-ws/install/vesc_msgs/local/lib/python3.10/dist-packages/vesc_msgs-1.1.0-py3.10.egg-info/PKG-INFO
[9.272s] -- Installing: /home/ndt/ros2car-ws/install/vesc_msgs/local/lib/python3.10/dist-packages/vesc_msgs
[9.272s] -- Installing: /home/ndt/ros2car-ws/install/vesc_msgs/local/lib/python3.10/dist-packages/vesc_msgs/vesc_msgs_s__rosidl_typesupport_introspection_c.cpython-310-x86_64-linux-gnu.so
[9.272s] -- Installing: /home/ndt/ros2car-ws/install/vesc_msgs/local/lib/python3.10/dist-packages/vesc_msgs/_vesc_msgs_s.ep.rosidl_typesupport_introspection_c.c
[9.272s] -- Installing: /home/ndt/ros2car-ws/install/vesc_msgs/local/lib/python3.10/dist-packages/vesc_msgs/vesc_msgs_s__rosidl_typesupport_c.cpython-310-x86_64-linux-gnu.so
[9.273s] -- Installing: /home/ndt/ros2car-ws/install/vesc_msgs/local/lib/python3.10/dist-packages/vesc_msgs/_vesc_msgs_s.ep.rosidl_typesupport_fastrtps_c.c
[9.273s] -- Installing: /home/ndt/ros2car-ws/install/vesc_msgs/local/lib/python3.10/dist-packages/vesc_msgs/_vesc_msgs_s.ep.rosidl_typesupport_c.c
[9.273s] -- Installing: /home/ndt/ros2car-ws/install/vesc_msgs/local/lib/python3.10/dist-packages/vesc_msgs/libvesc_msgs__rosidl_generator_py.so
[9.273s] -- Installing: /home/ndt/ros2car-ws/install/vesc_msgs/local/lib/python3.10/dist-packages/vesc_msgs/vesc_msgs_s__rosidl_typesupport_fastrtps_c.cpython-310-x86_64-linux-gnu.so
[9.274s] -- Installing: /home/ndt/ros2car-ws/install/vesc_msgs/local/lib/python3.10/dist-packages/vesc_msgs/msg
[9.274s] -- Installing: /home/ndt/ros2car-ws/install/vesc_msgs/local/lib/python3.10/dist-packages/vesc_msgs/msg/_vesc_imu_stamped.py
[9.274s] -- Installing: /home/ndt/ros2car-ws/install/vesc_msgs/local/lib/python3.10/dist-packages/vesc_msgs/msg/_vesc_state_s.c
[9.274s] -- Installing: /home/ndt/ros2car-ws/install/vesc_msgs/local/lib/python3.10/dist-packages/vesc_msgs/msg/_vesc_imu_stamped_s.c
[9.275s] -- Installing: /home/ndt/ros2car-ws/install/vesc_msgs/local/lib/python3.10/dist-packages/vesc_msgs/msg/_vesc_state.py
[9.275s] -- Installing: /home/ndt/ros2car-ws/install/vesc_msgs/local/lib/python3.10/dist-packages/vesc_msgs/msg/_vesc_imu.py
[9.275s] -- Installing: /home/ndt/ros2car-ws/install/vesc_msgs/local/lib/python3.10/dist-packages/vesc_msgs/msg/__init__.py
[9.276s] -- Installing: /home/ndt/ros2car-ws/install/vesc_msgs/local/lib/python3.10/dist-packages/vesc_msgs/msg/_vesc_state_stamped_s.c
[9.276s] -- Installing: /home/ndt/ros2car-ws/install/vesc_msgs/local/lib/python3.10/dist-packages/vesc_msgs/msg/_vesc_state_stamped.py
[9.276s] -- Installing: /home/ndt/ros2car-ws/install/vesc_msgs/local/lib/python3.10/dist-packages/vesc_msgs/msg/_vesc_imu_s.c
[9.277s] -- Installing: /home/ndt/ros2car-ws/install/vesc_msgs/local/lib/python3.10/dist-packages/vesc_msgs/__init__.py
[9.320s] Listing '/home/ndt/ros2car-ws/install/vesc_msgs/local/lib/python3.10/dist-packages/vesc_msgs'...
[9.321s] Compiling '/home/ndt/ros2car-ws/install/vesc_msgs/local/lib/python3.10/dist-packages/vesc_msgs/__init__.py'...
[9.321s] Listing '/home/ndt/ros2car-ws/install/vesc_msgs/local/lib/python3.10/dist-packages/vesc_msgs/msg'...
[9.321s] Compiling '/home/ndt/ros2car-ws/install/vesc_msgs/local/lib/python3.10/dist-packages/vesc_msgs/msg/__init__.py'...
[9.321s] Compiling '/home/ndt/ros2car-ws/install/vesc_msgs/local/lib/python3.10/dist-packages/vesc_msgs/msg/_vesc_imu.py'...
[9.321s] Compiling '/home/ndt/ros2car-ws/install/vesc_msgs/local/lib/python3.10/dist-packages/vesc_msgs/msg/_vesc_imu_stamped.py'...
[9.321s] Compiling '/home/ndt/ros2car-ws/install/vesc_msgs/local/lib/python3.10/dist-packages/vesc_msgs/msg/_vesc_state.py'...
[9.321s] Compiling '/home/ndt/ros2car-ws/install/vesc_msgs/local/lib/python3.10/dist-packages/vesc_msgs/msg/_vesc_state_stamped.py'...
[9.326s] -- Installing: /home/ndt/ros2car-ws/install/vesc_msgs/local/lib/python3.10/dist-packages/vesc_msgs/vesc_msgs_s__rosidl_typesupport_fastrtps_c.cpython-310-x86_64-linux-gnu.so
[9.328s] -- Set runtime path of "/home/ndt/ros2car-ws/install/vesc_msgs/local/lib/python3.10/dist-packages/vesc_msgs/vesc_msgs_s__rosidl_typesupport_fastrtps_c.cpython-310-x86_64-linux-gnu.so" to ""
[9.328s] -- Installing: /home/ndt/ros2car-ws/install/vesc_msgs/local/lib/python3.10/dist-packages/vesc_msgs/vesc_msgs_s__rosidl_typesupport_introspection_c.cpython-310-x86_64-linux-gnu.so
[9.329s] -- Set runtime path of "/home/ndt/ros2car-ws/install/vesc_msgs/local/lib/python3.10/dist-packages/vesc_msgs/vesc_msgs_s__rosidl_typesupport_introspection_c.cpython-310-x86_64-linux-gnu.so" to ""
[9.330s] -- Installing: /home/ndt/ros2car-ws/install/vesc_msgs/local/lib/python3.10/dist-packages/vesc_msgs/vesc_msgs_s__rosidl_typesupport_c.cpython-310-x86_64-linux-gnu.so
[9.331s] -- Set runtime path of "/home/ndt/ros2car-ws/install/vesc_msgs/local/lib/python3.10/dist-packages/vesc_msgs/vesc_msgs_s__rosidl_typesupport_c.cpython-310-x86_64-linux-gnu.so" to ""
[9.332s] -- Installing: /home/ndt/ros2car-ws/install/vesc_msgs/lib/libvesc_msgs__rosidl_generator_py.so
[9.333s] -- Set runtime path of "/home/ndt/ros2car-ws/install/vesc_msgs/lib/libvesc_msgs__rosidl_generator_py.so" to ""
[9.333s] -- Installing: /home/ndt/ros2car-ws/install/vesc_msgs/share/vesc_msgs/msg/VescState.idl
[9.333s] -- Installing: /home/ndt/ros2car-ws/install/vesc_msgs/share/vesc_msgs/msg/VescStateStamped.idl
[9.334s] -- Installing: /home/ndt/ros2car-ws/install/vesc_msgs/share/vesc_msgs/msg/VescImu.idl
[9.334s] -- Installing: /home/ndt/ros2car-ws/install/vesc_msgs/share/vesc_msgs/msg/VescImuStamped.idl
[9.334s] -- Installing: /home/ndt/ros2car-ws/install/vesc_msgs/share/vesc_msgs/msg/VescState.msg
[9.335s] -- Installing: /home/ndt/ros2car-ws/install/vesc_msgs/share/vesc_msgs/msg/VescStateStamped.msg
[9.335s] -- Installing: /home/ndt/ros2car-ws/install/vesc_msgs/share/vesc_msgs/msg/VescImu.msg
[9.336s] -- Installing: /home/ndt/ros2car-ws/install/vesc_msgs/share/vesc_msgs/msg/VescImuStamped.msg
[9.336s] -- Installing: /home/ndt/ros2car-ws/install/vesc_msgs/share/ament_index/resource_index/package_run_dependencies/vesc_msgs
[9.337s] -- Installing: /home/ndt/ros2car-ws/install/vesc_msgs/share/ament_index/resource_index/parent_prefix_path/vesc_msgs
[9.337s] -- Installing: /home/ndt/ros2car-ws/install/vesc_msgs/share/vesc_msgs/environment/ament_prefix_path.sh
[9.337s] -- Installing: /home/ndt/ros2car-ws/install/vesc_msgs/share/vesc_msgs/environment/ament_prefix_path.dsv
[9.337s] -- Installing: /home/ndt/ros2car-ws/install/vesc_msgs/share/vesc_msgs/environment/path.sh
[9.338s] -- Installing: /home/ndt/ros2car-ws/install/vesc_msgs/share/vesc_msgs/environment/path.dsv
[9.338s] -- Installing: /home/ndt/ros2car-ws/install/vesc_msgs/share/vesc_msgs/local_setup.bash
[9.338s] -- Installing: /home/ndt/ros2car-ws/install/vesc_msgs/share/vesc_msgs/local_setup.sh
[9.339s] -- Installing: /home/ndt/ros2car-ws/install/vesc_msgs/share/vesc_msgs/local_setup.zsh
[9.339s] -- Installing: /home/ndt/ros2car-ws/install/vesc_msgs/share/vesc_msgs/local_setup.dsv
[9.339s] -- Installing: /home/ndt/ros2car-ws/install/vesc_msgs/share/vesc_msgs/package.dsv
[9.340s] -- Installing: /home/ndt/ros2car-ws/install/vesc_msgs/share/ament_index/resource_index/packages/vesc_msgs
[9.341s] -- Installing: /home/ndt/ros2car-ws/install/vesc_msgs/share/vesc_msgs/cmake/export_vesc_msgs__rosidl_generator_cExport.cmake
[9.341s] -- Installing: /home/ndt/ros2car-ws/install/vesc_msgs/share/vesc_msgs/cmake/export_vesc_msgs__rosidl_generator_cExport-noconfig.cmake
[9.341s] -- Installing: /home/ndt/ros2car-ws/install/vesc_msgs/share/vesc_msgs/cmake/export_vesc_msgs__rosidl_typesupport_fastrtps_cExport.cmake
[9.342s] -- Installing: /home/ndt/ros2car-ws/install/vesc_msgs/share/vesc_msgs/cmake/export_vesc_msgs__rosidl_typesupport_fastrtps_cExport-noconfig.cmake
[9.342s] -- Installing: /home/ndt/ros2car-ws/install/vesc_msgs/share/vesc_msgs/cmake/vesc_msgs__rosidl_typesupport_introspection_cExport.cmake
[9.342s] -- Installing: /home/ndt/ros2car-ws/install/vesc_msgs/share/vesc_msgs/cmake/vesc_msgs__rosidl_typesupport_introspection_cExport-noconfig.cmake
[9.343s] -- Installing: /home/ndt/ros2car-ws/install/vesc_msgs/share/vesc_msgs/cmake/vesc_msgs__rosidl_typesupport_cExport.cmake
[9.343s] -- Installing: /home/ndt/ros2car-ws/install/vesc_msgs/share/vesc_msgs/cmake/vesc_msgs__rosidl_typesupport_cExport-noconfig.cmake
[9.344s] -- Installing: /home/ndt/ros2car-ws/install/vesc_msgs/share/vesc_msgs/cmake/export_vesc_msgs__rosidl_generator_cppExport.cmake
[9.344s] -- Installing: /home/ndt/ros2car-ws/install/vesc_msgs/share/vesc_msgs/cmake/export_vesc_msgs__rosidl_typesupport_fastrtps_cppExport.cmake
[9.344s] -- Installing: /home/ndt/ros2car-ws/install/vesc_msgs/share/vesc_msgs/cmake/export_vesc_msgs__rosidl_typesupport_fastrtps_cppExport-noconfig.cmake
[9.344s] -- Installing: /home/ndt/ros2car-ws/install/vesc_msgs/share/vesc_msgs/cmake/vesc_msgs__rosidl_typesupport_introspection_cppExport.cmake
[9.345s] -- Installing: /home/ndt/ros2car-ws/install/vesc_msgs/share/vesc_msgs/cmake/vesc_msgs__rosidl_typesupport_introspection_cppExport-noconfig.cmake
[9.345s] -- Installing: /home/ndt/ros2car-ws/install/vesc_msgs/share/vesc_msgs/cmake/vesc_msgs__rosidl_typesupport_cppExport.cmake
[9.346s] -- Installing: /home/ndt/ros2car-ws/install/vesc_msgs/share/vesc_msgs/cmake/vesc_msgs__rosidl_typesupport_cppExport-noconfig.cmake
[9.346s] -- Installing: /home/ndt/ros2car-ws/install/vesc_msgs/share/vesc_msgs/cmake/export_vesc_msgs__rosidl_generator_pyExport.cmake
[9.346s] -- Installing: /home/ndt/ros2car-ws/install/vesc_msgs/share/vesc_msgs/cmake/export_vesc_msgs__rosidl_generator_pyExport-noconfig.cmake
[9.347s] -- Installing: /home/ndt/ros2car-ws/install/vesc_msgs/share/vesc_msgs/cmake/rosidl_cmake-extras.cmake
[9.347s] -- Installing: /home/ndt/ros2car-ws/install/vesc_msgs/share/vesc_msgs/cmake/ament_cmake_export_dependencies-extras.cmake
[9.348s] -- Installing: /home/ndt/ros2car-ws/install/vesc_msgs/share/vesc_msgs/cmake/ament_cmake_export_include_directories-extras.cmake
[9.348s] -- Installing: /home/ndt/ros2car-ws/install/vesc_msgs/share/vesc_msgs/cmake/ament_cmake_export_libraries-extras.cmake
[9.348s] -- Installing: /home/ndt/ros2car-ws/install/vesc_msgs/share/vesc_msgs/cmake/ament_cmake_export_targets-extras.cmake
[9.349s] -- Installing: /home/ndt/ros2car-ws/install/vesc_msgs/share/vesc_msgs/cmake/rosidl_cmake_export_typesupport_targets-extras.cmake
[9.349s] -- Installing: /home/ndt/ros2car-ws/install/vesc_msgs/share/vesc_msgs/cmake/rosidl_cmake_export_typesupport_libraries-extras.cmake
[9.350s] -- Installing: /home/ndt/ros2car-ws/install/vesc_msgs/share/vesc_msgs/cmake/vesc_msgsConfig.cmake
[9.350s] -- Installing: /home/ndt/ros2car-ws/install/vesc_msgs/share/vesc_msgs/cmake/vesc_msgsConfig-version.cmake
[9.351s] -- Installing: /home/ndt/ros2car-ws/install/vesc_msgs/share/vesc_msgs/package.xml
[9.357s] Invoked command in '/home/ndt/ros2car-ws/build/vesc_msgs' returned '0': CMAKE_PREFIX_PATH=${CMAKE_PREFIX_PATH}:/opt/ros/humble /usr/bin/cmake --install /home/ndt/ros2car-ws/build/vesc_msgs
