[0.036s] Invoking command in '/home/ndt/ros2car-ws/build/ds4_driver': AMENT_PREFIX_PATH=/home/ndt/ros2car-ws/install/ds4_driver_msgs:${AMENT_PREFIX_PATH} CMAKE_PREFIX_PATH=/home/ndt/ros2car-ws/install/ds4_driver_msgs:/home/ndt/ydlidar_ros2_ws/install/ydlidar_ros2_driver:/opt/ros/humble LD_LIBRARY_PATH=/home/ndt/ros2car-ws/install/ds4_driver_msgs/lib:${LD_LIBRARY_PATH} PYTHONPATH=/home/ndt/ros2car-ws/install/ds4_driver_msgs/local/lib/python3.10/dist-packages:${PYTHONPATH} /usr/bin/cmake --build /home/ndt/ros2car-ws/build/ds4_driver -- -j6 -l6
[0.170s] Built target ament_cmake_python_copy_ds4_driver
[0.546s] running egg_info
[0.546s] writing ds4_driver.egg-info/PKG-INFO
[0.546s] writing dependency_links to ds4_driver.egg-info/dependency_links.txt
[0.547s] writing top-level names to ds4_driver.egg-info/top_level.txt
[0.551s] reading manifest file 'ds4_driver.egg-info/SOURCES.txt'
[0.552s] writing manifest file 'ds4_driver.egg-info/SOURCES.txt'
[0.590s] Built target ament_cmake_python_build_ds4_driver_egg
[0.604s] Invoked command in '/home/ndt/ros2car-ws/build/ds4_driver' returned '0': AMENT_PREFIX_PATH=/home/ndt/ros2car-ws/install/ds4_driver_msgs:${AMENT_PREFIX_PATH} CMAKE_PREFIX_PATH=/home/ndt/ros2car-ws/install/ds4_driver_msgs:/home/ndt/ydlidar_ros2_ws/install/ydlidar_ros2_driver:/opt/ros/humble LD_LIBRARY_PATH=/home/ndt/ros2car-ws/install/ds4_driver_msgs/lib:${LD_LIBRARY_PATH} PYTHONPATH=/home/ndt/ros2car-ws/install/ds4_driver_msgs/local/lib/python3.10/dist-packages:${PYTHONPATH} /usr/bin/cmake --build /home/ndt/ros2car-ws/build/ds4_driver -- -j6 -l6
[0.673s] Invoking command in '/home/ndt/ros2car-ws/build/ds4_driver': AMENT_PREFIX_PATH=/home/ndt/ros2car-ws/install/ds4_driver_msgs:${AMENT_PREFIX_PATH} CMAKE_PREFIX_PATH=/home/ndt/ros2car-ws/install/ds4_driver_msgs:/home/ndt/ydlidar_ros2_ws/install/ydlidar_ros2_driver:/opt/ros/humble LD_LIBRARY_PATH=/home/ndt/ros2car-ws/install/ds4_driver_msgs/lib:${LD_LIBRARY_PATH} PYTHONPATH=/home/ndt/ros2car-ws/install/ds4_driver_msgs/local/lib/python3.10/dist-packages:${PYTHONPATH} /usr/bin/cmake --install /home/ndt/ros2car-ws/build/ds4_driver
[0.683s] -- Install configuration: ""
[0.684s] -- Up-to-date: /home/ndt/ros2car-ws/install/ds4_driver/share/ds4_driver/environment/pythonpath.sh
[0.684s] -- Up-to-date: /home/ndt/ros2car-ws/install/ds4_driver/share/ds4_driver/environment/pythonpath.dsv
[0.684s] -- Up-to-date: /home/ndt/ros2car-ws/install/ds4_driver/local/lib/python3.10/dist-packages/ds4_driver-0.2.1-py3.10.egg-info
[0.684s] -- Installing: /home/ndt/ros2car-ws/install/ds4_driver/local/lib/python3.10/dist-packages/ds4_driver-0.2.1-py3.10.egg-info/top_level.txt
[0.684s] -- Installing: /home/ndt/ros2car-ws/install/ds4_driver/local/lib/python3.10/dist-packages/ds4_driver-0.2.1-py3.10.egg-info/dependency_links.txt
[0.684s] -- Installing: /home/ndt/ros2car-ws/install/ds4_driver/local/lib/python3.10/dist-packages/ds4_driver-0.2.1-py3.10.egg-info/SOURCES.txt
[0.685s] -- Installing: /home/ndt/ros2car-ws/install/ds4_driver/local/lib/python3.10/dist-packages/ds4_driver-0.2.1-py3.10.egg-info/PKG-INFO
[0.685s] -- Up-to-date: /home/ndt/ros2car-ws/install/ds4_driver/local/lib/python3.10/dist-packages/ds4_driver
[0.686s] -- Up-to-date: /home/ndt/ros2car-ws/install/ds4_driver/local/lib/python3.10/dist-packages/ds4_driver/controller.py
[0.686s] -- Up-to-date: /home/ndt/ros2car-ws/install/ds4_driver/local/lib/python3.10/dist-packages/ds4_driver/controller_ros.py
[0.686s] -- Up-to-date: /home/ndt/ros2car-ws/install/ds4_driver/local/lib/python3.10/dist-packages/ds4_driver/__init__.py
[0.686s] -- Up-to-date: /home/ndt/ros2car-ws/install/ds4_driver/local/lib/python3.10/dist-packages/ds4_driver/logger.py
[0.727s] Listing '/home/ndt/ros2car-ws/install/ds4_driver/local/lib/python3.10/dist-packages/ds4_driver'...
[0.733s] -- Up-to-date: /home/ndt/ros2car-ws/install/ds4_driver/share/ds4_driver//config
[0.733s] -- Up-to-date: /home/ndt/ros2car-ws/install/ds4_driver/share/ds4_driver//config/params.yaml
[0.733s] -- Up-to-date: /home/ndt/ros2car-ws/install/ds4_driver/share/ds4_driver//config/twist_6dof.yaml
[0.733s] -- Up-to-date: /home/ndt/ros2car-ws/install/ds4_driver/share/ds4_driver//config/twist_2dof.yaml
[0.733s] -- Up-to-date: /home/ndt/ros2car-ws/install/ds4_driver/share/ds4_driver//launch
[0.733s] -- Up-to-date: /home/ndt/ros2car-ws/install/ds4_driver/share/ds4_driver//launch/ds4_twist.launch.xml
[0.733s] -- Up-to-date: /home/ndt/ros2car-ws/install/ds4_driver/share/ds4_driver//launch/ds4_driver.launch.xml
[0.733s] -- Up-to-date: /home/ndt/ros2car-ws/install/ds4_driver/share/ds4_driver//launch/demo.launch.xml
[0.733s] -- Up-to-date: /home/ndt/ros2car-ws/install/ds4_driver/lib/ds4_driver/demo.py
[0.733s] -- Up-to-date: /home/ndt/ros2car-ws/install/ds4_driver/lib/ds4_driver/ds4_driver_node.py
[0.733s] -- Up-to-date: /home/ndt/ros2car-ws/install/ds4_driver/lib/ds4_driver/ds4_twist_node.py
[0.734s] -- Up-to-date: /home/ndt/ros2car-ws/install/ds4_driver/share/ament_index/resource_index/package_run_dependencies/ds4_driver
[0.734s] -- Up-to-date: /home/ndt/ros2car-ws/install/ds4_driver/share/ament_index/resource_index/parent_prefix_path/ds4_driver
[0.734s] -- Up-to-date: /home/ndt/ros2car-ws/install/ds4_driver/share/ds4_driver/environment/ament_prefix_path.sh
[0.734s] -- Up-to-date: /home/ndt/ros2car-ws/install/ds4_driver/share/ds4_driver/environment/ament_prefix_path.dsv
[0.734s] -- Up-to-date: /home/ndt/ros2car-ws/install/ds4_driver/share/ds4_driver/environment/path.sh
[0.734s] -- Up-to-date: /home/ndt/ros2car-ws/install/ds4_driver/share/ds4_driver/environment/path.dsv
[0.734s] -- Up-to-date: /home/ndt/ros2car-ws/install/ds4_driver/share/ds4_driver/local_setup.bash
[0.734s] -- Up-to-date: /home/ndt/ros2car-ws/install/ds4_driver/share/ds4_driver/local_setup.sh
[0.734s] -- Up-to-date: /home/ndt/ros2car-ws/install/ds4_driver/share/ds4_driver/local_setup.zsh
[0.734s] -- Up-to-date: /home/ndt/ros2car-ws/install/ds4_driver/share/ds4_driver/local_setup.dsv
[0.735s] -- Up-to-date: /home/ndt/ros2car-ws/install/ds4_driver/share/ds4_driver/package.dsv
[0.735s] -- Up-to-date: /home/ndt/ros2car-ws/install/ds4_driver/share/ament_index/resource_index/packages/ds4_driver
[0.735s] -- Up-to-date: /home/ndt/ros2car-ws/install/ds4_driver/share/ds4_driver/cmake/ds4_driverConfig.cmake
[0.735s] -- Up-to-date: /home/ndt/ros2car-ws/install/ds4_driver/share/ds4_driver/cmake/ds4_driverConfig-version.cmake
[0.736s] -- Up-to-date: /home/ndt/ros2car-ws/install/ds4_driver/share/ds4_driver/package.xml
[0.742s] Invoked command in '/home/ndt/ros2car-ws/build/ds4_driver' returned '0': AMENT_PREFIX_PATH=/home/ndt/ros2car-ws/install/ds4_driver_msgs:${AMENT_PREFIX_PATH} CMAKE_PREFIX_PATH=/home/ndt/ros2car-ws/install/ds4_driver_msgs:/home/ndt/ydlidar_ros2_ws/install/ydlidar_ros2_driver:/opt/ros/humble LD_LIBRARY_PATH=/home/ndt/ros2car-ws/install/ds4_driver_msgs/lib:${LD_LIBRARY_PATH} PYTHONPATH=/home/ndt/ros2car-ws/install/ds4_driver_msgs/local/lib/python3.10/dist-packages:${PYTHONPATH} /usr/bin/cmake --install /home/ndt/ros2car-ws/build/ds4_driver
