[0.069s] Invoking command in '/home/ndt/ros2car-ws/build/asio_cmake_module': CMAKE_PREFIX_PATH=${CMAKE_PREFIX_PATH}:/home/ndt/ros2car-ws/install/drive_with_DS4:/opt/ros/humble /usr/bin/cmake /home/ndt/ros2car-ws/src/transport_drivers/asio_cmake_module -DCMAKE_INSTALL_PREFIX=/home/ndt/ros2car-ws/install/asio_cmake_module
[0.719s] -- Found ament_cmake: 1.3.4 (/opt/ros/humble/share/ament_cmake/cmake)
[0.720s] -- Override CMake install command with custom implementation using symlinks instead of copying resources
[0.720s] -- Found ament_lint_auto: 0.12.6 (/opt/ros/humble/share/ament_lint_auto/cmake)
[0.720s] -- Added test 'copyright' to check source files copyright and LICENSE
[0.720s] -- Added test 'lint_cmake' to check CMake code style
[0.720s] -- Added test 'xmllint' to check XML markup files
[0.720s] -- Configuring done
[0.720s] -- Generating done
[0.720s] -- Build files have been written to: /home/ndt/ros2car-ws/build/asio_cmake_module
[0.745s] Invoked command in '/home/ndt/ros2car-ws/build/asio_cmake_module' returned '0': CMAKE_PREFIX_PATH=${CMAKE_PREFIX_PATH}:/home/ndt/ros2car-ws/install/drive_with_DS4:/opt/ros/humble /usr/bin/cmake /home/ndt/ros2car-ws/src/transport_drivers/asio_cmake_module -DCMAKE_INSTALL_PREFIX=/home/ndt/ros2car-ws/install/asio_cmake_module
[0.746s] Invoking command in '/home/ndt/ros2car-ws/build/asio_cmake_module': CMAKE_PREFIX_PATH=${CMAKE_PREFIX_PATH}:/home/ndt/ros2car-ws/install/drive_with_DS4:/opt/ros/humble /usr/bin/cmake --build /home/ndt/ros2car-ws/build/asio_cmake_module -- -j6 -l6
[0.829s] Invoked command in '/home/ndt/ros2car-ws/build/asio_cmake_module' returned '0': CMAKE_PREFIX_PATH=${CMAKE_PREFIX_PATH}:/home/ndt/ros2car-ws/install/drive_with_DS4:/opt/ros/humble /usr/bin/cmake --build /home/ndt/ros2car-ws/build/asio_cmake_module -- -j6 -l6
[0.932s] Invoking command in '/home/ndt/ros2car-ws/build/asio_cmake_module': CMAKE_PREFIX_PATH=${CMAKE_PREFIX_PATH}:/home/ndt/ros2car-ws/install/drive_with_DS4:/opt/ros/humble /usr/bin/cmake --install /home/ndt/ros2car-ws/build/asio_cmake_module
[0.952s] -- Install configuration: ""
[0.952s] -- Execute custom install script
[0.952s] -- Up-to-date symlink: /home/ndt/ros2car-ws/install/asio_cmake_module/share/ament_index/resource_index/package_run_dependencies/asio_cmake_module
[0.953s] -- Up-to-date symlink: /home/ndt/ros2car-ws/install/asio_cmake_module/share/ament_index/resource_index/parent_prefix_path/asio_cmake_module
[0.954s] -- Up-to-date symlink: /home/ndt/ros2car-ws/install/asio_cmake_module/share/asio_cmake_module/environment/ament_prefix_path.sh
[0.954s] -- Up-to-date symlink: /home/ndt/ros2car-ws/install/asio_cmake_module/share/asio_cmake_module/environment/ament_prefix_path.dsv
[0.961s] -- Up-to-date symlink: /home/ndt/ros2car-ws/install/asio_cmake_module/share/asio_cmake_module/environment/path.sh
[0.961s] -- Up-to-date symlink: /home/ndt/ros2car-ws/install/asio_cmake_module/share/asio_cmake_module/environment/path.dsv
[0.961s] -- Up-to-date symlink: /home/ndt/ros2car-ws/install/asio_cmake_module/share/asio_cmake_module/local_setup.bash
[0.961s] -- Up-to-date symlink: /home/ndt/ros2car-ws/install/asio_cmake_module/share/asio_cmake_module/local_setup.sh
[0.961s] -- Up-to-date symlink: /home/ndt/ros2car-ws/install/asio_cmake_module/share/asio_cmake_module/local_setup.zsh
[0.961s] -- Up-to-date symlink: /home/ndt/ros2car-ws/install/asio_cmake_module/share/asio_cmake_module/local_setup.dsv
[0.962s] -- Symlinking: /home/ndt/ros2car-ws/install/asio_cmake_module/share/asio_cmake_module/package.dsv
[0.982s] -- Up-to-date symlink: /home/ndt/ros2car-ws/install/asio_cmake_module/share/ament_index/resource_index/packages/asio_cmake_module
[0.982s] -- Up-to-date symlink: /home/ndt/ros2car-ws/install/asio_cmake_module/share/asio_cmake_module/cmake/asio_cmake_module-extras.cmake
[0.982s] -- Up-to-date symlink: /home/ndt/ros2car-ws/install/asio_cmake_module/share/asio_cmake_module/cmake/asio_cmake_moduleConfig.cmake
[0.983s] -- Up-to-date symlink: /home/ndt/ros2car-ws/install/asio_cmake_module/share/asio_cmake_module/cmake/asio_cmake_moduleConfig-version.cmake
[0.983s] -- Up-to-date symlink: /home/ndt/ros2car-ws/install/asio_cmake_module/share/asio_cmake_module/package.xml
[0.983s] -- Up-to-date symlink: /home/ndt/ros2car-ws/install/asio_cmake_module/share/asio_cmake_module/cmake/Modules/FindASIO.cmake
[0.986s] Invoked command in '/home/ndt/ros2car-ws/build/asio_cmake_module' returned '0': CMAKE_PREFIX_PATH=${CMAKE_PREFIX_PATH}:/home/ndt/ros2car-ws/install/drive_with_DS4:/opt/ros/humble /usr/bin/cmake --install /home/ndt/ros2car-ws/build/asio_cmake_module
