[0.031s] Invoking command in '/home/ndt/ros2car-ws/build/ydlidar_ros2_driver': CMAKE_PREFIX_PATH=${CMAKE_PREFIX_PATH}:/opt/ros/humble /usr/bin/cmake --build /home/ndt/ros2car-ws/build/ydlidar_ros2_driver -- -j6 -l6
[0.108s] [35m[1mConsolidate compiler generated dependencies of target ydlidar_ros2_driver_client[0m
[0.108s] [35m[1mConsolidate compiler generated dependencies of target ydlidar_ros2_driver_node[0m
[0.151s] [100%] Built target ydlidar_ros2_driver_node
[0.151s] [100%] Built target ydlidar_ros2_driver_client
[0.169s] Invoked command in '/home/ndt/ros2car-ws/build/ydlidar_ros2_driver' returned '0': CMAKE_PREFIX_PATH=${CMAKE_PREFIX_PATH}:/opt/ros/humble /usr/bin/cmake --build /home/ndt/ros2car-ws/build/ydlidar_ros2_driver -- -j6 -l6
[0.262s] Invoking command in '/home/ndt/ros2car-ws/build/ydlidar_ros2_driver': CMAKE_PREFIX_PATH=${CMAKE_PREFIX_PATH}:/opt/ros/humble /usr/bin/cmake --install /home/ndt/ros2car-ws/build/ydlidar_ros2_driver
[0.273s] -- Install configuration: ""
[0.274s] -- Up-to-date: /home/ndt/ros2car-ws/install/ydlidar_ros2_driver/lib/ydlidar_ros2_driver/ydlidar_ros2_driver_node
[0.276s] -- Up-to-date: /home/ndt/ros2car-ws/install/ydlidar_ros2_driver/lib/ydlidar_ros2_driver/ydlidar_ros2_driver_client
[0.277s] -- Up-to-date: /home/ndt/ros2car-ws/install/ydlidar_ros2_driver/share/ydlidar_ros2_driver/launch
[0.277s] -- Up-to-date: /home/ndt/ros2car-ws/install/ydlidar_ros2_driver/share/ydlidar_ros2_driver/launch/ydlidar.py
[0.277s] -- Up-to-date: /home/ndt/ros2car-ws/install/ydlidar_ros2_driver/share/ydlidar_ros2_driver/launch/ydlidar_launch.py
[0.277s] -- Up-to-date: /home/ndt/ros2car-ws/install/ydlidar_ros2_driver/share/ydlidar_ros2_driver/launch/ydlidar_launch_view.py
[0.277s] -- Up-to-date: /home/ndt/ros2car-ws/install/ydlidar_ros2_driver/share/ydlidar_ros2_driver/params
[0.277s] -- Up-to-date: /home/ndt/ros2car-ws/install/ydlidar_ros2_driver/share/ydlidar_ros2_driver/params/G2.yaml
[0.278s] -- Up-to-date: /home/ndt/ros2car-ws/install/ydlidar_ros2_driver/share/ydlidar_ros2_driver/params/G1.yaml
[0.278s] -- Up-to-date: /home/ndt/ros2car-ws/install/ydlidar_ros2_driver/share/ydlidar_ros2_driver/params/X4.yaml
[0.278s] -- Up-to-date: /home/ndt/ros2car-ws/install/ydlidar_ros2_driver/share/ydlidar_ros2_driver/params/X2.yaml
[0.278s] -- Up-to-date: /home/ndt/ros2car-ws/install/ydlidar_ros2_driver/share/ydlidar_ros2_driver/params/TminiPro.yaml
[0.278s] -- Up-to-date: /home/ndt/ros2car-ws/install/ydlidar_ros2_driver/share/ydlidar_ros2_driver/params/ydlidar.yaml
[0.278s] -- Up-to-date: /home/ndt/ros2car-ws/install/ydlidar_ros2_driver/share/ydlidar_ros2_driver/params/TG.yaml
[0.278s] -- Up-to-date: /home/ndt/ros2car-ws/install/ydlidar_ros2_driver/share/ydlidar_ros2_driver/params/ydlidar.yaml.orig
[0.278s] -- Up-to-date: /home/ndt/ros2car-ws/install/ydlidar_ros2_driver/share/ydlidar_ros2_driver/params/G6.yaml
[0.279s] -- Up-to-date: /home/ndt/ros2car-ws/install/ydlidar_ros2_driver/share/ydlidar_ros2_driver/startup
[0.279s] -- Up-to-date: /home/ndt/ros2car-ws/install/ydlidar_ros2_driver/share/ydlidar_ros2_driver/startup/initenv.sh
[0.279s] -- Up-to-date: /home/ndt/ros2car-ws/install/ydlidar_ros2_driver/share/ydlidar_ros2_driver/config
[0.279s] -- Up-to-date: /home/ndt/ros2car-ws/install/ydlidar_ros2_driver/share/ydlidar_ros2_driver/config/ydlidar.rviz
[0.279s] -- Up-to-date: /home/ndt/ros2car-ws/install/ydlidar_ros2_driver/share/ament_index/resource_index/package_run_dependencies/ydlidar_ros2_driver
[0.280s] -- Up-to-date: /home/ndt/ros2car-ws/install/ydlidar_ros2_driver/share/ament_index/resource_index/parent_prefix_path/ydlidar_ros2_driver
[0.280s] -- Up-to-date: /home/ndt/ros2car-ws/install/ydlidar_ros2_driver/share/ydlidar_ros2_driver/environment/ament_prefix_path.sh
[0.280s] -- Up-to-date: /home/ndt/ros2car-ws/install/ydlidar_ros2_driver/share/ydlidar_ros2_driver/environment/ament_prefix_path.dsv
[0.281s] -- Up-to-date: /home/ndt/ros2car-ws/install/ydlidar_ros2_driver/share/ydlidar_ros2_driver/environment/path.sh
[0.281s] -- Up-to-date: /home/ndt/ros2car-ws/install/ydlidar_ros2_driver/share/ydlidar_ros2_driver/environment/path.dsv
[0.281s] -- Up-to-date: /home/ndt/ros2car-ws/install/ydlidar_ros2_driver/share/ydlidar_ros2_driver/local_setup.bash
[0.281s] -- Up-to-date: /home/ndt/ros2car-ws/install/ydlidar_ros2_driver/share/ydlidar_ros2_driver/local_setup.sh
[0.281s] -- Up-to-date: /home/ndt/ros2car-ws/install/ydlidar_ros2_driver/share/ydlidar_ros2_driver/local_setup.zsh
[0.281s] -- Up-to-date: /home/ndt/ros2car-ws/install/ydlidar_ros2_driver/share/ydlidar_ros2_driver/local_setup.dsv
[0.281s] -- Installing: /home/ndt/ros2car-ws/install/ydlidar_ros2_driver/share/ydlidar_ros2_driver/package.dsv
[0.281s] -- Up-to-date: /home/ndt/ros2car-ws/install/ydlidar_ros2_driver/share/ament_index/resource_index/packages/ydlidar_ros2_driver
[0.282s] -- Up-to-date: /home/ndt/ros2car-ws/install/ydlidar_ros2_driver/share/ydlidar_ros2_driver/cmake/ydlidar_ros2_driverConfig.cmake
[0.282s] -- Up-to-date: /home/ndt/ros2car-ws/install/ydlidar_ros2_driver/share/ydlidar_ros2_driver/cmake/ydlidar_ros2_driverConfig-version.cmake
[0.282s] -- Up-to-date: /home/ndt/ros2car-ws/install/ydlidar_ros2_driver/share/ydlidar_ros2_driver/package.xml
[0.287s] Invoked command in '/home/ndt/ros2car-ws/build/ydlidar_ros2_driver' returned '0': CMAKE_PREFIX_PATH=${CMAKE_PREFIX_PATH}:/opt/ros/humble /usr/bin/cmake --install /home/ndt/ros2car-ws/build/ydlidar_ros2_driver
