[0.044s] Invoking command in '/home/ndt/ros2car-ws/build/vesc': CMAKE_PREFIX_PATH=/home/ndt/ros2car-ws/install/vesc_driver:/home/ndt/ros2car-ws/install/serial_driver:/home/ndt/ros2car-ws/install/vesc_ackermann:/home/ndt/ros2car-ws/install/io_context:/home/ndt/ros2car-ws/install/vesc_msgs:/home/ndt/ros2car-ws/install/ydlidar_ros2_driver:/home/ndt/ros2car-ws/install/vesc:/home/ndt/ros2car-ws/install/udp_driver:/home/ndt/ros2car-ws/install/asio_cmake_module:/home/ndt/ydlidar_ros2_ws/install/ydlidar_ros2_driver:/opt/ros/humble LD_LIBRARY_PATH=/home/ndt/ros2car-ws/install/vesc_driver/lib:/home/ndt/ros2car-ws/install/serial_driver/lib:/home/ndt/ros2car-ws/install/vesc_ackermann/lib:/home/ndt/ros2car-ws/install/io_context/lib:/home/ndt/ros2car-ws/install/vesc_msgs/lib:/home/ndt/ros2car-ws/install/udp_driver/lib:/usr/lib/x86_64-linux-gnu/gazebo-11/plugins:/opt/ros/humble/opt/rviz_ogre_vendor/lib:/opt/ros/humble/lib/x86_64-linux-gnu:/opt/ros/humble/lib /usr/bin/cmake --build /home/ndt/ros2car-ws/build/vesc -- -j6 -l6
[0.117s] Invoked command in '/home/ndt/ros2car-ws/build/vesc' returned '0': CMAKE_PREFIX_PATH=/home/ndt/ros2car-ws/install/vesc_driver:/home/ndt/ros2car-ws/install/serial_driver:/home/ndt/ros2car-ws/install/vesc_ackermann:/home/ndt/ros2car-ws/install/io_context:/home/ndt/ros2car-ws/install/vesc_msgs:/home/ndt/ros2car-ws/install/ydlidar_ros2_driver:/home/ndt/ros2car-ws/install/vesc:/home/ndt/ros2car-ws/install/udp_driver:/home/ndt/ros2car-ws/install/asio_cmake_module:/home/ndt/ydlidar_ros2_ws/install/ydlidar_ros2_driver:/opt/ros/humble LD_LIBRARY_PATH=/home/ndt/ros2car-ws/install/vesc_driver/lib:/home/ndt/ros2car-ws/install/serial_driver/lib:/home/ndt/ros2car-ws/install/vesc_ackermann/lib:/home/ndt/ros2car-ws/install/io_context/lib:/home/ndt/ros2car-ws/install/vesc_msgs/lib:/home/ndt/ros2car-ws/install/udp_driver/lib:/usr/lib/x86_64-linux-gnu/gazebo-11/plugins:/opt/ros/humble/opt/rviz_ogre_vendor/lib:/opt/ros/humble/lib/x86_64-linux-gnu:/opt/ros/humble/lib /usr/bin/cmake --build /home/ndt/ros2car-ws/build/vesc -- -j6 -l6
[0.181s] Invoking command in '/home/ndt/ros2car-ws/build/vesc': CMAKE_PREFIX_PATH=/home/ndt/ros2car-ws/install/vesc_driver:/home/ndt/ros2car-ws/install/serial_driver:/home/ndt/ros2car-ws/install/vesc_ackermann:/home/ndt/ros2car-ws/install/io_context:/home/ndt/ros2car-ws/install/vesc_msgs:/home/ndt/ros2car-ws/install/ydlidar_ros2_driver:/home/ndt/ros2car-ws/install/vesc:/home/ndt/ros2car-ws/install/udp_driver:/home/ndt/ros2car-ws/install/asio_cmake_module:/home/ndt/ydlidar_ros2_ws/install/ydlidar_ros2_driver:/opt/ros/humble LD_LIBRARY_PATH=/home/ndt/ros2car-ws/install/vesc_driver/lib:/home/ndt/ros2car-ws/install/serial_driver/lib:/home/ndt/ros2car-ws/install/vesc_ackermann/lib:/home/ndt/ros2car-ws/install/io_context/lib:/home/ndt/ros2car-ws/install/vesc_msgs/lib:/home/ndt/ros2car-ws/install/udp_driver/lib:/usr/lib/x86_64-linux-gnu/gazebo-11/plugins:/opt/ros/humble/opt/rviz_ogre_vendor/lib:/opt/ros/humble/lib/x86_64-linux-gnu:/opt/ros/humble/lib /usr/bin/cmake --install /home/ndt/ros2car-ws/build/vesc
[0.195s] -- Install configuration: ""
[0.195s] -- Up-to-date: /home/ndt/ros2car-ws/install/vesc/share/ament_index/resource_index/package_run_dependencies/vesc
[0.195s] -- Up-to-date: /home/ndt/ros2car-ws/install/vesc/share/ament_index/resource_index/parent_prefix_path/vesc
[0.195s] -- Up-to-date: /home/ndt/ros2car-ws/install/vesc/share/vesc/environment/ament_prefix_path.sh
[0.196s] -- Up-to-date: /home/ndt/ros2car-ws/install/vesc/share/vesc/environment/ament_prefix_path.dsv
[0.196s] -- Up-to-date: /home/ndt/ros2car-ws/install/vesc/share/vesc/environment/path.sh
[0.196s] -- Up-to-date: /home/ndt/ros2car-ws/install/vesc/share/vesc/environment/path.dsv
[0.196s] -- Up-to-date: /home/ndt/ros2car-ws/install/vesc/share/vesc/local_setup.bash
[0.196s] -- Up-to-date: /home/ndt/ros2car-ws/install/vesc/share/vesc/local_setup.sh
[0.196s] -- Up-to-date: /home/ndt/ros2car-ws/install/vesc/share/vesc/local_setup.zsh
[0.196s] -- Up-to-date: /home/ndt/ros2car-ws/install/vesc/share/vesc/local_setup.dsv
[0.197s] -- Installing: /home/ndt/ros2car-ws/install/vesc/share/vesc/package.dsv
[0.197s] -- Up-to-date: /home/ndt/ros2car-ws/install/vesc/share/ament_index/resource_index/packages/vesc
[0.197s] -- Up-to-date: /home/ndt/ros2car-ws/install/vesc/share/vesc/cmake/vescConfig.cmake
[0.197s] -- Up-to-date: /home/ndt/ros2car-ws/install/vesc/share/vesc/cmake/vescConfig-version.cmake
[0.197s] -- Up-to-date: /home/ndt/ros2car-ws/install/vesc/share/vesc/package.xml
[0.201s] Invoked command in '/home/ndt/ros2car-ws/build/vesc' returned '0': CMAKE_PREFIX_PATH=/home/ndt/ros2car-ws/install/vesc_driver:/home/ndt/ros2car-ws/install/serial_driver:/home/ndt/ros2car-ws/install/vesc_ackermann:/home/ndt/ros2car-ws/install/io_context:/home/ndt/ros2car-ws/install/vesc_msgs:/home/ndt/ros2car-ws/install/ydlidar_ros2_driver:/home/ndt/ros2car-ws/install/vesc:/home/ndt/ros2car-ws/install/udp_driver:/home/ndt/ros2car-ws/install/asio_cmake_module:/home/ndt/ydlidar_ros2_ws/install/ydlidar_ros2_driver:/opt/ros/humble LD_LIBRARY_PATH=/home/ndt/ros2car-ws/install/vesc_driver/lib:/home/ndt/ros2car-ws/install/serial_driver/lib:/home/ndt/ros2car-ws/install/vesc_ackermann/lib:/home/ndt/ros2car-ws/install/io_context/lib:/home/ndt/ros2car-ws/install/vesc_msgs/lib:/home/ndt/ros2car-ws/install/udp_driver/lib:/usr/lib/x86_64-linux-gnu/gazebo-11/plugins:/opt/ros/humble/opt/rviz_ogre_vendor/lib:/opt/ros/humble/lib/x86_64-linux-gnu:/opt/ros/humble/lib /usr/bin/cmake --install /home/ndt/ros2car-ws/build/vesc
