[0.027s] Invoking command in '/home/ndt/ros2car-ws/build/io_context': CMAKE_PREFIX_PATH=/home/ndt/ros2car-ws/install/asio_cmake_module:/home/ndt/ros2car-ws/install/ydlidar_ros2_driver:/home/ndt/ros2car-ws/install/vesc:/home/ndt/ros2car-ws/install/vesc_driver:/home/ndt/ros2car-ws/install/vesc_ackermann:/home/ndt/ros2car-ws/install/vesc_msgs:/home/ndt/ros2car-ws/install/udp_driver:/home/ndt/ros2car-ws/install/serial_driver:/home/ndt/ros2car-ws/install/io_context:/home/ndt/ydlidar_ros2_ws/install/ydlidar_ros2_driver:/opt/ros/humble /usr/bin/cmake --build /home/ndt/ros2car-ws/build/io_context -- -j6 -l6
[0.171s] [ 22%] Built target gtest_main
[0.173s] [ 55%] Built target io_context
[0.186s] [ 77%] Built target gtest
[0.255s] [100%] Built target test_io_context
[0.279s] Invoked command in '/home/ndt/ros2car-ws/build/io_context' returned '0': CMAKE_PREFIX_PATH=/home/ndt/ros2car-ws/install/asio_cmake_module:/home/ndt/ros2car-ws/install/ydlidar_ros2_driver:/home/ndt/ros2car-ws/install/vesc:/home/ndt/ros2car-ws/install/vesc_driver:/home/ndt/ros2car-ws/install/vesc_ackermann:/home/ndt/ros2car-ws/install/vesc_msgs:/home/ndt/ros2car-ws/install/udp_driver:/home/ndt/ros2car-ws/install/serial_driver:/home/ndt/ros2car-ws/install/io_context:/home/ndt/ydlidar_ros2_ws/install/ydlidar_ros2_driver:/opt/ros/humble /usr/bin/cmake --build /home/ndt/ros2car-ws/build/io_context -- -j6 -l6
[0.394s] Invoking command in '/home/ndt/ros2car-ws/build/io_context': CMAKE_PREFIX_PATH=/home/ndt/ros2car-ws/install/asio_cmake_module:/home/ndt/ros2car-ws/install/ydlidar_ros2_driver:/home/ndt/ros2car-ws/install/vesc:/home/ndt/ros2car-ws/install/vesc_driver:/home/ndt/ros2car-ws/install/vesc_ackermann:/home/ndt/ros2car-ws/install/vesc_msgs:/home/ndt/ros2car-ws/install/udp_driver:/home/ndt/ros2car-ws/install/serial_driver:/home/ndt/ros2car-ws/install/io_context:/home/ndt/ydlidar_ros2_ws/install/ydlidar_ros2_driver:/opt/ros/humble /usr/bin/cmake --install /home/ndt/ros2car-ws/build/io_context
[0.411s] -- Install configuration: ""
[0.412s] -- Up-to-date: /home/ndt/ros2car-ws/install/io_context/include
[0.416s] -- Up-to-date: /home/ndt/ros2car-ws/install/io_context/include/msg_converters
[0.416s] -- Up-to-date: /home/ndt/ros2car-ws/install/io_context/include/msg_converters/udp_msgs.hpp
[0.416s] -- Up-to-date: /home/ndt/ros2car-ws/install/io_context/include/msg_converters/converters.hpp
[0.416s] -- Up-to-date: /home/ndt/ros2car-ws/install/io_context/include/msg_converters/std_msgs.hpp
[0.416s] -- Up-to-date: /home/ndt/ros2car-ws/install/io_context/include/io_context
[0.416s] -- Up-to-date: /home/ndt/ros2car-ws/install/io_context/include/io_context/io_context.hpp
[0.417s] -- Up-to-date: /home/ndt/ros2car-ws/install/io_context/include/io_context/common.hpp
[0.417s] -- Up-to-date: /home/ndt/ros2car-ws/install/io_context/share/io_context/environment/library_path.sh
[0.417s] -- Up-to-date: /home/ndt/ros2car-ws/install/io_context/share/io_context/environment/library_path.dsv
[0.417s] -- Up-to-date: /home/ndt/ros2car-ws/install/io_context/lib/libio_context.so
[0.417s] -- Up-to-date: /home/ndt/ros2car-ws/install/io_context/share/ament_index/resource_index/package_run_dependencies/io_context
[0.417s] -- Up-to-date: /home/ndt/ros2car-ws/install/io_context/share/ament_index/resource_index/parent_prefix_path/io_context
[0.417s] -- Up-to-date: /home/ndt/ros2car-ws/install/io_context/share/io_context/environment/ament_prefix_path.sh
[0.417s] -- Up-to-date: /home/ndt/ros2car-ws/install/io_context/share/io_context/environment/ament_prefix_path.dsv
[0.417s] -- Up-to-date: /home/ndt/ros2car-ws/install/io_context/share/io_context/environment/path.sh
[0.418s] -- Up-to-date: /home/ndt/ros2car-ws/install/io_context/share/io_context/environment/path.dsv
[0.418s] -- Up-to-date: /home/ndt/ros2car-ws/install/io_context/share/io_context/local_setup.bash
[0.418s] -- Up-to-date: /home/ndt/ros2car-ws/install/io_context/share/io_context/local_setup.sh
[0.418s] -- Up-to-date: /home/ndt/ros2car-ws/install/io_context/share/io_context/local_setup.zsh
[0.418s] -- Up-to-date: /home/ndt/ros2car-ws/install/io_context/share/io_context/local_setup.dsv
[0.418s] -- Installing: /home/ndt/ros2car-ws/install/io_context/share/io_context/package.dsv
[0.418s] -- Up-to-date: /home/ndt/ros2car-ws/install/io_context/share/ament_index/resource_index/packages/io_context
[0.418s] -- Up-to-date: /home/ndt/ros2car-ws/install/io_context/share/io_context/cmake/ament_cmake_export_dependencies-extras.cmake
[0.418s] -- Up-to-date: /home/ndt/ros2car-ws/install/io_context/share/io_context/cmake/ament_cmake_export_include_directories-extras.cmake
[0.419s] -- Up-to-date: /home/ndt/ros2car-ws/install/io_context/share/io_context/cmake/ament_cmake_export_libraries-extras.cmake
[0.419s] -- Up-to-date: /home/ndt/ros2car-ws/install/io_context/share/io_context/cmake/io_contextConfig.cmake
[0.419s] -- Up-to-date: /home/ndt/ros2car-ws/install/io_context/share/io_context/cmake/io_contextConfig-version.cmake
[0.419s] -- Up-to-date: /home/ndt/ros2car-ws/install/io_context/share/io_context/package.xml
[0.429s] Invoked command in '/home/ndt/ros2car-ws/build/io_context' returned '0': CMAKE_PREFIX_PATH=/home/ndt/ros2car-ws/install/asio_cmake_module:/home/ndt/ros2car-ws/install/ydlidar_ros2_driver:/home/ndt/ros2car-ws/install/vesc:/home/ndt/ros2car-ws/install/vesc_driver:/home/ndt/ros2car-ws/install/vesc_ackermann:/home/ndt/ros2car-ws/install/vesc_msgs:/home/ndt/ros2car-ws/install/udp_driver:/home/ndt/ros2car-ws/install/serial_driver:/home/ndt/ros2car-ws/install/io_context:/home/ndt/ydlidar_ros2_ws/install/ydlidar_ros2_driver:/opt/ros/humble /usr/bin/cmake --install /home/ndt/ros2car-ws/build/io_context
