[0.026s] Invoking command in '/home/ndt/ros2car-ws/build/vesc_ackermann': CMAKE_PREFIX_PATH=/home/ndt/ros2car-ws/install/vesc_msgs:/home/ndt/ros2car-ws/install/ydlidar_ros2_driver:/home/ndt/ros2car-ws/install/vesc:/home/ndt/ros2car-ws/install/vesc_driver:/home/ndt/ros2car-ws/install/vesc_ackermann:/home/ndt/ros2car-ws/install/udp_driver:/home/ndt/ros2car-ws/install/serial_driver:/home/ndt/ros2car-ws/install/io_context:/home/ndt/ros2car-ws/install/asio_cmake_module:/home/ndt/ydlidar_ros2_ws/install/ydlidar_ros2_driver:/opt/ros/humble LD_LIBRARY_PATH=/home/ndt/ros2car-ws/install/vesc_msgs/lib:/home/ndt/ros2car-ws/install/vesc_driver/lib:/home/ndt/ros2car-ws/install/vesc_ackermann/lib:/home/ndt/ros2car-ws/install/udp_driver/lib:/home/ndt/ros2car-ws/install/serial_driver/lib:/home/ndt/ros2car-ws/install/io_context/lib:/usr/lib/x86_64-linux-gnu/gazebo-11/plugins:/opt/ros/humble/opt/rviz_ogre_vendor/lib:/opt/ros/humble/lib/x86_64-linux-gnu:/opt/ros/humble/lib /usr/bin/cmake --build /home/ndt/ros2car-ws/build/vesc_ackermann -- -j6 -l6
[0.158s] [ 28%] Built target vesc_to_odom_node
[0.162s] [ 57%] Built target ackermann_to_vesc_node
[0.164s] [100%] Built target vesc_ackermann
[0.206s] Invoked command in '/home/ndt/ros2car-ws/build/vesc_ackermann' returned '0': CMAKE_PREFIX_PATH=/home/ndt/ros2car-ws/install/vesc_msgs:/home/ndt/ros2car-ws/install/ydlidar_ros2_driver:/home/ndt/ros2car-ws/install/vesc:/home/ndt/ros2car-ws/install/vesc_driver:/home/ndt/ros2car-ws/install/vesc_ackermann:/home/ndt/ros2car-ws/install/udp_driver:/home/ndt/ros2car-ws/install/serial_driver:/home/ndt/ros2car-ws/install/io_context:/home/ndt/ros2car-ws/install/asio_cmake_module:/home/ndt/ydlidar_ros2_ws/install/ydlidar_ros2_driver:/opt/ros/humble LD_LIBRARY_PATH=/home/ndt/ros2car-ws/install/vesc_msgs/lib:/home/ndt/ros2car-ws/install/vesc_driver/lib:/home/ndt/ros2car-ws/install/vesc_ackermann/lib:/home/ndt/ros2car-ws/install/udp_driver/lib:/home/ndt/ros2car-ws/install/serial_driver/lib:/home/ndt/ros2car-ws/install/io_context/lib:/usr/lib/x86_64-linux-gnu/gazebo-11/plugins:/opt/ros/humble/opt/rviz_ogre_vendor/lib:/opt/ros/humble/lib/x86_64-linux-gnu:/opt/ros/humble/lib /usr/bin/cmake --build /home/ndt/ros2car-ws/build/vesc_ackermann -- -j6 -l6
[0.325s] Invoking command in '/home/ndt/ros2car-ws/build/vesc_ackermann': CMAKE_PREFIX_PATH=/home/ndt/ros2car-ws/install/vesc_msgs:/home/ndt/ros2car-ws/install/ydlidar_ros2_driver:/home/ndt/ros2car-ws/install/vesc:/home/ndt/ros2car-ws/install/vesc_driver:/home/ndt/ros2car-ws/install/vesc_ackermann:/home/ndt/ros2car-ws/install/udp_driver:/home/ndt/ros2car-ws/install/serial_driver:/home/ndt/ros2car-ws/install/io_context:/home/ndt/ros2car-ws/install/asio_cmake_module:/home/ndt/ydlidar_ros2_ws/install/ydlidar_ros2_driver:/opt/ros/humble LD_LIBRARY_PATH=/home/ndt/ros2car-ws/install/vesc_msgs/lib:/home/ndt/ros2car-ws/install/vesc_driver/lib:/home/ndt/ros2car-ws/install/vesc_ackermann/lib:/home/ndt/ros2car-ws/install/udp_driver/lib:/home/ndt/ros2car-ws/install/serial_driver/lib:/home/ndt/ros2car-ws/install/io_context/lib:/usr/lib/x86_64-linux-gnu/gazebo-11/plugins:/opt/ros/humble/opt/rviz_ogre_vendor/lib:/opt/ros/humble/lib/x86_64-linux-gnu:/opt/ros/humble/lib /usr/bin/cmake --install /home/ndt/ros2car-ws/build/vesc_ackermann
[0.344s] -- Install configuration: ""
[0.345s] -- Up-to-date: /home/ndt/ros2car-ws/install/vesc_ackermann/lib/vesc_ackermann/ackermann_to_vesc_node
[0.346s] -- Up-to-date: /home/ndt/ros2car-ws/install/vesc_ackermann/lib/vesc_ackermann/vesc_to_odom_node
[0.347s] -- Up-to-date: /home/ndt/ros2car-ws/install/vesc_ackermann/include
[0.348s] -- Up-to-date: /home/ndt/ros2car-ws/install/vesc_ackermann/include/vesc_ackermann
[0.348s] -- Up-to-date: /home/ndt/ros2car-ws/install/vesc_ackermann/include/vesc_ackermann/vesc_to_odom.hpp
[0.348s] -- Up-to-date: /home/ndt/ros2car-ws/install/vesc_ackermann/include/vesc_ackermann/ackermann_to_vesc.hpp
[0.349s] -- Up-to-date: /home/ndt/ros2car-ws/install/vesc_ackermann/share/vesc_ackermann/environment/library_path.sh
[0.349s] -- Up-to-date: /home/ndt/ros2car-ws/install/vesc_ackermann/share/vesc_ackermann/environment/library_path.dsv
[0.354s] -- Up-to-date: /home/ndt/ros2car-ws/install/vesc_ackermann/lib/libvesc_ackermann.so
[0.354s] -- Up-to-date: /home/ndt/ros2car-ws/install/vesc_ackermann/share/vesc_ackermann/launch
[0.354s] -- Up-to-date: /home/ndt/ros2car-ws/install/vesc_ackermann/share/vesc_ackermann/launch/vesc_to_odom_node.launch.xml
[0.357s] -- Up-to-date: /home/ndt/ros2car-ws/install/vesc_ackermann/share/vesc_ackermann/launch/ackermann_to_vesc_node.launch.xml
[0.357s] -- Up-to-date: /home/ndt/ros2car-ws/install/vesc_ackermann/share/ament_index/resource_index/package_run_dependencies/vesc_ackermann
[0.357s] -- Up-to-date: /home/ndt/ros2car-ws/install/vesc_ackermann/share/ament_index/resource_index/parent_prefix_path/vesc_ackermann
[0.357s] -- Up-to-date: /home/ndt/ros2car-ws/install/vesc_ackermann/share/vesc_ackermann/environment/ament_prefix_path.sh
[0.360s] -- Up-to-date: /home/ndt/ros2car-ws/install/vesc_ackermann/share/vesc_ackermann/environment/ament_prefix_path.dsv
[0.360s] -- Up-to-date: /home/ndt/ros2car-ws/install/vesc_ackermann/share/vesc_ackermann/environment/path.sh
[0.360s] -- Up-to-date: /home/ndt/ros2car-ws/install/vesc_ackermann/share/vesc_ackermann/environment/path.dsv
[0.360s] -- Up-to-date: /home/ndt/ros2car-ws/install/vesc_ackermann/share/vesc_ackermann/local_setup.bash
[0.360s] -- Up-to-date: /home/ndt/ros2car-ws/install/vesc_ackermann/share/vesc_ackermann/local_setup.sh
[0.360s] -- Up-to-date: /home/ndt/ros2car-ws/install/vesc_ackermann/share/vesc_ackermann/local_setup.zsh
[0.360s] -- Up-to-date: /home/ndt/ros2car-ws/install/vesc_ackermann/share/vesc_ackermann/local_setup.dsv
[0.361s] -- Installing: /home/ndt/ros2car-ws/install/vesc_ackermann/share/vesc_ackermann/package.dsv
[0.361s] -- Up-to-date: /home/ndt/ros2car-ws/install/vesc_ackermann/share/ament_index/resource_index/packages/vesc_ackermann
[0.361s] -- Up-to-date: /home/ndt/ros2car-ws/install/vesc_ackermann/share/ament_index/resource_index/rclcpp_components/vesc_ackermann
[0.361s] -- Up-to-date: /home/ndt/ros2car-ws/install/vesc_ackermann/share/vesc_ackermann/cmake/ament_cmake_export_dependencies-extras.cmake
[0.361s] -- Up-to-date: /home/ndt/ros2car-ws/install/vesc_ackermann/share/vesc_ackermann/cmake/ament_cmake_export_include_directories-extras.cmake
[0.361s] -- Up-to-date: /home/ndt/ros2car-ws/install/vesc_ackermann/share/vesc_ackermann/cmake/ament_cmake_export_libraries-extras.cmake
[0.361s] -- Up-to-date: /home/ndt/ros2car-ws/install/vesc_ackermann/share/vesc_ackermann/cmake/vesc_ackermannConfig.cmake
[0.362s] -- Up-to-date: /home/ndt/ros2car-ws/install/vesc_ackermann/share/vesc_ackermann/cmake/vesc_ackermannConfig-version.cmake
[0.362s] -- Up-to-date: /home/ndt/ros2car-ws/install/vesc_ackermann/share/vesc_ackermann/package.xml
[0.377s] Invoked command in '/home/ndt/ros2car-ws/build/vesc_ackermann' returned '0': CMAKE_PREFIX_PATH=/home/ndt/ros2car-ws/install/vesc_msgs:/home/ndt/ros2car-ws/install/ydlidar_ros2_driver:/home/ndt/ros2car-ws/install/vesc:/home/ndt/ros2car-ws/install/vesc_driver:/home/ndt/ros2car-ws/install/vesc_ackermann:/home/ndt/ros2car-ws/install/udp_driver:/home/ndt/ros2car-ws/install/serial_driver:/home/ndt/ros2car-ws/install/io_context:/home/ndt/ros2car-ws/install/asio_cmake_module:/home/ndt/ydlidar_ros2_ws/install/ydlidar_ros2_driver:/opt/ros/humble LD_LIBRARY_PATH=/home/ndt/ros2car-ws/install/vesc_msgs/lib:/home/ndt/ros2car-ws/install/vesc_driver/lib:/home/ndt/ros2car-ws/install/vesc_ackermann/lib:/home/ndt/ros2car-ws/install/udp_driver/lib:/home/ndt/ros2car-ws/install/serial_driver/lib:/home/ndt/ros2car-ws/install/io_context/lib:/usr/lib/x86_64-linux-gnu/gazebo-11/plugins:/opt/ros/humble/opt/rviz_ogre_vendor/lib:/opt/ros/humble/lib/x86_64-linux-gnu:/opt/ros/humble/lib /usr/bin/cmake --install /home/ndt/ros2car-ws/build/vesc_ackermann
