[0.943s] Invoking command in '/home/ndt/ros2car-ws/src/ds4drv': PYTHONPATH=/home/ndt/ros2car-ws/build/ds4drv/prefix_override:/home/ndt/ros2car-ws/install/ds4drv/lib/python3.10/site-packages:${PYTHONPATH} /usr/bin/python3 setup.py egg_info --egg-base ../../build/ds4drv build --build-base /home/ndt/ros2car-ws/build/ds4drv/build install --record /home/ndt/ros2car-ws/build/ds4drv/install.log --single-version-externally-managed
[1.318s] running egg_info
[1.319s] writing ../../build/ds4drv/ds4drv.egg-info/PKG-INFO
[1.320s] writing dependency_links to ../../build/ds4drv/ds4drv.egg-info/dependency_links.txt
[1.320s] writing entry points to ../../build/ds4drv/ds4drv.egg-info/entry_points.txt
[1.320s] writing requirements to ../../build/ds4drv/ds4drv.egg-info/requires.txt
[1.320s] writing top-level names to ../../build/ds4drv/ds4drv.egg-info/top_level.txt
[1.325s] reading manifest file '../../build/ds4drv/ds4drv.egg-info/SOURCES.txt'
[1.328s] reading manifest template 'MANIFEST.in'
[1.328s] adding license file 'LICENSE'
[1.328s] writing manifest file '../../build/ds4drv/ds4drv.egg-info/SOURCES.txt'
[1.328s] running build
[1.329s] running build_py
[1.330s] running install
[1.330s] /usr/lib/python3/dist-packages/setuptools/command/install.py:34: SetuptoolsDeprecationWarning: setup.py install is deprecated. Use build and pip and other standards-based tools.
[1.330s]   warnings.warn(
[1.331s] running install_lib
[1.334s] running install_egg_info
[1.338s] removing '/home/ndt/ros2car-ws/install/ds4drv/lib/python3.10/site-packages/ds4drv-0.5.1-py3.10.egg-info' (and everything under it)
[1.338s] Copying ../../build/ds4drv/ds4drv.egg-info to /home/ndt/ros2car-ws/install/ds4drv/lib/python3.10/site-packages/ds4drv-0.5.1-py3.10.egg-info
[1.340s] running install_scripts
[1.366s] Installing ds4drv script to /home/ndt/ros2car-ws/install/ds4drv/bin
[1.367s] writing list of installed files to '/home/ndt/ros2car-ws/build/ds4drv/install.log'
[1.412s] Invoked command in '/home/ndt/ros2car-ws/src/ds4drv' returned '0': PYTHONPATH=/home/ndt/ros2car-ws/build/ds4drv/prefix_override:/home/ndt/ros2car-ws/install/ds4drv/lib/python3.10/site-packages:${PYTHONPATH} /usr/bin/python3 setup.py egg_info --egg-base ../../build/ds4drv build --build-base /home/ndt/ros2car-ws/build/ds4drv/build install --record /home/ndt/ros2car-ws/build/ds4drv/install.log --single-version-externally-managed
