[0.054s] Invoking command in '/home/ndt/ros2car-ws/build/ds4_driver_msgs': CMAKE_PREFIX_PATH=${CMAKE_PREFIX_PATH}:/opt/ros/humble /usr/bin/cmake /home/ndt/ros2car-ws/src/ds4_driver/ds4_driver_msgs -DCMAKE_INSTALL_PREFIX=/home/ndt/ros2car-ws/install/ds4_driver_msgs
[0.485s] -- The C compiler identification is GNU 11.3.0
[0.485s] -- The CXX compiler identification is GNU 11.3.0
[0.485s] -- Detecting C compiler ABI info
[0.485s] -- Detecting C compiler ABI info - done
[0.485s] -- Check for working C compiler: /usr/bin/cc - skipped
[0.485s] -- Detecting C compile features
[0.486s] -- Detecting C compile features - done
[0.486s] -- Detecting CXX compiler ABI info
[0.696s] -- Detecting CXX compiler ABI info - done
[0.706s] -- Check for working CXX compiler: /usr/bin/c++ - skipped
[0.706s] -- Detecting CXX compile features
[0.706s] -- Detecting CXX compile features - done
[0.711s] -- Found ament_cmake: 1.3.4 (/opt/ros/humble/share/ament_cmake/cmake)
[1.020s] -- Found Python3: /usr/bin/python3.10 (found version "3.10.6") found components: Interpreter 
[1.199s] -- Found builtin_interfaces: 1.2.1 (/opt/ros/humble/share/builtin_interfaces/cmake)
[1.295s] -- Found rosidl_generator_c: 3.1.4 (/opt/ros/humble/share/rosidl_generator_c/cmake)
[1.310s] -- Found rosidl_adapter: 3.1.4 (/opt/ros/humble/share/rosidl_adapter/cmake)
[1.329s] -- Found rosidl_generator_cpp: 3.1.4 (/opt/ros/humble/share/rosidl_generator_cpp/cmake)
[1.357s] -- Using all available rosidl_typesupport_c: rosidl_typesupport_fastrtps_c;rosidl_typesupport_introspection_c
[1.405s] -- Using all available rosidl_typesupport_cpp: rosidl_typesupport_fastrtps_cpp;rosidl_typesupport_introspection_cpp
[1.446s] -- Found std_msgs: 4.2.3 (/opt/ros/humble/share/std_msgs/cmake)
[1.505s] -- Found sensor_msgs: 4.2.3 (/opt/ros/humble/share/sensor_msgs/cmake)
[1.762s] -- Found rosidl_default_generators: 1.2.0 (/opt/ros/humble/share/rosidl_default_generators/cmake)
[2.365s] -- Found ament_cmake_ros: 0.10.0 (/opt/ros/humble/share/ament_cmake_ros/cmake)
[3.133s] -- Using all available rosidl_typesupport_c: rosidl_typesupport_fastrtps_c;rosidl_typesupport_introspection_c
[3.399s] -- Using all available rosidl_typesupport_cpp: rosidl_typesupport_fastrtps_cpp;rosidl_typesupport_introspection_cpp
[3.433s] -- Found PythonInterp: /usr/bin/python3 (found suitable version "3.10.6", minimum required is "3.6") 
[3.437s] -- Found python_cmake_module: 0.10.0 (/opt/ros/humble/share/python_cmake_module/cmake)
[3.471s] -- Found PythonLibs: /usr/lib/x86_64-linux-gnu/libpython3.10.so (found suitable version "3.10.6", minimum required is "3.5") 
[3.471s] -- Using PYTHON_EXECUTABLE: /usr/bin/python3
[3.471s] -- Using PYTHON_INCLUDE_DIRS: /usr/include/python3.10
[3.471s] -- Using PYTHON_LIBRARIES: /usr/lib/x86_64-linux-gnu/libpython3.10.so
[3.500s] -- Found PythonExtra: .so  
[3.609s] -- Found ament_lint_auto: 0.12.6 (/opt/ros/humble/share/ament_lint_auto/cmake)
[3.658s] -- Added test 'lint_cmake' to check CMake code style
[3.660s] -- Added test 'xmllint' to check XML markup files
[3.665s] -- Configuring done
[3.735s] -- Generating done
[3.739s] -- Build files have been written to: /home/ndt/ros2car-ws/build/ds4_driver_msgs
[3.749s] Invoked command in '/home/ndt/ros2car-ws/build/ds4_driver_msgs' returned '0': CMAKE_PREFIX_PATH=${CMAKE_PREFIX_PATH}:/opt/ros/humble /usr/bin/cmake /home/ndt/ros2car-ws/src/ds4_driver/ds4_driver_msgs -DCMAKE_INSTALL_PREFIX=/home/ndt/ros2car-ws/install/ds4_driver_msgs
[3.752s] Invoking command in '/home/ndt/ros2car-ws/build/ds4_driver_msgs': CMAKE_PREFIX_PATH=${CMAKE_PREFIX_PATH}:/opt/ros/humble /usr/bin/cmake --build /home/ndt/ros2car-ws/build/ds4_driver_msgs -- -j6 -l6
[3.831s] [  1%] [34m[1mGenerating C code for ROS interfaces[0m
[3.855s] [  3%] [34m[1mGenerating C++ code for ROS interfaces[0m
[3.871s] [  3%] Built target ament_cmake_python_copy_ds4_driver_msgs
[4.237s] running egg_info
[4.238s] creating ds4_driver_msgs.egg-info
[4.238s] writing ds4_driver_msgs.egg-info/PKG-INFO
[4.238s] writing dependency_links to ds4_driver_msgs.egg-info/dependency_links.txt
[4.238s] writing top-level names to ds4_driver_msgs.egg-info/top_level.txt
[4.240s] writing manifest file 'ds4_driver_msgs.egg-info/SOURCES.txt'
[4.242s] reading manifest file 'ds4_driver_msgs.egg-info/SOURCES.txt'
[4.243s] writing manifest file 'ds4_driver_msgs.egg-info/SOURCES.txt'
[4.277s] [  3%] Built target ament_cmake_python_build_ds4_driver_msgs_egg
[4.756s] [  9%] [32mBuilding C object CMakeFiles/ds4_driver_msgs__rosidl_generator_c.dir/rosidl_generator_c/ds4_driver_msgs/msg/detail/report__functions.c.o[0m
[4.756s] [  9%] [32mBuilding C object CMakeFiles/ds4_driver_msgs__rosidl_generator_c.dir/rosidl_generator_c/ds4_driver_msgs/msg/detail/status__functions.c.o[0m
[4.756s] [  9%] [32mBuilding C object CMakeFiles/ds4_driver_msgs__rosidl_generator_c.dir/rosidl_generator_c/ds4_driver_msgs/msg/detail/feedback__functions.c.o[0m
[4.759s] [ 10%] [32mBuilding C object CMakeFiles/ds4_driver_msgs__rosidl_generator_c.dir/rosidl_generator_c/ds4_driver_msgs/msg/detail/trackpad__functions.c.o[0m
[4.767s] [ 10%] Built target ds4_driver_msgs__cpp
[4.793s] [ 14%] [34m[1mGenerating C++ type support dispatch for ROS interfaces[0m
[4.793s] [ 14%] [34m[1mGenerating C++ type support for eProsima Fast-RTPS[0m
[4.868s] [ 16%] [34m[1mGenerating C++ introspection for ROS interfaces[0m
[4.880s] [ 18%] [32m[1mLinking C shared library libds4_driver_msgs__rosidl_generator_c.so[0m
[4.971s] [ 18%] Built target ds4_driver_msgs__rosidl_generator_c
[4.997s] [ 20%] [34m[1mGenerating C type support for eProsima Fast-RTPS[0m
[5.001s] [ 21%] [34m[1mGenerating C type support dispatch for ROS interfaces[0m
[5.002s] [ 23%] [34m[1mGenerating C introspection for ROS interfaces[0m
[5.765s] [ 25%] [32mBuilding CXX object CMakeFiles/ds4_driver_msgs__rosidl_typesupport_cpp.dir/rosidl_typesupport_cpp/ds4_driver_msgs/msg/feedback__type_support.cpp.o[0m
[5.858s] [ 27%] [32mBuilding CXX object CMakeFiles/ds4_driver_msgs__rosidl_typesupport_introspection_cpp.dir/rosidl_typesupport_introspection_cpp/ds4_driver_msgs/msg/detail/feedback__type_support.cpp.o[0m
[5.902s] [ 29%] [32mBuilding CXX object CMakeFiles/ds4_driver_msgs__rosidl_typesupport_fastrtps_cpp.dir/rosidl_typesupport_fastrtps_cpp/ds4_driver_msgs/msg/detail/dds_fastrtps/feedback__type_support.cpp.o[0m
[5.949s] [ 30%] [32mBuilding CXX object CMakeFiles/ds4_driver_msgs__rosidl_typesupport_c.dir/rosidl_typesupport_c/ds4_driver_msgs/msg/feedback__type_support.cpp.o[0m
[6.037s] [ 32%] [32mBuilding C object CMakeFiles/ds4_driver_msgs__rosidl_typesupport_introspection_c.dir/rosidl_typesupport_introspection_c/ds4_driver_msgs/msg/detail/feedback__type_support.c.o[0m
[6.090s] [ 34%] [32mBuilding CXX object CMakeFiles/ds4_driver_msgs__rosidl_typesupport_c.dir/rosidl_typesupport_c/ds4_driver_msgs/msg/status__type_support.cpp.o[0m
[6.159s] [ 36%] [32mBuilding C object CMakeFiles/ds4_driver_msgs__rosidl_typesupport_introspection_c.dir/rosidl_typesupport_introspection_c/ds4_driver_msgs/msg/detail/status__type_support.c.o[0m
[6.183s] [ 38%] [32mBuilding CXX object CMakeFiles/ds4_driver_msgs__rosidl_typesupport_c.dir/rosidl_typesupport_c/ds4_driver_msgs/msg/report__type_support.cpp.o[0m
[6.263s] [ 40%] [32mBuilding CXX object CMakeFiles/ds4_driver_msgs__rosidl_typesupport_fastrtps_c.dir/rosidl_typesupport_fastrtps_c/ds4_driver_msgs/msg/detail/feedback__type_support_c.cpp.o[0m
[6.269s] [ 43%] [32mBuilding CXX object CMakeFiles/ds4_driver_msgs__rosidl_typesupport_cpp.dir/rosidl_typesupport_cpp/ds4_driver_msgs/msg/status__type_support.cpp.o[0m
[6.270s] [ 43%] [32mBuilding C object CMakeFiles/ds4_driver_msgs__rosidl_typesupport_introspection_c.dir/rosidl_typesupport_introspection_c/ds4_driver_msgs/msg/detail/report__type_support.c.o[0m
[6.310s] [ 45%] [32mBuilding CXX object CMakeFiles/ds4_driver_msgs__rosidl_typesupport_c.dir/rosidl_typesupport_c/ds4_driver_msgs/msg/trackpad__type_support.cpp.o[0m
[6.385s] [ 47%] [32mBuilding C object CMakeFiles/ds4_driver_msgs__rosidl_typesupport_introspection_c.dir/rosidl_typesupport_introspection_c/ds4_driver_msgs/msg/detail/trackpad__type_support.c.o[0m
[6.422s] [ 49%] [32m[1mLinking CXX shared library libds4_driver_msgs__rosidl_typesupport_c.so[0m
[6.477s] [ 50%] [32m[1mLinking C shared library libds4_driver_msgs__rosidl_typesupport_introspection_c.so[0m
[6.516s] [ 52%] [32mBuilding CXX object CMakeFiles/ds4_driver_msgs__rosidl_typesupport_introspection_cpp.dir/rosidl_typesupport_introspection_cpp/ds4_driver_msgs/msg/detail/status__type_support.cpp.o[0m
[6.572s] [ 52%] Built target ds4_driver_msgs__rosidl_typesupport_c
[6.592s] [ 52%] Built target ds4_driver_msgs__rosidl_typesupport_introspection_c
[6.613s] [ 54%] [32mBuilding CXX object CMakeFiles/ds4_driver_msgs__rosidl_typesupport_fastrtps_c.dir/rosidl_typesupport_fastrtps_c/ds4_driver_msgs/msg/detail/status__type_support_c.cpp.o[0m
[6.635s] [ 56%] [32mBuilding CXX object CMakeFiles/ds4_driver_msgs__rosidl_typesupport_fastrtps_c.dir/rosidl_typesupport_fastrtps_c/ds4_driver_msgs/msg/detail/report__type_support_c.cpp.o[0m
[6.690s] [ 58%] [32mBuilding CXX object CMakeFiles/ds4_driver_msgs__rosidl_typesupport_fastrtps_cpp.dir/rosidl_typesupport_fastrtps_cpp/ds4_driver_msgs/msg/detail/dds_fastrtps/status__type_support.cpp.o[0m
[6.798s] [ 60%] [32mBuilding CXX object CMakeFiles/ds4_driver_msgs__rosidl_typesupport_cpp.dir/rosidl_typesupport_cpp/ds4_driver_msgs/msg/report__type_support.cpp.o[0m
[6.888s] [ 61%] [32mBuilding CXX object CMakeFiles/ds4_driver_msgs__rosidl_typesupport_fastrtps_c.dir/rosidl_typesupport_fastrtps_c/ds4_driver_msgs/msg/detail/trackpad__type_support_c.cpp.o[0m
[7.228s] [ 63%] [32mBuilding CXX object CMakeFiles/ds4_driver_msgs__rosidl_typesupport_cpp.dir/rosidl_typesupport_cpp/ds4_driver_msgs/msg/trackpad__type_support.cpp.o[0m
[7.273s] [ 65%] [32mBuilding CXX object CMakeFiles/ds4_driver_msgs__rosidl_typesupport_fastrtps_cpp.dir/rosidl_typesupport_fastrtps_cpp/ds4_driver_msgs/msg/detail/dds_fastrtps/report__type_support.cpp.o[0m
[7.354s] [ 67%] [32mBuilding CXX object CMakeFiles/ds4_driver_msgs__rosidl_typesupport_fastrtps_cpp.dir/rosidl_typesupport_fastrtps_cpp/ds4_driver_msgs/msg/detail/dds_fastrtps/trackpad__type_support.cpp.o[0m
[7.470s] [ 69%] [32mBuilding CXX object CMakeFiles/ds4_driver_msgs__rosidl_typesupport_introspection_cpp.dir/rosidl_typesupport_introspection_cpp/ds4_driver_msgs/msg/detail/report__type_support.cpp.o[0m
[7.573s] [ 70%] [32m[1mLinking CXX shared library libds4_driver_msgs__rosidl_typesupport_fastrtps_c.so[0m
[7.607s] [ 72%] [32mBuilding CXX object CMakeFiles/ds4_driver_msgs__rosidl_typesupport_introspection_cpp.dir/rosidl_typesupport_introspection_cpp/ds4_driver_msgs/msg/detail/trackpad__type_support.cpp.o[0m
[7.785s] [ 74%] [32m[1mLinking CXX shared library libds4_driver_msgs__rosidl_typesupport_cpp.so[0m
[7.881s] [ 74%] Built target ds4_driver_msgs__rosidl_typesupport_cpp
[7.894s] [ 74%] Built target ds4_driver_msgs__rosidl_typesupport_fastrtps_c
[8.048s] [ 76%] [32m[1mLinking CXX shared library libds4_driver_msgs__rosidl_typesupport_fastrtps_cpp.so[0m
[8.186s] [ 76%] Built target ds4_driver_msgs__rosidl_typesupport_fastrtps_cpp
[8.222s] [ 78%] [32m[1mLinking CXX shared library libds4_driver_msgs__rosidl_typesupport_introspection_cpp.so[0m
[8.357s] [ 78%] Built target ds4_driver_msgs__rosidl_typesupport_introspection_cpp
[8.402s] [ 78%] Built target ds4_driver_msgs
[8.448s] [ 80%] [34m[1mGenerating Python code for ROS interfaces[0m
[9.925s] [ 80%] Built target ds4_driver_msgs__py
[9.974s] [ 81%] [32mBuilding C object CMakeFiles/ds4_driver_msgs__rosidl_generator_py.dir/rosidl_generator_py/ds4_driver_msgs/msg/_feedback_s.c.o[0m
[9.975s] [ 83%] [32mBuilding C object CMakeFiles/ds4_driver_msgs__rosidl_generator_py.dir/rosidl_generator_py/ds4_driver_msgs/msg/_report_s.c.o[0m
[9.976s] [ 85%] [32mBuilding C object CMakeFiles/ds4_driver_msgs__rosidl_generator_py.dir/rosidl_generator_py/ds4_driver_msgs/msg/_trackpad_s.c.o[0m
[9.978s] [ 87%] [32mBuilding C object CMakeFiles/ds4_driver_msgs__rosidl_generator_py.dir/rosidl_generator_py/ds4_driver_msgs/msg/_status_s.c.o[0m
[10.198s] [ 89%] [32m[1mLinking C shared library rosidl_generator_py/ds4_driver_msgs/libds4_driver_msgs__rosidl_generator_py.so[0m
[10.286s] [ 89%] Built target ds4_driver_msgs__rosidl_generator_py
[10.337s] [ 92%] [32mBuilding C object CMakeFiles/ds4_driver_msgs__rosidl_typesupport_introspection_c__pyext.dir/rosidl_generator_py/ds4_driver_msgs/_ds4_driver_msgs_s.ep.rosidl_typesupport_introspection_c.c.o[0m
[10.337s] [ 92%] [32mBuilding C object CMakeFiles/ds4_driver_msgs__rosidl_typesupport_c__pyext.dir/rosidl_generator_py/ds4_driver_msgs/_ds4_driver_msgs_s.ep.rosidl_typesupport_c.c.o[0m
[10.338s] [ 94%] [32mBuilding C object CMakeFiles/ds4_driver_msgs__rosidl_typesupport_fastrtps_c__pyext.dir/rosidl_generator_py/ds4_driver_msgs/_ds4_driver_msgs_s.ep.rosidl_typesupport_fastrtps_c.c.o[0m
[10.544s] [ 98%] [32m[1mLinking C shared library rosidl_generator_py/ds4_driver_msgs/ds4_driver_msgs_s__rosidl_typesupport_introspection_c.cpython-310-x86_64-linux-gnu.so[0m
[10.544s] [ 98%] [32m[1mLinking C shared library rosidl_generator_py/ds4_driver_msgs/ds4_driver_msgs_s__rosidl_typesupport_c.cpython-310-x86_64-linux-gnu.so[0m
[10.550s] [100%] [32m[1mLinking C shared library rosidl_generator_py/ds4_driver_msgs/ds4_driver_msgs_s__rosidl_typesupport_fastrtps_c.cpython-310-x86_64-linux-gnu.so[0m
[10.640s] [100%] Built target ds4_driver_msgs__rosidl_typesupport_introspection_c__pyext
[10.640s] [100%] Built target ds4_driver_msgs__rosidl_typesupport_c__pyext
[10.642s] [100%] Built target ds4_driver_msgs__rosidl_typesupport_fastrtps_c__pyext
[10.666s] Invoked command in '/home/ndt/ros2car-ws/build/ds4_driver_msgs' returned '0': CMAKE_PREFIX_PATH=${CMAKE_PREFIX_PATH}:/opt/ros/humble /usr/bin/cmake --build /home/ndt/ros2car-ws/build/ds4_driver_msgs -- -j6 -l6
[11.075s] Invoking command in '/home/ndt/ros2car-ws/build/ds4_driver_msgs': CMAKE_PREFIX_PATH=${CMAKE_PREFIX_PATH}:/opt/ros/humble /usr/bin/cmake --install /home/ndt/ros2car-ws/build/ds4_driver_msgs
[11.090s] -- Install configuration: ""
[11.091s] -- Installing: /home/ndt/ros2car-ws/install/ds4_driver_msgs/share/ament_index/resource_index/rosidl_interfaces/ds4_driver_msgs
[11.091s] -- Installing: /home/ndt/ros2car-ws/install/ds4_driver_msgs/include/ds4_driver_msgs/ds4_driver_msgs
[11.092s] -- Installing: /home/ndt/ros2car-ws/install/ds4_driver_msgs/include/ds4_driver_msgs/ds4_driver_msgs/msg
[11.092s] -- Installing: /home/ndt/ros2car-ws/install/ds4_driver_msgs/include/ds4_driver_msgs/ds4_driver_msgs/msg/status.h
[11.092s] -- Installing: /home/ndt/ros2car-ws/install/ds4_driver_msgs/include/ds4_driver_msgs/ds4_driver_msgs/msg/detail
[11.092s] -- Installing: /home/ndt/ros2car-ws/install/ds4_driver_msgs/include/ds4_driver_msgs/ds4_driver_msgs/msg/detail/trackpad__type_support.h
[11.092s] -- Installing: /home/ndt/ros2car-ws/install/ds4_driver_msgs/include/ds4_driver_msgs/ds4_driver_msgs/msg/detail/trackpad__struct.h
[11.092s] -- Installing: /home/ndt/ros2car-ws/install/ds4_driver_msgs/include/ds4_driver_msgs/ds4_driver_msgs/msg/detail/report__type_support.h
[11.092s] -- Installing: /home/ndt/ros2car-ws/install/ds4_driver_msgs/include/ds4_driver_msgs/ds4_driver_msgs/msg/detail/feedback__functions.c
[11.093s] -- Installing: /home/ndt/ros2car-ws/install/ds4_driver_msgs/include/ds4_driver_msgs/ds4_driver_msgs/msg/detail/status__type_support.h
[11.093s] -- Installing: /home/ndt/ros2car-ws/install/ds4_driver_msgs/include/ds4_driver_msgs/ds4_driver_msgs/msg/detail/report__functions.c
[11.093s] -- Installing: /home/ndt/ros2car-ws/install/ds4_driver_msgs/include/ds4_driver_msgs/ds4_driver_msgs/msg/detail/trackpad__functions.c
[11.093s] -- Installing: /home/ndt/ros2car-ws/install/ds4_driver_msgs/include/ds4_driver_msgs/ds4_driver_msgs/msg/detail/status__functions.h
[11.093s] -- Installing: /home/ndt/ros2car-ws/install/ds4_driver_msgs/include/ds4_driver_msgs/ds4_driver_msgs/msg/detail/report__functions.h
[11.094s] -- Installing: /home/ndt/ros2car-ws/install/ds4_driver_msgs/include/ds4_driver_msgs/ds4_driver_msgs/msg/detail/feedback__type_support.h
[11.094s] -- Installing: /home/ndt/ros2car-ws/install/ds4_driver_msgs/include/ds4_driver_msgs/ds4_driver_msgs/msg/detail/feedback__struct.h
[11.094s] -- Installing: /home/ndt/ros2car-ws/install/ds4_driver_msgs/include/ds4_driver_msgs/ds4_driver_msgs/msg/detail/trackpad__functions.h
[11.095s] -- Installing: /home/ndt/ros2car-ws/install/ds4_driver_msgs/include/ds4_driver_msgs/ds4_driver_msgs/msg/detail/report__struct.h
[11.095s] -- Installing: /home/ndt/ros2car-ws/install/ds4_driver_msgs/include/ds4_driver_msgs/ds4_driver_msgs/msg/detail/feedback__functions.h
[11.095s] -- Installing: /home/ndt/ros2car-ws/install/ds4_driver_msgs/include/ds4_driver_msgs/ds4_driver_msgs/msg/detail/status__struct.h
[11.096s] -- Installing: /home/ndt/ros2car-ws/install/ds4_driver_msgs/include/ds4_driver_msgs/ds4_driver_msgs/msg/detail/status__functions.c
[11.096s] -- Installing: /home/ndt/ros2car-ws/install/ds4_driver_msgs/include/ds4_driver_msgs/ds4_driver_msgs/msg/report.h
[11.096s] -- Installing: /home/ndt/ros2car-ws/install/ds4_driver_msgs/include/ds4_driver_msgs/ds4_driver_msgs/msg/trackpad.h
[11.096s] -- Installing: /home/ndt/ros2car-ws/install/ds4_driver_msgs/include/ds4_driver_msgs/ds4_driver_msgs/msg/rosidl_generator_c__visibility_control.h
[11.097s] -- Installing: /home/ndt/ros2car-ws/install/ds4_driver_msgs/include/ds4_driver_msgs/ds4_driver_msgs/msg/feedback.h
[11.097s] -- Installing: /home/ndt/ros2car-ws/install/ds4_driver_msgs/share/ds4_driver_msgs/environment/library_path.sh
[11.097s] -- Installing: /home/ndt/ros2car-ws/install/ds4_driver_msgs/share/ds4_driver_msgs/environment/library_path.dsv
[11.097s] -- Installing: /home/ndt/ros2car-ws/install/ds4_driver_msgs/lib/libds4_driver_msgs__rosidl_generator_c.so
[11.099s] -- Set runtime path of "/home/ndt/ros2car-ws/install/ds4_driver_msgs/lib/libds4_driver_msgs__rosidl_generator_c.so" to ""
[11.099s] -- Up-to-date: /home/ndt/ros2car-ws/install/ds4_driver_msgs/include/ds4_driver_msgs/ds4_driver_msgs
[11.099s] -- Up-to-date: /home/ndt/ros2car-ws/install/ds4_driver_msgs/include/ds4_driver_msgs/ds4_driver_msgs/msg
[11.100s] -- Up-to-date: /home/ndt/ros2car-ws/install/ds4_driver_msgs/include/ds4_driver_msgs/ds4_driver_msgs/msg/detail
[11.100s] -- Installing: /home/ndt/ros2car-ws/install/ds4_driver_msgs/include/ds4_driver_msgs/ds4_driver_msgs/msg/detail/feedback__rosidl_typesupport_fastrtps_c.h
[11.100s] -- Installing: /home/ndt/ros2car-ws/install/ds4_driver_msgs/include/ds4_driver_msgs/ds4_driver_msgs/msg/detail/trackpad__rosidl_typesupport_fastrtps_c.h
[11.100s] -- Installing: /home/ndt/ros2car-ws/install/ds4_driver_msgs/include/ds4_driver_msgs/ds4_driver_msgs/msg/detail/report__rosidl_typesupport_fastrtps_c.h
[11.100s] -- Installing: /home/ndt/ros2car-ws/install/ds4_driver_msgs/include/ds4_driver_msgs/ds4_driver_msgs/msg/detail/status__rosidl_typesupport_fastrtps_c.h
[11.100s] -- Installing: /home/ndt/ros2car-ws/install/ds4_driver_msgs/include/ds4_driver_msgs/ds4_driver_msgs/msg/rosidl_typesupport_fastrtps_c__visibility_control.h
[11.101s] -- Installing: /home/ndt/ros2car-ws/install/ds4_driver_msgs/lib/libds4_driver_msgs__rosidl_typesupport_fastrtps_c.so
[11.102s] -- Set runtime path of "/home/ndt/ros2car-ws/install/ds4_driver_msgs/lib/libds4_driver_msgs__rosidl_typesupport_fastrtps_c.so" to ""
[11.102s] -- Up-to-date: /home/ndt/ros2car-ws/install/ds4_driver_msgs/include/ds4_driver_msgs/ds4_driver_msgs
[11.102s] -- Up-to-date: /home/ndt/ros2car-ws/install/ds4_driver_msgs/include/ds4_driver_msgs/ds4_driver_msgs/msg
[11.102s] -- Installing: /home/ndt/ros2car-ws/install/ds4_driver_msgs/include/ds4_driver_msgs/ds4_driver_msgs/msg/trackpad.hpp
[11.103s] -- Installing: /home/ndt/ros2car-ws/install/ds4_driver_msgs/include/ds4_driver_msgs/ds4_driver_msgs/msg/feedback.hpp
[11.103s] -- Installing: /home/ndt/ros2car-ws/install/ds4_driver_msgs/include/ds4_driver_msgs/ds4_driver_msgs/msg/status.hpp
[11.103s] -- Up-to-date: /home/ndt/ros2car-ws/install/ds4_driver_msgs/include/ds4_driver_msgs/ds4_driver_msgs/msg/detail
[11.103s] -- Installing: /home/ndt/ros2car-ws/install/ds4_driver_msgs/include/ds4_driver_msgs/ds4_driver_msgs/msg/detail/feedback__struct.hpp
[11.104s] -- Installing: /home/ndt/ros2car-ws/install/ds4_driver_msgs/include/ds4_driver_msgs/ds4_driver_msgs/msg/detail/report__builder.hpp
[11.104s] -- Installing: /home/ndt/ros2car-ws/install/ds4_driver_msgs/include/ds4_driver_msgs/ds4_driver_msgs/msg/detail/trackpad__builder.hpp
[11.104s] -- Installing: /home/ndt/ros2car-ws/install/ds4_driver_msgs/include/ds4_driver_msgs/ds4_driver_msgs/msg/detail/trackpad__traits.hpp
[11.104s] -- Installing: /home/ndt/ros2car-ws/install/ds4_driver_msgs/include/ds4_driver_msgs/ds4_driver_msgs/msg/detail/feedback__builder.hpp
[11.104s] -- Installing: /home/ndt/ros2car-ws/install/ds4_driver_msgs/include/ds4_driver_msgs/ds4_driver_msgs/msg/detail/trackpad__struct.hpp
[11.104s] -- Installing: /home/ndt/ros2car-ws/install/ds4_driver_msgs/include/ds4_driver_msgs/ds4_driver_msgs/msg/detail/status__traits.hpp
[11.105s] -- Installing: /home/ndt/ros2car-ws/install/ds4_driver_msgs/include/ds4_driver_msgs/ds4_driver_msgs/msg/detail/feedback__traits.hpp
[11.105s] -- Installing: /home/ndt/ros2car-ws/install/ds4_driver_msgs/include/ds4_driver_msgs/ds4_driver_msgs/msg/detail/report__struct.hpp
[11.105s] -- Installing: /home/ndt/ros2car-ws/install/ds4_driver_msgs/include/ds4_driver_msgs/ds4_driver_msgs/msg/detail/status__struct.hpp
[11.106s] -- Installing: /home/ndt/ros2car-ws/install/ds4_driver_msgs/include/ds4_driver_msgs/ds4_driver_msgs/msg/detail/report__traits.hpp
[11.106s] -- Installing: /home/ndt/ros2car-ws/install/ds4_driver_msgs/include/ds4_driver_msgs/ds4_driver_msgs/msg/detail/status__builder.hpp
[11.106s] -- Installing: /home/ndt/ros2car-ws/install/ds4_driver_msgs/include/ds4_driver_msgs/ds4_driver_msgs/msg/report.hpp
[11.106s] -- Up-to-date: /home/ndt/ros2car-ws/install/ds4_driver_msgs/include/ds4_driver_msgs/ds4_driver_msgs
[11.107s] -- Up-to-date: /home/ndt/ros2car-ws/install/ds4_driver_msgs/include/ds4_driver_msgs/ds4_driver_msgs/msg
[11.107s] -- Up-to-date: /home/ndt/ros2car-ws/install/ds4_driver_msgs/include/ds4_driver_msgs/ds4_driver_msgs/msg/detail
[11.107s] -- Installing: /home/ndt/ros2car-ws/install/ds4_driver_msgs/include/ds4_driver_msgs/ds4_driver_msgs/msg/detail/dds_fastrtps
[11.107s] -- Installing: /home/ndt/ros2car-ws/install/ds4_driver_msgs/include/ds4_driver_msgs/ds4_driver_msgs/msg/detail/report__rosidl_typesupport_fastrtps_cpp.hpp
[11.107s] -- Installing: /home/ndt/ros2car-ws/install/ds4_driver_msgs/include/ds4_driver_msgs/ds4_driver_msgs/msg/detail/feedback__rosidl_typesupport_fastrtps_cpp.hpp
[11.108s] -- Installing: /home/ndt/ros2car-ws/install/ds4_driver_msgs/include/ds4_driver_msgs/ds4_driver_msgs/msg/detail/status__rosidl_typesupport_fastrtps_cpp.hpp
[11.108s] -- Installing: /home/ndt/ros2car-ws/install/ds4_driver_msgs/include/ds4_driver_msgs/ds4_driver_msgs/msg/detail/trackpad__rosidl_typesupport_fastrtps_cpp.hpp
[11.108s] -- Installing: /home/ndt/ros2car-ws/install/ds4_driver_msgs/include/ds4_driver_msgs/ds4_driver_msgs/msg/rosidl_typesupport_fastrtps_cpp__visibility_control.h
[11.108s] -- Installing: /home/ndt/ros2car-ws/install/ds4_driver_msgs/lib/libds4_driver_msgs__rosidl_typesupport_fastrtps_cpp.so
[11.110s] -- Set runtime path of "/home/ndt/ros2car-ws/install/ds4_driver_msgs/lib/libds4_driver_msgs__rosidl_typesupport_fastrtps_cpp.so" to ""
[11.110s] -- Up-to-date: /home/ndt/ros2car-ws/install/ds4_driver_msgs/include/ds4_driver_msgs/ds4_driver_msgs
[11.110s] -- Up-to-date: /home/ndt/ros2car-ws/install/ds4_driver_msgs/include/ds4_driver_msgs/ds4_driver_msgs/msg
[11.110s] -- Up-to-date: /home/ndt/ros2car-ws/install/ds4_driver_msgs/include/ds4_driver_msgs/ds4_driver_msgs/msg/detail
[11.110s] -- Installing: /home/ndt/ros2car-ws/install/ds4_driver_msgs/include/ds4_driver_msgs/ds4_driver_msgs/msg/detail/status__type_support.c
[11.111s] -- Installing: /home/ndt/ros2car-ws/install/ds4_driver_msgs/include/ds4_driver_msgs/ds4_driver_msgs/msg/detail/feedback__rosidl_typesupport_introspection_c.h
[11.111s] -- Installing: /home/ndt/ros2car-ws/install/ds4_driver_msgs/include/ds4_driver_msgs/ds4_driver_msgs/msg/detail/trackpad__type_support.c
[11.111s] -- Installing: /home/ndt/ros2car-ws/install/ds4_driver_msgs/include/ds4_driver_msgs/ds4_driver_msgs/msg/detail/report__type_support.c
[11.111s] -- Installing: /home/ndt/ros2car-ws/install/ds4_driver_msgs/include/ds4_driver_msgs/ds4_driver_msgs/msg/detail/status__rosidl_typesupport_introspection_c.h
[11.111s] -- Installing: /home/ndt/ros2car-ws/install/ds4_driver_msgs/include/ds4_driver_msgs/ds4_driver_msgs/msg/detail/report__rosidl_typesupport_introspection_c.h
[11.112s] -- Installing: /home/ndt/ros2car-ws/install/ds4_driver_msgs/include/ds4_driver_msgs/ds4_driver_msgs/msg/detail/feedback__type_support.c
[11.112s] -- Installing: /home/ndt/ros2car-ws/install/ds4_driver_msgs/include/ds4_driver_msgs/ds4_driver_msgs/msg/detail/trackpad__rosidl_typesupport_introspection_c.h
[11.112s] -- Installing: /home/ndt/ros2car-ws/install/ds4_driver_msgs/include/ds4_driver_msgs/ds4_driver_msgs/msg/rosidl_typesupport_introspection_c__visibility_control.h
[11.112s] -- Installing: /home/ndt/ros2car-ws/install/ds4_driver_msgs/lib/libds4_driver_msgs__rosidl_typesupport_introspection_c.so
[11.114s] -- Set runtime path of "/home/ndt/ros2car-ws/install/ds4_driver_msgs/lib/libds4_driver_msgs__rosidl_typesupport_introspection_c.so" to ""
[11.114s] -- Installing: /home/ndt/ros2car-ws/install/ds4_driver_msgs/lib/libds4_driver_msgs__rosidl_typesupport_c.so
[11.115s] -- Set runtime path of "/home/ndt/ros2car-ws/install/ds4_driver_msgs/lib/libds4_driver_msgs__rosidl_typesupport_c.so" to ""
[11.115s] -- Up-to-date: /home/ndt/ros2car-ws/install/ds4_driver_msgs/include/ds4_driver_msgs/ds4_driver_msgs
[11.115s] -- Up-to-date: /home/ndt/ros2car-ws/install/ds4_driver_msgs/include/ds4_driver_msgs/ds4_driver_msgs/msg
[11.115s] -- Up-to-date: /home/ndt/ros2car-ws/install/ds4_driver_msgs/include/ds4_driver_msgs/ds4_driver_msgs/msg/detail
[11.116s] -- Installing: /home/ndt/ros2car-ws/install/ds4_driver_msgs/include/ds4_driver_msgs/ds4_driver_msgs/msg/detail/report__rosidl_typesupport_introspection_cpp.hpp
[11.116s] -- Installing: /home/ndt/ros2car-ws/install/ds4_driver_msgs/include/ds4_driver_msgs/ds4_driver_msgs/msg/detail/feedback__rosidl_typesupport_introspection_cpp.hpp
[11.116s] -- Installing: /home/ndt/ros2car-ws/install/ds4_driver_msgs/include/ds4_driver_msgs/ds4_driver_msgs/msg/detail/trackpad__type_support.cpp
[11.116s] -- Installing: /home/ndt/ros2car-ws/install/ds4_driver_msgs/include/ds4_driver_msgs/ds4_driver_msgs/msg/detail/trackpad__rosidl_typesupport_introspection_cpp.hpp
[11.116s] -- Installing: /home/ndt/ros2car-ws/install/ds4_driver_msgs/include/ds4_driver_msgs/ds4_driver_msgs/msg/detail/report__type_support.cpp
[11.117s] -- Installing: /home/ndt/ros2car-ws/install/ds4_driver_msgs/include/ds4_driver_msgs/ds4_driver_msgs/msg/detail/feedback__type_support.cpp
[11.117s] -- Installing: /home/ndt/ros2car-ws/install/ds4_driver_msgs/include/ds4_driver_msgs/ds4_driver_msgs/msg/detail/status__rosidl_typesupport_introspection_cpp.hpp
[11.117s] -- Installing: /home/ndt/ros2car-ws/install/ds4_driver_msgs/include/ds4_driver_msgs/ds4_driver_msgs/msg/detail/status__type_support.cpp
[11.117s] -- Installing: /home/ndt/ros2car-ws/install/ds4_driver_msgs/lib/libds4_driver_msgs__rosidl_typesupport_introspection_cpp.so
[11.119s] -- Set runtime path of "/home/ndt/ros2car-ws/install/ds4_driver_msgs/lib/libds4_driver_msgs__rosidl_typesupport_introspection_cpp.so" to ""
[11.119s] -- Installing: /home/ndt/ros2car-ws/install/ds4_driver_msgs/lib/libds4_driver_msgs__rosidl_typesupport_cpp.so
[11.120s] -- Set runtime path of "/home/ndt/ros2car-ws/install/ds4_driver_msgs/lib/libds4_driver_msgs__rosidl_typesupport_cpp.so" to ""
[11.120s] -- Installing: /home/ndt/ros2car-ws/install/ds4_driver_msgs/share/ds4_driver_msgs/environment/pythonpath.sh
[11.120s] -- Installing: /home/ndt/ros2car-ws/install/ds4_driver_msgs/share/ds4_driver_msgs/environment/pythonpath.dsv
[11.121s] -- Installing: /home/ndt/ros2car-ws/install/ds4_driver_msgs/local/lib/python3.10/dist-packages/ds4_driver_msgs-0.0.0-py3.10.egg-info
[11.121s] -- Installing: /home/ndt/ros2car-ws/install/ds4_driver_msgs/local/lib/python3.10/dist-packages/ds4_driver_msgs-0.0.0-py3.10.egg-info/top_level.txt
[11.121s] -- Installing: /home/ndt/ros2car-ws/install/ds4_driver_msgs/local/lib/python3.10/dist-packages/ds4_driver_msgs-0.0.0-py3.10.egg-info/dependency_links.txt
[11.121s] -- Installing: /home/ndt/ros2car-ws/install/ds4_driver_msgs/local/lib/python3.10/dist-packages/ds4_driver_msgs-0.0.0-py3.10.egg-info/SOURCES.txt
[11.122s] -- Installing: /home/ndt/ros2car-ws/install/ds4_driver_msgs/local/lib/python3.10/dist-packages/ds4_driver_msgs-0.0.0-py3.10.egg-info/PKG-INFO
[11.122s] -- Installing: /home/ndt/ros2car-ws/install/ds4_driver_msgs/local/lib/python3.10/dist-packages/ds4_driver_msgs
[11.122s] -- Installing: /home/ndt/ros2car-ws/install/ds4_driver_msgs/local/lib/python3.10/dist-packages/ds4_driver_msgs/ds4_driver_msgs_s__rosidl_typesupport_c.cpython-310-x86_64-linux-gnu.so
[11.122s] -- Installing: /home/ndt/ros2car-ws/install/ds4_driver_msgs/local/lib/python3.10/dist-packages/ds4_driver_msgs/ds4_driver_msgs_s__rosidl_typesupport_introspection_c.cpython-310-x86_64-linux-gnu.so
[11.123s] -- Installing: /home/ndt/ros2car-ws/install/ds4_driver_msgs/local/lib/python3.10/dist-packages/ds4_driver_msgs/msg
[11.123s] -- Installing: /home/ndt/ros2car-ws/install/ds4_driver_msgs/local/lib/python3.10/dist-packages/ds4_driver_msgs/msg/_trackpad.py
[11.123s] -- Installing: /home/ndt/ros2car-ws/install/ds4_driver_msgs/local/lib/python3.10/dist-packages/ds4_driver_msgs/msg/_report.py
[11.123s] -- Installing: /home/ndt/ros2car-ws/install/ds4_driver_msgs/local/lib/python3.10/dist-packages/ds4_driver_msgs/msg/_status.py
[11.123s] -- Installing: /home/ndt/ros2car-ws/install/ds4_driver_msgs/local/lib/python3.10/dist-packages/ds4_driver_msgs/msg/_feedback.py
[11.124s] -- Installing: /home/ndt/ros2car-ws/install/ds4_driver_msgs/local/lib/python3.10/dist-packages/ds4_driver_msgs/msg/_feedback_s.c
[11.124s] -- Installing: /home/ndt/ros2car-ws/install/ds4_driver_msgs/local/lib/python3.10/dist-packages/ds4_driver_msgs/msg/_status_s.c
[11.124s] -- Installing: /home/ndt/ros2car-ws/install/ds4_driver_msgs/local/lib/python3.10/dist-packages/ds4_driver_msgs/msg/__init__.py
[11.125s] -- Installing: /home/ndt/ros2car-ws/install/ds4_driver_msgs/local/lib/python3.10/dist-packages/ds4_driver_msgs/msg/_report_s.c
[11.125s] -- Installing: /home/ndt/ros2car-ws/install/ds4_driver_msgs/local/lib/python3.10/dist-packages/ds4_driver_msgs/msg/_trackpad_s.c
[11.125s] -- Installing: /home/ndt/ros2car-ws/install/ds4_driver_msgs/local/lib/python3.10/dist-packages/ds4_driver_msgs/libds4_driver_msgs__rosidl_generator_py.so
[11.125s] -- Installing: /home/ndt/ros2car-ws/install/ds4_driver_msgs/local/lib/python3.10/dist-packages/ds4_driver_msgs/__init__.py
[11.126s] -- Installing: /home/ndt/ros2car-ws/install/ds4_driver_msgs/local/lib/python3.10/dist-packages/ds4_driver_msgs/_ds4_driver_msgs_s.ep.rosidl_typesupport_fastrtps_c.c
[11.126s] -- Installing: /home/ndt/ros2car-ws/install/ds4_driver_msgs/local/lib/python3.10/dist-packages/ds4_driver_msgs/_ds4_driver_msgs_s.ep.rosidl_typesupport_c.c
[11.126s] -- Installing: /home/ndt/ros2car-ws/install/ds4_driver_msgs/local/lib/python3.10/dist-packages/ds4_driver_msgs/_ds4_driver_msgs_s.ep.rosidl_typesupport_introspection_c.c
[11.127s] -- Installing: /home/ndt/ros2car-ws/install/ds4_driver_msgs/local/lib/python3.10/dist-packages/ds4_driver_msgs/ds4_driver_msgs_s__rosidl_typesupport_fastrtps_c.cpython-310-x86_64-linux-gnu.so
[11.179s] Listing '/home/ndt/ros2car-ws/install/ds4_driver_msgs/local/lib/python3.10/dist-packages/ds4_driver_msgs'...
[11.180s] Compiling '/home/ndt/ros2car-ws/install/ds4_driver_msgs/local/lib/python3.10/dist-packages/ds4_driver_msgs/__init__.py'...
[11.180s] Listing '/home/ndt/ros2car-ws/install/ds4_driver_msgs/local/lib/python3.10/dist-packages/ds4_driver_msgs/msg'...
[11.180s] Compiling '/home/ndt/ros2car-ws/install/ds4_driver_msgs/local/lib/python3.10/dist-packages/ds4_driver_msgs/msg/__init__.py'...
[11.180s] Compiling '/home/ndt/ros2car-ws/install/ds4_driver_msgs/local/lib/python3.10/dist-packages/ds4_driver_msgs/msg/_feedback.py'...
[11.180s] Compiling '/home/ndt/ros2car-ws/install/ds4_driver_msgs/local/lib/python3.10/dist-packages/ds4_driver_msgs/msg/_report.py'...
[11.180s] Compiling '/home/ndt/ros2car-ws/install/ds4_driver_msgs/local/lib/python3.10/dist-packages/ds4_driver_msgs/msg/_status.py'...
[11.180s] Compiling '/home/ndt/ros2car-ws/install/ds4_driver_msgs/local/lib/python3.10/dist-packages/ds4_driver_msgs/msg/_trackpad.py'...
[11.184s] -- Installing: /home/ndt/ros2car-ws/install/ds4_driver_msgs/local/lib/python3.10/dist-packages/ds4_driver_msgs/ds4_driver_msgs_s__rosidl_typesupport_fastrtps_c.cpython-310-x86_64-linux-gnu.so
[11.186s] -- Set runtime path of "/home/ndt/ros2car-ws/install/ds4_driver_msgs/local/lib/python3.10/dist-packages/ds4_driver_msgs/ds4_driver_msgs_s__rosidl_typesupport_fastrtps_c.cpython-310-x86_64-linux-gnu.so" to ""
[11.186s] -- Installing: /home/ndt/ros2car-ws/install/ds4_driver_msgs/local/lib/python3.10/dist-packages/ds4_driver_msgs/ds4_driver_msgs_s__rosidl_typesupport_introspection_c.cpython-310-x86_64-linux-gnu.so
[11.187s] -- Set runtime path of "/home/ndt/ros2car-ws/install/ds4_driver_msgs/local/lib/python3.10/dist-packages/ds4_driver_msgs/ds4_driver_msgs_s__rosidl_typesupport_introspection_c.cpython-310-x86_64-linux-gnu.so" to ""
[11.188s] -- Installing: /home/ndt/ros2car-ws/install/ds4_driver_msgs/local/lib/python3.10/dist-packages/ds4_driver_msgs/ds4_driver_msgs_s__rosidl_typesupport_c.cpython-310-x86_64-linux-gnu.so
[11.189s] -- Set runtime path of "/home/ndt/ros2car-ws/install/ds4_driver_msgs/local/lib/python3.10/dist-packages/ds4_driver_msgs/ds4_driver_msgs_s__rosidl_typesupport_c.cpython-310-x86_64-linux-gnu.so" to ""
[11.189s] -- Installing: /home/ndt/ros2car-ws/install/ds4_driver_msgs/lib/libds4_driver_msgs__rosidl_generator_py.so
[11.191s] -- Set runtime path of "/home/ndt/ros2car-ws/install/ds4_driver_msgs/lib/libds4_driver_msgs__rosidl_generator_py.so" to ""
[11.191s] -- Installing: /home/ndt/ros2car-ws/install/ds4_driver_msgs/share/ds4_driver_msgs/msg/Feedback.idl
[11.191s] -- Installing: /home/ndt/ros2car-ws/install/ds4_driver_msgs/share/ds4_driver_msgs/msg/Status.idl
[11.192s] -- Installing: /home/ndt/ros2car-ws/install/ds4_driver_msgs/share/ds4_driver_msgs/msg/Report.idl
[11.192s] -- Installing: /home/ndt/ros2car-ws/install/ds4_driver_msgs/share/ds4_driver_msgs/msg/Trackpad.idl
[11.192s] -- Installing: /home/ndt/ros2car-ws/install/ds4_driver_msgs/share/ds4_driver_msgs/msg/Feedback.msg
[11.192s] -- Installing: /home/ndt/ros2car-ws/install/ds4_driver_msgs/share/ds4_driver_msgs/msg/Status.msg
[11.193s] -- Installing: /home/ndt/ros2car-ws/install/ds4_driver_msgs/share/ds4_driver_msgs/msg/Report.msg
[11.193s] -- Installing: /home/ndt/ros2car-ws/install/ds4_driver_msgs/share/ds4_driver_msgs/msg/Trackpad.msg
[11.193s] -- Installing: /home/ndt/ros2car-ws/install/ds4_driver_msgs/share/ament_index/resource_index/package_run_dependencies/ds4_driver_msgs
[11.194s] -- Installing: /home/ndt/ros2car-ws/install/ds4_driver_msgs/share/ament_index/resource_index/parent_prefix_path/ds4_driver_msgs
[11.194s] -- Installing: /home/ndt/ros2car-ws/install/ds4_driver_msgs/share/ds4_driver_msgs/environment/ament_prefix_path.sh
[11.194s] -- Installing: /home/ndt/ros2car-ws/install/ds4_driver_msgs/share/ds4_driver_msgs/environment/ament_prefix_path.dsv
[11.194s] -- Installing: /home/ndt/ros2car-ws/install/ds4_driver_msgs/share/ds4_driver_msgs/environment/path.sh
[11.195s] -- Installing: /home/ndt/ros2car-ws/install/ds4_driver_msgs/share/ds4_driver_msgs/environment/path.dsv
[11.195s] -- Installing: /home/ndt/ros2car-ws/install/ds4_driver_msgs/share/ds4_driver_msgs/local_setup.bash
[11.195s] -- Installing: /home/ndt/ros2car-ws/install/ds4_driver_msgs/share/ds4_driver_msgs/local_setup.sh
[11.195s] -- Installing: /home/ndt/ros2car-ws/install/ds4_driver_msgs/share/ds4_driver_msgs/local_setup.zsh
[11.196s] -- Installing: /home/ndt/ros2car-ws/install/ds4_driver_msgs/share/ds4_driver_msgs/local_setup.dsv
[11.196s] -- Installing: /home/ndt/ros2car-ws/install/ds4_driver_msgs/share/ds4_driver_msgs/package.dsv
[11.196s] -- Installing: /home/ndt/ros2car-ws/install/ds4_driver_msgs/share/ament_index/resource_index/packages/ds4_driver_msgs
[11.196s] -- Installing: /home/ndt/ros2car-ws/install/ds4_driver_msgs/share/ds4_driver_msgs/cmake/export_ds4_driver_msgs__rosidl_generator_cExport.cmake
[11.197s] -- Installing: /home/ndt/ros2car-ws/install/ds4_driver_msgs/share/ds4_driver_msgs/cmake/export_ds4_driver_msgs__rosidl_generator_cExport-noconfig.cmake
[11.197s] -- Installing: /home/ndt/ros2car-ws/install/ds4_driver_msgs/share/ds4_driver_msgs/cmake/export_ds4_driver_msgs__rosidl_typesupport_fastrtps_cExport.cmake
[11.197s] -- Installing: /home/ndt/ros2car-ws/install/ds4_driver_msgs/share/ds4_driver_msgs/cmake/export_ds4_driver_msgs__rosidl_typesupport_fastrtps_cExport-noconfig.cmake
[11.197s] -- Installing: /home/ndt/ros2car-ws/install/ds4_driver_msgs/share/ds4_driver_msgs/cmake/export_ds4_driver_msgs__rosidl_generator_cppExport.cmake
[11.198s] -- Installing: /home/ndt/ros2car-ws/install/ds4_driver_msgs/share/ds4_driver_msgs/cmake/export_ds4_driver_msgs__rosidl_typesupport_fastrtps_cppExport.cmake
[11.198s] -- Installing: /home/ndt/ros2car-ws/install/ds4_driver_msgs/share/ds4_driver_msgs/cmake/export_ds4_driver_msgs__rosidl_typesupport_fastrtps_cppExport-noconfig.cmake
[11.198s] -- Installing: /home/ndt/ros2car-ws/install/ds4_driver_msgs/share/ds4_driver_msgs/cmake/ds4_driver_msgs__rosidl_typesupport_introspection_cExport.cmake
[11.198s] -- Installing: /home/ndt/ros2car-ws/install/ds4_driver_msgs/share/ds4_driver_msgs/cmake/ds4_driver_msgs__rosidl_typesupport_introspection_cExport-noconfig.cmake
[11.199s] -- Installing: /home/ndt/ros2car-ws/install/ds4_driver_msgs/share/ds4_driver_msgs/cmake/ds4_driver_msgs__rosidl_typesupport_cExport.cmake
[11.199s] -- Installing: /home/ndt/ros2car-ws/install/ds4_driver_msgs/share/ds4_driver_msgs/cmake/ds4_driver_msgs__rosidl_typesupport_cExport-noconfig.cmake
[11.199s] -- Installing: /home/ndt/ros2car-ws/install/ds4_driver_msgs/share/ds4_driver_msgs/cmake/ds4_driver_msgs__rosidl_typesupport_introspection_cppExport.cmake
[11.199s] -- Installing: /home/ndt/ros2car-ws/install/ds4_driver_msgs/share/ds4_driver_msgs/cmake/ds4_driver_msgs__rosidl_typesupport_introspection_cppExport-noconfig.cmake
[11.200s] -- Installing: /home/ndt/ros2car-ws/install/ds4_driver_msgs/share/ds4_driver_msgs/cmake/ds4_driver_msgs__rosidl_typesupport_cppExport.cmake
[11.200s] -- Installing: /home/ndt/ros2car-ws/install/ds4_driver_msgs/share/ds4_driver_msgs/cmake/ds4_driver_msgs__rosidl_typesupport_cppExport-noconfig.cmake
[11.200s] -- Installing: /home/ndt/ros2car-ws/install/ds4_driver_msgs/share/ds4_driver_msgs/cmake/export_ds4_driver_msgs__rosidl_generator_pyExport.cmake
[11.200s] -- Installing: /home/ndt/ros2car-ws/install/ds4_driver_msgs/share/ds4_driver_msgs/cmake/export_ds4_driver_msgs__rosidl_generator_pyExport-noconfig.cmake
[11.201s] -- Installing: /home/ndt/ros2car-ws/install/ds4_driver_msgs/share/ds4_driver_msgs/cmake/rosidl_cmake-extras.cmake
[11.201s] -- Installing: /home/ndt/ros2car-ws/install/ds4_driver_msgs/share/ds4_driver_msgs/cmake/ament_cmake_export_dependencies-extras.cmake
[11.201s] -- Installing: /home/ndt/ros2car-ws/install/ds4_driver_msgs/share/ds4_driver_msgs/cmake/ament_cmake_export_include_directories-extras.cmake
[11.202s] -- Installing: /home/ndt/ros2car-ws/install/ds4_driver_msgs/share/ds4_driver_msgs/cmake/ament_cmake_export_libraries-extras.cmake
[11.202s] -- Installing: /home/ndt/ros2car-ws/install/ds4_driver_msgs/share/ds4_driver_msgs/cmake/ament_cmake_export_targets-extras.cmake
[11.202s] -- Installing: /home/ndt/ros2car-ws/install/ds4_driver_msgs/share/ds4_driver_msgs/cmake/rosidl_cmake_export_typesupport_targets-extras.cmake
[11.202s] -- Installing: /home/ndt/ros2car-ws/install/ds4_driver_msgs/share/ds4_driver_msgs/cmake/rosidl_cmake_export_typesupport_libraries-extras.cmake
[11.202s] -- Installing: /home/ndt/ros2car-ws/install/ds4_driver_msgs/share/ds4_driver_msgs/cmake/ds4_driver_msgsConfig.cmake
[11.203s] -- Installing: /home/ndt/ros2car-ws/install/ds4_driver_msgs/share/ds4_driver_msgs/cmake/ds4_driver_msgsConfig-version.cmake
[11.203s] -- Installing: /home/ndt/ros2car-ws/install/ds4_driver_msgs/share/ds4_driver_msgs/package.xml
[11.208s] Invoked command in '/home/ndt/ros2car-ws/build/ds4_driver_msgs' returned '0': CMAKE_PREFIX_PATH=${CMAKE_PREFIX_PATH}:/opt/ros/humble /usr/bin/cmake --install /home/ndt/ros2car-ws/build/ds4_driver_msgs
