[0.061s] Invoking command in '/home/ndt/ros2car-ws/build/asio_cmake_module': CMAKE_PREFIX_PATH=${CMAKE_PREFIX_PATH}:/home/ndt/ros2car-ws/install/drive_with_DS4:/opt/ros/humble /usr/bin/cmake --build /home/ndt/ros2car-ws/build/asio_cmake_module -- -j6 -l6
[1.105s] Invoked command in '/home/ndt/ros2car-ws/build/asio_cmake_module' returned '0': CMAKE_PREFIX_PATH=${CMAKE_PREFIX_PATH}:/home/ndt/ros2car-ws/install/drive_with_DS4:/opt/ros/humble /usr/bin/cmake --build /home/ndt/ros2car-ws/build/asio_cmake_module -- -j6 -l6
[1.258s] Invoking command in '/home/ndt/ros2car-ws/build/asio_cmake_module': CMAKE_PREFIX_PATH=${CMAKE_PREFIX_PATH}:/home/ndt/ros2car-ws/install/drive_with_DS4:/opt/ros/humble /usr/bin/cmake --install /home/ndt/ros2car-ws/build/asio_cmake_module
[1.273s] -- Install configuration: ""
[1.273s] -- Execute custom install script
[1.274s] -- Up-to-date symlink: /home/ndt/ros2car-ws/install/asio_cmake_module/share/ament_index/resource_index/package_run_dependencies/asio_cmake_module
[1.274s] -- Up-to-date symlink: /home/ndt/ros2car-ws/install/asio_cmake_module/share/ament_index/resource_index/parent_prefix_path/asio_cmake_module
[1.275s] -- Up-to-date symlink: /home/ndt/ros2car-ws/install/asio_cmake_module/share/asio_cmake_module/environment/ament_prefix_path.sh
[1.275s] -- Up-to-date symlink: /home/ndt/ros2car-ws/install/asio_cmake_module/share/asio_cmake_module/environment/ament_prefix_path.dsv
[1.275s] -- Up-to-date symlink: /home/ndt/ros2car-ws/install/asio_cmake_module/share/asio_cmake_module/environment/path.sh
[1.276s] -- Up-to-date symlink: /home/ndt/ros2car-ws/install/asio_cmake_module/share/asio_cmake_module/environment/path.dsv
[1.276s] -- Up-to-date symlink: /home/ndt/ros2car-ws/install/asio_cmake_module/share/asio_cmake_module/local_setup.bash
[1.276s] -- Up-to-date symlink: /home/ndt/ros2car-ws/install/asio_cmake_module/share/asio_cmake_module/local_setup.sh
[1.277s] -- Up-to-date symlink: /home/ndt/ros2car-ws/install/asio_cmake_module/share/asio_cmake_module/local_setup.zsh
[1.277s] -- Up-to-date symlink: /home/ndt/ros2car-ws/install/asio_cmake_module/share/asio_cmake_module/local_setup.dsv
[1.277s] -- Symlinking: /home/ndt/ros2car-ws/install/asio_cmake_module/share/asio_cmake_module/package.dsv
[1.288s] -- Up-to-date symlink: /home/ndt/ros2car-ws/install/asio_cmake_module/share/ament_index/resource_index/packages/asio_cmake_module
[1.288s] -- Up-to-date symlink: /home/ndt/ros2car-ws/install/asio_cmake_module/share/asio_cmake_module/cmake/asio_cmake_module-extras.cmake
[1.289s] -- Up-to-date symlink: /home/ndt/ros2car-ws/install/asio_cmake_module/share/asio_cmake_module/cmake/asio_cmake_moduleConfig.cmake
[1.289s] -- Up-to-date symlink: /home/ndt/ros2car-ws/install/asio_cmake_module/share/asio_cmake_module/cmake/asio_cmake_moduleConfig-version.cmake
[1.303s] -- Up-to-date symlink: /home/ndt/ros2car-ws/install/asio_cmake_module/share/asio_cmake_module/package.xml
[1.304s] -- Up-to-date symlink: /home/ndt/ros2car-ws/install/asio_cmake_module/share/asio_cmake_module/cmake/Modules/FindASIO.cmake
[1.304s] Invoked command in '/home/ndt/ros2car-ws/build/asio_cmake_module' returned '0': CMAKE_PREFIX_PATH=${CMAKE_PREFIX_PATH}:/home/ndt/ros2car-ws/install/drive_with_DS4:/opt/ros/humble /usr/bin/cmake --install /home/ndt/ros2car-ws/build/asio_cmake_module
