[0.023s] Invoking command in '/home/ndt/ros2car-ws/build/ds4_driver': AMENT_PREFIX_PATH=/home/ndt/ros2car-ws/install/ds4_driver_msgs:${AMENT_PREFIX_PATH} CMAKE_PREFIX_PATH=/home/ndt/ros2car-ws/install/ds4_driver_msgs:/home/ndt/ros2car-ws/install/ydlidar_ros2_driver:/home/ndt/ros2car-ws/install/vesc:/home/ndt/ros2car-ws/install/vesc_driver:/home/ndt/ros2car-ws/install/vesc_ackermann:/home/ndt/ros2car-ws/install/vesc_msgs:/home/ndt/ros2car-ws/install/udp_driver:/home/ndt/ros2car-ws/install/serial_driver:/home/ndt/ros2car-ws/install/io_context:/home/ndt/ros2car-ws/install/asio_cmake_module:/home/ndt/ydlidar_ros2_ws/install/ydlidar_ros2_driver:/opt/ros/humble LD_LIBRARY_PATH=/home/ndt/ros2car-ws/install/ds4_driver_msgs/lib:${LD_LIBRARY_PATH} PYTHONPATH=/home/ndt/ros2car-ws/install/ds4_driver_msgs/local/lib/python3.10/dist-packages:${PYTHONPATH} /usr/bin/cmake /home/ndt/ros2car-ws/src/ds4_driver/ds4_driver -DCMAKE_INSTALL_PREFIX=/home/ndt/ros2car-ws/install/ds4_driver
[0.126s] -- The C compiler identification is GNU 11.3.0
[0.218s] -- The CXX compiler identification is GNU 11.3.0
[0.229s] -- Detecting C compiler ABI info
[0.355s] -- Detecting C compiler ABI info - done
[0.363s] -- Check for working C compiler: /usr/bin/cc - skipped
[0.363s] -- Detecting C compile features
[0.363s] -- Detecting C compile features - done
[0.367s] -- Detecting CXX compiler ABI info
[0.513s] -- Detecting CXX compiler ABI info - done
[0.521s] -- Check for working CXX compiler: /usr/bin/c++ - skipped
[0.522s] -- Detecting CXX compile features
[0.522s] -- Detecting CXX compile features - done
[0.528s] -- Found ament_cmake: 1.3.4 (/opt/ros/humble/share/ament_cmake/cmake)
[0.776s] -- Found Python3: /usr/bin/python3.10 (found version "3.10.6") found components: Interpreter 
[0.940s] -- Found sensor_msgs: 4.2.3 (/opt/ros/humble/share/sensor_msgs/cmake)
[1.008s] -- Found rosidl_generator_c: 3.1.4 (/opt/ros/humble/share/rosidl_generator_c/cmake)
[1.021s] -- Found rosidl_adapter: 3.1.4 (/opt/ros/humble/share/rosidl_adapter/cmake)
[1.037s] -- Found rosidl_generator_cpp: 3.1.4 (/opt/ros/humble/share/rosidl_generator_cpp/cmake)
[1.061s] -- Using all available rosidl_typesupport_c: rosidl_typesupport_fastrtps_c;rosidl_typesupport_introspection_c
[1.098s] -- Using all available rosidl_typesupport_cpp: rosidl_typesupport_fastrtps_cpp;rosidl_typesupport_introspection_cpp
[1.377s] -- Found ds4_driver_msgs: 0.0.0 (/home/ndt/ros2car-ws/install/ds4_driver_msgs/share/ds4_driver_msgs/cmake)
[1.495s] -- Found ament_lint_auto: 0.12.6 (/opt/ros/humble/share/ament_lint_auto/cmake)
[1.715s] -- Added test 'copyright' to check source files copyright and LICENSE
[1.722s] -- Added test 'flake8' to check Python code syntax and style conventions
[1.723s] -- Added test 'lint_cmake' to check CMake code style
[1.725s] -- Added test 'pep257' to check Python code against some of the docstring style conventions in PEP 257
[1.728s] -- Added test 'xmllint' to check XML markup files
[1.731s] -- Configuring done
[1.739s] -- Generating done
[1.741s] -- Build files have been written to: /home/ndt/ros2car-ws/build/ds4_driver
[1.751s] Invoked command in '/home/ndt/ros2car-ws/build/ds4_driver' returned '0': AMENT_PREFIX_PATH=/home/ndt/ros2car-ws/install/ds4_driver_msgs:${AMENT_PREFIX_PATH} CMAKE_PREFIX_PATH=/home/ndt/ros2car-ws/install/ds4_driver_msgs:/home/ndt/ros2car-ws/install/ydlidar_ros2_driver:/home/ndt/ros2car-ws/install/vesc:/home/ndt/ros2car-ws/install/vesc_driver:/home/ndt/ros2car-ws/install/vesc_ackermann:/home/ndt/ros2car-ws/install/vesc_msgs:/home/ndt/ros2car-ws/install/udp_driver:/home/ndt/ros2car-ws/install/serial_driver:/home/ndt/ros2car-ws/install/io_context:/home/ndt/ros2car-ws/install/asio_cmake_module:/home/ndt/ydlidar_ros2_ws/install/ydlidar_ros2_driver:/opt/ros/humble LD_LIBRARY_PATH=/home/ndt/ros2car-ws/install/ds4_driver_msgs/lib:${LD_LIBRARY_PATH} PYTHONPATH=/home/ndt/ros2car-ws/install/ds4_driver_msgs/local/lib/python3.10/dist-packages:${PYTHONPATH} /usr/bin/cmake /home/ndt/ros2car-ws/src/ds4_driver/ds4_driver -DCMAKE_INSTALL_PREFIX=/home/ndt/ros2car-ws/install/ds4_driver
[1.753s] Invoking command in '/home/ndt/ros2car-ws/build/ds4_driver': AMENT_PREFIX_PATH=/home/ndt/ros2car-ws/install/ds4_driver_msgs:${AMENT_PREFIX_PATH} CMAKE_PREFIX_PATH=/home/ndt/ros2car-ws/install/ds4_driver_msgs:/home/ndt/ros2car-ws/install/ydlidar_ros2_driver:/home/ndt/ros2car-ws/install/vesc:/home/ndt/ros2car-ws/install/vesc_driver:/home/ndt/ros2car-ws/install/vesc_ackermann:/home/ndt/ros2car-ws/install/vesc_msgs:/home/ndt/ros2car-ws/install/udp_driver:/home/ndt/ros2car-ws/install/serial_driver:/home/ndt/ros2car-ws/install/io_context:/home/ndt/ros2car-ws/install/asio_cmake_module:/home/ndt/ydlidar_ros2_ws/install/ydlidar_ros2_driver:/opt/ros/humble LD_LIBRARY_PATH=/home/ndt/ros2car-ws/install/ds4_driver_msgs/lib:${LD_LIBRARY_PATH} PYTHONPATH=/home/ndt/ros2car-ws/install/ds4_driver_msgs/local/lib/python3.10/dist-packages:${PYTHONPATH} /usr/bin/cmake --build /home/ndt/ros2car-ws/build/ds4_driver -- -j6 -l6
[1.877s] Built target ament_cmake_python_copy_ds4_driver
[2.219s] running egg_info
[2.220s] creating ds4_driver.egg-info
[2.220s] writing ds4_driver.egg-info/PKG-INFO
[2.220s] writing dependency_links to ds4_driver.egg-info/dependency_links.txt
[2.220s] writing top-level names to ds4_driver.egg-info/top_level.txt
[2.223s] writing manifest file 'ds4_driver.egg-info/SOURCES.txt'
[2.225s] reading manifest file 'ds4_driver.egg-info/SOURCES.txt'
[2.226s] writing manifest file 'ds4_driver.egg-info/SOURCES.txt'
[2.260s] Built target ament_cmake_python_build_ds4_driver_egg
[2.282s] Invoked command in '/home/ndt/ros2car-ws/build/ds4_driver' returned '0': AMENT_PREFIX_PATH=/home/ndt/ros2car-ws/install/ds4_driver_msgs:${AMENT_PREFIX_PATH} CMAKE_PREFIX_PATH=/home/ndt/ros2car-ws/install/ds4_driver_msgs:/home/ndt/ros2car-ws/install/ydlidar_ros2_driver:/home/ndt/ros2car-ws/install/vesc:/home/ndt/ros2car-ws/install/vesc_driver:/home/ndt/ros2car-ws/install/vesc_ackermann:/home/ndt/ros2car-ws/install/vesc_msgs:/home/ndt/ros2car-ws/install/udp_driver:/home/ndt/ros2car-ws/install/serial_driver:/home/ndt/ros2car-ws/install/io_context:/home/ndt/ros2car-ws/install/asio_cmake_module:/home/ndt/ydlidar_ros2_ws/install/ydlidar_ros2_driver:/opt/ros/humble LD_LIBRARY_PATH=/home/ndt/ros2car-ws/install/ds4_driver_msgs/lib:${LD_LIBRARY_PATH} PYTHONPATH=/home/ndt/ros2car-ws/install/ds4_driver_msgs/local/lib/python3.10/dist-packages:${PYTHONPATH} /usr/bin/cmake --build /home/ndt/ros2car-ws/build/ds4_driver -- -j6 -l6
[2.349s] Invoking command in '/home/ndt/ros2car-ws/build/ds4_driver': AMENT_PREFIX_PATH=/home/ndt/ros2car-ws/install/ds4_driver_msgs:${AMENT_PREFIX_PATH} CMAKE_PREFIX_PATH=/home/ndt/ros2car-ws/install/ds4_driver_msgs:/home/ndt/ros2car-ws/install/ydlidar_ros2_driver:/home/ndt/ros2car-ws/install/vesc:/home/ndt/ros2car-ws/install/vesc_driver:/home/ndt/ros2car-ws/install/vesc_ackermann:/home/ndt/ros2car-ws/install/vesc_msgs:/home/ndt/ros2car-ws/install/udp_driver:/home/ndt/ros2car-ws/install/serial_driver:/home/ndt/ros2car-ws/install/io_context:/home/ndt/ros2car-ws/install/asio_cmake_module:/home/ndt/ydlidar_ros2_ws/install/ydlidar_ros2_driver:/opt/ros/humble LD_LIBRARY_PATH=/home/ndt/ros2car-ws/install/ds4_driver_msgs/lib:${LD_LIBRARY_PATH} PYTHONPATH=/home/ndt/ros2car-ws/install/ds4_driver_msgs/local/lib/python3.10/dist-packages:${PYTHONPATH} /usr/bin/cmake --install /home/ndt/ros2car-ws/build/ds4_driver
[2.363s] -- Install configuration: ""
[2.363s] -- Installing: /home/ndt/ros2car-ws/install/ds4_driver/share/ds4_driver/environment/pythonpath.sh
[2.363s] -- Installing: /home/ndt/ros2car-ws/install/ds4_driver/share/ds4_driver/environment/pythonpath.dsv
[2.364s] -- Installing: /home/ndt/ros2car-ws/install/ds4_driver/local/lib/python3.10/dist-packages/ds4_driver-0.2.1-py3.10.egg-info
[2.364s] -- Installing: /home/ndt/ros2car-ws/install/ds4_driver/local/lib/python3.10/dist-packages/ds4_driver-0.2.1-py3.10.egg-info/top_level.txt
[2.364s] -- Installing: /home/ndt/ros2car-ws/install/ds4_driver/local/lib/python3.10/dist-packages/ds4_driver-0.2.1-py3.10.egg-info/dependency_links.txt
[2.364s] -- Installing: /home/ndt/ros2car-ws/install/ds4_driver/local/lib/python3.10/dist-packages/ds4_driver-0.2.1-py3.10.egg-info/SOURCES.txt
[2.365s] -- Installing: /home/ndt/ros2car-ws/install/ds4_driver/local/lib/python3.10/dist-packages/ds4_driver-0.2.1-py3.10.egg-info/PKG-INFO
[2.365s] -- Installing: /home/ndt/ros2car-ws/install/ds4_driver/local/lib/python3.10/dist-packages/ds4_driver
[2.365s] -- Installing: /home/ndt/ros2car-ws/install/ds4_driver/local/lib/python3.10/dist-packages/ds4_driver/controller.py
[2.365s] -- Installing: /home/ndt/ros2car-ws/install/ds4_driver/local/lib/python3.10/dist-packages/ds4_driver/controller_ros.py
[2.365s] -- Installing: /home/ndt/ros2car-ws/install/ds4_driver/local/lib/python3.10/dist-packages/ds4_driver/__init__.py
[2.366s] -- Installing: /home/ndt/ros2car-ws/install/ds4_driver/local/lib/python3.10/dist-packages/ds4_driver/logger.py
[2.413s] Listing '/home/ndt/ros2car-ws/install/ds4_driver/local/lib/python3.10/dist-packages/ds4_driver'...
[2.413s] Compiling '/home/ndt/ros2car-ws/install/ds4_driver/local/lib/python3.10/dist-packages/ds4_driver/__init__.py'...
[2.413s] Compiling '/home/ndt/ros2car-ws/install/ds4_driver/local/lib/python3.10/dist-packages/ds4_driver/controller.py'...
[2.413s] Compiling '/home/ndt/ros2car-ws/install/ds4_driver/local/lib/python3.10/dist-packages/ds4_driver/controller_ros.py'...
[2.413s] Compiling '/home/ndt/ros2car-ws/install/ds4_driver/local/lib/python3.10/dist-packages/ds4_driver/logger.py'...
[2.418s] -- Installing: /home/ndt/ros2car-ws/install/ds4_driver/share/ds4_driver//config
[2.418s] -- Installing: /home/ndt/ros2car-ws/install/ds4_driver/share/ds4_driver//config/params.yaml
[2.418s] -- Installing: /home/ndt/ros2car-ws/install/ds4_driver/share/ds4_driver//config/twist_6dof.yaml
[2.418s] -- Installing: /home/ndt/ros2car-ws/install/ds4_driver/share/ds4_driver//config/twist_2dof.yaml
[2.418s] -- Installing: /home/ndt/ros2car-ws/install/ds4_driver/share/ds4_driver//launch
[2.419s] -- Installing: /home/ndt/ros2car-ws/install/ds4_driver/share/ds4_driver//launch/ds4_twist.launch.xml
[2.419s] -- Installing: /home/ndt/ros2car-ws/install/ds4_driver/share/ds4_driver//launch/ds4_driver.launch.xml
[2.419s] -- Installing: /home/ndt/ros2car-ws/install/ds4_driver/share/ds4_driver//launch/demo.launch.xml
[2.419s] -- Installing: /home/ndt/ros2car-ws/install/ds4_driver/lib/ds4_driver/demo.py
[2.420s] -- Installing: /home/ndt/ros2car-ws/install/ds4_driver/lib/ds4_driver/ds4_driver_node.py
[2.420s] -- Installing: /home/ndt/ros2car-ws/install/ds4_driver/lib/ds4_driver/ds4_twist_node.py
[2.420s] -- Installing: /home/ndt/ros2car-ws/install/ds4_driver/share/ament_index/resource_index/package_run_dependencies/ds4_driver
[2.420s] -- Installing: /home/ndt/ros2car-ws/install/ds4_driver/share/ament_index/resource_index/parent_prefix_path/ds4_driver
[2.421s] -- Installing: /home/ndt/ros2car-ws/install/ds4_driver/share/ds4_driver/environment/ament_prefix_path.sh
[2.421s] -- Installing: /home/ndt/ros2car-ws/install/ds4_driver/share/ds4_driver/environment/ament_prefix_path.dsv
[2.421s] -- Installing: /home/ndt/ros2car-ws/install/ds4_driver/share/ds4_driver/environment/path.sh
[2.422s] -- Installing: /home/ndt/ros2car-ws/install/ds4_driver/share/ds4_driver/environment/path.dsv
[2.422s] -- Installing: /home/ndt/ros2car-ws/install/ds4_driver/share/ds4_driver/local_setup.bash
[2.422s] -- Installing: /home/ndt/ros2car-ws/install/ds4_driver/share/ds4_driver/local_setup.sh
[2.422s] -- Installing: /home/ndt/ros2car-ws/install/ds4_driver/share/ds4_driver/local_setup.zsh
[2.423s] -- Installing: /home/ndt/ros2car-ws/install/ds4_driver/share/ds4_driver/local_setup.dsv
[2.423s] -- Installing: /home/ndt/ros2car-ws/install/ds4_driver/share/ds4_driver/package.dsv
[2.423s] -- Installing: /home/ndt/ros2car-ws/install/ds4_driver/share/ament_index/resource_index/packages/ds4_driver
[2.424s] -- Installing: /home/ndt/ros2car-ws/install/ds4_driver/share/ds4_driver/cmake/ds4_driverConfig.cmake
[2.424s] -- Installing: /home/ndt/ros2car-ws/install/ds4_driver/share/ds4_driver/cmake/ds4_driverConfig-version.cmake
[2.424s] -- Installing: /home/ndt/ros2car-ws/install/ds4_driver/share/ds4_driver/package.xml
[2.429s] Invoked command in '/home/ndt/ros2car-ws/build/ds4_driver' returned '0': AMENT_PREFIX_PATH=/home/ndt/ros2car-ws/install/ds4_driver_msgs:${AMENT_PREFIX_PATH} CMAKE_PREFIX_PATH=/home/ndt/ros2car-ws/install/ds4_driver_msgs:/home/ndt/ros2car-ws/install/ydlidar_ros2_driver:/home/ndt/ros2car-ws/install/vesc:/home/ndt/ros2car-ws/install/vesc_driver:/home/ndt/ros2car-ws/install/vesc_ackermann:/home/ndt/ros2car-ws/install/vesc_msgs:/home/ndt/ros2car-ws/install/udp_driver:/home/ndt/ros2car-ws/install/serial_driver:/home/ndt/ros2car-ws/install/io_context:/home/ndt/ros2car-ws/install/asio_cmake_module:/home/ndt/ydlidar_ros2_ws/install/ydlidar_ros2_driver:/opt/ros/humble LD_LIBRARY_PATH=/home/ndt/ros2car-ws/install/ds4_driver_msgs/lib:${LD_LIBRARY_PATH} PYTHONPATH=/home/ndt/ros2car-ws/install/ds4_driver_msgs/local/lib/python3.10/dist-packages:${PYTHONPATH} /usr/bin/cmake --install /home/ndt/ros2car-ws/build/ds4_driver
