[0.022s] Invoking command in '/home/ndt/ros2car-ws/build/vesc_ackermann': AMENT_PREFIX_PATH=/home/ndt/ros2car-ws/install/vesc_msgs:${AMENT_PREFIX_PATH} CMAKE_PREFIX_PATH=/home/ndt/ros2car-ws/install/vesc_msgs:/home/ndt/ydlidar_ros2_ws/install/ydlidar_ros2_driver:/opt/ros/humble LD_LIBRARY_PATH=/home/ndt/ros2car-ws/install/vesc_msgs/lib:${LD_LIBRARY_PATH} PYTHONPATH=/home/ndt/ros2car-ws/install/vesc_msgs/local/lib/python3.10/dist-packages:${PYTHONPATH} /usr/bin/cmake --build /home/ndt/ros2car-ws/build/vesc_ackermann -- -j6 -l6
[0.126s] [35m[1mConsolidate compiler generated dependencies of target vesc_ackermann[0m
[0.126s] [35m[1mConsolidate compiler generated dependencies of target ackermann_to_vesc_node[0m
[0.134s] [35m[1mConsolidate compiler generated dependencies of target vesc_to_odom_node[0m
[0.179s] [ 71%] Built target ackermann_to_vesc_node
[0.180s] [ 71%] Built target vesc_ackermann
[0.184s] [100%] Built target vesc_to_odom_node
[0.209s] Invoked command in '/home/ndt/ros2car-ws/build/vesc_ackermann' returned '0': AMENT_PREFIX_PATH=/home/ndt/ros2car-ws/install/vesc_msgs:${AMENT_PREFIX_PATH} CMAKE_PREFIX_PATH=/home/ndt/ros2car-ws/install/vesc_msgs:/home/ndt/ydlidar_ros2_ws/install/ydlidar_ros2_driver:/opt/ros/humble LD_LIBRARY_PATH=/home/ndt/ros2car-ws/install/vesc_msgs/lib:${LD_LIBRARY_PATH} PYTHONPATH=/home/ndt/ros2car-ws/install/vesc_msgs/local/lib/python3.10/dist-packages:${PYTHONPATH} /usr/bin/cmake --build /home/ndt/ros2car-ws/build/vesc_ackermann -- -j6 -l6
[0.323s] Invoking command in '/home/ndt/ros2car-ws/build/vesc_ackermann': AMENT_PREFIX_PATH=/home/ndt/ros2car-ws/install/vesc_msgs:${AMENT_PREFIX_PATH} CMAKE_PREFIX_PATH=/home/ndt/ros2car-ws/install/vesc_msgs:/home/ndt/ydlidar_ros2_ws/install/ydlidar_ros2_driver:/opt/ros/humble LD_LIBRARY_PATH=/home/ndt/ros2car-ws/install/vesc_msgs/lib:${LD_LIBRARY_PATH} PYTHONPATH=/home/ndt/ros2car-ws/install/vesc_msgs/local/lib/python3.10/dist-packages:${PYTHONPATH} /usr/bin/cmake --install /home/ndt/ros2car-ws/build/vesc_ackermann
[0.342s] -- Install configuration: ""
[0.343s] -- Up-to-date: /home/ndt/ros2car-ws/install/vesc_ackermann/lib/vesc_ackermann/ackermann_to_vesc_node
[0.348s] -- Up-to-date: /home/ndt/ros2car-ws/install/vesc_ackermann/lib/vesc_ackermann/vesc_to_odom_node
[0.349s] -- Up-to-date: /home/ndt/ros2car-ws/install/vesc_ackermann/include
[0.349s] -- Up-to-date: /home/ndt/ros2car-ws/install/vesc_ackermann/include/vesc_ackermann
[0.350s] -- Up-to-date: /home/ndt/ros2car-ws/install/vesc_ackermann/include/vesc_ackermann/vesc_to_odom.hpp
[0.351s] -- Up-to-date: /home/ndt/ros2car-ws/install/vesc_ackermann/include/vesc_ackermann/ackermann_to_vesc.hpp
[0.355s] -- Up-to-date: /home/ndt/ros2car-ws/install/vesc_ackermann/share/vesc_ackermann/environment/library_path.sh
[0.356s] -- Up-to-date: /home/ndt/ros2car-ws/install/vesc_ackermann/share/vesc_ackermann/environment/library_path.dsv
[0.357s] -- Up-to-date: /home/ndt/ros2car-ws/install/vesc_ackermann/lib/libvesc_ackermann.so
[0.357s] -- Up-to-date: /home/ndt/ros2car-ws/install/vesc_ackermann/share/vesc_ackermann/launch
[0.357s] -- Up-to-date: /home/ndt/ros2car-ws/install/vesc_ackermann/share/vesc_ackermann/launch/vesc_to_odom_node.launch.xml
[0.357s] -- Up-to-date: /home/ndt/ros2car-ws/install/vesc_ackermann/share/vesc_ackermann/launch/ackermann_to_vesc_node.launch.xml
[0.358s] -- Up-to-date: /home/ndt/ros2car-ws/install/vesc_ackermann/share/ament_index/resource_index/package_run_dependencies/vesc_ackermann
[0.358s] -- Up-to-date: /home/ndt/ros2car-ws/install/vesc_ackermann/share/ament_index/resource_index/parent_prefix_path/vesc_ackermann
[0.359s] -- Up-to-date: /home/ndt/ros2car-ws/install/vesc_ackermann/share/vesc_ackermann/environment/ament_prefix_path.sh
[0.359s] -- Up-to-date: /home/ndt/ros2car-ws/install/vesc_ackermann/share/vesc_ackermann/environment/ament_prefix_path.dsv
[0.359s] -- Up-to-date: /home/ndt/ros2car-ws/install/vesc_ackermann/share/vesc_ackermann/environment/path.sh
[0.360s] -- Up-to-date: /home/ndt/ros2car-ws/install/vesc_ackermann/share/vesc_ackermann/environment/path.dsv
[0.360s] -- Up-to-date: /home/ndt/ros2car-ws/install/vesc_ackermann/share/vesc_ackermann/local_setup.bash
[0.360s] -- Up-to-date: /home/ndt/ros2car-ws/install/vesc_ackermann/share/vesc_ackermann/local_setup.sh
[0.360s] -- Up-to-date: /home/ndt/ros2car-ws/install/vesc_ackermann/share/vesc_ackermann/local_setup.zsh
[0.361s] -- Up-to-date: /home/ndt/ros2car-ws/install/vesc_ackermann/share/vesc_ackermann/local_setup.dsv
[0.361s] -- Installing: /home/ndt/ros2car-ws/install/vesc_ackermann/share/vesc_ackermann/package.dsv
[0.361s] -- Up-to-date: /home/ndt/ros2car-ws/install/vesc_ackermann/share/ament_index/resource_index/packages/vesc_ackermann
[0.361s] -- Up-to-date: /home/ndt/ros2car-ws/install/vesc_ackermann/share/ament_index/resource_index/rclcpp_components/vesc_ackermann
[0.362s] -- Up-to-date: /home/ndt/ros2car-ws/install/vesc_ackermann/share/vesc_ackermann/cmake/ament_cmake_export_dependencies-extras.cmake
[0.362s] -- Up-to-date: /home/ndt/ros2car-ws/install/vesc_ackermann/share/vesc_ackermann/cmake/ament_cmake_export_include_directories-extras.cmake
[0.362s] -- Up-to-date: /home/ndt/ros2car-ws/install/vesc_ackermann/share/vesc_ackermann/cmake/ament_cmake_export_libraries-extras.cmake
[0.362s] -- Up-to-date: /home/ndt/ros2car-ws/install/vesc_ackermann/share/vesc_ackermann/cmake/vesc_ackermannConfig.cmake
[0.363s] -- Up-to-date: /home/ndt/ros2car-ws/install/vesc_ackermann/share/vesc_ackermann/cmake/vesc_ackermannConfig-version.cmake
[0.363s] -- Up-to-date: /home/ndt/ros2car-ws/install/vesc_ackermann/share/vesc_ackermann/package.xml
[0.384s] Invoked command in '/home/ndt/ros2car-ws/build/vesc_ackermann' returned '0': AMENT_PREFIX_PATH=/home/ndt/ros2car-ws/install/vesc_msgs:${AMENT_PREFIX_PATH} CMAKE_PREFIX_PATH=/home/ndt/ros2car-ws/install/vesc_msgs:/home/ndt/ydlidar_ros2_ws/install/ydlidar_ros2_driver:/opt/ros/humble LD_LIBRARY_PATH=/home/ndt/ros2car-ws/install/vesc_msgs/lib:${LD_LIBRARY_PATH} PYTHONPATH=/home/ndt/ros2car-ws/install/vesc_msgs/local/lib/python3.10/dist-packages:${PYTHONPATH} /usr/bin/cmake --install /home/ndt/ros2car-ws/build/vesc_ackermann
