[0.023s] Invoking command in '/home/ndt/ros2car-ws/build/serial_driver': AMENT_PREFIX_PATH=/home/ndt/ros2car-ws/install/io_context:/home/ndt/ros2car-ws/install/asio_cmake_module:${AMENT_PREFIX_PATH} CMAKE_PREFIX_PATH=/home/ndt/ros2car-ws/install/io_context:/home/ndt/ros2car-ws/install/asio_cmake_module:/home/ndt/ydlidar_ros2_ws/install/ydlidar_ros2_driver:/opt/ros/humble LD_LIBRARY_PATH=/home/ndt/ros2car-ws/install/io_context/lib:${LD_LIBRARY_PATH} /usr/bin/cmake /home/ndt/ros2car-ws/src/transport_drivers/serial_driver -DCMAKE_INSTALL_PREFIX=/home/ndt/ros2car-ws/install/serial_driver
[0.124s] -- The C compiler identification is GNU 11.3.0
[0.214s] -- The CXX compiler identification is GNU 11.3.0
[0.226s] -- Detecting C compiler ABI info
[0.346s] -- Detecting C compiler ABI info - done
[0.353s] -- Check for working C compiler: /usr/bin/cc - skipped
[0.353s] -- Detecting C compile features
[0.354s] -- Detecting C compile features - done
[0.358s] -- Detecting CXX compiler ABI info
[0.504s] -- Detecting CXX compiler ABI info - done
[0.510s] -- Check for working CXX compiler: /usr/bin/c++ - skipped
[0.511s] -- Detecting CXX compile features
[0.512s] -- Detecting CXX compile features - done
[0.515s] -- Found ament_cmake_auto: 1.3.4 (/opt/ros/humble/share/ament_cmake_auto/cmake)
[0.737s] -- Found Python3: /usr/bin/python3.10 (found version "3.10.6") found components: Interpreter 
[0.998s] -- Found rosidl_generator_c: 3.1.4 (/opt/ros/humble/share/rosidl_generator_c/cmake)
[1.007s] -- Found rosidl_adapter: 3.1.4 (/opt/ros/humble/share/rosidl_adapter/cmake)
[1.022s] -- Found rosidl_generator_cpp: 3.1.4 (/opt/ros/humble/share/rosidl_generator_cpp/cmake)
[1.042s] -- Using all available rosidl_typesupport_c: rosidl_typesupport_fastrtps_c;rosidl_typesupport_introspection_c
[1.069s] -- Using all available rosidl_typesupport_cpp: rosidl_typesupport_fastrtps_cpp;rosidl_typesupport_introspection_cpp
[1.163s] -- Found rmw_implementation_cmake: 6.1.1 (/opt/ros/humble/share/rmw_implementation_cmake/cmake)
[1.167s] -- Found rmw_fastrtps_cpp: 6.2.2 (/opt/ros/humble/share/rmw_fastrtps_cpp/cmake)
[1.342s] -- Found OpenSSL: /usr/lib/x86_64-linux-gnu/libcrypto.so (found version "3.0.2")  
[1.380s] -- Found FastRTPS: /opt/ros/humble/include  
[1.455s] -- Using RMW implementation 'rmw_fastrtps_cpp' as default
[1.471s] -- Looking for pthread.h
[1.665s] -- Looking for pthread.h - found
[1.665s] -- Performing Test CMAKE_HAVE_LIBC_PTHREAD
[1.832s] -- Performing Test CMAKE_HAVE_LIBC_PTHREAD - Success
[1.835s] -- Found Threads: TRUE  
[2.320s] -- Found ASIO: /usr/include  
[2.385s] -- Found ament_lint_auto: 0.12.6 (/opt/ros/humble/share/ament_lint_auto/cmake)
[2.424s] -- Found gtest sources under '/opt/ros/humble/src/gtest_vendor': C++ tests using 'Google Test' will be built
[2.450s] -- Added test 'copyright' to check source files copyright and LICENSE
[2.454s] -- Added test 'cppcheck' to perform static code analysis on C / C++ code
[2.458s] -- Configured cppcheck include dirs: /home/ndt/ros2car-ws/src/transport_drivers/serial_driver/include
[2.458s] -- Configured cppcheck exclude dirs and/or files: 
[2.463s] -- Added test 'cpplint' to check C / C++ code against the Google style
[2.463s] -- Configured cpplint exclude dirs and/or files: 
[2.465s] -- Added test 'flake8' to check Python code syntax and style conventions
[2.467s] -- Added test 'lint_cmake' to check CMake code style
[2.468s] -- Added test 'pep257' to check Python code against some of the docstring style conventions in PEP 257
[2.472s] -- Added test 'uncrustify' to check C / C++ code style
[2.473s] -- Configured uncrustify additional arguments: 
[2.474s] -- Added test 'xmllint' to check XML markup files
[2.495s] -- Configuring done
[2.857s] -- Generating done
[2.875s] -- Build files have been written to: /home/ndt/ros2car-ws/build/serial_driver
[2.892s] Invoked command in '/home/ndt/ros2car-ws/build/serial_driver' returned '0': AMENT_PREFIX_PATH=/home/ndt/ros2car-ws/install/io_context:/home/ndt/ros2car-ws/install/asio_cmake_module:${AMENT_PREFIX_PATH} CMAKE_PREFIX_PATH=/home/ndt/ros2car-ws/install/io_context:/home/ndt/ros2car-ws/install/asio_cmake_module:/home/ndt/ydlidar_ros2_ws/install/ydlidar_ros2_driver:/opt/ros/humble LD_LIBRARY_PATH=/home/ndt/ros2car-ws/install/io_context/lib:${LD_LIBRARY_PATH} /usr/bin/cmake /home/ndt/ros2car-ws/src/transport_drivers/serial_driver -DCMAKE_INSTALL_PREFIX=/home/ndt/ros2car-ws/install/serial_driver
[2.893s] Invoking command in '/home/ndt/ros2car-ws/build/serial_driver': AMENT_PREFIX_PATH=/home/ndt/ros2car-ws/install/io_context:/home/ndt/ros2car-ws/install/asio_cmake_module:${AMENT_PREFIX_PATH} CMAKE_PREFIX_PATH=/home/ndt/ros2car-ws/install/io_context:/home/ndt/ros2car-ws/install/asio_cmake_module:/home/ndt/ydlidar_ros2_ws/install/ydlidar_ros2_driver:/opt/ros/humble LD_LIBRARY_PATH=/home/ndt/ros2car-ws/install/io_context/lib:${LD_LIBRARY_PATH} /usr/bin/cmake --build /home/ndt/ros2car-ws/build/serial_driver -- -j6 -l6
[3.051s] [  6%] [32mBuilding CXX object CMakeFiles/serial_driver.dir/src/serial_port.cpp.o[0m
[3.088s] [ 13%] [32mBuilding CXX object CMakeFiles/serial_driver.dir/src/serial_driver.cpp.o[0m
[3.091s] [ 20%] [32mBuilding CXX object gtest/CMakeFiles/gtest_main.dir/src/gtest_main.cc.o[0m
[3.108s] [ 26%] [32mBuilding CXX object CMakeFiles/serial_bridge.dir/rclcpp_components/node_main_serial_bridge.cpp.o[0m
[3.109s] [ 33%] [32mBuilding CXX object gtest/CMakeFiles/gtest.dir/src/gtest-all.cc.o[0m
[5.288s] [ 40%] [32m[1mLinking CXX static library libgtest_main.a[0m
[5.528s] [ 40%] Built target gtest_main
[11.051s] [ 46%] [32m[1mLinking CXX static library libgtest.a[0m
[11.466s] [ 46%] Built target gtest
[11.728s] [ 53%] [32m[1mLinking CXX executable serial_bridge[0m
[12.013s] [ 53%] Built target serial_bridge
[12.507s] [ 60%] [32m[1mLinking CXX shared library libserial_driver.so[0m
[12.845s] [ 60%] Built target serial_driver
[12.899s] [ 66%] [32mBuilding CXX object CMakeFiles/serial_driver_nodes.dir/src/serial_bridge_node.cpp.o[0m
[12.900s] [ 73%] [32mBuilding CXX object CMakeFiles/test_serial_port.dir/test/test_serial_port.cpp.o[0m
[12.912s] [ 80%] [32mBuilding CXX object CMakeFiles/test_serial_driver.dir/test/test_serial_driver.cpp.o[0m
[16.665s] [ 86%] [32m[1mLinking CXX executable test_serial_driver[0m
[17.273s] [ 93%] [32m[1mLinking CXX executable test_serial_port[0m
[17.288s] [ 93%] Built target test_serial_driver
[17.703s] [ 93%] Built target test_serial_port
[27.148s] [100%] [32m[1mLinking CXX shared library libserial_driver_nodes.so[0m
[27.945s] [100%] Built target serial_driver_nodes
[27.965s] Invoked command in '/home/ndt/ros2car-ws/build/serial_driver' returned '0': AMENT_PREFIX_PATH=/home/ndt/ros2car-ws/install/io_context:/home/ndt/ros2car-ws/install/asio_cmake_module:${AMENT_PREFIX_PATH} CMAKE_PREFIX_PATH=/home/ndt/ros2car-ws/install/io_context:/home/ndt/ros2car-ws/install/asio_cmake_module:/home/ndt/ydlidar_ros2_ws/install/ydlidar_ros2_driver:/opt/ros/humble LD_LIBRARY_PATH=/home/ndt/ros2car-ws/install/io_context/lib:${LD_LIBRARY_PATH} /usr/bin/cmake --build /home/ndt/ros2car-ws/build/serial_driver -- -j6 -l6
[28.091s] Invoking command in '/home/ndt/ros2car-ws/build/serial_driver': AMENT_PREFIX_PATH=/home/ndt/ros2car-ws/install/io_context:/home/ndt/ros2car-ws/install/asio_cmake_module:${AMENT_PREFIX_PATH} CMAKE_PREFIX_PATH=/home/ndt/ros2car-ws/install/io_context:/home/ndt/ros2car-ws/install/asio_cmake_module:/home/ndt/ydlidar_ros2_ws/install/ydlidar_ros2_driver:/opt/ros/humble LD_LIBRARY_PATH=/home/ndt/ros2car-ws/install/io_context/lib:${LD_LIBRARY_PATH} /usr/bin/cmake --install /home/ndt/ros2car-ws/build/serial_driver
[28.105s] -- Install configuration: ""
[28.106s] -- Installing: /home/ndt/ros2car-ws/install/serial_driver/lib/serial_driver/serial_bridge
[28.108s] -- Set runtime path of "/home/ndt/ros2car-ws/install/serial_driver/lib/serial_driver/serial_bridge" to ""
[28.109s] -- Installing: /home/ndt/ros2car-ws/install/serial_driver/include
[28.109s] -- Installing: /home/ndt/ros2car-ws/install/serial_driver/include/serial_driver
[28.109s] -- Installing: /home/ndt/ros2car-ws/install/serial_driver/include/serial_driver/visibility_control.hpp
[28.110s] -- Installing: /home/ndt/ros2car-ws/install/serial_driver/include/serial_driver/serial_port.hpp
[28.110s] -- Installing: /home/ndt/ros2car-ws/install/serial_driver/include/serial_driver/serial_bridge_node.hpp
[28.111s] -- Installing: /home/ndt/ros2car-ws/install/serial_driver/include/serial_driver/serial_driver.hpp
[28.112s] -- Installing: /home/ndt/ros2car-ws/install/serial_driver/share/serial_driver/environment/library_path.sh
[28.112s] -- Installing: /home/ndt/ros2car-ws/install/serial_driver/share/serial_driver/environment/library_path.dsv
[28.113s] -- Installing: /home/ndt/ros2car-ws/install/serial_driver/lib/libserial_driver.so
[28.116s] -- Set runtime path of "/home/ndt/ros2car-ws/install/serial_driver/lib/libserial_driver.so" to ""
[28.117s] -- Installing: /home/ndt/ros2car-ws/install/serial_driver/lib/libserial_driver_nodes.so
[28.134s] -- Set runtime path of "/home/ndt/ros2car-ws/install/serial_driver/lib/libserial_driver_nodes.so" to ""
[28.134s] -- Installing: /home/ndt/ros2car-ws/install/serial_driver/share/serial_driver/launch
[28.134s] -- Installing: /home/ndt/ros2car-ws/install/serial_driver/share/serial_driver/launch/serial_driver_bridge_node.launch.py
[28.135s] -- Installing: /home/ndt/ros2car-ws/install/serial_driver/share/serial_driver/params
[28.135s] -- Installing: /home/ndt/ros2car-ws/install/serial_driver/share/serial_driver/params/example.params.yaml
[28.136s] -- Installing: /home/ndt/ros2car-ws/install/serial_driver/share/ament_index/resource_index/package_run_dependencies/serial_driver
[28.137s] -- Installing: /home/ndt/ros2car-ws/install/serial_driver/share/ament_index/resource_index/parent_prefix_path/serial_driver
[28.137s] -- Installing: /home/ndt/ros2car-ws/install/serial_driver/share/serial_driver/environment/ament_prefix_path.sh
[28.138s] -- Installing: /home/ndt/ros2car-ws/install/serial_driver/share/serial_driver/environment/ament_prefix_path.dsv
[28.138s] -- Installing: /home/ndt/ros2car-ws/install/serial_driver/share/serial_driver/environment/path.sh
[28.139s] -- Installing: /home/ndt/ros2car-ws/install/serial_driver/share/serial_driver/environment/path.dsv
[28.140s] -- Installing: /home/ndt/ros2car-ws/install/serial_driver/share/serial_driver/local_setup.bash
[28.140s] -- Installing: /home/ndt/ros2car-ws/install/serial_driver/share/serial_driver/local_setup.sh
[28.141s] -- Installing: /home/ndt/ros2car-ws/install/serial_driver/share/serial_driver/local_setup.zsh
[28.141s] -- Installing: /home/ndt/ros2car-ws/install/serial_driver/share/serial_driver/local_setup.dsv
[28.142s] -- Installing: /home/ndt/ros2car-ws/install/serial_driver/share/serial_driver/package.dsv
[28.142s] -- Installing: /home/ndt/ros2car-ws/install/serial_driver/share/ament_index/resource_index/packages/serial_driver
[28.143s] -- Installing: /home/ndt/ros2car-ws/install/serial_driver/share/ament_index/resource_index/rclcpp_components/serial_driver
[28.144s] -- Installing: /home/ndt/ros2car-ws/install/serial_driver/share/serial_driver/cmake/ament_cmake_export_dependencies-extras.cmake
[28.144s] -- Installing: /home/ndt/ros2car-ws/install/serial_driver/share/serial_driver/cmake/ament_cmake_export_include_directories-extras.cmake
[28.145s] -- Installing: /home/ndt/ros2car-ws/install/serial_driver/share/serial_driver/cmake/ament_cmake_export_libraries-extras.cmake
[28.146s] -- Installing: /home/ndt/ros2car-ws/install/serial_driver/share/serial_driver/cmake/serial_driverConfig.cmake
[28.146s] -- Installing: /home/ndt/ros2car-ws/install/serial_driver/share/serial_driver/cmake/serial_driverConfig-version.cmake
[28.147s] -- Installing: /home/ndt/ros2car-ws/install/serial_driver/share/serial_driver/package.xml
[28.160s] Invoked command in '/home/ndt/ros2car-ws/build/serial_driver' returned '0': AMENT_PREFIX_PATH=/home/ndt/ros2car-ws/install/io_context:/home/ndt/ros2car-ws/install/asio_cmake_module:${AMENT_PREFIX_PATH} CMAKE_PREFIX_PATH=/home/ndt/ros2car-ws/install/io_context:/home/ndt/ros2car-ws/install/asio_cmake_module:/home/ndt/ydlidar_ros2_ws/install/ydlidar_ros2_driver:/opt/ros/humble LD_LIBRARY_PATH=/home/ndt/ros2car-ws/install/io_context/lib:${LD_LIBRARY_PATH} /usr/bin/cmake --install /home/ndt/ros2car-ws/build/serial_driver
