[0.055s] Invoking command in '/home/ndt/ros2car-ws/build/asio_cmake_module': CMAKE_PREFIX_PATH=${CMAKE_PREFIX_PATH}:/opt/ros/humble /usr/bin/cmake --build /home/ndt/ros2car-ws/build/asio_cmake_module -- -j6 -l6
[0.456s] Invoked command in '/home/ndt/ros2car-ws/build/asio_cmake_module' returned '0': CMAKE_PREFIX_PATH=${CMAKE_PREFIX_PATH}:/opt/ros/humble /usr/bin/cmake --build /home/ndt/ros2car-ws/build/asio_cmake_module -- -j6 -l6
[0.541s] Invoking command in '/home/ndt/ros2car-ws/build/asio_cmake_module': CMAKE_PREFIX_PATH=${CMAKE_PREFIX_PATH}:/opt/ros/humble /usr/bin/cmake --install /home/ndt/ros2car-ws/build/asio_cmake_module
[0.558s] -- Install configuration: ""
[0.559s] -- Up-to-date: /home/ndt/ros2car-ws/install/asio_cmake_module/share/ament_index/resource_index/package_run_dependencies/asio_cmake_module
[0.561s] -- Up-to-date: /home/ndt/ros2car-ws/install/asio_cmake_module/share/ament_index/resource_index/parent_prefix_path/asio_cmake_module
[0.562s] -- Up-to-date: /home/ndt/ros2car-ws/install/asio_cmake_module/share/asio_cmake_module/environment/ament_prefix_path.sh
[0.563s] -- Up-to-date: /home/ndt/ros2car-ws/install/asio_cmake_module/share/asio_cmake_module/environment/ament_prefix_path.dsv
[0.564s] -- Up-to-date: /home/ndt/ros2car-ws/install/asio_cmake_module/share/asio_cmake_module/environment/path.sh
[0.565s] -- Up-to-date: /home/ndt/ros2car-ws/install/asio_cmake_module/share/asio_cmake_module/environment/path.dsv
[0.566s] -- Up-to-date: /home/ndt/ros2car-ws/install/asio_cmake_module/share/asio_cmake_module/local_setup.bash
[0.568s] -- Up-to-date: /home/ndt/ros2car-ws/install/asio_cmake_module/share/asio_cmake_module/local_setup.sh
[0.569s] -- Up-to-date: /home/ndt/ros2car-ws/install/asio_cmake_module/share/asio_cmake_module/local_setup.zsh
[0.570s] -- Up-to-date: /home/ndt/ros2car-ws/install/asio_cmake_module/share/asio_cmake_module/local_setup.dsv
[0.571s] -- Installing: /home/ndt/ros2car-ws/install/asio_cmake_module/share/asio_cmake_module/package.dsv
[0.572s] -- Up-to-date: /home/ndt/ros2car-ws/install/asio_cmake_module/share/ament_index/resource_index/packages/asio_cmake_module
[0.574s] -- Up-to-date: /home/ndt/ros2car-ws/install/asio_cmake_module/share/asio_cmake_module/cmake/asio_cmake_module-extras.cmake
[0.575s] -- Up-to-date: /home/ndt/ros2car-ws/install/asio_cmake_module/share/asio_cmake_module/cmake/asio_cmake_moduleConfig.cmake
[0.576s] -- Up-to-date: /home/ndt/ros2car-ws/install/asio_cmake_module/share/asio_cmake_module/cmake/asio_cmake_moduleConfig-version.cmake
[0.576s] -- Up-to-date: /home/ndt/ros2car-ws/install/asio_cmake_module/share/asio_cmake_module/package.xml
[0.577s] -- Up-to-date: /home/ndt/ros2car-ws/install/asio_cmake_module/share/asio_cmake_module/cmake
[0.577s] -- Up-to-date: /home/ndt/ros2car-ws/install/asio_cmake_module/share/asio_cmake_module/cmake/Modules
[0.577s] -- Up-to-date: /home/ndt/ros2car-ws/install/asio_cmake_module/share/asio_cmake_module/cmake/Modules/FindASIO.cmake
[0.580s] Invoked command in '/home/ndt/ros2car-ws/build/asio_cmake_module' returned '0': CMAKE_PREFIX_PATH=${CMAKE_PREFIX_PATH}:/opt/ros/humble /usr/bin/cmake --install /home/ndt/ros2car-ws/build/asio_cmake_module
