[1.108s] Invoking command in '/home/ndt/ros2car-ws/build/drive_with_DS4': PYTHONPATH=/home/ndt/ros2car-ws/build/drive_with_DS4/prefix_override:/home/ndt/ros2car-ws/install/drive_with_DS4/lib/python3.10/site-packages:${PYTHONPATH} /usr/bin/python3 setup.py develop --editable --build-directory /home/ndt/ros2car-ws/build/drive_with_DS4/build --no-deps install_data
[1.422s] running develop
[1.430s] /usr/lib/python3/dist-packages/setuptools/command/easy_install.py:158: EasyInstallDeprecationWarning: easy_install command is deprecated. Use build and pip and other standards-based tools.
[1.431s]   warnings.warn(
[1.431s] /usr/lib/python3/dist-packages/setuptools/command/install.py:34: SetuptoolsDeprecationWarning: setup.py install is deprecated. Use build and pip and other standards-based tools.
[1.431s]   warnings.warn(
[1.501s] /usr/lib/python3/dist-packages/pkg_resources/__init__.py:116: PkgResourcesDeprecationWarning: 1.16.0-unknown is an invalid version and will not be supported in a future release
[1.501s]   warnings.warn(
[1.503s] /usr/lib/python3/dist-packages/pkg_resources/__init__.py:116: PkgResourcesDeprecationWarning: 0.1.43ubuntu1 is an invalid version and will not be supported in a future release
[1.504s]   warnings.warn(
[1.504s] /usr/lib/python3/dist-packages/pkg_resources/__init__.py:116: PkgResourcesDeprecationWarning: 1.1build1 is an invalid version and will not be supported in a future release
[1.505s]   warnings.warn(
[1.634s] running egg_info
[1.634s] writing drive_with_DS4.egg-info/PKG-INFO
[1.635s] writing dependency_links to drive_with_DS4.egg-info/dependency_links.txt
[1.635s] writing entry points to drive_with_DS4.egg-info/entry_points.txt
[1.635s] writing requirements to drive_with_DS4.egg-info/requires.txt
[1.635s] writing top-level names to drive_with_DS4.egg-info/top_level.txt
[1.639s] reading manifest file 'drive_with_DS4.egg-info/SOURCES.txt'
[1.640s] writing manifest file 'drive_with_DS4.egg-info/SOURCES.txt'
[1.649s] running build_ext
[1.649s] Creating /home/ndt/ros2car-ws/install/drive_with_DS4/lib/python3.10/site-packages/drive-with-DS4.egg-link (link to .)
[1.650s] Installing driver script to /home/ndt/ros2car-ws/install/drive_with_DS4/lib/drive_with_DS4
[1.650s] 
[1.651s] Installed /home/ndt/ros2car-ws/build/drive_with_DS4
[1.651s] running install_data
[1.651s] copying package.xml -> /home/ndt/ros2car-ws/install/drive_with_DS4/share/drive_with_DS4
