[0.050s] Invoking command in '/home/ndt/ros2car-ws/build/udp_driver': AMENT_PREFIX_PATH=/home/ndt/ros2car-ws/install/io_context:/home/ndt/ros2car-ws/install/asio_cmake_module:${AMENT_PREFIX_PATH} CMAKE_PREFIX_PATH=/home/ndt/ros2car-ws/install/io_context:/home/ndt/ros2car-ws/install/asio_cmake_module:/home/ndt/ydlidar_ros2_ws/install/ydlidar_ros2_driver:/opt/ros/humble LD_LIBRARY_PATH=/home/ndt/ros2car-ws/install/io_context/lib:${LD_LIBRARY_PATH} /usr/bin/cmake --build /home/ndt/ros2car-ws/build/udp_driver -- -j6 -l6
[0.161s] [35m[1mConsolidate compiler generated dependencies of target udp_driver[0m
[0.166s] [35m[1mConsolidate compiler generated dependencies of target udp_receiver_node_exe[0m
[0.183s] [35m[1mConsolidate compiler generated dependencies of target gtest_main[0m
[0.183s] [35m[1mConsolidate compiler generated dependencies of target gtest[0m
[0.197s] [35m[1mConsolidate compiler generated dependencies of target udp_sender_node_exe[0m
[0.286s] [ 12%] Built target udp_receiver_node_exe
[0.294s] [ 16%] Built target udp_sender_node_exe
[0.313s] [ 25%] Built target gtest_main
[0.315s] [ 37%] Built target udp_driver
[0.324s] [ 45%] Built target gtest
[0.354s] [35m[1mConsolidate compiler generated dependencies of target udp_driver_nodes[0m
[0.448s] [ 58%] Built target udp_driver_nodes
[0.497s] [35m[1mConsolidate compiler generated dependencies of target udp_bridge_node_exe[0m
[0.501s] [35m[1mConsolidate compiler generated dependencies of target test_udp_socket[0m
[0.516s] [35m[1mConsolidate compiler generated dependencies of target test_udp_data[0m
[0.516s] [35m[1mConsolidate compiler generated dependencies of target test_udp_driver_nodes[0m
[0.551s] [35m[1mConsolidate compiler generated dependencies of target test_udp_driver[0m
[0.620s] [ 66%] Built target udp_bridge_node_exe
[0.620s] [ 75%] Built target test_udp_socket
[0.633s] [ 83%] Built target test_udp_driver_nodes
[0.653s] [ 91%] Built target test_udp_data
[0.656s] [100%] Built target test_udp_driver
[0.686s] Invoked command in '/home/ndt/ros2car-ws/build/udp_driver' returned '0': AMENT_PREFIX_PATH=/home/ndt/ros2car-ws/install/io_context:/home/ndt/ros2car-ws/install/asio_cmake_module:${AMENT_PREFIX_PATH} CMAKE_PREFIX_PATH=/home/ndt/ros2car-ws/install/io_context:/home/ndt/ros2car-ws/install/asio_cmake_module:/home/ndt/ydlidar_ros2_ws/install/ydlidar_ros2_driver:/opt/ros/humble LD_LIBRARY_PATH=/home/ndt/ros2car-ws/install/io_context/lib:${LD_LIBRARY_PATH} /usr/bin/cmake --build /home/ndt/ros2car-ws/build/udp_driver -- -j6 -l6
[0.936s] Invoking command in '/home/ndt/ros2car-ws/build/udp_driver': AMENT_PREFIX_PATH=/home/ndt/ros2car-ws/install/io_context:/home/ndt/ros2car-ws/install/asio_cmake_module:${AMENT_PREFIX_PATH} CMAKE_PREFIX_PATH=/home/ndt/ros2car-ws/install/io_context:/home/ndt/ros2car-ws/install/asio_cmake_module:/home/ndt/ydlidar_ros2_ws/install/ydlidar_ros2_driver:/opt/ros/humble LD_LIBRARY_PATH=/home/ndt/ros2car-ws/install/io_context/lib:${LD_LIBRARY_PATH} /usr/bin/cmake --install /home/ndt/ros2car-ws/build/udp_driver
[0.952s] -- Install configuration: ""
[0.953s] -- Up-to-date: /home/ndt/ros2car-ws/install/udp_driver/lib/udp_driver/udp_receiver_node_exe
[0.954s] -- Up-to-date: /home/ndt/ros2car-ws/install/udp_driver/lib/udp_driver/udp_sender_node_exe
[0.955s] -- Up-to-date: /home/ndt/ros2car-ws/install/udp_driver/include
[0.956s] -- Up-to-date: /home/ndt/ros2car-ws/install/udp_driver/include/udp_driver
[0.956s] -- Up-to-date: /home/ndt/ros2car-ws/install/udp_driver/include/udp_driver/udp_receiver_node.hpp
[0.956s] -- Up-to-date: /home/ndt/ros2car-ws/install/udp_driver/include/udp_driver/udp_driver.hpp
[0.956s] -- Up-to-date: /home/ndt/ros2car-ws/install/udp_driver/include/udp_driver/udp_socket.hpp
[0.956s] -- Up-to-date: /home/ndt/ros2car-ws/install/udp_driver/include/udp_driver/visibility_control.hpp
[0.957s] -- Up-to-date: /home/ndt/ros2car-ws/install/udp_driver/include/udp_driver/udp_sender_node.hpp
[0.957s] -- Up-to-date: /home/ndt/ros2car-ws/install/udp_driver/share/udp_driver/environment/library_path.sh
[0.957s] -- Up-to-date: /home/ndt/ros2car-ws/install/udp_driver/share/udp_driver/environment/library_path.dsv
[0.957s] -- Up-to-date: /home/ndt/ros2car-ws/install/udp_driver/lib/libudp_driver.so
[0.959s] -- Up-to-date: /home/ndt/ros2car-ws/install/udp_driver/lib/libudp_driver_nodes.so
[0.960s] -- Up-to-date: /home/ndt/ros2car-ws/install/udp_driver/lib/udp_driver/udp_bridge_node_exe
[0.960s] -- Up-to-date: /home/ndt/ros2car-ws/install/udp_driver/share/ament_index/resource_index/package_run_dependencies/udp_driver
[0.960s] -- Up-to-date: /home/ndt/ros2car-ws/install/udp_driver/share/ament_index/resource_index/parent_prefix_path/udp_driver
[0.961s] -- Up-to-date: /home/ndt/ros2car-ws/install/udp_driver/share/udp_driver/environment/ament_prefix_path.sh
[0.967s] -- Up-to-date: /home/ndt/ros2car-ws/install/udp_driver/share/udp_driver/environment/ament_prefix_path.dsv
[0.967s] -- Up-to-date: /home/ndt/ros2car-ws/install/udp_driver/share/udp_driver/environment/path.sh
[0.967s] -- Up-to-date: /home/ndt/ros2car-ws/install/udp_driver/share/udp_driver/environment/path.dsv
[0.968s] -- Up-to-date: /home/ndt/ros2car-ws/install/udp_driver/share/udp_driver/local_setup.bash
[0.968s] -- Up-to-date: /home/ndt/ros2car-ws/install/udp_driver/share/udp_driver/local_setup.sh
[0.968s] -- Up-to-date: /home/ndt/ros2car-ws/install/udp_driver/share/udp_driver/local_setup.zsh
[0.968s] -- Up-to-date: /home/ndt/ros2car-ws/install/udp_driver/share/udp_driver/local_setup.dsv
[0.968s] -- Installing: /home/ndt/ros2car-ws/install/udp_driver/share/udp_driver/package.dsv
[0.969s] -- Up-to-date: /home/ndt/ros2car-ws/install/udp_driver/share/ament_index/resource_index/packages/udp_driver
[0.969s] -- Up-to-date: /home/ndt/ros2car-ws/install/udp_driver/share/ament_index/resource_index/rclcpp_components/udp_driver
[0.969s] -- Up-to-date: /home/ndt/ros2car-ws/install/udp_driver/share/udp_driver/cmake/ament_cmake_export_dependencies-extras.cmake
[0.970s] -- Up-to-date: /home/ndt/ros2car-ws/install/udp_driver/share/udp_driver/cmake/ament_cmake_export_include_directories-extras.cmake
[0.971s] -- Up-to-date: /home/ndt/ros2car-ws/install/udp_driver/share/udp_driver/cmake/ament_cmake_export_libraries-extras.cmake
[0.971s] -- Up-to-date: /home/ndt/ros2car-ws/install/udp_driver/share/udp_driver/cmake/udp_driverConfig.cmake
[0.971s] -- Up-to-date: /home/ndt/ros2car-ws/install/udp_driver/share/udp_driver/cmake/udp_driverConfig-version.cmake
[0.971s] -- Up-to-date: /home/ndt/ros2car-ws/install/udp_driver/share/udp_driver/package.xml
[1.004s] Invoked command in '/home/ndt/ros2car-ws/build/udp_driver' returned '0': AMENT_PREFIX_PATH=/home/ndt/ros2car-ws/install/io_context:/home/ndt/ros2car-ws/install/asio_cmake_module:${AMENT_PREFIX_PATH} CMAKE_PREFIX_PATH=/home/ndt/ros2car-ws/install/io_context:/home/ndt/ros2car-ws/install/asio_cmake_module:/home/ndt/ydlidar_ros2_ws/install/ydlidar_ros2_driver:/opt/ros/humble LD_LIBRARY_PATH=/home/ndt/ros2car-ws/install/io_context/lib:${LD_LIBRARY_PATH} /usr/bin/cmake --install /home/ndt/ros2car-ws/build/udp_driver
