[0.060s] Invoking command in '/home/ndt/ros2car-ws/build/vesc_driver': AMENT_PREFIX_PATH=/home/ndt/ros2car-ws/install/serial_driver:/home/ndt/ros2car-ws/install/io_context:/home/ndt/ros2car-ws/install/vesc_msgs:${AMENT_PREFIX_PATH} CMAKE_PREFIX_PATH=/home/ndt/ros2car-ws/install/serial_driver:/home/ndt/ros2car-ws/install/io_context:/home/ndt/ros2car-ws/install/vesc_msgs:/home/ndt/ydlidar_ros2_ws/install/ydlidar_ros2_driver:/opt/ros/humble LD_LIBRARY_PATH=/home/ndt/ros2car-ws/install/serial_driver/lib:/home/ndt/ros2car-ws/install/io_context/lib:/home/ndt/ros2car-ws/install/vesc_msgs/lib:${LD_LIBRARY_PATH} PYTHONPATH=/home/ndt/ros2car-ws/install/vesc_msgs/local/lib/python3.10/dist-packages:${PYTHONPATH} /usr/bin/cmake /home/ndt/ros2car-ws/src/vesc/vesc_driver -DCMAKE_INSTALL_PREFIX=/home/ndt/ros2car-ws/install/vesc_driver
[0.186s] -- The C compiler identification is GNU 11.3.0
[0.298s] -- The CXX compiler identification is GNU 11.3.0
[0.312s] -- Detecting C compiler ABI info
[0.480s] -- Detecting C compiler ABI info - done
[0.489s] -- Check for working C compiler: /usr/bin/cc - skipped
[0.490s] -- Detecting C compile features
[0.491s] -- Detecting C compile features - done
[0.497s] -- Detecting CXX compiler ABI info
[0.681s] -- Detecting CXX compiler ABI info - done
[0.690s] -- Check for working CXX compiler: /usr/bin/c++ - skipped
[0.691s] -- Detecting CXX compile features
[0.692s] -- Detecting CXX compile features - done
[0.699s] -- Found ament_cmake_auto: 1.3.4 (/opt/ros/humble/share/ament_cmake_auto/cmake)
[0.960s] -- Found Python3: /usr/bin/python3.10 (found version "3.10.6") found components: Interpreter 
[1.274s] -- Found rosidl_generator_c: 3.1.4 (/opt/ros/humble/share/rosidl_generator_c/cmake)
[1.284s] -- Found rosidl_adapter: 3.1.4 (/opt/ros/humble/share/rosidl_adapter/cmake)
[1.299s] -- Found rosidl_generator_cpp: 3.1.4 (/opt/ros/humble/share/rosidl_generator_cpp/cmake)
[1.322s] -- Using all available rosidl_typesupport_c: rosidl_typesupport_fastrtps_c;rosidl_typesupport_introspection_c
[1.360s] -- Using all available rosidl_typesupport_cpp: rosidl_typesupport_fastrtps_cpp;rosidl_typesupport_introspection_cpp
[1.476s] -- Found rmw_implementation_cmake: 6.1.1 (/opt/ros/humble/share/rmw_implementation_cmake/cmake)
[1.482s] -- Found rmw_fastrtps_cpp: 6.2.2 (/opt/ros/humble/share/rmw_fastrtps_cpp/cmake)
[1.675s] -- Found OpenSSL: /usr/lib/x86_64-linux-gnu/libcrypto.so (found version "3.0.2")  
[1.713s] -- Found FastRTPS: /opt/ros/humble/include  
[1.790s] -- Using RMW implementation 'rmw_fastrtps_cpp' as default
[1.809s] -- Looking for pthread.h
[1.989s] -- Looking for pthread.h - found
[1.991s] -- Performing Test CMAKE_HAVE_LIBC_PTHREAD
[2.174s] -- Performing Test CMAKE_HAVE_LIBC_PTHREAD - Success
[2.177s] -- Found Threads: TRUE  
[3.205s] -- Found ament_lint_auto: 0.12.6 (/opt/ros/humble/share/ament_lint_auto/cmake)
[3.268s] -- Added test 'copyright' to check source files copyright and LICENSE
[3.294s] -- Added test 'cppcheck' to perform static code analysis on C / C++ code
[3.295s] -- Configured cppcheck include dirs: /home/ndt/ros2car-ws/src/vesc/vesc_driver/include
[3.295s] -- Configured cppcheck exclude dirs and/or files: 
[3.314s] -- Added test 'cpplint' to check C / C++ code against the Google style
[3.314s] -- Configured cpplint exclude dirs and/or files: 
[3.316s] -- Added test 'flake8' to check Python code syntax and style conventions
[3.320s] -- Added test 'lint_cmake' to check CMake code style
[3.322s] -- Added test 'pep257' to check Python code against some of the docstring style conventions in PEP 257
[3.326s] -- Added test 'uncrustify' to check C / C++ code style
[3.327s] -- Configured uncrustify additional arguments: 
[3.329s] -- Added test 'xmllint' to check XML markup files
[3.349s] -- Configuring done
[3.496s] -- Generating done
[3.499s] -- Build files have been written to: /home/ndt/ros2car-ws/build/vesc_driver
[3.516s] Invoked command in '/home/ndt/ros2car-ws/build/vesc_driver' returned '0': AMENT_PREFIX_PATH=/home/ndt/ros2car-ws/install/serial_driver:/home/ndt/ros2car-ws/install/io_context:/home/ndt/ros2car-ws/install/vesc_msgs:${AMENT_PREFIX_PATH} CMAKE_PREFIX_PATH=/home/ndt/ros2car-ws/install/serial_driver:/home/ndt/ros2car-ws/install/io_context:/home/ndt/ros2car-ws/install/vesc_msgs:/home/ndt/ydlidar_ros2_ws/install/ydlidar_ros2_driver:/opt/ros/humble LD_LIBRARY_PATH=/home/ndt/ros2car-ws/install/serial_driver/lib:/home/ndt/ros2car-ws/install/io_context/lib:/home/ndt/ros2car-ws/install/vesc_msgs/lib:${LD_LIBRARY_PATH} PYTHONPATH=/home/ndt/ros2car-ws/install/vesc_msgs/local/lib/python3.10/dist-packages:${PYTHONPATH} /usr/bin/cmake /home/ndt/ros2car-ws/src/vesc/vesc_driver -DCMAKE_INSTALL_PREFIX=/home/ndt/ros2car-ws/install/vesc_driver
[3.516s] Invoking command in '/home/ndt/ros2car-ws/build/vesc_driver': AMENT_PREFIX_PATH=/home/ndt/ros2car-ws/install/serial_driver:/home/ndt/ros2car-ws/install/io_context:/home/ndt/ros2car-ws/install/vesc_msgs:${AMENT_PREFIX_PATH} CMAKE_PREFIX_PATH=/home/ndt/ros2car-ws/install/serial_driver:/home/ndt/ros2car-ws/install/io_context:/home/ndt/ros2car-ws/install/vesc_msgs:/home/ndt/ydlidar_ros2_ws/install/ydlidar_ros2_driver:/opt/ros/humble LD_LIBRARY_PATH=/home/ndt/ros2car-ws/install/serial_driver/lib:/home/ndt/ros2car-ws/install/io_context/lib:/home/ndt/ros2car-ws/install/vesc_msgs/lib:${LD_LIBRARY_PATH} PYTHONPATH=/home/ndt/ros2car-ws/install/vesc_msgs/local/lib/python3.10/dist-packages:${PYTHONPATH} /usr/bin/cmake --build /home/ndt/ros2car-ws/build/vesc_driver -- -j6 -l6
[3.624s] [ 10%] [32mBuilding CXX object CMakeFiles/vesc_driver.dir/src/vesc_driver.cpp.o[0m
[3.625s] [ 20%] [32mBuilding CXX object CMakeFiles/vesc_driver_node.dir/rclcpp_components/node_main_vesc_driver_node.cpp.o[0m
[3.630s] [ 30%] [32mBuilding CXX object CMakeFiles/vesc_driver.dir/src/vesc_packet.cpp.o[0m
[3.635s] [ 40%] [32mBuilding CXX object CMakeFiles/vesc_driver.dir/src/vesc_interface.cpp.o[0m
[3.646s] [ 50%] [32mBuilding CXX object CMakeFiles/vesc_driver.dir/src/vesc_packet_factory.cpp.o[0m
[8.195s] [ 60%] [32m[1mLinking CXX executable vesc_driver_node[0m
[8.401s] [ 60%] Built target vesc_driver_node
[16.235s] [ 70%] [32m[1mLinking CXX shared library libvesc_driver.so[0m
[17.073s] [ 70%] Built target vesc_driver
[17.112s] [ 80%] [32mBuilding CXX object CMakeFiles/vesc_device_namer.dir/src/vesc_device_namer.cpp.o[0m
[17.113s] [ 90%] [32mBuilding CXX object CMakeFiles/vesc_device_namer.dir/src/vesc_device_uuid_lookup.cpp.o[0m
[18.152s] [100%] [32m[1mLinking CXX executable vesc_device_namer[0m
[18.478s] [100%] Built target vesc_device_namer
[18.496s] Invoked command in '/home/ndt/ros2car-ws/build/vesc_driver' returned '0': AMENT_PREFIX_PATH=/home/ndt/ros2car-ws/install/serial_driver:/home/ndt/ros2car-ws/install/io_context:/home/ndt/ros2car-ws/install/vesc_msgs:${AMENT_PREFIX_PATH} CMAKE_PREFIX_PATH=/home/ndt/ros2car-ws/install/serial_driver:/home/ndt/ros2car-ws/install/io_context:/home/ndt/ros2car-ws/install/vesc_msgs:/home/ndt/ydlidar_ros2_ws/install/ydlidar_ros2_driver:/opt/ros/humble LD_LIBRARY_PATH=/home/ndt/ros2car-ws/install/serial_driver/lib:/home/ndt/ros2car-ws/install/io_context/lib:/home/ndt/ros2car-ws/install/vesc_msgs/lib:${LD_LIBRARY_PATH} PYTHONPATH=/home/ndt/ros2car-ws/install/vesc_msgs/local/lib/python3.10/dist-packages:${PYTHONPATH} /usr/bin/cmake --build /home/ndt/ros2car-ws/build/vesc_driver -- -j6 -l6
[18.593s] Invoking command in '/home/ndt/ros2car-ws/build/vesc_driver': AMENT_PREFIX_PATH=/home/ndt/ros2car-ws/install/serial_driver:/home/ndt/ros2car-ws/install/io_context:/home/ndt/ros2car-ws/install/vesc_msgs:${AMENT_PREFIX_PATH} CMAKE_PREFIX_PATH=/home/ndt/ros2car-ws/install/serial_driver:/home/ndt/ros2car-ws/install/io_context:/home/ndt/ros2car-ws/install/vesc_msgs:/home/ndt/ydlidar_ros2_ws/install/ydlidar_ros2_driver:/opt/ros/humble LD_LIBRARY_PATH=/home/ndt/ros2car-ws/install/serial_driver/lib:/home/ndt/ros2car-ws/install/io_context/lib:/home/ndt/ros2car-ws/install/vesc_msgs/lib:${LD_LIBRARY_PATH} PYTHONPATH=/home/ndt/ros2car-ws/install/vesc_msgs/local/lib/python3.10/dist-packages:${PYTHONPATH} /usr/bin/cmake --install /home/ndt/ros2car-ws/build/vesc_driver
[18.604s] -- Install configuration: ""
[18.604s] -- Installing: /home/ndt/ros2car-ws/install/vesc_driver/lib/vesc_driver/vesc_driver_node
[18.606s] -- Set runtime path of "/home/ndt/ros2car-ws/install/vesc_driver/lib/vesc_driver/vesc_driver_node" to ""
[18.606s] -- Installing: /home/ndt/ros2car-ws/install/vesc_driver/include
[18.606s] -- Installing: /home/ndt/ros2car-ws/install/vesc_driver/include/vesc_driver
[18.607s] -- Installing: /home/ndt/ros2car-ws/install/vesc_driver/include/vesc_driver/vesc_packet.hpp
[18.607s] -- Installing: /home/ndt/ros2car-ws/install/vesc_driver/include/vesc_driver/crc.hpp
[18.607s] -- Installing: /home/ndt/ros2car-ws/install/vesc_driver/include/vesc_driver/vesc_packet_factory.hpp
[18.608s] -- Installing: /home/ndt/ros2car-ws/install/vesc_driver/include/vesc_driver/vesc_interface.hpp
[18.608s] -- Installing: /home/ndt/ros2car-ws/install/vesc_driver/include/vesc_driver/datatypes.hpp
[18.608s] -- Installing: /home/ndt/ros2car-ws/install/vesc_driver/include/vesc_driver/vesc_driver.hpp
[18.608s] -- Installing: /home/ndt/ros2car-ws/install/vesc_driver/include/vesc_driver/vesc_device_uuid_lookup.hpp
[18.609s] -- Installing: /home/ndt/ros2car-ws/install/vesc_driver/share/vesc_driver/environment/library_path.sh
[18.609s] -- Installing: /home/ndt/ros2car-ws/install/vesc_driver/share/vesc_driver/environment/library_path.dsv
[18.610s] -- Installing: /home/ndt/ros2car-ws/install/vesc_driver/lib/libvesc_driver.so
[18.628s] -- Set runtime path of "/home/ndt/ros2car-ws/install/vesc_driver/lib/libvesc_driver.so" to ""
[18.628s] -- Installing: /home/ndt/ros2car-ws/install/vesc_driver/lib/vesc_driver/vesc_device_namer
[18.629s] -- Set runtime path of "/home/ndt/ros2car-ws/install/vesc_driver/lib/vesc_driver/vesc_device_namer" to ""
[18.629s] -- Installing: /home/ndt/ros2car-ws/install/vesc_driver/share/vesc_driver/launch
[18.629s] -- Installing: /home/ndt/ros2car-ws/install/vesc_driver/share/vesc_driver/launch/vesc_driver_node.launch.py
[18.629s] -- Installing: /home/ndt/ros2car-ws/install/vesc_driver/share/vesc_driver/params
[18.630s] -- Installing: /home/ndt/ros2car-ws/install/vesc_driver/share/vesc_driver/params/vesc_config.yaml
[18.630s] -- Installing: /home/ndt/ros2car-ws/install/vesc_driver/share/ament_index/resource_index/package_run_dependencies/vesc_driver
[18.630s] -- Installing: /home/ndt/ros2car-ws/install/vesc_driver/share/ament_index/resource_index/parent_prefix_path/vesc_driver
[18.630s] -- Installing: /home/ndt/ros2car-ws/install/vesc_driver/share/vesc_driver/environment/ament_prefix_path.sh
[18.631s] -- Installing: /home/ndt/ros2car-ws/install/vesc_driver/share/vesc_driver/environment/ament_prefix_path.dsv
[18.631s] -- Installing: /home/ndt/ros2car-ws/install/vesc_driver/share/vesc_driver/environment/path.sh
[18.631s] -- Installing: /home/ndt/ros2car-ws/install/vesc_driver/share/vesc_driver/environment/path.dsv
[18.631s] -- Installing: /home/ndt/ros2car-ws/install/vesc_driver/share/vesc_driver/local_setup.bash
[18.632s] -- Installing: /home/ndt/ros2car-ws/install/vesc_driver/share/vesc_driver/local_setup.sh
[18.632s] -- Installing: /home/ndt/ros2car-ws/install/vesc_driver/share/vesc_driver/local_setup.zsh
[18.632s] -- Installing: /home/ndt/ros2car-ws/install/vesc_driver/share/vesc_driver/local_setup.dsv
[18.632s] -- Installing: /home/ndt/ros2car-ws/install/vesc_driver/share/vesc_driver/package.dsv
[18.633s] -- Installing: /home/ndt/ros2car-ws/install/vesc_driver/share/ament_index/resource_index/packages/vesc_driver
[18.633s] -- Installing: /home/ndt/ros2car-ws/install/vesc_driver/share/ament_index/resource_index/rclcpp_components/vesc_driver
[18.633s] -- Installing: /home/ndt/ros2car-ws/install/vesc_driver/share/vesc_driver/cmake/ament_cmake_export_dependencies-extras.cmake
[18.633s] -- Installing: /home/ndt/ros2car-ws/install/vesc_driver/share/vesc_driver/cmake/ament_cmake_export_include_directories-extras.cmake
[18.634s] -- Installing: /home/ndt/ros2car-ws/install/vesc_driver/share/vesc_driver/cmake/ament_cmake_export_libraries-extras.cmake
[18.634s] -- Installing: /home/ndt/ros2car-ws/install/vesc_driver/share/vesc_driver/cmake/vesc_driverConfig.cmake
[18.634s] -- Installing: /home/ndt/ros2car-ws/install/vesc_driver/share/vesc_driver/cmake/vesc_driverConfig-version.cmake
[18.635s] -- Installing: /home/ndt/ros2car-ws/install/vesc_driver/share/vesc_driver/package.xml
[18.639s] Invoked command in '/home/ndt/ros2car-ws/build/vesc_driver' returned '0': AMENT_PREFIX_PATH=/home/ndt/ros2car-ws/install/serial_driver:/home/ndt/ros2car-ws/install/io_context:/home/ndt/ros2car-ws/install/vesc_msgs:${AMENT_PREFIX_PATH} CMAKE_PREFIX_PATH=/home/ndt/ros2car-ws/install/serial_driver:/home/ndt/ros2car-ws/install/io_context:/home/ndt/ros2car-ws/install/vesc_msgs:/home/ndt/ydlidar_ros2_ws/install/ydlidar_ros2_driver:/opt/ros/humble LD_LIBRARY_PATH=/home/ndt/ros2car-ws/install/serial_driver/lib:/home/ndt/ros2car-ws/install/io_context/lib:/home/ndt/ros2car-ws/install/vesc_msgs/lib:${LD_LIBRARY_PATH} PYTHONPATH=/home/ndt/ros2car-ws/install/vesc_msgs/local/lib/python3.10/dist-packages:${PYTHONPATH} /usr/bin/cmake --install /home/ndt/ros2car-ws/build/vesc_driver
