[0.464s] DEBUG:colcon:Command line arguments: ['/usr/bin/colcon', 'list', '-p', '--base-paths', '/home/ndt/ros2car-ws']
[0.464s] DEBUG:colcon:Parsed command line arguments: Namespace(log_base=None, log_level=None, verb_name='list', build_base='build', ignore_user_meta=False, metas=['./colcon.meta'], base_paths=['/home/ndt/ros2car-ws'], packages_ignore=None, packages_ignore_regex=None, paths=None, packages_up_to=None, packages_up_to_regex=None, packages_above=None, packages_above_and_dependencies=None, packages_above_depth=None, packages_select_by_dep=None, packages_skip_by_dep=None, packages_skip_up_to=None, packages_select_build_failed=False, packages_skip_build_finished=False, packages_select_test_failures=False, packages_skip_test_passed=False, packages_select=None, packages_skip=None, packages_select_regex=None, packages_skip_regex=None, packages_start=None, packages_end=None, allow_overriding=[], topological_order=False, names_only=False, paths_only=True, topological_graph=False, topological_graph_dot=False, topological_graph_density=False, topological_graph_legend=False, topological_graph_dot_cluster=False, topological_graph_dot_include_skipped=False, verb_parser=<colcon_defaults.argument_parser.defaults.DefaultArgumentsDecorator object at 0x7f5051edf160>, verb_extension=<colcon_package_information.verb.list.ListVerb object at 0x7f5051e863e0>, main=<bound method ListVerb.main of <colcon_package_information.verb.list.ListVerb object at 0x7f5051e863e0>>)
[0.505s] Level 1:colcon.colcon_core.package_discovery:discover_packages(colcon_meta) check parameters
[0.506s] Level 1:colcon.colcon_core.package_discovery:discover_packages(recursive) check parameters
[0.506s] Level 1:colcon.colcon_core.package_discovery:discover_packages(ignore) check parameters
[0.506s] Level 1:colcon.colcon_core.package_discovery:discover_packages(path) check parameters
[0.506s] Level 1:colcon.colcon_core.package_discovery:discover_packages(recursive) discover
[0.506s] INFO:colcon.colcon_core.package_discovery:Crawling recursively for packages in '/home/ndt/ros2car-ws'
[0.507s] Level 1:colcon.colcon_core.package_identification:_identify(/home/ndt/ros2car-ws) by extensions ['ignore', 'ignore_ament_install']
[0.507s] Level 1:colcon.colcon_core.package_identification:_identify(/home/ndt/ros2car-ws) by extension 'ignore'
[0.507s] Level 1:colcon.colcon_core.package_identification:_identify(/home/ndt/ros2car-ws) by extension 'ignore_ament_install'
[0.507s] Level 1:colcon.colcon_core.package_identification:_identify(/home/ndt/ros2car-ws) by extensions ['colcon_pkg']
[0.507s] Level 1:colcon.colcon_core.package_identification:_identify(/home/ndt/ros2car-ws) by extension 'colcon_pkg'
[0.508s] Level 1:colcon.colcon_core.package_identification:_identify(/home/ndt/ros2car-ws) by extensions ['colcon_meta']
[0.508s] Level 1:colcon.colcon_core.package_identification:_identify(/home/ndt/ros2car-ws) by extension 'colcon_meta'
[0.508s] Level 1:colcon.colcon_core.package_identification:_identify(/home/ndt/ros2car-ws) by extensions ['ros']
[0.508s] Level 1:colcon.colcon_core.package_identification:_identify(/home/ndt/ros2car-ws) by extension 'ros'
[0.522s] Level 1:colcon.colcon_core.package_identification:_identify(/home/ndt/ros2car-ws) by extensions ['cmake', 'python']
[0.523s] Level 1:colcon.colcon_core.package_identification:_identify(/home/ndt/ros2car-ws) by extension 'cmake'
[0.523s] Level 1:colcon.colcon_core.package_identification:_identify(/home/ndt/ros2car-ws) by extension 'python'
[0.523s] Level 1:colcon.colcon_core.package_identification:_identify(/home/ndt/ros2car-ws) by extensions ['python_setup_py']
[0.523s] Level 1:colcon.colcon_core.package_identification:_identify(/home/ndt/ros2car-ws) by extension 'python_setup_py'
[0.524s] Level 1:colcon.colcon_core.package_identification:_identify(/home/ndt/ros2car-ws/build) by extensions ['ignore', 'ignore_ament_install']
[0.524s] Level 1:colcon.colcon_core.package_identification:_identify(/home/ndt/ros2car-ws/build) by extension 'ignore'
[0.524s] Level 1:colcon.colcon_core.package_identification:_identify(/home/ndt/ros2car-ws/build) ignored
[0.524s] Level 1:colcon.colcon_core.package_identification:_identify(/home/ndt/ros2car-ws/install) by extensions ['ignore', 'ignore_ament_install']
[0.525s] Level 1:colcon.colcon_core.package_identification:_identify(/home/ndt/ros2car-ws/install) by extension 'ignore'
[0.525s] Level 1:colcon.colcon_core.package_identification:_identify(/home/ndt/ros2car-ws/install) ignored
[0.525s] Level 1:colcon.colcon_core.package_identification:_identify(/home/ndt/ros2car-ws/log) by extensions ['ignore', 'ignore_ament_install']
[0.525s] Level 1:colcon.colcon_core.package_identification:_identify(/home/ndt/ros2car-ws/log) by extension 'ignore'
[0.525s] Level 1:colcon.colcon_core.package_identification:_identify(/home/ndt/ros2car-ws/log) ignored
[0.526s] Level 1:colcon.colcon_core.package_identification:_identify(/home/ndt/ros2car-ws/src) by extensions ['ignore', 'ignore_ament_install']
[0.526s] Level 1:colcon.colcon_core.package_identification:_identify(/home/ndt/ros2car-ws/src) by extension 'ignore'
[0.526s] Level 1:colcon.colcon_core.package_identification:_identify(/home/ndt/ros2car-ws/src) by extension 'ignore_ament_install'
[0.526s] Level 1:colcon.colcon_core.package_identification:_identify(/home/ndt/ros2car-ws/src) by extensions ['colcon_pkg']
[0.527s] Level 1:colcon.colcon_core.package_identification:_identify(/home/ndt/ros2car-ws/src) by extension 'colcon_pkg'
[0.527s] Level 1:colcon.colcon_core.package_identification:_identify(/home/ndt/ros2car-ws/src) by extensions ['colcon_meta']
[0.527s] Level 1:colcon.colcon_core.package_identification:_identify(/home/ndt/ros2car-ws/src) by extension 'colcon_meta'
[0.527s] Level 1:colcon.colcon_core.package_identification:_identify(/home/ndt/ros2car-ws/src) by extensions ['ros']
[0.527s] Level 1:colcon.colcon_core.package_identification:_identify(/home/ndt/ros2car-ws/src) by extension 'ros'
[0.528s] Level 1:colcon.colcon_core.package_identification:_identify(/home/ndt/ros2car-ws/src) by extensions ['cmake', 'python']
[0.528s] Level 1:colcon.colcon_core.package_identification:_identify(/home/ndt/ros2car-ws/src) by extension 'cmake'
[0.528s] Level 1:colcon.colcon_core.package_identification:_identify(/home/ndt/ros2car-ws/src) by extension 'python'
[0.528s] Level 1:colcon.colcon_core.package_identification:_identify(/home/ndt/ros2car-ws/src) by extensions ['python_setup_py']
[0.528s] Level 1:colcon.colcon_core.package_identification:_identify(/home/ndt/ros2car-ws/src) by extension 'python_setup_py'
[0.529s] Level 1:colcon.colcon_core.package_identification:_identify(/home/ndt/ros2car-ws/src/transport_drivers) by extensions ['ignore', 'ignore_ament_install']
[0.529s] Level 1:colcon.colcon_core.package_identification:_identify(/home/ndt/ros2car-ws/src/transport_drivers) by extension 'ignore'
[0.529s] Level 1:colcon.colcon_core.package_identification:_identify(/home/ndt/ros2car-ws/src/transport_drivers) by extension 'ignore_ament_install'
[0.529s] Level 1:colcon.colcon_core.package_identification:_identify(/home/ndt/ros2car-ws/src/transport_drivers) by extensions ['colcon_pkg']
[0.530s] Level 1:colcon.colcon_core.package_identification:_identify(/home/ndt/ros2car-ws/src/transport_drivers) by extension 'colcon_pkg'
[0.530s] Level 1:colcon.colcon_core.package_identification:_identify(/home/ndt/ros2car-ws/src/transport_drivers) by extensions ['colcon_meta']
[0.530s] Level 1:colcon.colcon_core.package_identification:_identify(/home/ndt/ros2car-ws/src/transport_drivers) by extension 'colcon_meta'
[0.530s] Level 1:colcon.colcon_core.package_identification:_identify(/home/ndt/ros2car-ws/src/transport_drivers) by extensions ['ros']
[0.530s] Level 1:colcon.colcon_core.package_identification:_identify(/home/ndt/ros2car-ws/src/transport_drivers) by extension 'ros'
[0.531s] Level 1:colcon.colcon_core.package_identification:_identify(/home/ndt/ros2car-ws/src/transport_drivers) by extensions ['cmake', 'python']
[0.531s] Level 1:colcon.colcon_core.package_identification:_identify(/home/ndt/ros2car-ws/src/transport_drivers) by extension 'cmake'
[0.531s] Level 1:colcon.colcon_core.package_identification:_identify(/home/ndt/ros2car-ws/src/transport_drivers) by extension 'python'
[0.532s] Level 1:colcon.colcon_core.package_identification:_identify(/home/ndt/ros2car-ws/src/transport_drivers) by extensions ['python_setup_py']
[0.532s] Level 1:colcon.colcon_core.package_identification:_identify(/home/ndt/ros2car-ws/src/transport_drivers) by extension 'python_setup_py'
[0.532s] Level 1:colcon.colcon_core.package_identification:_identify(/home/ndt/ros2car-ws/src/transport_drivers/asio_cmake_module) by extensions ['ignore', 'ignore_ament_install']
[0.532s] Level 1:colcon.colcon_core.package_identification:_identify(/home/ndt/ros2car-ws/src/transport_drivers/asio_cmake_module) by extension 'ignore'
[0.532s] Level 1:colcon.colcon_core.package_identification:_identify(/home/ndt/ros2car-ws/src/transport_drivers/asio_cmake_module) by extension 'ignore_ament_install'
[0.533s] Level 1:colcon.colcon_core.package_identification:_identify(/home/ndt/ros2car-ws/src/transport_drivers/asio_cmake_module) by extensions ['colcon_pkg']
[0.533s] Level 1:colcon.colcon_core.package_identification:_identify(/home/ndt/ros2car-ws/src/transport_drivers/asio_cmake_module) by extension 'colcon_pkg'
[0.533s] Level 1:colcon.colcon_core.package_identification:_identify(/home/ndt/ros2car-ws/src/transport_drivers/asio_cmake_module) by extensions ['colcon_meta']
[0.533s] Level 1:colcon.colcon_core.package_identification:_identify(/home/ndt/ros2car-ws/src/transport_drivers/asio_cmake_module) by extension 'colcon_meta'
[0.534s] Level 1:colcon.colcon_core.package_identification:_identify(/home/ndt/ros2car-ws/src/transport_drivers/asio_cmake_module) by extensions ['ros']
[0.534s] Level 1:colcon.colcon_core.package_identification:_identify(/home/ndt/ros2car-ws/src/transport_drivers/asio_cmake_module) by extension 'ros'
[0.537s] DEBUG:colcon.colcon_core.package_identification:Package '/home/ndt/ros2car-ws/src/transport_drivers/asio_cmake_module' with type 'ros.ament_cmake' and name 'asio_cmake_module'
[0.537s] Level 1:colcon.colcon_core.package_identification:_identify(/home/ndt/ros2car-ws/src/transport_drivers/io_context) by extensions ['ignore', 'ignore_ament_install']
[0.537s] Level 1:colcon.colcon_core.package_identification:_identify(/home/ndt/ros2car-ws/src/transport_drivers/io_context) by extension 'ignore'
[0.538s] Level 1:colcon.colcon_core.package_identification:_identify(/home/ndt/ros2car-ws/src/transport_drivers/io_context) by extension 'ignore_ament_install'
[0.538s] Level 1:colcon.colcon_core.package_identification:_identify(/home/ndt/ros2car-ws/src/transport_drivers/io_context) by extensions ['colcon_pkg']
[0.538s] Level 1:colcon.colcon_core.package_identification:_identify(/home/ndt/ros2car-ws/src/transport_drivers/io_context) by extension 'colcon_pkg'
[0.538s] Level 1:colcon.colcon_core.package_identification:_identify(/home/ndt/ros2car-ws/src/transport_drivers/io_context) by extensions ['colcon_meta']
[0.539s] Level 1:colcon.colcon_core.package_identification:_identify(/home/ndt/ros2car-ws/src/transport_drivers/io_context) by extension 'colcon_meta'
[0.539s] Level 1:colcon.colcon_core.package_identification:_identify(/home/ndt/ros2car-ws/src/transport_drivers/io_context) by extensions ['ros']
[0.539s] Level 1:colcon.colcon_core.package_identification:_identify(/home/ndt/ros2car-ws/src/transport_drivers/io_context) by extension 'ros'
[0.540s] DEBUG:colcon.colcon_core.package_identification:Package '/home/ndt/ros2car-ws/src/transport_drivers/io_context' with type 'ros.ament_cmake' and name 'io_context'
[0.541s] Level 1:colcon.colcon_core.package_identification:_identify(/home/ndt/ros2car-ws/src/transport_drivers/serial_driver) by extensions ['ignore', 'ignore_ament_install']
[0.541s] Level 1:colcon.colcon_core.package_identification:_identify(/home/ndt/ros2car-ws/src/transport_drivers/serial_driver) by extension 'ignore'
[0.541s] Level 1:colcon.colcon_core.package_identification:_identify(/home/ndt/ros2car-ws/src/transport_drivers/serial_driver) by extension 'ignore_ament_install'
[0.542s] Level 1:colcon.colcon_core.package_identification:_identify(/home/ndt/ros2car-ws/src/transport_drivers/serial_driver) by extensions ['colcon_pkg']
[0.542s] Level 1:colcon.colcon_core.package_identification:_identify(/home/ndt/ros2car-ws/src/transport_drivers/serial_driver) by extension 'colcon_pkg'
[0.542s] Level 1:colcon.colcon_core.package_identification:_identify(/home/ndt/ros2car-ws/src/transport_drivers/serial_driver) by extensions ['colcon_meta']
[0.542s] Level 1:colcon.colcon_core.package_identification:_identify(/home/ndt/ros2car-ws/src/transport_drivers/serial_driver) by extension 'colcon_meta'
[0.542s] Level 1:colcon.colcon_core.package_identification:_identify(/home/ndt/ros2car-ws/src/transport_drivers/serial_driver) by extensions ['ros']
[0.543s] Level 1:colcon.colcon_core.package_identification:_identify(/home/ndt/ros2car-ws/src/transport_drivers/serial_driver) by extension 'ros'
[0.545s] DEBUG:colcon.colcon_core.package_identification:Package '/home/ndt/ros2car-ws/src/transport_drivers/serial_driver' with type 'ros.ament_cmake' and name 'serial_driver'
[0.545s] Level 1:colcon.colcon_core.package_identification:_identify(/home/ndt/ros2car-ws/src/transport_drivers/udp_driver) by extensions ['ignore', 'ignore_ament_install']
[0.546s] Level 1:colcon.colcon_core.package_identification:_identify(/home/ndt/ros2car-ws/src/transport_drivers/udp_driver) by extension 'ignore'
[0.546s] Level 1:colcon.colcon_core.package_identification:_identify(/home/ndt/ros2car-ws/src/transport_drivers/udp_driver) by extension 'ignore_ament_install'
[0.546s] Level 1:colcon.colcon_core.package_identification:_identify(/home/ndt/ros2car-ws/src/transport_drivers/udp_driver) by extensions ['colcon_pkg']
[0.546s] Level 1:colcon.colcon_core.package_identification:_identify(/home/ndt/ros2car-ws/src/transport_drivers/udp_driver) by extension 'colcon_pkg'
[0.547s] Level 1:colcon.colcon_core.package_identification:_identify(/home/ndt/ros2car-ws/src/transport_drivers/udp_driver) by extensions ['colcon_meta']
[0.547s] Level 1:colcon.colcon_core.package_identification:_identify(/home/ndt/ros2car-ws/src/transport_drivers/udp_driver) by extension 'colcon_meta'
[0.547s] Level 1:colcon.colcon_core.package_identification:_identify(/home/ndt/ros2car-ws/src/transport_drivers/udp_driver) by extensions ['ros']
[0.548s] Level 1:colcon.colcon_core.package_identification:_identify(/home/ndt/ros2car-ws/src/transport_drivers/udp_driver) by extension 'ros'
[0.549s] DEBUG:colcon.colcon_core.package_identification:Package '/home/ndt/ros2car-ws/src/transport_drivers/udp_driver' with type 'ros.ament_cmake' and name 'udp_driver'
[0.549s] Level 1:colcon.colcon_core.package_identification:_identify(/home/ndt/ros2car-ws/src/vesc) by extensions ['ignore', 'ignore_ament_install']
[0.550s] Level 1:colcon.colcon_core.package_identification:_identify(/home/ndt/ros2car-ws/src/vesc) by extension 'ignore'
[0.550s] Level 1:colcon.colcon_core.package_identification:_identify(/home/ndt/ros2car-ws/src/vesc) by extension 'ignore_ament_install'
[0.550s] Level 1:colcon.colcon_core.package_identification:_identify(/home/ndt/ros2car-ws/src/vesc) by extensions ['colcon_pkg']
[0.550s] Level 1:colcon.colcon_core.package_identification:_identify(/home/ndt/ros2car-ws/src/vesc) by extension 'colcon_pkg'
[0.550s] Level 1:colcon.colcon_core.package_identification:_identify(/home/ndt/ros2car-ws/src/vesc) by extensions ['colcon_meta']
[0.551s] Level 1:colcon.colcon_core.package_identification:_identify(/home/ndt/ros2car-ws/src/vesc) by extension 'colcon_meta'
[0.551s] Level 1:colcon.colcon_core.package_identification:_identify(/home/ndt/ros2car-ws/src/vesc) by extensions ['ros']
[0.551s] Level 1:colcon.colcon_core.package_identification:_identify(/home/ndt/ros2car-ws/src/vesc) by extension 'ros'
[0.551s] Level 1:colcon.colcon_core.package_identification:_identify(/home/ndt/ros2car-ws/src/vesc) by extensions ['cmake', 'python']
[0.552s] Level 1:colcon.colcon_core.package_identification:_identify(/home/ndt/ros2car-ws/src/vesc) by extension 'cmake'
[0.552s] Level 1:colcon.colcon_core.package_identification:_identify(/home/ndt/ros2car-ws/src/vesc) by extension 'python'
[0.552s] Level 1:colcon.colcon_core.package_identification:_identify(/home/ndt/ros2car-ws/src/vesc) by extensions ['python_setup_py']
[0.552s] Level 1:colcon.colcon_core.package_identification:_identify(/home/ndt/ros2car-ws/src/vesc) by extension 'python_setup_py'
[0.553s] Level 1:colcon.colcon_core.package_identification:_identify(/home/ndt/ros2car-ws/src/vesc/vesc) by extensions ['ignore', 'ignore_ament_install']
[0.553s] Level 1:colcon.colcon_core.package_identification:_identify(/home/ndt/ros2car-ws/src/vesc/vesc) by extension 'ignore'
[0.553s] Level 1:colcon.colcon_core.package_identification:_identify(/home/ndt/ros2car-ws/src/vesc/vesc) by extension 'ignore_ament_install'
[0.553s] Level 1:colcon.colcon_core.package_identification:_identify(/home/ndt/ros2car-ws/src/vesc/vesc) by extensions ['colcon_pkg']
[0.553s] Level 1:colcon.colcon_core.package_identification:_identify(/home/ndt/ros2car-ws/src/vesc/vesc) by extension 'colcon_pkg'
[0.554s] Level 1:colcon.colcon_core.package_identification:_identify(/home/ndt/ros2car-ws/src/vesc/vesc) by extensions ['colcon_meta']
[0.554s] Level 1:colcon.colcon_core.package_identification:_identify(/home/ndt/ros2car-ws/src/vesc/vesc) by extension 'colcon_meta'
[0.554s] Level 1:colcon.colcon_core.package_identification:_identify(/home/ndt/ros2car-ws/src/vesc/vesc) by extensions ['ros']
[0.554s] Level 1:colcon.colcon_core.package_identification:_identify(/home/ndt/ros2car-ws/src/vesc/vesc) by extension 'ros'
[0.555s] DEBUG:colcon.colcon_core.package_identification:Package '/home/ndt/ros2car-ws/src/vesc/vesc' with type 'ros.ament_cmake' and name 'vesc'
[0.555s] Level 1:colcon.colcon_core.package_identification:_identify(/home/ndt/ros2car-ws/src/vesc/vesc_ackermann) by extensions ['ignore', 'ignore_ament_install']
[0.556s] Level 1:colcon.colcon_core.package_identification:_identify(/home/ndt/ros2car-ws/src/vesc/vesc_ackermann) by extension 'ignore'
[0.556s] Level 1:colcon.colcon_core.package_identification:_identify(/home/ndt/ros2car-ws/src/vesc/vesc_ackermann) by extension 'ignore_ament_install'
[0.556s] Level 1:colcon.colcon_core.package_identification:_identify(/home/ndt/ros2car-ws/src/vesc/vesc_ackermann) by extensions ['colcon_pkg']
[0.556s] Level 1:colcon.colcon_core.package_identification:_identify(/home/ndt/ros2car-ws/src/vesc/vesc_ackermann) by extension 'colcon_pkg'
[0.556s] Level 1:colcon.colcon_core.package_identification:_identify(/home/ndt/ros2car-ws/src/vesc/vesc_ackermann) by extensions ['colcon_meta']
[0.557s] Level 1:colcon.colcon_core.package_identification:_identify(/home/ndt/ros2car-ws/src/vesc/vesc_ackermann) by extension 'colcon_meta'
[0.557s] Level 1:colcon.colcon_core.package_identification:_identify(/home/ndt/ros2car-ws/src/vesc/vesc_ackermann) by extensions ['ros']
[0.557s] Level 1:colcon.colcon_core.package_identification:_identify(/home/ndt/ros2car-ws/src/vesc/vesc_ackermann) by extension 'ros'
[0.558s] DEBUG:colcon.colcon_core.package_identification:Package '/home/ndt/ros2car-ws/src/vesc/vesc_ackermann' with type 'ros.ament_cmake' and name 'vesc_ackermann'
[0.559s] Level 1:colcon.colcon_core.package_identification:_identify(/home/ndt/ros2car-ws/src/vesc/vesc_driver) by extensions ['ignore', 'ignore_ament_install']
[0.559s] Level 1:colcon.colcon_core.package_identification:_identify(/home/ndt/ros2car-ws/src/vesc/vesc_driver) by extension 'ignore'
[0.559s] Level 1:colcon.colcon_core.package_identification:_identify(/home/ndt/ros2car-ws/src/vesc/vesc_driver) by extension 'ignore_ament_install'
[0.559s] Level 1:colcon.colcon_core.package_identification:_identify(/home/ndt/ros2car-ws/src/vesc/vesc_driver) by extensions ['colcon_pkg']
[0.560s] Level 1:colcon.colcon_core.package_identification:_identify(/home/ndt/ros2car-ws/src/vesc/vesc_driver) by extension 'colcon_pkg'
[0.560s] Level 1:colcon.colcon_core.package_identification:_identify(/home/ndt/ros2car-ws/src/vesc/vesc_driver) by extensions ['colcon_meta']
[0.560s] Level 1:colcon.colcon_core.package_identification:_identify(/home/ndt/ros2car-ws/src/vesc/vesc_driver) by extension 'colcon_meta'
[0.560s] Level 1:colcon.colcon_core.package_identification:_identify(/home/ndt/ros2car-ws/src/vesc/vesc_driver) by extensions ['ros']
[0.561s] Level 1:colcon.colcon_core.package_identification:_identify(/home/ndt/ros2car-ws/src/vesc/vesc_driver) by extension 'ros'
[0.562s] DEBUG:colcon.colcon_core.package_identification:Package '/home/ndt/ros2car-ws/src/vesc/vesc_driver' with type 'ros.ament_cmake' and name 'vesc_driver'
[0.562s] Level 1:colcon.colcon_core.package_identification:_identify(/home/ndt/ros2car-ws/src/vesc/vesc_msgs) by extensions ['ignore', 'ignore_ament_install']
[0.562s] Level 1:colcon.colcon_core.package_identification:_identify(/home/ndt/ros2car-ws/src/vesc/vesc_msgs) by extension 'ignore'
[0.563s] Level 1:colcon.colcon_core.package_identification:_identify(/home/ndt/ros2car-ws/src/vesc/vesc_msgs) by extension 'ignore_ament_install'
[0.563s] Level 1:colcon.colcon_core.package_identification:_identify(/home/ndt/ros2car-ws/src/vesc/vesc_msgs) by extensions ['colcon_pkg']
[0.563s] Level 1:colcon.colcon_core.package_identification:_identify(/home/ndt/ros2car-ws/src/vesc/vesc_msgs) by extension 'colcon_pkg'
[0.563s] Level 1:colcon.colcon_core.package_identification:_identify(/home/ndt/ros2car-ws/src/vesc/vesc_msgs) by extensions ['colcon_meta']
[0.564s] Level 1:colcon.colcon_core.package_identification:_identify(/home/ndt/ros2car-ws/src/vesc/vesc_msgs) by extension 'colcon_meta'
[0.564s] Level 1:colcon.colcon_core.package_identification:_identify(/home/ndt/ros2car-ws/src/vesc/vesc_msgs) by extensions ['ros']
[0.564s] Level 1:colcon.colcon_core.package_identification:_identify(/home/ndt/ros2car-ws/src/vesc/vesc_msgs) by extension 'ros'
[0.565s] DEBUG:colcon.colcon_core.package_identification:Package '/home/ndt/ros2car-ws/src/vesc/vesc_msgs' with type 'ros.ament_cmake' and name 'vesc_msgs'
[0.565s] Level 1:colcon.colcon_core.package_identification:_identify(/home/ndt/ros2car-ws/src/ydlidar_ros2_driver) by extensions ['ignore', 'ignore_ament_install']
[0.566s] Level 1:colcon.colcon_core.package_identification:_identify(/home/ndt/ros2car-ws/src/ydlidar_ros2_driver) by extension 'ignore'
[0.566s] Level 1:colcon.colcon_core.package_identification:_identify(/home/ndt/ros2car-ws/src/ydlidar_ros2_driver) by extension 'ignore_ament_install'
[0.566s] Level 1:colcon.colcon_core.package_identification:_identify(/home/ndt/ros2car-ws/src/ydlidar_ros2_driver) by extensions ['colcon_pkg']
[0.566s] Level 1:colcon.colcon_core.package_identification:_identify(/home/ndt/ros2car-ws/src/ydlidar_ros2_driver) by extension 'colcon_pkg'
[0.566s] Level 1:colcon.colcon_core.package_identification:_identify(/home/ndt/ros2car-ws/src/ydlidar_ros2_driver) by extensions ['colcon_meta']
[0.567s] Level 1:colcon.colcon_core.package_identification:_identify(/home/ndt/ros2car-ws/src/ydlidar_ros2_driver) by extension 'colcon_meta'
[0.567s] Level 1:colcon.colcon_core.package_identification:_identify(/home/ndt/ros2car-ws/src/ydlidar_ros2_driver) by extensions ['ros']
[0.567s] Level 1:colcon.colcon_core.package_identification:_identify(/home/ndt/ros2car-ws/src/ydlidar_ros2_driver) by extension 'ros'
[0.568s] DEBUG:colcon.colcon_core.package_identification:Package '/home/ndt/ros2car-ws/src/ydlidar_ros2_driver' with type 'ros.ament_cmake' and name 'ydlidar_ros2_driver'
[0.568s] Level 1:colcon.colcon_core.package_discovery:discover_packages(recursive) using defaults
