[  3%] Built target ds4_driver_msgs__cpp
[ 12%] Built target ds4_driver_msgs__rosidl_generator_c
[35m[1mConsolidate compiler generated dependencies of target ds4_driver_msgs__rosidl_typesupport_fastrtps_cpp[0m
[35m[1mConsolidate compiler generated dependencies of target ds4_driver_msgs__rosidl_typesupport_introspection_cpp[0m
[ 12%] Built target ament_cmake_python_symlink_ds4_driver_msgs
[ 23%] Built target ds4_driver_msgs__rosidl_typesupport_cpp
[ 34%] Built target ds4_driver_msgs__rosidl_typesupport_fastrtps_cpp
[35m[1mConsolidate compiler generated dependencies of target ds4_driver_msgs__rosidl_typesupport_fastrtps_c[0m
[ 45%] Built target ds4_driver_msgs__rosidl_typesupport_introspection_cpp
[ 56%] Built target ds4_driver_msgs__rosidl_typesupport_fastrtps_c
[ 67%] Built target ds4_driver_msgs__rosidl_typesupport_introspection_c
[ 78%] Built target ds4_driver_msgs__rosidl_typesupport_c
[ 78%] Built target ds4_driver_msgs
[ 80%] Built target ds4_driver_msgs__py
[35m[1mConsolidate compiler generated dependencies of target ds4_driver_msgs__rosidl_generator_py[0m
[ 89%] Built target ds4_driver_msgs__rosidl_generator_py
[35m[1mConsolidate compiler generated dependencies of target ds4_driver_msgs__rosidl_typesupport_introspection_c__pyext[0m
[35m[1mConsolidate compiler generated dependencies of target ds4_driver_msgs__rosidl_typesupport_fastrtps_c__pyext[0m
[35m[1mConsolidate compiler generated dependencies of target ds4_driver_msgs__rosidl_typesupport_c__pyext[0m
[ 92%] Built target ds4_driver_msgs__rosidl_typesupport_introspection_c__pyext
[ 96%] Built target ds4_driver_msgs__rosidl_typesupport_c__pyext
[100%] Built target ds4_driver_msgs__rosidl_typesupport_fastrtps_c__pyext
running egg_info
writing ds4_driver_msgs.egg-info/PKG-INFO
writing dependency_links to ds4_driver_msgs.egg-info/dependency_links.txt
writing top-level names to ds4_driver_msgs.egg-info/top_level.txt
reading manifest file 'ds4_driver_msgs.egg-info/SOURCES.txt'
writing manifest file 'ds4_driver_msgs.egg-info/SOURCES.txt'
[100%] Built target ament_cmake_python_build_ds4_driver_msgs_egg
-- Install configuration: ""
-- Execute custom install script
-- Symlinking: /home/ndt/ros2car-ws/install/ds4_driver_msgs/share/ament_index/resource_index/rosidl_interfaces/ds4_driver_msgs
-- Symlinking: /home/ndt/ros2car-ws/install/ds4_driver_msgs/include/ds4_driver_msgs/ds4_driver_msgs/msg/detail/feedback__functions.h
-- Symlinking: /home/ndt/ros2car-ws/install/ds4_driver_msgs/include/ds4_driver_msgs/ds4_driver_msgs/msg/detail/feedback__struct.h
-- Symlinking: /home/ndt/ros2car-ws/install/ds4_driver_msgs/include/ds4_driver_msgs/ds4_driver_msgs/msg/detail/feedback__type_support.h
-- Symlinking: /home/ndt/ros2car-ws/install/ds4_driver_msgs/include/ds4_driver_msgs/ds4_driver_msgs/msg/detail/report__functions.h
-- Symlinking: /home/ndt/ros2car-ws/install/ds4_driver_msgs/include/ds4_driver_msgs/ds4_driver_msgs/msg/detail/report__struct.h
-- Symlinking: /home/ndt/ros2car-ws/install/ds4_driver_msgs/include/ds4_driver_msgs/ds4_driver_msgs/msg/detail/report__type_support.h
-- Symlinking: /home/ndt/ros2car-ws/install/ds4_driver_msgs/include/ds4_driver_msgs/ds4_driver_msgs/msg/detail/status__functions.h
-- Symlinking: /home/ndt/ros2car-ws/install/ds4_driver_msgs/include/ds4_driver_msgs/ds4_driver_msgs/msg/detail/status__struct.h
-- Symlinking: /home/ndt/ros2car-ws/install/ds4_driver_msgs/include/ds4_driver_msgs/ds4_driver_msgs/msg/detail/status__type_support.h
-- Symlinking: /home/ndt/ros2car-ws/install/ds4_driver_msgs/include/ds4_driver_msgs/ds4_driver_msgs/msg/detail/trackpad__functions.h
-- Symlinking: /home/ndt/ros2car-ws/install/ds4_driver_msgs/include/ds4_driver_msgs/ds4_driver_msgs/msg/detail/trackpad__struct.h
-- Symlinking: /home/ndt/ros2car-ws/install/ds4_driver_msgs/include/ds4_driver_msgs/ds4_driver_msgs/msg/detail/trackpad__type_support.h
-- Symlinking: /home/ndt/ros2car-ws/install/ds4_driver_msgs/include/ds4_driver_msgs/ds4_driver_msgs/msg/feedback.h
-- Symlinking: /home/ndt/ros2car-ws/install/ds4_driver_msgs/include/ds4_driver_msgs/ds4_driver_msgs/msg/report.h
-- Symlinking: /home/ndt/ros2car-ws/install/ds4_driver_msgs/include/ds4_driver_msgs/ds4_driver_msgs/msg/rosidl_generator_c__visibility_control.h
-- Symlinking: /home/ndt/ros2car-ws/install/ds4_driver_msgs/include/ds4_driver_msgs/ds4_driver_msgs/msg/status.h
-- Symlinking: /home/ndt/ros2car-ws/install/ds4_driver_msgs/include/ds4_driver_msgs/ds4_driver_msgs/msg/trackpad.h
-- Symlinking: /home/ndt/ros2car-ws/install/ds4_driver_msgs/share/ds4_driver_msgs/environment/library_path.sh
-- Symlinking: /home/ndt/ros2car-ws/install/ds4_driver_msgs/share/ds4_driver_msgs/environment/library_path.dsv
-- Symlinking: /home/ndt/ros2car-ws/install/ds4_driver_msgs/include/ds4_driver_msgs/ds4_driver_msgs/msg/detail/feedback__rosidl_typesupport_fastrtps_c.h
-- Symlinking: /home/ndt/ros2car-ws/install/ds4_driver_msgs/include/ds4_driver_msgs/ds4_driver_msgs/msg/detail/report__rosidl_typesupport_fastrtps_c.h
-- Symlinking: /home/ndt/ros2car-ws/install/ds4_driver_msgs/include/ds4_driver_msgs/ds4_driver_msgs/msg/detail/status__rosidl_typesupport_fastrtps_c.h
-- Symlinking: /home/ndt/ros2car-ws/install/ds4_driver_msgs/include/ds4_driver_msgs/ds4_driver_msgs/msg/detail/trackpad__rosidl_typesupport_fastrtps_c.h
-- Symlinking: /home/ndt/ros2car-ws/install/ds4_driver_msgs/include/ds4_driver_msgs/ds4_driver_msgs/msg/rosidl_typesupport_fastrtps_c__visibility_control.h
-- Symlinking: /home/ndt/ros2car-ws/install/ds4_driver_msgs/include/ds4_driver_msgs/ds4_driver_msgs/msg/detail/feedback__builder.hpp
-- Symlinking: /home/ndt/ros2car-ws/install/ds4_driver_msgs/include/ds4_driver_msgs/ds4_driver_msgs/msg/detail/feedback__struct.hpp
-- Symlinking: /home/ndt/ros2car-ws/install/ds4_driver_msgs/include/ds4_driver_msgs/ds4_driver_msgs/msg/detail/feedback__traits.hpp
-- Symlinking: /home/ndt/ros2car-ws/install/ds4_driver_msgs/include/ds4_driver_msgs/ds4_driver_msgs/msg/detail/report__builder.hpp
-- Symlinking: /home/ndt/ros2car-ws/install/ds4_driver_msgs/include/ds4_driver_msgs/ds4_driver_msgs/msg/detail/report__struct.hpp
-- Symlinking: /home/ndt/ros2car-ws/install/ds4_driver_msgs/include/ds4_driver_msgs/ds4_driver_msgs/msg/detail/report__traits.hpp
-- Symlinking: /home/ndt/ros2car-ws/install/ds4_driver_msgs/include/ds4_driver_msgs/ds4_driver_msgs/msg/detail/status__builder.hpp
-- Symlinking: /home/ndt/ros2car-ws/install/ds4_driver_msgs/include/ds4_driver_msgs/ds4_driver_msgs/msg/detail/status__struct.hpp
-- Symlinking: /home/ndt/ros2car-ws/install/ds4_driver_msgs/include/ds4_driver_msgs/ds4_driver_msgs/msg/detail/status__traits.hpp
-- Symlinking: /home/ndt/ros2car-ws/install/ds4_driver_msgs/include/ds4_driver_msgs/ds4_driver_msgs/msg/detail/trackpad__builder.hpp
-- Symlinking: /home/ndt/ros2car-ws/install/ds4_driver_msgs/include/ds4_driver_msgs/ds4_driver_msgs/msg/detail/trackpad__struct.hpp
-- Symlinking: /home/ndt/ros2car-ws/install/ds4_driver_msgs/include/ds4_driver_msgs/ds4_driver_msgs/msg/detail/trackpad__traits.hpp
-- Symlinking: /home/ndt/ros2car-ws/install/ds4_driver_msgs/include/ds4_driver_msgs/ds4_driver_msgs/msg/feedback.hpp
-- Symlinking: /home/ndt/ros2car-ws/install/ds4_driver_msgs/include/ds4_driver_msgs/ds4_driver_msgs/msg/report.hpp
-- Symlinking: /home/ndt/ros2car-ws/install/ds4_driver_msgs/include/ds4_driver_msgs/ds4_driver_msgs/msg/status.hpp
-- Symlinking: /home/ndt/ros2car-ws/install/ds4_driver_msgs/include/ds4_driver_msgs/ds4_driver_msgs/msg/trackpad.hpp
-- Symlinking: /home/ndt/ros2car-ws/install/ds4_driver_msgs/include/ds4_driver_msgs/ds4_driver_msgs/msg/detail/feedback__rosidl_typesupport_fastrtps_cpp.hpp
-- Symlinking: /home/ndt/ros2car-ws/install/ds4_driver_msgs/include/ds4_driver_msgs/ds4_driver_msgs/msg/detail/report__rosidl_typesupport_fastrtps_cpp.hpp
-- Symlinking: /home/ndt/ros2car-ws/install/ds4_driver_msgs/include/ds4_driver_msgs/ds4_driver_msgs/msg/detail/status__rosidl_typesupport_fastrtps_cpp.hpp
-- Symlinking: /home/ndt/ros2car-ws/install/ds4_driver_msgs/include/ds4_driver_msgs/ds4_driver_msgs/msg/detail/trackpad__rosidl_typesupport_fastrtps_cpp.hpp
-- Symlinking: /home/ndt/ros2car-ws/install/ds4_driver_msgs/include/ds4_driver_msgs/ds4_driver_msgs/msg/rosidl_typesupport_fastrtps_cpp__visibility_control.h
-- Symlinking: /home/ndt/ros2car-ws/install/ds4_driver_msgs/include/ds4_driver_msgs/ds4_driver_msgs/msg/detail/feedback__rosidl_typesupport_introspection_c.h
-- Symlinking: /home/ndt/ros2car-ws/install/ds4_driver_msgs/include/ds4_driver_msgs/ds4_driver_msgs/msg/detail/report__rosidl_typesupport_introspection_c.h
-- Symlinking: /home/ndt/ros2car-ws/install/ds4_driver_msgs/include/ds4_driver_msgs/ds4_driver_msgs/msg/detail/status__rosidl_typesupport_introspection_c.h
-- Symlinking: /home/ndt/ros2car-ws/install/ds4_driver_msgs/include/ds4_driver_msgs/ds4_driver_msgs/msg/detail/trackpad__rosidl_typesupport_introspection_c.h
-- Symlinking: /home/ndt/ros2car-ws/install/ds4_driver_msgs/include/ds4_driver_msgs/ds4_driver_msgs/msg/rosidl_typesupport_introspection_c__visibility_control.h
-- Symlinking: /home/ndt/ros2car-ws/install/ds4_driver_msgs/include/ds4_driver_msgs/ds4_driver_msgs/msg/detail/feedback__rosidl_typesupport_introspection_cpp.hpp
-- Symlinking: /home/ndt/ros2car-ws/install/ds4_driver_msgs/include/ds4_driver_msgs/ds4_driver_msgs/msg/detail/report__rosidl_typesupport_introspection_cpp.hpp
-- Symlinking: /home/ndt/ros2car-ws/install/ds4_driver_msgs/include/ds4_driver_msgs/ds4_driver_msgs/msg/detail/status__rosidl_typesupport_introspection_cpp.hpp
-- Symlinking: /home/ndt/ros2car-ws/install/ds4_driver_msgs/include/ds4_driver_msgs/ds4_driver_msgs/msg/detail/trackpad__rosidl_typesupport_introspection_cpp.hpp
-- Symlinking: /home/ndt/ros2car-ws/install/ds4_driver_msgs/share/ds4_driver_msgs/environment/pythonpath.sh
-- Symlinking: /home/ndt/ros2car-ws/install/ds4_driver_msgs/share/ds4_driver_msgs/environment/pythonpath.dsv
-- Symlinking: /home/ndt/ros2car-ws/install/ds4_driver_msgs/local/lib/python3.10/dist-packages/ds4_driver_msgs-0.0.0-py3.10.egg-info/PKG-INFO
-- Symlinking: /home/ndt/ros2car-ws/install/ds4_driver_msgs/local/lib/python3.10/dist-packages/ds4_driver_msgs-0.0.0-py3.10.egg-info/SOURCES.txt
-- Symlinking: /home/ndt/ros2car-ws/install/ds4_driver_msgs/local/lib/python3.10/dist-packages/ds4_driver_msgs-0.0.0-py3.10.egg-info/dependency_links.txt
-- Symlinking: /home/ndt/ros2car-ws/install/ds4_driver_msgs/local/lib/python3.10/dist-packages/ds4_driver_msgs-0.0.0-py3.10.egg-info/top_level.txt
-- Symlinking: /home/ndt/ros2car-ws/install/ds4_driver_msgs/local/lib/python3.10/dist-packages/ds4_driver_msgs/__init__.py
-- Symlinking: /home/ndt/ros2car-ws/install/ds4_driver_msgs/local/lib/python3.10/dist-packages/ds4_driver_msgs/_ds4_driver_msgs_s.ep.rosidl_typesupport_c.c
-- Symlinking: /home/ndt/ros2car-ws/install/ds4_driver_msgs/local/lib/python3.10/dist-packages/ds4_driver_msgs/_ds4_driver_msgs_s.ep.rosidl_typesupport_fastrtps_c.c
-- Symlinking: /home/ndt/ros2car-ws/install/ds4_driver_msgs/local/lib/python3.10/dist-packages/ds4_driver_msgs/_ds4_driver_msgs_s.ep.rosidl_typesupport_introspection_c.c
-- Symlinking: /home/ndt/ros2car-ws/install/ds4_driver_msgs/local/lib/python3.10/dist-packages/ds4_driver_msgs/ds4_driver_msgs_s__rosidl_typesupport_c.cpython-310-x86_64-linux-gnu.so
-- Symlinking: /home/ndt/ros2car-ws/install/ds4_driver_msgs/local/lib/python3.10/dist-packages/ds4_driver_msgs/ds4_driver_msgs_s__rosidl_typesupport_fastrtps_c.cpython-310-x86_64-linux-gnu.so
-- Symlinking: /home/ndt/ros2car-ws/install/ds4_driver_msgs/local/lib/python3.10/dist-packages/ds4_driver_msgs/ds4_driver_msgs_s__rosidl_typesupport_introspection_c.cpython-310-x86_64-linux-gnu.so
-- Symlinking: /home/ndt/ros2car-ws/install/ds4_driver_msgs/local/lib/python3.10/dist-packages/ds4_driver_msgs/libds4_driver_msgs__rosidl_generator_py.so
-- Symlinking: /home/ndt/ros2car-ws/install/ds4_driver_msgs/local/lib/python3.10/dist-packages/ds4_driver_msgs/msg/__init__.py
-- Symlinking: /home/ndt/ros2car-ws/install/ds4_driver_msgs/local/lib/python3.10/dist-packages/ds4_driver_msgs/msg/_feedback.py
-- Symlinking: /home/ndt/ros2car-ws/install/ds4_driver_msgs/local/lib/python3.10/dist-packages/ds4_driver_msgs/msg/_feedback_s.c
-- Symlinking: /home/ndt/ros2car-ws/install/ds4_driver_msgs/local/lib/python3.10/dist-packages/ds4_driver_msgs/msg/_report.py
-- Symlinking: /home/ndt/ros2car-ws/install/ds4_driver_msgs/local/lib/python3.10/dist-packages/ds4_driver_msgs/msg/_report_s.c
-- Symlinking: /home/ndt/ros2car-ws/install/ds4_driver_msgs/local/lib/python3.10/dist-packages/ds4_driver_msgs/msg/_status.py
-- Symlinking: /home/ndt/ros2car-ws/install/ds4_driver_msgs/local/lib/python3.10/dist-packages/ds4_driver_msgs/msg/_status_s.c
-- Symlinking: /home/ndt/ros2car-ws/install/ds4_driver_msgs/local/lib/python3.10/dist-packages/ds4_driver_msgs/msg/_trackpad.py
-- Symlinking: /home/ndt/ros2car-ws/install/ds4_driver_msgs/local/lib/python3.10/dist-packages/ds4_driver_msgs/msg/_trackpad_s.c
-- Up-to-date symlink: /home/ndt/ros2car-ws/install/ds4_driver_msgs/local/lib/python3.10/dist-packages/ds4_driver_msgs/ds4_driver_msgs_s__rosidl_typesupport_fastrtps_c.cpython-310-x86_64-linux-gnu.so
-- Up-to-date symlink: /home/ndt/ros2car-ws/install/ds4_driver_msgs/local/lib/python3.10/dist-packages/ds4_driver_msgs/ds4_driver_msgs_s__rosidl_typesupport_introspection_c.cpython-310-x86_64-linux-gnu.so
-- Up-to-date symlink: /home/ndt/ros2car-ws/install/ds4_driver_msgs/local/lib/python3.10/dist-packages/ds4_driver_msgs/ds4_driver_msgs_s__rosidl_typesupport_c.cpython-310-x86_64-linux-gnu.so
-- Symlinking: /home/ndt/ros2car-ws/install/ds4_driver_msgs/share/ds4_driver_msgs/msg/Feedback.idl
-- Symlinking: /home/ndt/ros2car-ws/install/ds4_driver_msgs/share/ds4_driver_msgs/msg/Status.idl
-- Symlinking: /home/ndt/ros2car-ws/install/ds4_driver_msgs/share/ds4_driver_msgs/msg/Report.idl
-- Symlinking: /home/ndt/ros2car-ws/install/ds4_driver_msgs/share/ds4_driver_msgs/msg/Trackpad.idl
-- Symlinking: /home/ndt/ros2car-ws/install/ds4_driver_msgs/share/ds4_driver_msgs/msg/Feedback.msg
-- Symlinking: /home/ndt/ros2car-ws/install/ds4_driver_msgs/share/ds4_driver_msgs/msg/Status.msg
-- Symlinking: /home/ndt/ros2car-ws/install/ds4_driver_msgs/share/ds4_driver_msgs/msg/Report.msg
-- Symlinking: /home/ndt/ros2car-ws/install/ds4_driver_msgs/share/ds4_driver_msgs/msg/Trackpad.msg
-- Symlinking: /home/ndt/ros2car-ws/install/ds4_driver_msgs/share/ament_index/resource_index/package_run_dependencies/ds4_driver_msgs
-- Symlinking: /home/ndt/ros2car-ws/install/ds4_driver_msgs/share/ament_index/resource_index/parent_prefix_path/ds4_driver_msgs
-- Symlinking: /home/ndt/ros2car-ws/install/ds4_driver_msgs/share/ds4_driver_msgs/environment/ament_prefix_path.sh
-- Symlinking: /home/ndt/ros2car-ws/install/ds4_driver_msgs/share/ds4_driver_msgs/environment/ament_prefix_path.dsv
-- Symlinking: /home/ndt/ros2car-ws/install/ds4_driver_msgs/share/ds4_driver_msgs/environment/path.sh
-- Symlinking: /home/ndt/ros2car-ws/install/ds4_driver_msgs/share/ds4_driver_msgs/environment/path.dsv
-- Symlinking: /home/ndt/ros2car-ws/install/ds4_driver_msgs/share/ds4_driver_msgs/local_setup.bash
-- Symlinking: /home/ndt/ros2car-ws/install/ds4_driver_msgs/share/ds4_driver_msgs/local_setup.sh
-- Symlinking: /home/ndt/ros2car-ws/install/ds4_driver_msgs/share/ds4_driver_msgs/local_setup.zsh
-- Symlinking: /home/ndt/ros2car-ws/install/ds4_driver_msgs/share/ds4_driver_msgs/local_setup.dsv
-- Symlinking: /home/ndt/ros2car-ws/install/ds4_driver_msgs/share/ds4_driver_msgs/package.dsv
-- Symlinking: /home/ndt/ros2car-ws/install/ds4_driver_msgs/share/ament_index/resource_index/packages/ds4_driver_msgs
-- Symlinking: /home/ndt/ros2car-ws/install/ds4_driver_msgs/share/ds4_driver_msgs/cmake/rosidl_cmake-extras.cmake
-- Symlinking: /home/ndt/ros2car-ws/install/ds4_driver_msgs/share/ds4_driver_msgs/cmake/ament_cmake_export_dependencies-extras.cmake
-- Symlinking: /home/ndt/ros2car-ws/install/ds4_driver_msgs/share/ds4_driver_msgs/cmake/ament_cmake_export_include_directories-extras.cmake
-- Symlinking: /home/ndt/ros2car-ws/install/ds4_driver_msgs/share/ds4_driver_msgs/cmake/ament_cmake_export_libraries-extras.cmake
-- Symlinking: /home/ndt/ros2car-ws/install/ds4_driver_msgs/share/ds4_driver_msgs/cmake/ament_cmake_export_targets-extras.cmake
-- Symlinking: /home/ndt/ros2car-ws/install/ds4_driver_msgs/share/ds4_driver_msgs/cmake/rosidl_cmake_export_typesupport_targets-extras.cmake
-- Symlinking: /home/ndt/ros2car-ws/install/ds4_driver_msgs/share/ds4_driver_msgs/cmake/rosidl_cmake_export_typesupport_libraries-extras.cmake
-- Symlinking: /home/ndt/ros2car-ws/install/ds4_driver_msgs/share/ds4_driver_msgs/cmake/ds4_driver_msgsConfig.cmake
-- Symlinking: /home/ndt/ros2car-ws/install/ds4_driver_msgs/share/ds4_driver_msgs/cmake/ds4_driver_msgsConfig-version.cmake
-- Symlinking: /home/ndt/ros2car-ws/install/ds4_driver_msgs/share/ds4_driver_msgs/package.xml
-- Up-to-date: /home/ndt/ros2car-ws/install/ds4_driver_msgs/lib/libds4_driver_msgs__rosidl_generator_c.so
-- Installing: /home/ndt/ros2car-ws/install/ds4_driver_msgs/lib/libds4_driver_msgs__rosidl_typesupport_fastrtps_c.so
-- Set runtime path of "/home/ndt/ros2car-ws/install/ds4_driver_msgs/lib/libds4_driver_msgs__rosidl_typesupport_fastrtps_c.so" to ""
-- Installing: /home/ndt/ros2car-ws/install/ds4_driver_msgs/lib/libds4_driver_msgs__rosidl_typesupport_fastrtps_cpp.so
-- Set runtime path of "/home/ndt/ros2car-ws/install/ds4_driver_msgs/lib/libds4_driver_msgs__rosidl_typesupport_fastrtps_cpp.so" to ""
-- Up-to-date: /home/ndt/ros2car-ws/install/ds4_driver_msgs/lib/libds4_driver_msgs__rosidl_typesupport_introspection_c.so
-- Up-to-date: /home/ndt/ros2car-ws/install/ds4_driver_msgs/lib/libds4_driver_msgs__rosidl_typesupport_c.so
-- Installing: /home/ndt/ros2car-ws/install/ds4_driver_msgs/lib/libds4_driver_msgs__rosidl_typesupport_introspection_cpp.so
-- Set runtime path of "/home/ndt/ros2car-ws/install/ds4_driver_msgs/lib/libds4_driver_msgs__rosidl_typesupport_introspection_cpp.so" to ""
-- Installing: /home/ndt/ros2car-ws/install/ds4_driver_msgs/lib/libds4_driver_msgs__rosidl_typesupport_cpp.so
-- Set runtime path of "/home/ndt/ros2car-ws/install/ds4_driver_msgs/lib/libds4_driver_msgs__rosidl_typesupport_cpp.so" to ""
Listing '/home/ndt/ros2car-ws/install/ds4_driver_msgs/local/lib/python3.10/dist-packages/ds4_driver_msgs'...
Compiling '/home/ndt/ros2car-ws/install/ds4_driver_msgs/local/lib/python3.10/dist-packages/ds4_driver_msgs/__init__.py'...
Listing '/home/ndt/ros2car-ws/install/ds4_driver_msgs/local/lib/python3.10/dist-packages/ds4_driver_msgs/msg'...
-- Installing: /home/ndt/ros2car-ws/install/ds4_driver_msgs/lib/libds4_driver_msgs__rosidl_generator_py.so
-- Set runtime path of "/home/ndt/ros2car-ws/install/ds4_driver_msgs/lib/libds4_driver_msgs__rosidl_generator_py.so" to ""
-- Up-to-date: /home/ndt/ros2car-ws/install/ds4_driver_msgs/share/ds4_driver_msgs/cmake/export_ds4_driver_msgs__rosidl_generator_cExport.cmake
-- Up-to-date: /home/ndt/ros2car-ws/install/ds4_driver_msgs/share/ds4_driver_msgs/cmake/export_ds4_driver_msgs__rosidl_generator_cExport-noconfig.cmake
-- Up-to-date: /home/ndt/ros2car-ws/install/ds4_driver_msgs/share/ds4_driver_msgs/cmake/export_ds4_driver_msgs__rosidl_typesupport_fastrtps_cExport.cmake
-- Up-to-date: /home/ndt/ros2car-ws/install/ds4_driver_msgs/share/ds4_driver_msgs/cmake/export_ds4_driver_msgs__rosidl_typesupport_fastrtps_cExport-noconfig.cmake
-- Up-to-date: /home/ndt/ros2car-ws/install/ds4_driver_msgs/share/ds4_driver_msgs/cmake/export_ds4_driver_msgs__rosidl_generator_cppExport.cmake
-- Up-to-date: /home/ndt/ros2car-ws/install/ds4_driver_msgs/share/ds4_driver_msgs/cmake/export_ds4_driver_msgs__rosidl_typesupport_fastrtps_cppExport.cmake
-- Up-to-date: /home/ndt/ros2car-ws/install/ds4_driver_msgs/share/ds4_driver_msgs/cmake/export_ds4_driver_msgs__rosidl_typesupport_fastrtps_cppExport-noconfig.cmake
-- Up-to-date: /home/ndt/ros2car-ws/install/ds4_driver_msgs/share/ds4_driver_msgs/cmake/ds4_driver_msgs__rosidl_typesupport_introspection_cExport.cmake
-- Up-to-date: /home/ndt/ros2car-ws/install/ds4_driver_msgs/share/ds4_driver_msgs/cmake/ds4_driver_msgs__rosidl_typesupport_introspection_cExport-noconfig.cmake
-- Up-to-date: /home/ndt/ros2car-ws/install/ds4_driver_msgs/share/ds4_driver_msgs/cmake/ds4_driver_msgs__rosidl_typesupport_cExport.cmake
-- Up-to-date: /home/ndt/ros2car-ws/install/ds4_driver_msgs/share/ds4_driver_msgs/cmake/ds4_driver_msgs__rosidl_typesupport_cExport-noconfig.cmake
-- Up-to-date: /home/ndt/ros2car-ws/install/ds4_driver_msgs/share/ds4_driver_msgs/cmake/ds4_driver_msgs__rosidl_typesupport_introspection_cppExport.cmake
-- Up-to-date: /home/ndt/ros2car-ws/install/ds4_driver_msgs/share/ds4_driver_msgs/cmake/ds4_driver_msgs__rosidl_typesupport_introspection_cppExport-noconfig.cmake
-- Up-to-date: /home/ndt/ros2car-ws/install/ds4_driver_msgs/share/ds4_driver_msgs/cmake/ds4_driver_msgs__rosidl_typesupport_cppExport.cmake
-- Up-to-date: /home/ndt/ros2car-ws/install/ds4_driver_msgs/share/ds4_driver_msgs/cmake/ds4_driver_msgs__rosidl_typesupport_cppExport-noconfig.cmake
-- Up-to-date: /home/ndt/ros2car-ws/install/ds4_driver_msgs/share/ds4_driver_msgs/cmake/export_ds4_driver_msgs__rosidl_generator_pyExport.cmake
-- Up-to-date: /home/ndt/ros2car-ws/install/ds4_driver_msgs/share/ds4_driver_msgs/cmake/export_ds4_driver_msgs__rosidl_generator_pyExport-noconfig.cmake
